number,value,datetime_start,datetime_complete,duration,params_candidate__cinema,params_candidate__digitaldisplayandsearch,params_candidate__digitalvideo,params_candidate__facebook,params_candidate__instagram,params_candidate__localtv,params_candidate__ooh,params_candidate__opentv,params_candidate__paytv,params_candidate__print,params_candidate__radio,params_candidate__tiktok,params_candidate__twitter,params_candidate__youtube,system_attrs_tpe:relative_params:0,state
85,1727.7604892606416,2026-09-21 11:29:41.322595,2026-09-21 11:29:41.760580,0 days 00:00:00.437985,6,14,14,5,7,6,14,10,17,11,1,11,12,17,"{""candidate__cinema"": 6, ""candidate__digitaldisplayandsearch"": 14, ""candidate__digitalvideo"": 14, ""candidate__facebook"": 5, ""candidate__instagram"": 7, ""candidate__localtv"": 6, ""candidate__ooh"": 14, ""candidate__opentv"": 10, ""candidate__paytv"": 17, ""candidate__print"": 11, ""candidate__radio"": 1, ""candidate__tiktok"": 11, ""candidate__twitter"": 12, ""candidate__youtube"": 17}",PRUNED
86,1715.9033807863443,2026-09-21 11:29:41.779969,2026-09-21 11:29:42.249000,0 days 00:00:00.469031,6,12,14,3,8,9,13,6,13,15,7,13,12,16,"{""candidate__cinema"": 6, ""candidate__digitaldisplayandsearch"": 12, ""candidate__digitalvideo"": 14, ""candidate__facebook"": 3, ""candidate__instagram"": 8, ""candidate__localtv"": 9, ""candidate__ooh"": 13, ""candidate__opentv"": 6, ""candidate__paytv"": 13, ""candidate__print"": 15, ""candidate__radio"": 7, ""candidate__tiktok"": 13, ""candidate__twitter"": 12, ""candidate__youtube"": 16}",COMPLETE
87,1718.3629304776161,2026-09-21 11:29:42.262987,2026-09-21 11:29:42.737959,0 days 00:00:00.474972,5,16,13,7,8,4,16,9,17,14,7,12,13,16,"{""candidate__cinema"": 5, ""candidate__digitaldisplayandsearch"": 16, ""candidate__digitalvideo"": 13, ""candidate__facebook"": 7, ""candidate__instagram"": 8, ""candidate__localtv"": 4, ""candidate__ooh"": 16, ""candidate__opentv"": 9, ""candidate__paytv"": 17, ""candidate__print"": 14, ""candidate__radio"": 7, ""candidate__tiktok"": 12, ""candidate__twitter"": 13, ""candidate__youtube"": 16}",COMPLETE
88,1710.3543654363946,2026-09-21 11:29:42.753326,2026-09-21 11:29:43.227767,0 days 00:00:00.474441,6,15,13,6,10,6,16,8,16,12,8,14,13,15,"{""candidate__cinema"": 6, ""candidate__digitaldisplayandsearch"": 15, ""candidate__digitalvideo"": 13, ""candidate__facebook"": 6, ""candidate__instagram"": 10, ""candidate__localtv"": 6, ""candidate__ooh"": 16, ""candidate__opentv"": 8, ""candidate__paytv"": 16, ""candidate__print"": 12, ""candidate__radio"": 8, ""candidate__tiktok"": 14, ""candidate__twitter"": 13, ""candidate__youtube"": 15}",COMPLETE
89,1716.621721302038,2026-09-21 11:29:43.243732,2026-09-21 11:29:43.719748,0 days 00:00:00.476016,7,16,13,6,7,6,17,9,16,14,3,15,12,14,"{""candidate__cinema"": 7, ""candidate__digitaldisplayandsearch"": 16, ""candidate__digitalvideo"": 13, ""candidate__facebook"": 6, ""candidate__instagram"": 7, ""candidate__localtv"": 6, ""candidate__ooh"": 17, ""candidate__opentv"": 9, ""candidate__paytv"": 16, ""candidate__print"": 14, ""candidate__radio"": 3, ""candidate__tiktok"": 15, ""candidate__twitter"": 12, ""candidate__youtube"": 14}",COMPLETE
90,1709.5966560077923,2026-09-21 11:29:43.732875,2026-09-21 11:29:44.196961,0 days 00:00:00.464086,5,17,15,4,9,3,16,8,16,10,6,13,12,16,"{""candidate__cinema"": 5, ""candidate__digitaldisplayandsearch"": 17, ""candidate__digitalvideo"": 15, ""candidate__facebook"": 4, ""candidate__instagram"": 9, ""candidate__localtv"": 3, ""candidate__ooh"": 16, ""candidate__opentv"": 8, ""candidate__paytv"": 16, ""candidate__print"": 10, ""candidate__radio"": 6, ""candidate__tiktok"": 13, ""candidate__twitter"": 12, ""candidate__youtube"": 16}",COMPLETE
91,2097.4115997411413,2026-09-21 11:29:44.211568,2026-09-21 11:29:44.460052,0 days 00:00:00.248484,7,17,16,6,9,1,16,7,17,11,7,13,12,15,"{""candidate__cinema"": 7, ""candidate__digitaldisplayandsearch"": 17, ""candidate__digitalvideo"": 16, ""candidate__facebook"": 6, ""candidate__instagram"": 9, ""candidate__localtv"": 1, ""candidate__ooh"": 16, ""candidate__opentv"": 7, ""candidate__paytv"": 17, ""candidate__print"": 11, ""candidate__radio"": 7, ""candidate__tiktok"": 13, ""candidate__twitter"": 12, ""candidate__youtube"": 15}",PRUNED
92,1719.0828324097092,2026-09-21 11:29:44.472604,2026-09-21 11:29:44.944002,0 days 00:00:00.471398,5,16,13,7,10,8,16,9,17,12,7,12,12,16,"{""candidate__cinema"": 5, ""candidate__digitaldisplayandsearch"": 16, ""candidate__digitalvideo"": 13, ""candidate__facebook"": 7, ""candidate__instagram"": 10, ""candidate__localtv"": 8, ""candidate__ooh"": 16, ""candidate__opentv"": 9, ""candidate__paytv"": 17, ""candidate__print"": 12, ""candidate__radio"": 7, ""candidate__tiktok"": 12, ""candidate__twitter"": 12, ""candidate__youtube"": 16}",COMPLETE
93,2121.968927923058,2026-09-21 11:29:44.959211,2026-09-21 11:29:45.210090,0 days 00:00:00.250879,7,16,13,8,9,4,15,5,17,12,5,16,12,17,"{""candidate__cinema"": 7, ""candidate__digitaldisplayandsearch"": 16, ""candidate__digitalvideo"": 13, ""candidate__facebook"": 8, ""candidate__instagram"": 9, ""candidate__localtv"": 4, ""candidate__ooh"": 15, ""candidate__opentv"": 5, ""candidate__paytv"": 17, ""candidate__print"": 12, ""candidate__radio"": 5, ""candidate__tiktok"": 16, ""candidate__twitter"": 12, ""candidate__youtube"": 17}",PRUNED
94,1715.3691519950905,2026-09-21 11:29:45.221575,2026-09-21 11:29:45.713622,0 days 00:00:00.492047,6,17,13,7,9,6,17,6,15,11,6,16,11,15,"{""candidate__cinema"": 6, ""candidate__digitaldisplayandsearch"": 17, ""candidate__digitalvideo"": 13, ""candidate__facebook"": 7, ""candidate__instagram"": 9, ""candidate__localtv"": 6, ""candidate__ooh"": 17, ""candidate__opentv"": 6, ""candidate__paytv"": 15, ""candidate__print"": 11, ""candidate__radio"": 6, ""candidate__tiktok"": 16, ""candidate__twitter"": 11, ""candidate__youtube"": 15}",COMPLETE
95,1721.818482746991,2026-09-21 11:29:45.727516,2026-09-21 11:29:46.183793,0 days 00:00:00.456277,4,13,15,3,8,8,17,6,14,16,6,13,12,14,"{""candidate__cinema"": 4, ""candidate__digitaldisplayandsearch"": 13, ""candidate__digitalvideo"": 15, ""candidate__facebook"": 3, ""candidate__instagram"": 8, ""candidate__localtv"": 8, ""candidate__ooh"": 17, ""candidate__opentv"": 6, ""candidate__paytv"": 14, ""candidate__print"": 16, ""candidate__radio"": 6, ""candidate__tiktok"": 13, ""candidate__twitter"": 12, ""candidate__youtube"": 14}",COMPLETE
96,1722.0873529814062,2026-09-21 11:29:46.196525,2026-09-21 11:29:46.666522,0 days 00:00:00.469997,4,17,15,3,8,4,17,9,16,11,5,11,13,16,"{""candidate__cinema"": 4, ""candidate__digitaldisplayandsearch"": 17, ""candidate__digitalvideo"": 15, ""candidate__facebook"": 3, ""candidate__instagram"": 8, ""candidate__localtv"": 4, ""candidate__ooh"": 17, ""candidate__opentv"": 9, ""candidate__paytv"": 16, ""candidate__print"": 11, ""candidate__radio"": 5, ""candidate__tiktok"": 11, ""candidate__twitter"": 13, ""candidate__youtube"": 16}",PRUNED
97,2099.0796951777356,2026-09-21 11:29:46.678446,2026-09-21 11:29:46.940294,0 days 00:00:00.261848,7,16,12,7,7,5,17,5,16,13,5,14,12,14,"{""candidate__cinema"": 7, ""candidate__digitaldisplayandsearch"": 16, ""candidate__digitalvideo"": 12, ""candidate__facebook"": 7, ""candidate__instagram"": 7, ""candidate__localtv"": 5, ""candidate__ooh"": 17, ""candidate__opentv"": 5, ""candidate__paytv"": 16, ""candidate__print"": 13, ""candidate__radio"": 5, ""candidate__tiktok"": 14, ""candidate__twitter"": 12, ""candidate__youtube"": 14}",PRUNED
98,1714.0105271174332,2026-09-21 11:29:46.952015,2026-09-21 11:29:47.395194,0 days 00:00:00.443179,5,15,15,3,9,1,16,7,13,11,7,13,12,16,"{""candidate__cinema"": 5, ""candidate__digitaldisplayandsearch"": 15, ""candidate__digitalvideo"": 15, ""candidate__facebook"": 3, ""candidate__instagram"": 9, ""candidate__localtv"": 1, ""candidate__ooh"": 16, ""candidate__opentv"": 7, ""candidate__paytv"": 13, ""candidate__print"": 11, ""candidate__radio"": 7, ""candidate__tiktok"": 13, ""candidate__twitter"": 12, ""candidate__youtube"": 16}",COMPLETE
99,1712.8944351147538,2026-09-21 11:29:47.409206,2026-09-21 11:29:47.854061,0 days 00:00:00.444855,5,15,14,4,8,3,17,8,15,12,7,13,13,16,"{""candidate__cinema"": 5, ""candidate__digitaldisplayandsearch"": 15, ""candidate__digitalvideo"": 14, ""candidate__facebook"": 4, ""candidate__instagram"": 8, ""candidate__localtv"": 3, ""candidate__ooh"": 17, ""candidate__opentv"": 8, ""candidate__paytv"": 15, ""candidate__print"": 12, ""candidate__radio"": 7, ""candidate__tiktok"": 13, ""candidate__twitter"": 13, ""candidate__youtube"": 16}",COMPLETE
100,2105.1926096359934,2026-09-21 11:29:47.866248,2026-09-21 11:29:48.100091,0 days 00:00:00.233843,3,16,14,5,10,2,15,8,16,9,7,14,15,16,"{""candidate__cinema"": 3, ""candidate__digitaldisplayandsearch"": 16, ""candidate__digitalvideo"": 14, ""candidate__facebook"": 5, ""candidate__instagram"": 10, ""candidate__localtv"": 2, ""candidate__ooh"": 15, ""candidate__opentv"": 8, ""candidate__paytv"": 16, ""candidate__print"": 9, ""candidate__radio"": 7, ""candidate__tiktok"": 14, ""candidate__twitter"": 15, ""candidate__youtube"": 16}",PRUNED
101,1715.2281971742623,2026-09-21 11:29:48.111508,2026-09-21 11:29:48.566492,0 days 00:00:00.454984,6,16,13,8,8,6,17,6,16,11,6,12,12,16,"{""candidate__cinema"": 6, ""candidate__digitaldisplayandsearch"": 16, ""candidate__digitalvideo"": 13, ""candidate__facebook"": 8, ""candidate__instagram"": 8, ""candidate__localtv"": 6, ""candidate__ooh"": 17, ""candidate__opentv"": 6, ""candidate__paytv"": 16, ""candidate__print"": 11, ""candidate__radio"": 6, ""candidate__tiktok"": 12, ""candidate__twitter"": 12, ""candidate__youtube"": 16}",COMPLETE
102,1716.553298695679,2026-09-21 11:29:48.578785,2026-09-21 11:29:49.033525,0 days 00:00:00.454740,4,17,15,3,8,3,15,7,13,11,7,13,11,16,"{""candidate__cinema"": 4, ""candidate__digitaldisplayandsearch"": 17, ""candidate__digitalvideo"": 15, ""candidate__facebook"": 3, ""candidate__instagram"": 8, ""candidate__localtv"": 3, ""candidate__ooh"": 15, ""candidate__opentv"": 7, ""candidate__paytv"": 13, ""candidate__print"": 11, ""candidate__radio"": 7, ""candidate__tiktok"": 13, ""candidate__twitter"": 11, ""candidate__youtube"": 16}",COMPLETE
103,1714.3060352962937,2026-09-21 11:29:49.047633,2026-09-21 11:29:49.502272,0 days 00:00:00.454639,5,16,16,1,8,0,16,9,13,12,6,13,12,17,"{""candidate__cinema"": 5, ""candidate__digitaldisplayandsearch"": 16, ""candidate__digitalvideo"": 16, ""candidate__facebook"": 1, ""candidate__instagram"": 8, ""candidate__localtv"": 0, ""candidate__ooh"": 16, ""candidate__opentv"": 9, ""candidate__paytv"": 13, ""candidate__print"": 12, ""candidate__radio"": 6, ""candidate__tiktok"": 13, ""candidate__twitter"": 12, ""candidate__youtube"": 17}",COMPLETE
104,1710.7467458019503,2026-09-21 11:29:49.514556,2026-09-21 11:29:49.949329,0 days 00:00:00.434773,3,15,15,1,9,0,16,10,11,12,5,14,14,16,"{""candidate__cinema"": 3, ""candidate__digitaldisplayandsearch"": 15, ""candidate__digitalvideo"": 15, ""candidate__facebook"": 1, ""candidate__instagram"": 9, ""candidate__localtv"": 0, ""candidate__ooh"": 16, ""candidate__opentv"": 10, ""candidate__paytv"": 11, ""candidate__print"": 12, ""candidate__radio"": 5, ""candidate__tiktok"": 14, ""candidate__twitter"": 14, ""candidate__youtube"": 16}",COMPLETE
105,1713.1105341230605,2026-09-21 11:29:49.962978,2026-09-21 11:29:50.431620,0 days 00:00:00.468642,4,15,14,2,9,0,16,8,13,13,4,15,14,16,"{""candidate__cinema"": 4, ""candidate__digitaldisplayandsearch"": 15, ""candidate__digitalvideo"": 14, ""candidate__facebook"": 2, ""candidate__instagram"": 9, ""candidate__localtv"": 0, ""candidate__ooh"": 16, ""candidate__opentv"": 8, ""candidate__paytv"": 13, ""candidate__print"": 13, ""candidate__radio"": 4, ""candidate__tiktok"": 15, ""candidate__twitter"": 14, ""candidate__youtube"": 16}",COMPLETE
106,2096.007424568986,2026-09-21 11:29:50.729104,2026-09-21 11:29:51.195483,0 days 00:00:00.466379,5,17,14,4,9,2,17,10,16,11,6,15,11,16,"{""candidate__cinema"": 5, ""candidate__digitaldisplayandsearch"": 17, ""candidate__digitalvideo"": 14, ""candidate__facebook"": 4, ""candidate__instagram"": 9, ""candidate__localtv"": 2, ""candidate__ooh"": 17, ""candidate__opentv"": 10, ""candidate__paytv"": 16, ""candidate__print"": 11, ""candidate__radio"": 6, ""candidate__tiktok"": 15, ""candidate__twitter"": 11, ""candidate__youtube"": 16}",PRUNED
107,1716.2717338535165,2026-09-21 11:29:51.206643,2026-09-21 11:29:51.688643,0 days 00:00:00.482000,3,15,13,2,9,0,14,9,12,13,4,17,15,15,"{""candidate__cinema"": 3, ""candidate__digitaldisplayandsearch"": 15, ""candidate__digitalvideo"": 13, ""candidate__facebook"": 2, ""candidate__instagram"": 9, ""candidate__localtv"": 0, ""candidate__ooh"": 14, ""candidate__opentv"": 9, ""candidate__paytv"": 12, ""candidate__print"": 13, ""candidate__radio"": 4, ""candidate__tiktok"": 17, ""candidate__twitter"": 15, ""candidate__youtube"": 15}",COMPLETE
108,2098.497438954148,2026-09-21 11:29:51.702928,2026-09-21 11:29:51.945676,0 days 00:00:00.242748,5,15,13,7,9,4,17,6,15,12,6,15,12,16,"{""candidate__cinema"": 5, ""candidate__digitaldisplayandsearch"": 15, ""candidate__digitalvideo"": 13, ""candidate__facebook"": 7, ""candidate__instagram"": 9, ""candidate__localtv"": 4, ""candidate__ooh"": 17, ""candidate__opentv"": 6, ""candidate__paytv"": 15, ""candidate__print"": 12, ""candidate__radio"": 6, ""candidate__tiktok"": 15, ""candidate__twitter"": 12, ""candidate__youtube"": 16}",PRUNED
109,1723.0819952169925,2026-09-21 11:29:51.957932,2026-09-21 11:29:52.429192,0 days 00:00:00.471260,6,16,16,2,10,1,14,6,13,11,7,13,12,17,"{""candidate__cinema"": 6, ""candidate__digitaldisplayandsearch"": 16, ""candidate__digitalvideo"": 16, ""candidate__facebook"": 2, ""candidate__instagram"": 10, ""candidate__localtv"": 1, ""candidate__ooh"": 14, ""candidate__opentv"": 6, ""candidate__paytv"": 13, ""candidate__print"": 11, ""candidate__radio"": 7, ""candidate__tiktok"": 13, ""candidate__twitter"": 12, ""candidate__youtube"": 17}",PRUNED
110,1716.246531431257,2026-09-21 11:29:52.440371,2026-09-21 11:29:52.924904,0 days 00:00:00.484533,5,15,16,3,11,0,17,7,12,11,8,12,11,14,"{""candidate__cinema"": 5, ""candidate__digitaldisplayandsearch"": 15, ""candidate__digitalvideo"": 16, ""candidate__facebook"": 3, ""candidate__instagram"": 11, ""candidate__localtv"": 0, ""candidate__ooh"": 17, ""candidate__opentv"": 7, ""candidate__paytv"": 12, ""candidate__print"": 11, ""candidate__radio"": 8, ""candidate__tiktok"": 12, ""candidate__twitter"": 11, ""candidate__youtube"": 14}",COMPLETE
111,2103.4330949171394,2026-09-21 11:29:52.938543,2026-09-21 11:29:53.171631,0 days 00:00:00.233088,6,16,14,5,9,1,16,9,16,12,6,12,12,15,"{""candidate__cinema"": 6, ""candidate__digitaldisplayandsearch"": 16, ""candidate__digitalvideo"": 14, ""candidate__facebook"": 5, ""candidate__instagram"": 9, ""candidate__localtv"": 1, ""candidate__ooh"": 16, ""candidate__opentv"": 9, ""candidate__paytv"": 16, ""candidate__print"": 12, ""candidate__radio"": 6, ""candidate__tiktok"": 12, ""candidate__twitter"": 12, ""candidate__youtube"": 15}",PRUNED
112,1709.0931297003772,2026-09-21 11:29:53.183809,2026-09-21 11:29:53.623869,0 days 00:00:00.440060,1,15,15,1,8,0,16,10,9,13,5,14,14,16,"{""candidate__cinema"": 1, ""candidate__digitaldisplayandsearch"": 15, ""candidate__digitalvideo"": 15, ""candidate__facebook"": 1, ""candidate__instagram"": 8, ""candidate__localtv"": 0, ""candidate__ooh"": 16, ""candidate__opentv"": 10, ""candidate__paytv"": 9, ""candidate__print"": 13, ""candidate__radio"": 5, ""candidate__tiktok"": 14, ""candidate__twitter"": 14, ""candidate__youtube"": 16}",COMPLETE
113,1716.5397743437604,2026-09-21 11:29:53.638920,2026-09-21 11:29:54.094166,0 days 00:00:00.455246,4,15,15,3,10,0,17,7,13,13,7,14,14,17,"{""candidate__cinema"": 4, ""candidate__digitaldisplayandsearch"": 15, ""candidate__digitalvideo"": 15, ""candidate__facebook"": 3, ""candidate__instagram"": 10, ""candidate__localtv"": 0, ""candidate__ooh"": 17, ""candidate__opentv"": 7, ""candidate__paytv"": 13, ""candidate__print"": 13, ""candidate__radio"": 7, ""candidate__tiktok"": 14, ""candidate__twitter"": 14, ""candidate__youtube"": 17}",COMPLETE
114,1707.0284875442367,2026-09-21 11:29:54.106854,2026-09-21 11:29:54.545841,0 days 00:00:00.438987,2,14,15,1,10,0,16,11,8,14,4,13,14,16,"{""candidate__cinema"": 2, ""candidate__digitaldisplayandsearch"": 14, ""candidate__digitalvideo"": 15, ""candidate__facebook"": 1, ""candidate__instagram"": 10, ""candidate__localtv"": 0, ""candidate__ooh"": 16, ""candidate__opentv"": 11, ""candidate__paytv"": 8, ""candidate__print"": 14, ""candidate__radio"": 4, ""candidate__tiktok"": 13, ""candidate__twitter"": 14, ""candidate__youtube"": 16}",COMPLETE
115,2095.088820150867,2026-09-21 11:29:54.560289,2026-09-21 11:29:54.797959,0 days 00:00:00.237670,5,14,13,5,8,4,16,9,16,11,8,13,14,15,"{""candidate__cinema"": 5, ""candidate__digitaldisplayandsearch"": 14, ""candidate__digitalvideo"": 13, ""candidate__facebook"": 5, ""candidate__instagram"": 8, ""candidate__localtv"": 4, ""candidate__ooh"": 16, ""candidate__opentv"": 9, ""candidate__paytv"": 16, ""candidate__print"": 11, ""candidate__radio"": 8, ""candidate__tiktok"": 13, ""candidate__twitter"": 14, ""candidate__youtube"": 15}",PRUNED
116,1714.4357287342739,2026-09-21 11:29:54.810352,2026-09-21 11:29:55.256701,0 days 00:00:00.446349,3,14,16,1,10,0,15,11,7,13,6,15,15,15,"{""candidate__cinema"": 3, ""candidate__digitaldisplayandsearch"": 14, ""candidate__digitalvideo"": 16, ""candidate__facebook"": 1, ""candidate__instagram"": 10, ""candidate__localtv"": 0, ""candidate__ooh"": 15, ""candidate__opentv"": 11, ""candidate__paytv"": 7, ""candidate__print"": 13, ""candidate__radio"": 6, ""candidate__tiktok"": 15, ""candidate__twitter"": 15, ""candidate__youtube"": 15}",COMPLETE
117,1711.3095757534338,2026-09-21 11:29:55.270070,2026-09-21 11:29:55.714610,0 days 00:00:00.444540,3,15,15,1,9,0,14,10,11,13,4,15,12,15,"{""candidate__cinema"": 3, ""candidate__digitaldisplayandsearch"": 15, ""candidate__digitalvideo"": 15, ""candidate__facebook"": 1, ""candidate__instagram"": 9, ""candidate__localtv"": 0, ""candidate__ooh"": 14, ""candidate__opentv"": 10, ""candidate__paytv"": 11, ""candidate__print"": 13, ""candidate__radio"": 4, ""candidate__tiktok"": 15, ""candidate__twitter"": 12, ""candidate__youtube"": 15}",COMPLETE
118,1715.2092795675235,2026-09-21 11:29:55.728250,2026-09-21 11:29:56.564184,0 days 00:00:00.835934,2,15,14,1,9,0,17,10,10,12,6,13,15,16,"{""candidate__cinema"": 2, ""candidate__digitaldisplayandsearch"": 15, ""candidate__digitalvideo"": 14, ""candidate__facebook"": 1, ""candidate__instagram"": 9, ""candidate__localtv"": 0, ""candidate__ooh"": 17, ""candidate__opentv"": 10, ""candidate__paytv"": 10, ""candidate__print"": 12, ""candidate__radio"": 6, ""candidate__tiktok"": 13, ""candidate__twitter"": 15, ""candidate__youtube"": 16}",COMPLETE
119,1719.5909932202583,2026-09-21 11:29:56.578465,2026-09-21 11:29:57.023489,0 days 00:00:00.445024,4,15,15,2,9,0,14,9,13,12,4,15,13,17,"{""candidate__cinema"": 4, ""candidate__digitaldisplayandsearch"": 15, ""candidate__digitalvideo"": 15, ""candidate__facebook"": 2, ""candidate__instagram"": 9, ""candidate__localtv"": 0, ""candidate__ooh"": 14, ""candidate__opentv"": 9, ""candidate__paytv"": 13, ""candidate__print"": 12, ""candidate__radio"": 4, ""candidate__tiktok"": 15, ""candidate__twitter"": 13, ""candidate__youtube"": 17}",COMPLETE
120,2090.612145711366,2026-09-21 11:29:57.036857,2026-09-21 11:29:57.288414,0 days 00:00:00.251557,3,16,16,1,8,1,15,8,13,13,5,14,12,16,"{""candidate__cinema"": 3, ""candidate__digitaldisplayandsearch"": 16, ""candidate__digitalvideo"": 16, ""candidate__facebook"": 1, ""candidate__instagram"": 8, ""candidate__localtv"": 1, ""candidate__ooh"": 15, ""candidate__opentv"": 8, ""candidate__paytv"": 13, ""candidate__print"": 13, ""candidate__radio"": 5, ""candidate__tiktok"": 14, ""candidate__twitter"": 12, ""candidate__youtube"": 16}",PRUNED
121,1715.2094144373066,2026-09-21 11:29:57.304220,2026-09-21 11:29:57.749584,0 days 00:00:00.445364,2,14,16,2,9,0,16,11,8,15,5,13,15,14,"{""candidate__cinema"": 2, ""candidate__digitaldisplayandsearch"": 14, ""candidate__digitalvideo"": 16, ""candidate__facebook"": 2, ""candidate__instagram"": 9, ""candidate__localtv"": 0, ""candidate__ooh"": 16, ""candidate__opentv"": 11, ""candidate__paytv"": 8, ""candidate__print"": 15, ""candidate__radio"": 5, ""candidate__tiktok"": 13, ""candidate__twitter"": 15, ""candidate__youtube"": 14}",COMPLETE
122,1708.6084051420776,2026-09-21 11:29:57.763364,2026-09-21 11:29:58.212769,0 days 00:00:00.449405,0,15,15,1,7,0,16,10,7,11,4,13,15,16,"{""candidate__cinema"": 0, ""candidate__digitaldisplayandsearch"": 15, ""candidate__digitalvideo"": 15, ""candidate__facebook"": 1, ""candidate__instagram"": 7, ""candidate__localtv"": 0, ""candidate__ooh"": 16, ""candidate__opentv"": 10, ""candidate__paytv"": 7, ""candidate__print"": 11, ""candidate__radio"": 4, ""candidate__tiktok"": 13, ""candidate__twitter"": 15, ""candidate__youtube"": 16}",COMPLETE
123,1711.5399690308395,2026-09-21 11:29:58.225775,2026-09-21 11:29:58.669627,0 days 00:00:00.443852,2,15,16,1,9,0,16,10,9,15,3,12,15,16,"{""candidate__cinema"": 2, ""candidate__digitaldisplayandsearch"": 15, ""candidate__digitalvideo"": 16, ""candidate__facebook"": 1, ""candidate__instagram"": 9, ""candidate__localtv"": 0, ""candidate__ooh"": 16, ""candidate__opentv"": 10, ""candidate__paytv"": 9, ""candidate__print"": 15, ""candidate__radio"": 3, ""candidate__tiktok"": 12, ""candidate__twitter"": 15, ""candidate__youtube"": 16}",COMPLETE
