number,value,datetime_start,datetime_complete,duration,params_candidate__cinema,params_candidate__digitaldisplayandsearch,params_candidate__digitalvideo,params_candidate__facebook,params_candidate__instagram,params_candidate__localtv,params_candidate__ooh,params_candidate__opentv,params_candidate__paytv,params_candidate__print,params_candidate__radio,params_candidate__tiktok,params_candidate__twitter,params_candidate__youtube,system_attrs_tpe:relative_params:0,state
1840,2086.340709069075,2026-09-21 11:45:25.126498,2026-09-21 11:45:25.490793,0 days 00:00:00.364295,8,13,15,1,15,1,16,1,7,12,7,12,14,15,"{""candidate__cinema"": 8, ""candidate__digitaldisplayandsearch"": 13, ""candidate__digitalvideo"": 15, ""candidate__facebook"": 1, ""candidate__instagram"": 15, ""candidate__localtv"": 1, ""candidate__ooh"": 16, ""candidate__opentv"": 1, ""candidate__paytv"": 7, ""candidate__print"": 12, ""candidate__radio"": 7, ""candidate__tiktok"": 12, ""candidate__twitter"": 14, ""candidate__youtube"": 15}",PRUNED
1841,1707.0387272095813,2026-09-21 11:45:25.511202,2026-09-21 11:45:26.088599,0 days 00:00:00.577397,3,12,15,4,14,0,17,5,6,16,6,13,16,15,"{""candidate__cinema"": 3, ""candidate__digitaldisplayandsearch"": 12, ""candidate__digitalvideo"": 15, ""candidate__facebook"": 4, ""candidate__instagram"": 14, ""candidate__localtv"": 0, ""candidate__ooh"": 17, ""candidate__opentv"": 5, ""candidate__paytv"": 6, ""candidate__print"": 16, ""candidate__radio"": 6, ""candidate__tiktok"": 13, ""candidate__twitter"": 16, ""candidate__youtube"": 15}",COMPLETE
1842,2067.6386933373,2026-09-21 11:45:26.114190,2026-09-21 11:45:26.724991,0 days 00:00:00.610801,4,12,15,5,12,0,16,4,6,14,6,13,15,15,"{""candidate__cinema"": 4, ""candidate__digitaldisplayandsearch"": 12, ""candidate__digitalvideo"": 15, ""candidate__facebook"": 5, ""candidate__instagram"": 12, ""candidate__localtv"": 0, ""candidate__ooh"": 16, ""candidate__opentv"": 4, ""candidate__paytv"": 6, ""candidate__print"": 14, ""candidate__radio"": 6, ""candidate__tiktok"": 13, ""candidate__twitter"": 15, ""candidate__youtube"": 15}",PRUNED
1843,2059.2220951586223,2026-09-21 11:45:26.745313,2026-09-21 11:45:27.148022,0 days 00:00:00.402709,5,17,15,1,13,0,17,8,9,12,6,9,13,15,"{""candidate__cinema"": 5, ""candidate__digitaldisplayandsearch"": 17, ""candidate__digitalvideo"": 15, ""candidate__facebook"": 1, ""candidate__instagram"": 13, ""candidate__localtv"": 0, ""candidate__ooh"": 17, ""candidate__opentv"": 8, ""candidate__paytv"": 9, ""candidate__print"": 12, ""candidate__radio"": 6, ""candidate__tiktok"": 9, ""candidate__twitter"": 13, ""candidate__youtube"": 15}",PRUNED
1844,2067.331101052567,2026-09-21 11:45:27.168883,2026-09-21 11:45:27.560283,0 days 00:00:00.391400,5,12,15,4,13,0,15,5,6,16,5,13,16,16,"{""candidate__cinema"": 5, ""candidate__digitaldisplayandsearch"": 12, ""candidate__digitalvideo"": 15, ""candidate__facebook"": 4, ""candidate__instagram"": 13, ""candidate__localtv"": 0, ""candidate__ooh"": 15, ""candidate__opentv"": 5, ""candidate__paytv"": 6, ""candidate__print"": 16, ""candidate__radio"": 5, ""candidate__tiktok"": 13, ""candidate__twitter"": 16, ""candidate__youtube"": 16}",PRUNED
1845,2090.6816197882345,2026-09-21 11:45:27.580813,2026-09-21 11:45:27.949581,0 days 00:00:00.368768,8,15,15,1,13,1,15,4,6,12,5,9,15,15,"{""candidate__cinema"": 8, ""candidate__digitaldisplayandsearch"": 15, ""candidate__digitalvideo"": 15, ""candidate__facebook"": 1, ""candidate__instagram"": 13, ""candidate__localtv"": 1, ""candidate__ooh"": 15, ""candidate__opentv"": 4, ""candidate__paytv"": 6, ""candidate__print"": 12, ""candidate__radio"": 5, ""candidate__tiktok"": 9, ""candidate__twitter"": 15, ""candidate__youtube"": 15}",PRUNED
1846,2080.5536303794265,2026-09-21 11:45:27.969272,2026-09-21 11:45:28.338907,0 days 00:00:00.369635,9,16,15,1,14,1,15,1,6,13,4,11,16,16,"{""candidate__cinema"": 9, ""candidate__digitaldisplayandsearch"": 16, ""candidate__digitalvideo"": 15, ""candidate__facebook"": 1, ""candidate__instagram"": 14, ""candidate__localtv"": 1, ""candidate__ooh"": 15, ""candidate__opentv"": 1, ""candidate__paytv"": 6, ""candidate__print"": 13, ""candidate__radio"": 4, ""candidate__tiktok"": 11, ""candidate__twitter"": 16, ""candidate__youtube"": 16}",PRUNED
1847,1705.6834403561631,2026-09-21 11:45:28.355095,2026-09-21 11:45:28.963034,0 days 00:00:00.607939,8,14,15,1,12,0,16,3,11,11,8,13,13,16,"{""candidate__cinema"": 8, ""candidate__digitaldisplayandsearch"": 14, ""candidate__digitalvideo"": 15, ""candidate__facebook"": 1, ""candidate__instagram"": 12, ""candidate__localtv"": 0, ""candidate__ooh"": 16, ""candidate__opentv"": 3, ""candidate__paytv"": 11, ""candidate__print"": 11, ""candidate__radio"": 8, ""candidate__tiktok"": 13, ""candidate__twitter"": 13, ""candidate__youtube"": 16}",COMPLETE
1848,1705.9658883289087,2026-09-21 11:45:28.984076,2026-09-21 11:45:29.651810,0 days 00:00:00.667734,6,13,15,3,14,0,16,6,6,13,2,10,17,15,"{""candidate__cinema"": 6, ""candidate__digitaldisplayandsearch"": 13, ""candidate__digitalvideo"": 15, ""candidate__facebook"": 3, ""candidate__instagram"": 14, ""candidate__localtv"": 0, ""candidate__ooh"": 16, ""candidate__opentv"": 6, ""candidate__paytv"": 6, ""candidate__print"": 13, ""candidate__radio"": 2, ""candidate__tiktok"": 10, ""candidate__twitter"": 17, ""candidate__youtube"": 15}",COMPLETE
1849,2082.2339964731477,2026-09-21 11:45:29.677994,2026-09-21 11:45:30.049123,0 days 00:00:00.371129,7,13,17,1,14,0,15,2,7,10,9,12,17,15,"{""candidate__cinema"": 7, ""candidate__digitaldisplayandsearch"": 13, ""candidate__digitalvideo"": 17, ""candidate__facebook"": 1, ""candidate__instagram"": 14, ""candidate__localtv"": 0, ""candidate__ooh"": 15, ""candidate__opentv"": 2, ""candidate__paytv"": 7, ""candidate__print"": 10, ""candidate__radio"": 9, ""candidate__tiktok"": 12, ""candidate__twitter"": 17, ""candidate__youtube"": 15}",PRUNED
1850,1710.4353764135274,2026-09-21 11:45:30.065588,2026-09-21 11:45:30.670303,0 days 00:00:00.604715,7,13,15,2,17,0,16,3,8,11,7,11,17,16,"{""candidate__cinema"": 7, ""candidate__digitaldisplayandsearch"": 13, ""candidate__digitalvideo"": 15, ""candidate__facebook"": 2, ""candidate__instagram"": 17, ""candidate__localtv"": 0, ""candidate__ooh"": 16, ""candidate__opentv"": 3, ""candidate__paytv"": 8, ""candidate__print"": 11, ""candidate__radio"": 7, ""candidate__tiktok"": 11, ""candidate__twitter"": 17, ""candidate__youtube"": 16}",PRUNED
1851,2058.269371319377,2026-09-21 11:45:30.688592,2026-09-21 11:45:31.067371,0 days 00:00:00.378779,11,17,15,1,13,0,17,1,3,14,4,14,16,15,"{""candidate__cinema"": 11, ""candidate__digitaldisplayandsearch"": 17, ""candidate__digitalvideo"": 15, ""candidate__facebook"": 1, ""candidate__instagram"": 13, ""candidate__localtv"": 0, ""candidate__ooh"": 17, ""candidate__opentv"": 1, ""candidate__paytv"": 3, ""candidate__print"": 14, ""candidate__radio"": 4, ""candidate__tiktok"": 14, ""candidate__twitter"": 16, ""candidate__youtube"": 15}",PRUNED
1852,2058.134056495313,2026-09-21 11:45:31.088869,2026-09-21 11:45:31.736875,0 days 00:00:00.648006,13,16,15,3,12,0,16,0,6,16,6,13,14,15,"{""candidate__cinema"": 13, ""candidate__digitaldisplayandsearch"": 16, ""candidate__digitalvideo"": 15, ""candidate__facebook"": 3, ""candidate__instagram"": 12, ""candidate__localtv"": 0, ""candidate__ooh"": 16, ""candidate__opentv"": 0, ""candidate__paytv"": 6, ""candidate__print"": 16, ""candidate__radio"": 6, ""candidate__tiktok"": 13, ""candidate__twitter"": 14, ""candidate__youtube"": 15}",PRUNED
1853,2066.0027670676986,2026-09-21 11:45:31.753848,2026-09-21 11:45:32.159025,0 days 00:00:00.405177,11,17,15,2,15,0,16,2,4,14,4,13,14,14,"{""candidate__cinema"": 11, ""candidate__digitaldisplayandsearch"": 17, ""candidate__digitalvideo"": 15, ""candidate__facebook"": 2, ""candidate__instagram"": 15, ""candidate__localtv"": 0, ""candidate__ooh"": 16, ""candidate__opentv"": 2, ""candidate__paytv"": 4, ""candidate__print"": 14, ""candidate__radio"": 4, ""candidate__tiktok"": 13, ""candidate__twitter"": 14, ""candidate__youtube"": 14}",PRUNED
1854,2075.5711489282266,2026-09-21 11:45:32.179136,2026-09-21 11:45:32.568519,0 days 00:00:00.389383,6,13,15,1,13,0,15,3,8,11,8,12,16,14,"{""candidate__cinema"": 6, ""candidate__digitaldisplayandsearch"": 13, ""candidate__digitalvideo"": 15, ""candidate__facebook"": 1, ""candidate__instagram"": 13, ""candidate__localtv"": 0, ""candidate__ooh"": 15, ""candidate__opentv"": 3, ""candidate__paytv"": 8, ""candidate__print"": 11, ""candidate__radio"": 8, ""candidate__tiktok"": 12, ""candidate__twitter"": 16, ""candidate__youtube"": 14}",PRUNED
1855,1968.885542425096,2026-09-21 11:45:32.588402,2026-09-21 11:45:33.094261,0 days 00:00:00.505859,6,17,15,0,14,0,16,5,7,12,8,12,14,14,"{""candidate__cinema"": 6, ""candidate__digitaldisplayandsearch"": 17, ""candidate__digitalvideo"": 15, ""candidate__facebook"": 0, ""candidate__instagram"": 14, ""candidate__localtv"": 0, ""candidate__ooh"": 16, ""candidate__opentv"": 5, ""candidate__paytv"": 7, ""candidate__print"": 12, ""candidate__radio"": 8, ""candidate__tiktok"": 12, ""candidate__twitter"": 14, ""candidate__youtube"": 14}",PRUNED
1856,2062.6309365930097,2026-09-21 11:45:33.113225,2026-09-21 11:45:33.485373,0 days 00:00:00.372148,9,14,14,2,14,0,17,3,7,13,4,12,16,15,"{""candidate__cinema"": 9, ""candidate__digitaldisplayandsearch"": 14, ""candidate__digitalvideo"": 14, ""candidate__facebook"": 2, ""candidate__instagram"": 14, ""candidate__localtv"": 0, ""candidate__ooh"": 17, ""candidate__opentv"": 3, ""candidate__paytv"": 7, ""candidate__print"": 13, ""candidate__radio"": 4, ""candidate__tiktok"": 12, ""candidate__twitter"": 16, ""candidate__youtube"": 15}",PRUNED
1857,1705.995275898001,2026-09-21 11:45:33.503296,2026-09-21 11:45:34.095022,0 days 00:00:00.591726,7,13,15,1,14,0,16,4,7,13,4,9,17,16,"{""candidate__cinema"": 7, ""candidate__digitaldisplayandsearch"": 13, ""candidate__digitalvideo"": 15, ""candidate__facebook"": 1, ""candidate__instagram"": 14, ""candidate__localtv"": 0, ""candidate__ooh"": 16, ""candidate__opentv"": 4, ""candidate__paytv"": 7, ""candidate__print"": 13, ""candidate__radio"": 4, ""candidate__tiktok"": 9, ""candidate__twitter"": 17, ""candidate__youtube"": 16}",COMPLETE
1858,1970.502805158087,2026-09-21 11:45:34.119105,2026-09-21 11:45:34.624132,0 days 00:00:00.505027,8,13,16,1,16,0,17,3,9,11,7,12,17,15,"{""candidate__cinema"": 8, ""candidate__digitaldisplayandsearch"": 13, ""candidate__digitalvideo"": 16, ""candidate__facebook"": 1, ""candidate__instagram"": 16, ""candidate__localtv"": 0, ""candidate__ooh"": 17, ""candidate__opentv"": 3, ""candidate__paytv"": 9, ""candidate__print"": 11, ""candidate__radio"": 7, ""candidate__tiktok"": 12, ""candidate__twitter"": 17, ""candidate__youtube"": 15}",PRUNED
1859,2058.303461007806,2026-09-21 11:45:34.639820,2026-09-21 11:45:35.041911,0 days 00:00:00.402091,4,17,16,1,13,0,16,6,14,12,11,13,12,15,"{""candidate__cinema"": 4, ""candidate__digitaldisplayandsearch"": 17, ""candidate__digitalvideo"": 16, ""candidate__facebook"": 1, ""candidate__instagram"": 13, ""candidate__localtv"": 0, ""candidate__ooh"": 16, ""candidate__opentv"": 6, ""candidate__paytv"": 14, ""candidate__print"": 12, ""candidate__radio"": 11, ""candidate__tiktok"": 13, ""candidate__twitter"": 12, ""candidate__youtube"": 15}",PRUNED
1860,1705.7279321843823,2026-09-21 11:45:35.059525,2026-09-21 11:45:35.681937,0 days 00:00:00.622412,6,11,16,1,13,0,16,5,7,14,4,13,14,16,"{""candidate__cinema"": 6, ""candidate__digitaldisplayandsearch"": 11, ""candidate__digitalvideo"": 16, ""candidate__facebook"": 1, ""candidate__instagram"": 13, ""candidate__localtv"": 0, ""candidate__ooh"": 16, ""candidate__opentv"": 5, ""candidate__paytv"": 7, ""candidate__print"": 14, ""candidate__radio"": 4, ""candidate__tiktok"": 13, ""candidate__twitter"": 14, ""candidate__youtube"": 16}",COMPLETE
1861,2057.339440165182,2026-09-21 11:45:35.704015,2026-09-21 11:45:36.057164,0 days 00:00:00.353149,8,13,14,0,14,0,16,2,6,13,7,12,14,15,"{""candidate__cinema"": 8, ""candidate__digitaldisplayandsearch"": 13, ""candidate__digitalvideo"": 14, ""candidate__facebook"": 0, ""candidate__instagram"": 14, ""candidate__localtv"": 0, ""candidate__ooh"": 16, ""candidate__opentv"": 2, ""candidate__paytv"": 6, ""candidate__print"": 13, ""candidate__radio"": 7, ""candidate__tiktok"": 12, ""candidate__twitter"": 14, ""candidate__youtube"": 15}",PRUNED
1862,2070.140276851989,2026-09-21 11:45:36.082540,2026-09-21 11:45:36.489783,0 days 00:00:00.407243,7,15,14,3,15,0,16,6,7,14,3,9,17,15,"{""candidate__cinema"": 7, ""candidate__digitaldisplayandsearch"": 15, ""candidate__digitalvideo"": 14, ""candidate__facebook"": 3, ""candidate__instagram"": 15, ""candidate__localtv"": 0, ""candidate__ooh"": 16, ""candidate__opentv"": 6, ""candidate__paytv"": 7, ""candidate__print"": 14, ""candidate__radio"": 3, ""candidate__tiktok"": 9, ""candidate__twitter"": 17, ""candidate__youtube"": 15}",PRUNED
1863,2058.0225102651634,2026-09-21 11:45:36.511269,2026-09-21 11:45:36.873487,0 days 00:00:00.362218,8,17,14,1,14,0,16,2,6,12,7,13,14,15,"{""candidate__cinema"": 8, ""candidate__digitaldisplayandsearch"": 17, ""candidate__digitalvideo"": 14, ""candidate__facebook"": 1, ""candidate__instagram"": 14, ""candidate__localtv"": 0, ""candidate__ooh"": 16, ""candidate__opentv"": 2, ""candidate__paytv"": 6, ""candidate__print"": 12, ""candidate__radio"": 7, ""candidate__tiktok"": 13, ""candidate__twitter"": 14, ""candidate__youtube"": 15}",PRUNED
1864,2060.7466021709524,2026-09-21 11:45:36.889568,2026-09-21 11:45:37.538891,0 days 00:00:00.649323,10,15,14,1,14,0,17,2,6,14,3,14,14,15,"{""candidate__cinema"": 10, ""candidate__digitaldisplayandsearch"": 15, ""candidate__digitalvideo"": 14, ""candidate__facebook"": 1, ""candidate__instagram"": 14, ""candidate__localtv"": 0, ""candidate__ooh"": 17, ""candidate__opentv"": 2, ""candidate__paytv"": 6, ""candidate__print"": 14, ""candidate__radio"": 3, ""candidate__tiktok"": 14, ""candidate__twitter"": 14, ""candidate__youtube"": 15}",PRUNED
1865,1704.0453868244306,2026-09-21 11:45:37.559062,2026-09-21 11:45:38.217406,0 days 00:00:00.658344,12,14,15,1,13,0,16,2,7,9,2,12,15,15,"{""candidate__cinema"": 12, ""candidate__digitaldisplayandsearch"": 14, ""candidate__digitalvideo"": 15, ""candidate__facebook"": 1, ""candidate__instagram"": 13, ""candidate__localtv"": 0, ""candidate__ooh"": 16, ""candidate__opentv"": 2, ""candidate__paytv"": 7, ""candidate__print"": 9, ""candidate__radio"": 2, ""candidate__tiktok"": 12, ""candidate__twitter"": 15, ""candidate__youtube"": 15}",COMPLETE
1866,2060.4194092590246,2026-09-21 11:45:38.240936,2026-09-21 11:45:38.624801,0 days 00:00:00.383865,4,17,15,1,12,0,16,7,9,12,11,13,13,15,"{""candidate__cinema"": 4, ""candidate__digitaldisplayandsearch"": 17, ""candidate__digitalvideo"": 15, ""candidate__facebook"": 1, ""candidate__instagram"": 12, ""candidate__localtv"": 0, ""candidate__ooh"": 16, ""candidate__opentv"": 7, ""candidate__paytv"": 9, ""candidate__print"": 12, ""candidate__radio"": 11, ""candidate__tiktok"": 13, ""candidate__twitter"": 13, ""candidate__youtube"": 15}",PRUNED
1867,2065.973194122004,2026-09-21 11:45:38.645210,2026-09-21 11:45:39.026751,0 days 00:00:00.381541,9,15,15,1,14,1,17,1,7,13,8,12,14,16,"{""candidate__cinema"": 9, ""candidate__digitaldisplayandsearch"": 15, ""candidate__digitalvideo"": 15, ""candidate__facebook"": 1, ""candidate__instagram"": 14, ""candidate__localtv"": 1, ""candidate__ooh"": 17, ""candidate__opentv"": 1, ""candidate__paytv"": 7, ""candidate__print"": 13, ""candidate__radio"": 8, ""candidate__tiktok"": 12, ""candidate__twitter"": 14, ""candidate__youtube"": 16}",PRUNED
1868,2071.95106491496,2026-09-21 11:45:39.047084,2026-09-21 11:45:39.398113,0 days 00:00:00.351029,10,16,15,0,14,0,15,1,7,13,4,12,14,15,"{""candidate__cinema"": 10, ""candidate__digitaldisplayandsearch"": 16, ""candidate__digitalvideo"": 15, ""candidate__facebook"": 0, ""candidate__instagram"": 14, ""candidate__localtv"": 0, ""candidate__ooh"": 15, ""candidate__opentv"": 1, ""candidate__paytv"": 7, ""candidate__print"": 13, ""candidate__radio"": 4, ""candidate__tiktok"": 12, ""candidate__twitter"": 14, ""candidate__youtube"": 15}",PRUNED
1869,2058.269371319377,2026-09-21 11:45:39.420949,2026-09-21 11:45:39.820528,0 days 00:00:00.399579,9,13,15,1,13,0,17,3,7,12,8,12,13,15,"{""candidate__cinema"": 9, ""candidate__digitaldisplayandsearch"": 13, ""candidate__digitalvideo"": 15, ""candidate__facebook"": 1, ""candidate__instagram"": 13, ""candidate__localtv"": 0, ""candidate__ooh"": 17, ""candidate__opentv"": 3, ""candidate__paytv"": 7, ""candidate__print"": 12, ""candidate__radio"": 8, ""candidate__tiktok"": 12, ""candidate__twitter"": 13, ""candidate__youtube"": 15}",PRUNED
1870,2057.9488534131137,2026-09-21 11:45:39.839389,2026-09-21 11:45:40.255744,0 days 00:00:00.416355,4,11,16,4,13,0,16,5,6,14,5,14,16,15,"{""candidate__cinema"": 4, ""candidate__digitaldisplayandsearch"": 11, ""candidate__digitalvideo"": 16, ""candidate__facebook"": 4, ""candidate__instagram"": 13, ""candidate__localtv"": 0, ""candidate__ooh"": 16, ""candidate__opentv"": 5, ""candidate__paytv"": 6, ""candidate__print"": 14, ""candidate__radio"": 5, ""candidate__tiktok"": 14, ""candidate__twitter"": 16, ""candidate__youtube"": 15}",PRUNED
1871,1703.9766166645386,2026-09-21 11:45:40.275093,2026-09-21 11:45:40.893629,0 days 00:00:00.618536,12,14,15,1,13,0,16,2,9,9,2,13,15,15,"{""candidate__cinema"": 12, ""candidate__digitaldisplayandsearch"": 14, ""candidate__digitalvideo"": 15, ""candidate__facebook"": 1, ""candidate__instagram"": 13, ""candidate__localtv"": 0, ""candidate__ooh"": 16, ""candidate__opentv"": 2, ""candidate__paytv"": 9, ""candidate__print"": 9, ""candidate__radio"": 2, ""candidate__tiktok"": 13, ""candidate__twitter"": 15, ""candidate__youtube"": 15}",COMPLETE
1872,2057.5791891667936,2026-09-21 11:45:40.912369,2026-09-21 11:45:41.334697,0 days 00:00:00.422328,12,14,15,2,13,0,16,2,9,9,3,13,16,15,"{""candidate__cinema"": 12, ""candidate__digitaldisplayandsearch"": 14, ""candidate__digitalvideo"": 15, ""candidate__facebook"": 2, ""candidate__instagram"": 13, ""candidate__localtv"": 0, ""candidate__ooh"": 16, ""candidate__opentv"": 2, ""candidate__paytv"": 9, ""candidate__print"": 9, ""candidate__radio"": 3, ""candidate__tiktok"": 13, ""candidate__twitter"": 16, ""candidate__youtube"": 15}",PRUNED
1873,2060.4141260794845,2026-09-21 11:45:41.357116,2026-09-21 11:45:41.769480,0 days 00:00:00.412364,11,17,14,1,13,0,16,2,6,13,4,12,14,15,"{""candidate__cinema"": 11, ""candidate__digitaldisplayandsearch"": 17, ""candidate__digitalvideo"": 14, ""candidate__facebook"": 1, ""candidate__instagram"": 13, ""candidate__localtv"": 0, ""candidate__ooh"": 16, ""candidate__opentv"": 2, ""candidate__paytv"": 6, ""candidate__print"": 13, ""candidate__radio"": 4, ""candidate__tiktok"": 12, ""candidate__twitter"": 14, ""candidate__youtube"": 15}",PRUNED
1874,2093.358012877985,2026-09-21 11:45:41.792143,2026-09-21 11:45:42.449336,0 days 00:00:00.657193,6,13,14,0,15,0,15,3,7,10,8,12,17,15,"{""candidate__cinema"": 6, ""candidate__digitaldisplayandsearch"": 13, ""candidate__digitalvideo"": 14, ""candidate__facebook"": 0, ""candidate__instagram"": 15, ""candidate__localtv"": 0, ""candidate__ooh"": 15, ""candidate__opentv"": 3, ""candidate__paytv"": 7, ""candidate__print"": 10, ""candidate__radio"": 8, ""candidate__tiktok"": 12, ""candidate__twitter"": 17, ""candidate__youtube"": 15}",PRUNED
1875,2060.4141260794845,2026-09-21 11:45:42.465562,2026-09-21 11:45:42.832692,0 days 00:00:00.367130,11,14,14,1,13,0,16,2,7,9,2,12,16,15,"{""candidate__cinema"": 11, ""candidate__digitaldisplayandsearch"": 14, ""candidate__digitalvideo"": 14, ""candidate__facebook"": 1, ""candidate__instagram"": 13, ""candidate__localtv"": 0, ""candidate__ooh"": 16, ""candidate__opentv"": 2, ""candidate__paytv"": 7, ""candidate__print"": 9, ""candidate__radio"": 2, ""candidate__tiktok"": 12, ""candidate__twitter"": 16, ""candidate__youtube"": 15}",PRUNED
1876,2075.065841546458,2026-09-21 11:45:42.854244,2026-09-21 11:45:43.257310,0 days 00:00:00.403066,4,17,15,1,13,0,15,3,6,11,8,13,14,15,"{""candidate__cinema"": 4, ""candidate__digitaldisplayandsearch"": 17, ""candidate__digitalvideo"": 15, ""candidate__facebook"": 1, ""candidate__instagram"": 13, ""candidate__localtv"": 0, ""candidate__ooh"": 15, ""candidate__opentv"": 3, ""candidate__paytv"": 6, ""candidate__print"": 11, ""candidate__radio"": 8, ""candidate__tiktok"": 13, ""candidate__twitter"": 14, ""candidate__youtube"": 15}",PRUNED
1877,1705.4301808116395,2026-09-21 11:45:43.275023,2026-09-21 11:45:43.867312,0 days 00:00:00.592289,4,16,15,0,13,0,16,8,12,12,5,9,14,15,"{""candidate__cinema"": 4, ""candidate__digitaldisplayandsearch"": 16, ""candidate__digitalvideo"": 15, ""candidate__facebook"": 0, ""candidate__instagram"": 13, ""candidate__localtv"": 0, ""candidate__ooh"": 16, ""candidate__opentv"": 8, ""candidate__paytv"": 12, ""candidate__print"": 12, ""candidate__radio"": 5, ""candidate__tiktok"": 9, ""candidate__twitter"": 14, ""candidate__youtube"": 15}",COMPLETE
1878,2077.974589414309,2026-09-21 11:45:43.886269,2026-09-21 11:45:44.216944,0 days 00:00:00.330675,12,16,14,2,15,0,17,2,7,16,5,13,14,15,"{""candidate__cinema"": 12, ""candidate__digitaldisplayandsearch"": 16, ""candidate__digitalvideo"": 14, ""candidate__facebook"": 2, ""candidate__instagram"": 15, ""candidate__localtv"": 0, ""candidate__ooh"": 17, ""candidate__opentv"": 2, ""candidate__paytv"": 7, ""candidate__print"": 16, ""candidate__radio"": 5, ""candidate__tiktok"": 13, ""candidate__twitter"": 14, ""candidate__youtube"": 15}",PRUNED
