number,value,datetime_start,datetime_complete,duration,params_candidate__cinema,params_candidate__digitaldisplayandsearch,params_candidate__digitalvideo,params_candidate__facebook,params_candidate__instagram,params_candidate__localtv,params_candidate__ooh,params_candidate__opentv,params_candidate__paytv,params_candidate__print,params_candidate__radio,params_candidate__tiktok,params_candidate__twitter,params_candidate__youtube,system_attrs_tpe:relative_params:0,state
1333,2065.8230932639767,2026-09-21 11:40:47.221583,2026-09-21 11:40:47.648501,0 days 00:00:00.426918,4,17,14,1,12,0,16,6,12,12,8,13,14,15,"{""candidate__cinema"": 4, ""candidate__digitaldisplayandsearch"": 17, ""candidate__digitalvideo"": 14, ""candidate__facebook"": 1, ""candidate__instagram"": 12, ""candidate__localtv"": 0, ""candidate__ooh"": 16, ""candidate__opentv"": 6, ""candidate__paytv"": 12, ""candidate__print"": 12, ""candidate__radio"": 8, ""candidate__tiktok"": 13, ""candidate__twitter"": 14, ""candidate__youtube"": 15}",PRUNED
1334,2064.617605041817,2026-09-21 11:40:47.674217,2026-09-21 11:40:48.305394,0 days 00:00:00.631177,4,17,15,2,10,0,16,13,8,14,4,7,14,15,"{""candidate__cinema"": 4, ""candidate__digitaldisplayandsearch"": 17, ""candidate__digitalvideo"": 15, ""candidate__facebook"": 2, ""candidate__instagram"": 10, ""candidate__localtv"": 0, ""candidate__ooh"": 16, ""candidate__opentv"": 13, ""candidate__paytv"": 8, ""candidate__print"": 14, ""candidate__radio"": 4, ""candidate__tiktok"": 7, ""candidate__twitter"": 14, ""candidate__youtube"": 15}",PRUNED
1335,1705.7853064655926,2026-09-21 11:40:48.323785,2026-09-21 11:40:48.970682,0 days 00:00:00.646897,3,17,15,1,13,0,16,7,12,13,10,14,14,15,"{""candidate__cinema"": 3, ""candidate__digitaldisplayandsearch"": 17, ""candidate__digitalvideo"": 15, ""candidate__facebook"": 1, ""candidate__instagram"": 13, ""candidate__localtv"": 0, ""candidate__ooh"": 16, ""candidate__opentv"": 7, ""candidate__paytv"": 12, ""candidate__print"": 13, ""candidate__radio"": 10, ""candidate__tiktok"": 14, ""candidate__twitter"": 14, ""candidate__youtube"": 15}",COMPLETE
1336,1709.0404689307288,2026-09-21 11:40:48.992002,2026-09-21 11:40:49.679211,0 days 00:00:00.687209,6,13,15,1,14,0,16,4,7,12,4,13,14,14,"{""candidate__cinema"": 6, ""candidate__digitaldisplayandsearch"": 13, ""candidate__digitalvideo"": 15, ""candidate__facebook"": 1, ""candidate__instagram"": 14, ""candidate__localtv"": 0, ""candidate__ooh"": 16, ""candidate__opentv"": 4, ""candidate__paytv"": 7, ""candidate__print"": 12, ""candidate__radio"": 4, ""candidate__tiktok"": 13, ""candidate__twitter"": 14, ""candidate__youtube"": 14}",PRUNED
1337,1970.7331487486235,2026-09-21 11:40:49.702786,2026-09-21 11:40:50.246899,0 days 00:00:00.544113,6,13,15,1,13,0,16,6,6,14,4,13,17,17,"{""candidate__cinema"": 6, ""candidate__digitaldisplayandsearch"": 13, ""candidate__digitalvideo"": 15, ""candidate__facebook"": 1, ""candidate__instagram"": 13, ""candidate__localtv"": 0, ""candidate__ooh"": 16, ""candidate__opentv"": 6, ""candidate__paytv"": 6, ""candidate__print"": 14, ""candidate__radio"": 4, ""candidate__tiktok"": 13, ""candidate__twitter"": 17, ""candidate__youtube"": 17}",PRUNED
1338,1707.7774357068026,2026-09-21 11:40:50.269509,2026-09-21 11:40:51.018212,0 days 00:00:00.748703,5,15,15,1,13,0,16,5,12,12,5,12,13,14,"{""candidate__cinema"": 5, ""candidate__digitaldisplayandsearch"": 15, ""candidate__digitalvideo"": 15, ""candidate__facebook"": 1, ""candidate__instagram"": 13, ""candidate__localtv"": 0, ""candidate__ooh"": 16, ""candidate__opentv"": 5, ""candidate__paytv"": 12, ""candidate__print"": 12, ""candidate__radio"": 5, ""candidate__tiktok"": 12, ""candidate__twitter"": 13, ""candidate__youtube"": 14}",COMPLETE
1339,2070.7013210092446,2026-09-21 11:40:51.043689,2026-09-21 11:40:51.489293,0 days 00:00:00.445604,4,15,16,1,15,0,16,8,13,11,8,12,14,15,"{""candidate__cinema"": 4, ""candidate__digitaldisplayandsearch"": 15, ""candidate__digitalvideo"": 16, ""candidate__facebook"": 1, ""candidate__instagram"": 15, ""candidate__localtv"": 0, ""candidate__ooh"": 16, ""candidate__opentv"": 8, ""candidate__paytv"": 13, ""candidate__print"": 11, ""candidate__radio"": 8, ""candidate__tiktok"": 12, ""candidate__twitter"": 14, ""candidate__youtube"": 15}",PRUNED
1340,2064.278296587371,2026-09-21 11:40:51.510602,2026-09-21 11:40:51.923392,0 days 00:00:00.412790,3,14,14,2,13,0,16,9,9,12,5,11,15,15,"{""candidate__cinema"": 3, ""candidate__digitaldisplayandsearch"": 14, ""candidate__digitalvideo"": 14, ""candidate__facebook"": 2, ""candidate__instagram"": 13, ""candidate__localtv"": 0, ""candidate__ooh"": 16, ""candidate__opentv"": 9, ""candidate__paytv"": 9, ""candidate__print"": 12, ""candidate__radio"": 5, ""candidate__tiktok"": 11, ""candidate__twitter"": 15, ""candidate__youtube"": 15}",PRUNED
1341,2099.9779794137116,2026-09-21 11:40:51.943337,2026-09-21 11:40:52.392348,0 days 00:00:00.449011,5,16,15,1,12,1,15,8,11,12,12,13,13,15,"{""candidate__cinema"": 5, ""candidate__digitaldisplayandsearch"": 16, ""candidate__digitalvideo"": 15, ""candidate__facebook"": 1, ""candidate__instagram"": 12, ""candidate__localtv"": 1, ""candidate__ooh"": 15, ""candidate__opentv"": 8, ""candidate__paytv"": 11, ""candidate__print"": 12, ""candidate__radio"": 12, ""candidate__tiktok"": 13, ""candidate__twitter"": 13, ""candidate__youtube"": 15}",PRUNED
1342,2075.0854602697696,2026-09-21 11:40:52.413179,2026-09-21 11:40:52.832406,0 days 00:00:00.419227,6,13,14,3,13,1,16,4,5,15,4,14,16,15,"{""candidate__cinema"": 6, ""candidate__digitaldisplayandsearch"": 13, ""candidate__digitalvideo"": 14, ""candidate__facebook"": 3, ""candidate__instagram"": 13, ""candidate__localtv"": 1, ""candidate__ooh"": 16, ""candidate__opentv"": 4, ""candidate__paytv"": 5, ""candidate__print"": 15, ""candidate__radio"": 4, ""candidate__tiktok"": 14, ""candidate__twitter"": 16, ""candidate__youtube"": 15}",PRUNED
1343,2073.9316560408433,2026-09-21 11:40:52.854431,2026-09-21 11:40:53.537807,0 days 00:00:00.683376,4,14,16,0,13,1,16,5,9,12,3,13,15,15,"{""candidate__cinema"": 4, ""candidate__digitaldisplayandsearch"": 14, ""candidate__digitalvideo"": 16, ""candidate__facebook"": 0, ""candidate__instagram"": 13, ""candidate__localtv"": 1, ""candidate__ooh"": 16, ""candidate__opentv"": 5, ""candidate__paytv"": 9, ""candidate__print"": 12, ""candidate__radio"": 3, ""candidate__tiktok"": 13, ""candidate__twitter"": 15, ""candidate__youtube"": 15}",PRUNED
1344,2073.682089015896,2026-09-21 11:40:53.555219,2026-09-21 11:40:53.966995,0 days 00:00:00.411776,3,15,15,1,9,0,16,8,7,14,5,7,14,15,"{""candidate__cinema"": 3, ""candidate__digitaldisplayandsearch"": 15, ""candidate__digitalvideo"": 15, ""candidate__facebook"": 1, ""candidate__instagram"": 9, ""candidate__localtv"": 0, ""candidate__ooh"": 16, ""candidate__opentv"": 8, ""candidate__paytv"": 7, ""candidate__print"": 14, ""candidate__radio"": 5, ""candidate__tiktok"": 7, ""candidate__twitter"": 14, ""candidate__youtube"": 15}",PRUNED
1345,2060.9384755430315,2026-09-21 11:40:53.985551,2026-09-21 11:40:54.389478,0 days 00:00:00.403927,4,15,15,2,13,0,17,9,12,10,8,11,16,15,"{""candidate__cinema"": 4, ""candidate__digitaldisplayandsearch"": 15, ""candidate__digitalvideo"": 15, ""candidate__facebook"": 2, ""candidate__instagram"": 13, ""candidate__localtv"": 0, ""candidate__ooh"": 17, ""candidate__opentv"": 9, ""candidate__paytv"": 12, ""candidate__print"": 10, ""candidate__radio"": 8, ""candidate__tiktok"": 11, ""candidate__twitter"": 16, ""candidate__youtube"": 15}",PRUNED
1346,2079.4995717171737,2026-09-21 11:40:54.413001,2026-09-21 11:40:54.861834,0 days 00:00:00.448833,5,15,15,1,12,1,16,8,12,13,8,12,15,15,"{""candidate__cinema"": 5, ""candidate__digitaldisplayandsearch"": 15, ""candidate__digitalvideo"": 15, ""candidate__facebook"": 1, ""candidate__instagram"": 12, ""candidate__localtv"": 1, ""candidate__ooh"": 16, ""candidate__opentv"": 8, ""candidate__paytv"": 12, ""candidate__print"": 13, ""candidate__radio"": 8, ""candidate__tiktok"": 12, ""candidate__twitter"": 15, ""candidate__youtube"": 15}",PRUNED
1347,1707.2330929343652,2026-09-21 11:40:54.889508,2026-09-21 11:40:55.709748,0 days 00:00:00.820240,4,17,15,0,10,0,16,9,7,14,4,8,14,15,"{""candidate__cinema"": 4, ""candidate__digitaldisplayandsearch"": 17, ""candidate__digitalvideo"": 15, ""candidate__facebook"": 0, ""candidate__instagram"": 10, ""candidate__localtv"": 0, ""candidate__ooh"": 16, ""candidate__opentv"": 9, ""candidate__paytv"": 7, ""candidate__print"": 14, ""candidate__radio"": 4, ""candidate__tiktok"": 8, ""candidate__twitter"": 14, ""candidate__youtube"": 15}",COMPLETE
1348,1705.0652162909953,2026-09-21 11:40:55.732631,2026-09-21 11:40:56.495429,0 days 00:00:00.762798,5,15,15,1,14,0,16,7,12,12,10,12,14,15,"{""candidate__cinema"": 5, ""candidate__digitaldisplayandsearch"": 15, ""candidate__digitalvideo"": 15, ""candidate__facebook"": 1, ""candidate__instagram"": 14, ""candidate__localtv"": 0, ""candidate__ooh"": 16, ""candidate__opentv"": 7, ""candidate__paytv"": 12, ""candidate__print"": 12, ""candidate__radio"": 10, ""candidate__tiktok"": 12, ""candidate__twitter"": 14, ""candidate__youtube"": 15}",COMPLETE
1349,1705.6909335116197,2026-09-21 11:40:56.521311,2026-09-21 11:40:57.237320,0 days 00:00:00.716009,6,14,15,0,14,0,16,5,9,14,4,14,15,16,"{""candidate__cinema"": 6, ""candidate__digitaldisplayandsearch"": 14, ""candidate__digitalvideo"": 15, ""candidate__facebook"": 0, ""candidate__instagram"": 14, ""candidate__localtv"": 0, ""candidate__ooh"": 16, ""candidate__opentv"": 5, ""candidate__paytv"": 9, ""candidate__print"": 14, ""candidate__radio"": 4, ""candidate__tiktok"": 14, ""candidate__twitter"": 15, ""candidate__youtube"": 16}",COMPLETE
1350,2060.2611488303523,2026-09-21 11:40:57.260349,2026-09-21 11:40:57.709957,0 days 00:00:00.449608,4,15,14,1,13,0,16,7,8,14,4,15,13,15,"{""candidate__cinema"": 4, ""candidate__digitaldisplayandsearch"": 15, ""candidate__digitalvideo"": 14, ""candidate__facebook"": 1, ""candidate__instagram"": 13, ""candidate__localtv"": 0, ""candidate__ooh"": 16, ""candidate__opentv"": 7, ""candidate__paytv"": 8, ""candidate__print"": 14, ""candidate__radio"": 4, ""candidate__tiktok"": 15, ""candidate__twitter"": 13, ""candidate__youtube"": 15}",PRUNED
1351,2074.67275290557,2026-09-21 11:40:57.733876,2026-09-21 11:40:58.205962,0 days 00:00:00.472086,4,13,15,1,14,0,15,8,9,13,3,14,13,15,"{""candidate__cinema"": 4, ""candidate__digitaldisplayandsearch"": 13, ""candidate__digitalvideo"": 15, ""candidate__facebook"": 1, ""candidate__instagram"": 14, ""candidate__localtv"": 0, ""candidate__ooh"": 15, ""candidate__opentv"": 8, ""candidate__paytv"": 9, ""candidate__print"": 13, ""candidate__radio"": 3, ""candidate__tiktok"": 14, ""candidate__twitter"": 13, ""candidate__youtube"": 15}",PRUNED
1352,1706.3427590618492,2026-09-21 11:40:58.231486,2026-09-21 11:40:59.107072,0 days 00:00:00.875586,4,14,16,0,13,0,16,8,12,12,10,12,14,15,"{""candidate__cinema"": 4, ""candidate__digitaldisplayandsearch"": 14, ""candidate__digitalvideo"": 16, ""candidate__facebook"": 0, ""candidate__instagram"": 13, ""candidate__localtv"": 0, ""candidate__ooh"": 16, ""candidate__opentv"": 8, ""candidate__paytv"": 12, ""candidate__print"": 12, ""candidate__radio"": 10, ""candidate__tiktok"": 12, ""candidate__twitter"": 14, ""candidate__youtube"": 15}",COMPLETE
1353,2073.917020690555,2026-09-21 11:40:59.136542,2026-09-21 11:40:59.570759,0 days 00:00:00.434217,6,13,15,2,14,1,16,4,5,13,4,13,14,15,"{""candidate__cinema"": 6, ""candidate__digitaldisplayandsearch"": 13, ""candidate__digitalvideo"": 15, ""candidate__facebook"": 2, ""candidate__instagram"": 14, ""candidate__localtv"": 1, ""candidate__ooh"": 16, ""candidate__opentv"": 4, ""candidate__paytv"": 5, ""candidate__print"": 13, ""candidate__radio"": 4, ""candidate__tiktok"": 13, ""candidate__twitter"": 14, ""candidate__youtube"": 15}",PRUNED
1354,2064.1802206100733,2026-09-21 11:40:59.589400,2026-09-21 11:41:00.009760,0 days 00:00:00.420360,5,17,15,1,12,0,16,9,12,12,12,14,13,14,"{""candidate__cinema"": 5, ""candidate__digitaldisplayandsearch"": 17, ""candidate__digitalvideo"": 15, ""candidate__facebook"": 1, ""candidate__instagram"": 12, ""candidate__localtv"": 0, ""candidate__ooh"": 16, ""candidate__opentv"": 9, ""candidate__paytv"": 12, ""candidate__print"": 12, ""candidate__radio"": 12, ""candidate__tiktok"": 14, ""candidate__twitter"": 13, ""candidate__youtube"": 14}",PRUNED
1355,2068.103161631042,2026-09-21 11:41:00.028241,2026-09-21 11:41:00.454572,0 days 00:00:00.426331,4,17,15,1,6,0,16,11,8,14,6,7,14,14,"{""candidate__cinema"": 4, ""candidate__digitaldisplayandsearch"": 17, ""candidate__digitalvideo"": 15, ""candidate__facebook"": 1, ""candidate__instagram"": 6, ""candidate__localtv"": 0, ""candidate__ooh"": 16, ""candidate__opentv"": 11, ""candidate__paytv"": 8, ""candidate__print"": 14, ""candidate__radio"": 6, ""candidate__tiktok"": 7, ""candidate__twitter"": 14, ""candidate__youtube"": 14}",PRUNED
1356,2061.469170361021,2026-09-21 11:41:00.478097,2026-09-21 11:41:00.923863,0 days 00:00:00.445766,2,17,15,1,12,0,16,11,7,15,5,9,13,15,"{""candidate__cinema"": 2, ""candidate__digitaldisplayandsearch"": 17, ""candidate__digitalvideo"": 15, ""candidate__facebook"": 1, ""candidate__instagram"": 12, ""candidate__localtv"": 0, ""candidate__ooh"": 16, ""candidate__opentv"": 11, ""candidate__paytv"": 7, ""candidate__print"": 15, ""candidate__radio"": 5, ""candidate__tiktok"": 9, ""candidate__twitter"": 13, ""candidate__youtube"": 15}",PRUNED
1357,2067.7202814846632,2026-09-21 11:41:00.943201,2026-09-21 11:41:01.406056,0 days 00:00:00.462855,5,15,15,1,13,1,17,5,10,12,4,11,13,16,"{""candidate__cinema"": 5, ""candidate__digitaldisplayandsearch"": 15, ""candidate__digitalvideo"": 15, ""candidate__facebook"": 1, ""candidate__instagram"": 13, ""candidate__localtv"": 1, ""candidate__ooh"": 17, ""candidate__opentv"": 5, ""candidate__paytv"": 10, ""candidate__print"": 12, ""candidate__radio"": 4, ""candidate__tiktok"": 11, ""candidate__twitter"": 13, ""candidate__youtube"": 16}",PRUNED
1358,1705.4870672417119,2026-09-21 11:41:01.427547,2026-09-21 11:41:02.096215,0 days 00:00:00.668668,6,13,15,3,14,0,16,5,5,14,5,13,17,16,"{""candidate__cinema"": 6, ""candidate__digitaldisplayandsearch"": 13, ""candidate__digitalvideo"": 15, ""candidate__facebook"": 3, ""candidate__instagram"": 14, ""candidate__localtv"": 0, ""candidate__ooh"": 16, ""candidate__opentv"": 5, ""candidate__paytv"": 5, ""candidate__print"": 14, ""candidate__radio"": 5, ""candidate__tiktok"": 13, ""candidate__twitter"": 17, ""candidate__youtube"": 16}",COMPLETE
1359,1707.070793798417,2026-09-21 11:41:02.120598,2026-09-21 11:41:02.865163,0 days 00:00:00.744565,4,15,15,2,13,0,16,8,12,10,6,12,13,16,"{""candidate__cinema"": 4, ""candidate__digitaldisplayandsearch"": 15, ""candidate__digitalvideo"": 15, ""candidate__facebook"": 2, ""candidate__instagram"": 13, ""candidate__localtv"": 0, ""candidate__ooh"": 16, ""candidate__opentv"": 8, ""candidate__paytv"": 12, ""candidate__print"": 10, ""candidate__radio"": 6, ""candidate__tiktok"": 12, ""candidate__twitter"": 13, ""candidate__youtube"": 16}",COMPLETE
1360,2072.950115909233,2026-09-21 11:41:02.883479,2026-09-21 11:41:03.323009,0 days 00:00:00.439530,4,14,15,1,10,1,16,11,9,12,6,11,17,15,"{""candidate__cinema"": 4, ""candidate__digitaldisplayandsearch"": 14, ""candidate__digitalvideo"": 15, ""candidate__facebook"": 1, ""candidate__instagram"": 10, ""candidate__localtv"": 1, ""candidate__ooh"": 16, ""candidate__opentv"": 11, ""candidate__paytv"": 9, ""candidate__print"": 12, ""candidate__radio"": 6, ""candidate__tiktok"": 11, ""candidate__twitter"": 17, ""candidate__youtube"": 15}",PRUNED
1361,2058.4603639289257,2026-09-21 11:41:03.342025,2026-09-21 11:41:03.965294,0 days 00:00:00.623269,4,13,14,1,14,0,16,9,10,15,4,14,12,15,"{""candidate__cinema"": 4, ""candidate__digitaldisplayandsearch"": 13, ""candidate__digitalvideo"": 14, ""candidate__facebook"": 1, ""candidate__instagram"": 14, ""candidate__localtv"": 0, ""candidate__ooh"": 16, ""candidate__opentv"": 9, ""candidate__paytv"": 10, ""candidate__print"": 15, ""candidate__radio"": 4, ""candidate__tiktok"": 14, ""candidate__twitter"": 12, ""candidate__youtube"": 15}",PRUNED
1362,2069.069966001612,2026-09-21 11:41:03.988632,2026-09-21 11:41:04.428388,0 days 00:00:00.439756,3,14,16,0,14,0,15,8,9,11,4,12,15,16,"{""candidate__cinema"": 3, ""candidate__digitaldisplayandsearch"": 14, ""candidate__digitalvideo"": 16, ""candidate__facebook"": 0, ""candidate__instagram"": 14, ""candidate__localtv"": 0, ""candidate__ooh"": 15, ""candidate__opentv"": 8, ""candidate__paytv"": 9, ""candidate__print"": 11, ""candidate__radio"": 4, ""candidate__tiktok"": 12, ""candidate__twitter"": 15, ""candidate__youtube"": 16}",PRUNED
1363,2079.4995717171737,2026-09-21 11:41:04.450279,2026-09-21 11:41:04.883173,0 days 00:00:00.432894,5,16,15,1,12,1,16,5,10,12,5,12,14,15,"{""candidate__cinema"": 5, ""candidate__digitaldisplayandsearch"": 16, ""candidate__digitalvideo"": 15, ""candidate__facebook"": 1, ""candidate__instagram"": 12, ""candidate__localtv"": 1, ""candidate__ooh"": 16, ""candidate__opentv"": 5, ""candidate__paytv"": 10, ""candidate__print"": 12, ""candidate__radio"": 5, ""candidate__tiktok"": 12, ""candidate__twitter"": 14, ""candidate__youtube"": 15}",PRUNED
1364,1703.8332523226097,2026-09-21 11:41:04.901645,2026-09-21 11:41:05.606640,0 days 00:00:00.704995,7,14,15,2,14,0,16,5,6,14,4,12,16,15,"{""candidate__cinema"": 7, ""candidate__digitaldisplayandsearch"": 14, ""candidate__digitalvideo"": 15, ""candidate__facebook"": 2, ""candidate__instagram"": 14, ""candidate__localtv"": 0, ""candidate__ooh"": 16, ""candidate__opentv"": 5, ""candidate__paytv"": 6, ""candidate__print"": 14, ""candidate__radio"": 4, ""candidate__tiktok"": 12, ""candidate__twitter"": 16, ""candidate__youtube"": 15}",COMPLETE
1365,1707.9226658730997,2026-09-21 11:41:05.635915,2026-09-21 11:41:06.328198,0 days 00:00:00.692283,4,15,16,1,8,0,16,11,7,12,5,15,14,16,"{""candidate__cinema"": 4, ""candidate__digitaldisplayandsearch"": 15, ""candidate__digitalvideo"": 16, ""candidate__facebook"": 1, ""candidate__instagram"": 8, ""candidate__localtv"": 0, ""candidate__ooh"": 16, ""candidate__opentv"": 11, ""candidate__paytv"": 7, ""candidate__print"": 12, ""candidate__radio"": 5, ""candidate__tiktok"": 15, ""candidate__twitter"": 14, ""candidate__youtube"": 16}",COMPLETE
1366,2072.938584185005,2026-09-21 11:41:06.355452,2026-09-21 11:41:06.784252,0 days 00:00:00.428800,3,17,15,1,13,1,16,6,12,11,10,12,14,15,"{""candidate__cinema"": 3, ""candidate__digitaldisplayandsearch"": 17, ""candidate__digitalvideo"": 15, ""candidate__facebook"": 1, ""candidate__instagram"": 13, ""candidate__localtv"": 1, ""candidate__ooh"": 16, ""candidate__opentv"": 6, ""candidate__paytv"": 12, ""candidate__print"": 11, ""candidate__radio"": 10, ""candidate__tiktok"": 12, ""candidate__twitter"": 14, ""candidate__youtube"": 15}",PRUNED
1367,2058.6455531463002,2026-09-21 11:41:06.804933,2026-09-21 11:41:07.258588,0 days 00:00:00.453655,6,12,15,2,13,0,16,6,7,15,4,14,16,15,"{""candidate__cinema"": 6, ""candidate__digitaldisplayandsearch"": 12, ""candidate__digitalvideo"": 15, ""candidate__facebook"": 2, ""candidate__instagram"": 13, ""candidate__localtv"": 0, ""candidate__ooh"": 16, ""candidate__opentv"": 6, ""candidate__paytv"": 7, ""candidate__print"": 15, ""candidate__radio"": 4, ""candidate__tiktok"": 14, ""candidate__twitter"": 16, ""candidate__youtube"": 15}",PRUNED
1368,2057.833943068317,2026-09-21 11:41:07.281834,2026-09-21 11:41:07.749358,0 days 00:00:00.467524,3,14,15,0,8,0,16,7,9,13,4,12,14,15,"{""candidate__cinema"": 3, ""candidate__digitaldisplayandsearch"": 14, ""candidate__digitalvideo"": 15, ""candidate__facebook"": 0, ""candidate__instagram"": 8, ""candidate__localtv"": 0, ""candidate__ooh"": 16, ""candidate__opentv"": 7, ""candidate__paytv"": 9, ""candidate__print"": 13, ""candidate__radio"": 4, ""candidate__tiktok"": 12, ""candidate__twitter"": 14, ""candidate__youtube"": 15}",PRUNED
1369,2059.8733767423746,2026-09-21 11:41:07.773050,2026-09-21 11:41:08.211282,0 days 00:00:00.438232,5,17,14,0,13,0,16,8,13,12,11,13,15,15,"{""candidate__cinema"": 5, ""candidate__digitaldisplayandsearch"": 17, ""candidate__digitalvideo"": 14, ""candidate__facebook"": 0, ""candidate__instagram"": 13, ""candidate__localtv"": 0, ""candidate__ooh"": 16, ""candidate__opentv"": 8, ""candidate__paytv"": 13, ""candidate__print"": 12, ""candidate__radio"": 11, ""candidate__tiktok"": 13, ""candidate__twitter"": 15, ""candidate__youtube"": 15}",PRUNED
1370,1704.969115028908,2026-09-21 11:41:08.232562,2026-09-21 11:41:09.106397,0 days 00:00:00.873835,6,14,15,1,13,0,16,6,10,14,4,15,12,15,"{""candidate__cinema"": 6, ""candidate__digitaldisplayandsearch"": 14, ""candidate__digitalvideo"": 15, ""candidate__facebook"": 1, ""candidate__instagram"": 13, ""candidate__localtv"": 0, ""candidate__ooh"": 16, ""candidate__opentv"": 6, ""candidate__paytv"": 10, ""candidate__print"": 14, ""candidate__radio"": 4, ""candidate__tiktok"": 15, ""candidate__twitter"": 12, ""candidate__youtube"": 15}",COMPLETE
1371,1705.0228896108122,2026-09-21 11:41:09.131786,2026-09-21 11:41:09.819073,0 days 00:00:00.687287,6,13,15,1,14,0,16,7,7,13,4,13,17,15,"{""candidate__cinema"": 6, ""candidate__digitaldisplayandsearch"": 13, ""candidate__digitalvideo"": 15, ""candidate__facebook"": 1, ""candidate__instagram"": 14, ""candidate__localtv"": 0, ""candidate__ooh"": 16, ""candidate__opentv"": 7, ""candidate__paytv"": 7, ""candidate__print"": 13, ""candidate__radio"": 4, ""candidate__tiktok"": 13, ""candidate__twitter"": 17, ""candidate__youtube"": 15}",COMPLETE
