number,value,datetime_start,datetime_complete,duration,params_candidate__cinema,params_candidate__digitaldisplayandsearch,params_candidate__digitalvideo,params_candidate__facebook,params_candidate__instagram,params_candidate__localtv,params_candidate__ooh,params_candidate__opentv,params_candidate__paytv,params_candidate__print,params_candidate__radio,params_candidate__tiktok,params_candidate__twitter,params_candidate__youtube,system_attrs_tpe:relative_params:0,state
1918,2056.5196369168334,2026-09-21 11:46:04.562873,2026-09-21 11:46:05.037514,0 days 00:00:00.474641,12,16,15,2,14,0,16,2,5,16,5,12,14,14,"{""candidate__cinema"": 12, ""candidate__digitaldisplayandsearch"": 16, ""candidate__digitalvideo"": 15, ""candidate__facebook"": 2, ""candidate__instagram"": 14, ""candidate__localtv"": 0, ""candidate__ooh"": 16, ""candidate__opentv"": 2, ""candidate__paytv"": 5, ""candidate__print"": 16, ""candidate__radio"": 5, ""candidate__tiktok"": 12, ""candidate__twitter"": 14, ""candidate__youtube"": 14}",PRUNED
1919,2058.939294385918,2026-09-21 11:46:05.060542,2026-09-21 11:46:05.485237,0 days 00:00:00.424695,8,14,15,0,12,0,16,4,6,12,6,11,16,15,"{""candidate__cinema"": 8, ""candidate__digitaldisplayandsearch"": 14, ""candidate__digitalvideo"": 15, ""candidate__facebook"": 0, ""candidate__instagram"": 12, ""candidate__localtv"": 0, ""candidate__ooh"": 16, ""candidate__opentv"": 4, ""candidate__paytv"": 6, ""candidate__print"": 12, ""candidate__radio"": 6, ""candidate__tiktok"": 11, ""candidate__twitter"": 16, ""candidate__youtube"": 15}",PRUNED
1920,2058.707366329813,2026-09-21 11:46:05.506806,2026-09-21 11:46:05.962128,0 days 00:00:00.455322,3,14,15,2,13,0,16,6,8,12,4,13,15,15,"{""candidate__cinema"": 3, ""candidate__digitaldisplayandsearch"": 14, ""candidate__digitalvideo"": 15, ""candidate__facebook"": 2, ""candidate__instagram"": 13, ""candidate__localtv"": 0, ""candidate__ooh"": 16, ""candidate__opentv"": 6, ""candidate__paytv"": 8, ""candidate__print"": 12, ""candidate__radio"": 4, ""candidate__tiktok"": 13, ""candidate__twitter"": 15, ""candidate__youtube"": 15}",PRUNED
1921,2058.0326276014125,2026-09-21 11:46:05.989937,2026-09-21 11:46:06.398105,0 days 00:00:00.408168,8,13,16,2,14,0,16,5,6,13,4,7,17,15,"{""candidate__cinema"": 8, ""candidate__digitaldisplayandsearch"": 13, ""candidate__digitalvideo"": 16, ""candidate__facebook"": 2, ""candidate__instagram"": 14, ""candidate__localtv"": 0, ""candidate__ooh"": 16, ""candidate__opentv"": 5, ""candidate__paytv"": 6, ""candidate__print"": 13, ""candidate__radio"": 4, ""candidate__tiktok"": 7, ""candidate__twitter"": 17, ""candidate__youtube"": 15}",PRUNED
1922,1969.8622576202501,2026-09-21 11:46:06.418003,2026-09-21 11:46:07.019321,0 days 00:00:00.601318,7,14,15,0,14,0,16,4,6,10,8,11,13,14,"{""candidate__cinema"": 7, ""candidate__digitaldisplayandsearch"": 14, ""candidate__digitalvideo"": 15, ""candidate__facebook"": 0, ""candidate__instagram"": 14, ""candidate__localtv"": 0, ""candidate__ooh"": 16, ""candidate__opentv"": 4, ""candidate__paytv"": 6, ""candidate__print"": 10, ""candidate__radio"": 8, ""candidate__tiktok"": 11, ""candidate__twitter"": 13, ""candidate__youtube"": 14}",PRUNED
1923,2072.4082768708145,2026-09-21 11:46:07.043383,2026-09-21 11:46:07.460807,0 days 00:00:00.417424,10,16,15,2,14,0,15,0,6,14,7,12,12,16,"{""candidate__cinema"": 10, ""candidate__digitaldisplayandsearch"": 16, ""candidate__digitalvideo"": 15, ""candidate__facebook"": 2, ""candidate__instagram"": 14, ""candidate__localtv"": 0, ""candidate__ooh"": 15, ""candidate__opentv"": 0, ""candidate__paytv"": 6, ""candidate__print"": 14, ""candidate__radio"": 7, ""candidate__tiktok"": 12, ""candidate__twitter"": 12, ""candidate__youtube"": 16}",PRUNED
1924,2066.5565026163954,2026-09-21 11:46:07.482301,2026-09-21 11:46:07.897631,0 days 00:00:00.415330,8,14,15,2,12,0,17,3,9,11,8,12,14,15,"{""candidate__cinema"": 8, ""candidate__digitaldisplayandsearch"": 14, ""candidate__digitalvideo"": 15, ""candidate__facebook"": 2, ""candidate__instagram"": 12, ""candidate__localtv"": 0, ""candidate__ooh"": 17, ""candidate__opentv"": 3, ""candidate__paytv"": 9, ""candidate__print"": 11, ""candidate__radio"": 8, ""candidate__tiktok"": 12, ""candidate__twitter"": 14, ""candidate__youtube"": 15}",PRUNED
1925,1705.7894545609836,2026-09-21 11:46:07.915836,2026-09-21 11:46:08.566241,0 days 00:00:00.650405,13,14,15,0,13,0,16,2,6,10,3,12,15,16,"{""candidate__cinema"": 13, ""candidate__digitaldisplayandsearch"": 14, ""candidate__digitalvideo"": 15, ""candidate__facebook"": 0, ""candidate__instagram"": 13, ""candidate__localtv"": 0, ""candidate__ooh"": 16, ""candidate__opentv"": 2, ""candidate__paytv"": 6, ""candidate__print"": 10, ""candidate__radio"": 3, ""candidate__tiktok"": 12, ""candidate__twitter"": 15, ""candidate__youtube"": 16}",COMPLETE
1926,1707.2008077884973,2026-09-21 11:46:08.591020,2026-09-21 11:46:09.550636,0 days 00:00:00.959616,7,14,15,2,14,0,16,6,6,13,4,15,16,16,"{""candidate__cinema"": 7, ""candidate__digitaldisplayandsearch"": 14, ""candidate__digitalvideo"": 15, ""candidate__facebook"": 2, ""candidate__instagram"": 14, ""candidate__localtv"": 0, ""candidate__ooh"": 16, ""candidate__opentv"": 6, ""candidate__paytv"": 6, ""candidate__print"": 13, ""candidate__radio"": 4, ""candidate__tiktok"": 15, ""candidate__twitter"": 16, ""candidate__youtube"": 16}",COMPLETE
1927,1708.4596334516038,2026-09-21 11:46:09.570962,2026-09-21 11:46:10.301311,0 days 00:00:00.730349,8,14,15,1,14,0,16,5,3,12,9,12,13,14,"{""candidate__cinema"": 8, ""candidate__digitaldisplayandsearch"": 14, ""candidate__digitalvideo"": 15, ""candidate__facebook"": 1, ""candidate__instagram"": 14, ""candidate__localtv"": 0, ""candidate__ooh"": 16, ""candidate__opentv"": 5, ""candidate__paytv"": 3, ""candidate__print"": 12, ""candidate__radio"": 9, ""candidate__tiktok"": 12, ""candidate__twitter"": 13, ""candidate__youtube"": 14}",PRUNED
1928,1707.088348809976,2026-09-21 11:46:10.322186,2026-09-21 11:46:11.044106,0 days 00:00:00.721920,7,14,16,0,13,0,16,4,6,10,4,13,15,16,"{""candidate__cinema"": 7, ""candidate__digitaldisplayandsearch"": 14, ""candidate__digitalvideo"": 16, ""candidate__facebook"": 0, ""candidate__instagram"": 13, ""candidate__localtv"": 0, ""candidate__ooh"": 16, ""candidate__opentv"": 4, ""candidate__paytv"": 6, ""candidate__print"": 10, ""candidate__radio"": 4, ""candidate__tiktok"": 13, ""candidate__twitter"": 15, ""candidate__youtube"": 16}",COMPLETE
1929,2071.545114501728,2026-09-21 11:46:11.067114,2026-09-21 11:46:11.507980,0 days 00:00:00.440866,11,17,15,3,14,0,15,1,7,16,5,13,13,15,"{""candidate__cinema"": 11, ""candidate__digitaldisplayandsearch"": 17, ""candidate__digitalvideo"": 15, ""candidate__facebook"": 3, ""candidate__instagram"": 14, ""candidate__localtv"": 0, ""candidate__ooh"": 15, ""candidate__opentv"": 1, ""candidate__paytv"": 7, ""candidate__print"": 16, ""candidate__radio"": 5, ""candidate__tiktok"": 13, ""candidate__twitter"": 13, ""candidate__youtube"": 15}",PRUNED
1930,2070.227009619127,2026-09-21 11:46:11.531139,2026-09-21 11:46:11.979856,0 days 00:00:00.448717,5,16,15,0,13,1,16,2,7,13,9,12,14,15,"{""candidate__cinema"": 5, ""candidate__digitaldisplayandsearch"": 16, ""candidate__digitalvideo"": 15, ""candidate__facebook"": 0, ""candidate__instagram"": 13, ""candidate__localtv"": 1, ""candidate__ooh"": 16, ""candidate__opentv"": 2, ""candidate__paytv"": 7, ""candidate__print"": 13, ""candidate__radio"": 9, ""candidate__tiktok"": 12, ""candidate__twitter"": 14, ""candidate__youtube"": 15}",PRUNED
1931,2073.825291225775,2026-09-21 11:46:11.999404,2026-09-21 11:46:12.386526,0 days 00:00:00.387122,8,12,15,1,14,0,15,4,7,10,4,13,14,15,"{""candidate__cinema"": 8, ""candidate__digitaldisplayandsearch"": 12, ""candidate__digitalvideo"": 15, ""candidate__facebook"": 1, ""candidate__instagram"": 14, ""candidate__localtv"": 0, ""candidate__ooh"": 15, ""candidate__opentv"": 4, ""candidate__paytv"": 7, ""candidate__print"": 10, ""candidate__radio"": 4, ""candidate__tiktok"": 13, ""candidate__twitter"": 14, ""candidate__youtube"": 15}",PRUNED
1932,2076.097623511061,2026-09-21 11:46:12.405994,2026-09-21 11:46:12.861932,0 days 00:00:00.455938,9,14,14,1,14,1,16,3,7,11,2,13,15,15,"{""candidate__cinema"": 9, ""candidate__digitaldisplayandsearch"": 14, ""candidate__digitalvideo"": 14, ""candidate__facebook"": 1, ""candidate__instagram"": 14, ""candidate__localtv"": 1, ""candidate__ooh"": 16, ""candidate__opentv"": 3, ""candidate__paytv"": 7, ""candidate__print"": 11, ""candidate__radio"": 2, ""candidate__tiktok"": 13, ""candidate__twitter"": 15, ""candidate__youtube"": 15}",PRUNED
1933,1969.964268553565,2026-09-21 11:46:12.884819,2026-09-21 11:46:13.417085,0 days 00:00:00.532266,9,14,15,0,13,0,16,4,5,10,8,12,12,14,"{""candidate__cinema"": 9, ""candidate__digitaldisplayandsearch"": 14, ""candidate__digitalvideo"": 15, ""candidate__facebook"": 0, ""candidate__instagram"": 13, ""candidate__localtv"": 0, ""candidate__ooh"": 16, ""candidate__opentv"": 4, ""candidate__paytv"": 5, ""candidate__print"": 10, ""candidate__radio"": 8, ""candidate__tiktok"": 12, ""candidate__twitter"": 12, ""candidate__youtube"": 14}",PRUNED
1934,2057.7440760663117,2026-09-21 11:46:13.438516,2026-09-21 11:46:13.870541,0 days 00:00:00.432025,12,17,16,0,14,0,17,3,7,14,4,13,16,15,"{""candidate__cinema"": 12, ""candidate__digitaldisplayandsearch"": 17, ""candidate__digitalvideo"": 16, ""candidate__facebook"": 0, ""candidate__instagram"": 14, ""candidate__localtv"": 0, ""candidate__ooh"": 17, ""candidate__opentv"": 3, ""candidate__paytv"": 7, ""candidate__print"": 14, ""candidate__radio"": 4, ""candidate__tiktok"": 13, ""candidate__twitter"": 16, ""candidate__youtube"": 15}",PRUNED
1935,2057.005628291737,2026-09-21 11:46:13.890031,2026-09-21 11:46:14.646770,0 days 00:00:00.756739,8,14,16,0,13,0,16,5,6,12,5,12,14,15,"{""candidate__cinema"": 8, ""candidate__digitaldisplayandsearch"": 14, ""candidate__digitalvideo"": 16, ""candidate__facebook"": 0, ""candidate__instagram"": 13, ""candidate__localtv"": 0, ""candidate__ooh"": 16, ""candidate__opentv"": 5, ""candidate__paytv"": 6, ""candidate__print"": 12, ""candidate__radio"": 5, ""candidate__tiktok"": 12, ""candidate__twitter"": 14, ""candidate__youtube"": 15}",PRUNED
1936,2074.1168121151964,2026-09-21 11:46:14.670447,2026-09-21 11:46:15.088909,0 days 00:00:00.418462,10,17,16,1,14,1,16,2,3,13,4,13,15,15,"{""candidate__cinema"": 10, ""candidate__digitaldisplayandsearch"": 17, ""candidate__digitalvideo"": 16, ""candidate__facebook"": 1, ""candidate__instagram"": 14, ""candidate__localtv"": 1, ""candidate__ooh"": 16, ""candidate__opentv"": 2, ""candidate__paytv"": 3, ""candidate__print"": 13, ""candidate__radio"": 4, ""candidate__tiktok"": 13, ""candidate__twitter"": 15, ""candidate__youtube"": 15}",PRUNED
1937,1707.2741692110515,2026-09-21 11:46:15.110183,2026-09-21 11:46:15.854793,0 days 00:00:00.744610,12,14,15,1,13,0,16,3,6,9,1,13,14,14,"{""candidate__cinema"": 12, ""candidate__digitaldisplayandsearch"": 14, ""candidate__digitalvideo"": 15, ""candidate__facebook"": 1, ""candidate__instagram"": 13, ""candidate__localtv"": 0, ""candidate__ooh"": 16, ""candidate__opentv"": 3, ""candidate__paytv"": 6, ""candidate__print"": 9, ""candidate__radio"": 1, ""candidate__tiktok"": 13, ""candidate__twitter"": 14, ""candidate__youtube"": 14}",COMPLETE
1938,2074.079567225834,2026-09-21 11:46:15.876924,2026-09-21 11:46:16.285097,0 days 00:00:00.408173,12,17,15,1,14,1,17,0,5,13,6,12,14,15,"{""candidate__cinema"": 12, ""candidate__digitaldisplayandsearch"": 17, ""candidate__digitalvideo"": 15, ""candidate__facebook"": 1, ""candidate__instagram"": 14, ""candidate__localtv"": 1, ""candidate__ooh"": 17, ""candidate__opentv"": 0, ""candidate__paytv"": 5, ""candidate__print"": 13, ""candidate__radio"": 6, ""candidate__tiktok"": 12, ""candidate__twitter"": 14, ""candidate__youtube"": 15}",PRUNED
1939,2058.0175711479565,2026-09-21 11:46:16.306378,2026-09-21 11:46:16.780527,0 days 00:00:00.474149,7,14,16,2,14,0,16,5,5,14,3,11,17,15,"{""candidate__cinema"": 7, ""candidate__digitaldisplayandsearch"": 14, ""candidate__digitalvideo"": 16, ""candidate__facebook"": 2, ""candidate__instagram"": 14, ""candidate__localtv"": 0, ""candidate__ooh"": 16, ""candidate__opentv"": 5, ""candidate__paytv"": 5, ""candidate__print"": 14, ""candidate__radio"": 3, ""candidate__tiktok"": 11, ""candidate__twitter"": 17, ""candidate__youtube"": 15}",PRUNED
1940,2079.243759862334,2026-09-21 11:46:16.800577,2026-09-21 11:46:17.270957,0 days 00:00:00.470380,6,14,14,2,14,1,16,5,5,14,4,10,17,15,"{""candidate__cinema"": 6, ""candidate__digitaldisplayandsearch"": 14, ""candidate__digitalvideo"": 14, ""candidate__facebook"": 2, ""candidate__instagram"": 14, ""candidate__localtv"": 1, ""candidate__ooh"": 16, ""candidate__opentv"": 5, ""candidate__paytv"": 5, ""candidate__print"": 14, ""candidate__radio"": 4, ""candidate__tiktok"": 10, ""candidate__twitter"": 17, ""candidate__youtube"": 15}",PRUNED
1941,2058.76873551167,2026-09-21 11:46:17.299570,2026-09-21 11:46:17.716766,0 days 00:00:00.417196,11,17,14,1,13,0,16,2,2,14,4,13,15,14,"{""candidate__cinema"": 11, ""candidate__digitaldisplayandsearch"": 17, ""candidate__digitalvideo"": 14, ""candidate__facebook"": 1, ""candidate__instagram"": 13, ""candidate__localtv"": 0, ""candidate__ooh"": 16, ""candidate__opentv"": 2, ""candidate__paytv"": 2, ""candidate__print"": 14, ""candidate__radio"": 4, ""candidate__tiktok"": 13, ""candidate__twitter"": 15, ""candidate__youtube"": 14}",PRUNED
1942,2058.860691543702,2026-09-21 11:46:17.740086,2026-09-21 11:46:18.157485,0 days 00:00:00.417399,8,15,14,0,14,0,16,4,6,12,5,12,14,14,"{""candidate__cinema"": 8, ""candidate__digitaldisplayandsearch"": 15, ""candidate__digitalvideo"": 14, ""candidate__facebook"": 0, ""candidate__instagram"": 14, ""candidate__localtv"": 0, ""candidate__ooh"": 16, ""candidate__opentv"": 4, ""candidate__paytv"": 6, ""candidate__print"": 12, ""candidate__radio"": 5, ""candidate__tiktok"": 12, ""candidate__twitter"": 14, ""candidate__youtube"": 14}",PRUNED
1943,2075.071351872557,2026-09-21 11:46:18.185838,2026-09-21 11:46:18.648317,0 days 00:00:00.462479,6,14,15,1,13,0,15,5,5,13,5,14,15,15,"{""candidate__cinema"": 6, ""candidate__digitaldisplayandsearch"": 14, ""candidate__digitalvideo"": 15, ""candidate__facebook"": 1, ""candidate__instagram"": 13, ""candidate__localtv"": 0, ""candidate__ooh"": 15, ""candidate__opentv"": 5, ""candidate__paytv"": 5, ""candidate__print"": 13, ""candidate__radio"": 5, ""candidate__tiktok"": 14, ""candidate__twitter"": 15, ""candidate__youtube"": 15}",PRUNED
1944,1704.0453868244306,2026-09-21 11:46:18.666503,2026-09-21 11:46:19.352453,0 days 00:00:00.685950,13,13,15,1,13,0,16,2,8,10,1,12,16,15,"{""candidate__cinema"": 13, ""candidate__digitaldisplayandsearch"": 13, ""candidate__digitalvideo"": 15, ""candidate__facebook"": 1, ""candidate__instagram"": 13, ""candidate__localtv"": 0, ""candidate__ooh"": 16, ""candidate__opentv"": 2, ""candidate__paytv"": 8, ""candidate__print"": 10, ""candidate__radio"": 1, ""candidate__tiktok"": 12, ""candidate__twitter"": 16, ""candidate__youtube"": 15}",COMPLETE
1945,1705.7332277232679,2026-09-21 11:46:19.377877,2026-09-21 11:46:20.309096,0 days 00:00:00.931219,13,13,15,0,13,0,16,1,6,9,1,12,15,16,"{""candidate__cinema"": 13, ""candidate__digitaldisplayandsearch"": 13, ""candidate__digitalvideo"": 15, ""candidate__facebook"": 0, ""candidate__instagram"": 13, ""candidate__localtv"": 0, ""candidate__ooh"": 16, ""candidate__opentv"": 1, ""candidate__paytv"": 6, ""candidate__print"": 9, ""candidate__radio"": 1, ""candidate__tiktok"": 12, ""candidate__twitter"": 15, ""candidate__youtube"": 16}",COMPLETE
1946,2064.2625082103846,2026-09-21 11:46:20.328416,2026-09-21 11:46:20.767101,0 days 00:00:00.438685,4,15,15,1,12,0,17,2,7,12,7,12,14,15,"{""candidate__cinema"": 4, ""candidate__digitaldisplayandsearch"": 15, ""candidate__digitalvideo"": 15, ""candidate__facebook"": 1, ""candidate__instagram"": 12, ""candidate__localtv"": 0, ""candidate__ooh"": 17, ""candidate__opentv"": 2, ""candidate__paytv"": 7, ""candidate__print"": 12, ""candidate__radio"": 7, ""candidate__tiktok"": 12, ""candidate__twitter"": 14, ""candidate__youtube"": 15}",PRUNED
1947,1969.876778022817,2026-09-21 11:46:20.791382,2026-09-21 11:46:21.356509,0 days 00:00:00.565127,4,13,15,3,13,0,16,4,7,13,4,13,15,14,"{""candidate__cinema"": 4, ""candidate__digitaldisplayandsearch"": 13, ""candidate__digitalvideo"": 15, ""candidate__facebook"": 3, ""candidate__instagram"": 13, ""candidate__localtv"": 0, ""candidate__ooh"": 16, ""candidate__opentv"": 4, ""candidate__paytv"": 7, ""candidate__print"": 13, ""candidate__radio"": 4, ""candidate__tiktok"": 13, ""candidate__twitter"": 15, ""candidate__youtube"": 14}",PRUNED
1948,1705.9947683439957,2026-09-21 11:46:21.376626,2026-09-21 11:46:22.080187,0 days 00:00:00.703561,12,13,15,2,14,0,16,2,10,11,2,13,16,16,"{""candidate__cinema"": 12, ""candidate__digitaldisplayandsearch"": 13, ""candidate__digitalvideo"": 15, ""candidate__facebook"": 2, ""candidate__instagram"": 14, ""candidate__localtv"": 0, ""candidate__ooh"": 16, ""candidate__opentv"": 2, ""candidate__paytv"": 10, ""candidate__print"": 11, ""candidate__radio"": 2, ""candidate__tiktok"": 13, ""candidate__twitter"": 16, ""candidate__youtube"": 16}",COMPLETE
1949,2107.807595260908,2026-09-21 11:46:22.103853,2026-09-21 11:46:22.520589,0 days 00:00:00.416736,12,13,15,2,15,1,15,2,12,10,2,14,16,15,"{""candidate__cinema"": 12, ""candidate__digitaldisplayandsearch"": 13, ""candidate__digitalvideo"": 15, ""candidate__facebook"": 2, ""candidate__instagram"": 15, ""candidate__localtv"": 1, ""candidate__ooh"": 15, ""candidate__opentv"": 2, ""candidate__paytv"": 12, ""candidate__print"": 10, ""candidate__radio"": 2, ""candidate__tiktok"": 14, ""candidate__twitter"": 16, ""candidate__youtube"": 15}",PRUNED
1950,2060.589564404275,2026-09-21 11:46:22.548109,2026-09-21 11:46:22.935577,0 days 00:00:00.387468,7,14,14,1,13,0,16,3,7,11,9,12,13,15,"{""candidate__cinema"": 7, ""candidate__digitaldisplayandsearch"": 14, ""candidate__digitalvideo"": 14, ""candidate__facebook"": 1, ""candidate__instagram"": 13, ""candidate__localtv"": 0, ""candidate__ooh"": 16, ""candidate__opentv"": 3, ""candidate__paytv"": 7, ""candidate__print"": 11, ""candidate__radio"": 9, ""candidate__tiktok"": 12, ""candidate__twitter"": 13, ""candidate__youtube"": 15}",PRUNED
1951,1705.2454308341541,2026-09-21 11:46:22.957228,2026-09-21 11:46:23.657938,0 days 00:00:00.700710,10,15,15,1,14,0,16,2,6,15,4,13,13,16,"{""candidate__cinema"": 10, ""candidate__digitaldisplayandsearch"": 15, ""candidate__digitalvideo"": 15, ""candidate__facebook"": 1, ""candidate__instagram"": 14, ""candidate__localtv"": 0, ""candidate__ooh"": 16, ""candidate__opentv"": 2, ""candidate__paytv"": 6, ""candidate__print"": 15, ""candidate__radio"": 4, ""candidate__tiktok"": 13, ""candidate__twitter"": 13, ""candidate__youtube"": 16}",COMPLETE
1952,1704.1513763964895,2026-09-21 11:46:23.683982,2026-09-21 11:46:24.636804,0 days 00:00:00.952822,7,15,15,2,14,0,16,2,8,11,8,12,14,15,"{""candidate__cinema"": 7, ""candidate__digitaldisplayandsearch"": 15, ""candidate__digitalvideo"": 15, ""candidate__facebook"": 2, ""candidate__instagram"": 14, ""candidate__localtv"": 0, ""candidate__ooh"": 16, ""candidate__opentv"": 2, ""candidate__paytv"": 8, ""candidate__print"": 11, ""candidate__radio"": 8, ""candidate__tiktok"": 12, ""candidate__twitter"": 14, ""candidate__youtube"": 15}",COMPLETE
1953,2067.6133804144065,2026-09-21 11:46:24.660301,2026-09-21 11:46:25.044564,0 days 00:00:00.384263,6,17,16,1,12,0,17,2,8,11,8,12,13,15,"{""candidate__cinema"": 6, ""candidate__digitaldisplayandsearch"": 17, ""candidate__digitalvideo"": 16, ""candidate__facebook"": 1, ""candidate__instagram"": 12, ""candidate__localtv"": 0, ""candidate__ooh"": 17, ""candidate__opentv"": 2, ""candidate__paytv"": 8, ""candidate__print"": 11, ""candidate__radio"": 8, ""candidate__tiktok"": 12, ""candidate__twitter"": 13, ""candidate__youtube"": 15}",PRUNED
1954,2058.3186810246743,2026-09-21 11:46:25.069061,2026-09-21 11:46:25.492634,0 days 00:00:00.423573,8,12,16,1,13,0,16,5,5,13,5,13,14,15,"{""candidate__cinema"": 8, ""candidate__digitaldisplayandsearch"": 12, ""candidate__digitalvideo"": 16, ""candidate__facebook"": 1, ""candidate__instagram"": 13, ""candidate__localtv"": 0, ""candidate__ooh"": 16, ""candidate__opentv"": 5, ""candidate__paytv"": 5, ""candidate__print"": 13, ""candidate__radio"": 5, ""candidate__tiktok"": 13, ""candidate__twitter"": 14, ""candidate__youtube"": 15}",PRUNED
1955,1704.7293708797167,2026-09-21 11:46:25.515861,2026-09-21 11:46:26.177739,0 days 00:00:00.661878,11,12,16,1,14,0,16,1,10,10,2,13,16,15,"{""candidate__cinema"": 11, ""candidate__digitaldisplayandsearch"": 12, ""candidate__digitalvideo"": 16, ""candidate__facebook"": 1, ""candidate__instagram"": 14, ""candidate__localtv"": 0, ""candidate__ooh"": 16, ""candidate__opentv"": 1, ""candidate__paytv"": 10, ""candidate__print"": 10, ""candidate__radio"": 2, ""candidate__tiktok"": 13, ""candidate__twitter"": 16, ""candidate__youtube"": 15}",COMPLETE
1956,2066.5613883508445,2026-09-21 11:46:26.198396,2026-09-21 11:46:26.565629,0 days 00:00:00.367233,8,14,16,2,12,0,16,5,3,11,8,12,14,15,"{""candidate__cinema"": 8, ""candidate__digitaldisplayandsearch"": 14, ""candidate__digitalvideo"": 16, ""candidate__facebook"": 2, ""candidate__instagram"": 12, ""candidate__localtv"": 0, ""candidate__ooh"": 16, ""candidate__opentv"": 5, ""candidate__paytv"": 3, ""candidate__print"": 11, ""candidate__radio"": 8, ""candidate__tiktok"": 12, ""candidate__twitter"": 14, ""candidate__youtube"": 15}",PRUNED
