number,value,datetime_start,datetime_complete,duration,params_candidate__cinema,params_candidate__digitaldisplayandsearch,params_candidate__digitalvideo,params_candidate__facebook,params_candidate__instagram,params_candidate__localtv,params_candidate__ooh,params_candidate__opentv,params_candidate__paytv,params_candidate__print,params_candidate__radio,params_candidate__tiktok,params_candidate__twitter,params_candidate__youtube,system_attrs_tpe:relative_params:0,state
826,2060.196006697532,2026-09-21 11:36:00.730291,2026-09-21 11:36:01.197971,0 days 00:00:00.467680,4,15,16,1,10,0,16,11,9,14,3,14,15,14,"{""candidate__cinema"": 4, ""candidate__digitaldisplayandsearch"": 15, ""candidate__digitalvideo"": 16, ""candidate__facebook"": 1, ""candidate__instagram"": 10, ""candidate__localtv"": 0, ""candidate__ooh"": 16, ""candidate__opentv"": 11, ""candidate__paytv"": 9, ""candidate__print"": 14, ""candidate__radio"": 3, ""candidate__tiktok"": 14, ""candidate__twitter"": 15, ""candidate__youtube"": 14}",PRUNED
827,2062.9113737290495,2026-09-21 11:36:01.224088,2026-09-21 11:36:01.615813,0 days 00:00:00.391725,1,16,15,1,7,0,16,8,6,15,4,14,13,14,"{""candidate__cinema"": 1, ""candidate__digitaldisplayandsearch"": 16, ""candidate__digitalvideo"": 15, ""candidate__facebook"": 1, ""candidate__instagram"": 7, ""candidate__localtv"": 0, ""candidate__ooh"": 16, ""candidate__opentv"": 8, ""candidate__paytv"": 6, ""candidate__print"": 15, ""candidate__radio"": 4, ""candidate__tiktok"": 14, ""candidate__twitter"": 13, ""candidate__youtube"": 14}",PRUNED
828,2065.146731920834,2026-09-21 11:36:01.634087,2026-09-21 11:36:02.004115,0 days 00:00:00.370028,1,16,14,0,7,0,16,9,7,14,6,13,12,15,"{""candidate__cinema"": 1, ""candidate__digitaldisplayandsearch"": 16, ""candidate__digitalvideo"": 14, ""candidate__facebook"": 0, ""candidate__instagram"": 7, ""candidate__localtv"": 0, ""candidate__ooh"": 16, ""candidate__opentv"": 9, ""candidate__paytv"": 7, ""candidate__print"": 14, ""candidate__radio"": 6, ""candidate__tiktok"": 13, ""candidate__twitter"": 12, ""candidate__youtube"": 15}",PRUNED
829,1708.5961002027807,2026-09-21 11:36:02.020867,2026-09-21 11:36:02.715901,0 days 00:00:00.695034,0,17,16,0,8,0,16,9,6,13,5,12,11,16,"{""candidate__cinema"": 0, ""candidate__digitaldisplayandsearch"": 17, ""candidate__digitalvideo"": 16, ""candidate__facebook"": 0, ""candidate__instagram"": 8, ""candidate__localtv"": 0, ""candidate__ooh"": 16, ""candidate__opentv"": 9, ""candidate__paytv"": 6, ""candidate__print"": 13, ""candidate__radio"": 5, ""candidate__tiktok"": 12, ""candidate__twitter"": 11, ""candidate__youtube"": 16}",COMPLETE
830,1706.44886755243,2026-09-21 11:36:02.743151,2026-09-21 11:36:03.703160,0 days 00:00:00.960009,4,15,16,1,10,0,16,6,9,14,4,12,16,15,"{""candidate__cinema"": 4, ""candidate__digitaldisplayandsearch"": 15, ""candidate__digitalvideo"": 16, ""candidate__facebook"": 1, ""candidate__instagram"": 10, ""candidate__localtv"": 0, ""candidate__ooh"": 16, ""candidate__opentv"": 6, ""candidate__paytv"": 9, ""candidate__print"": 14, ""candidate__radio"": 4, ""candidate__tiktok"": 12, ""candidate__twitter"": 16, ""candidate__youtube"": 15}",COMPLETE
831,2081.426736386533,2026-09-21 11:36:03.733121,2026-09-21 11:36:04.194174,0 days 00:00:00.461053,3,12,15,1,12,0,15,7,9,14,5,12,14,15,"{""candidate__cinema"": 3, ""candidate__digitaldisplayandsearch"": 12, ""candidate__digitalvideo"": 15, ""candidate__facebook"": 1, ""candidate__instagram"": 12, ""candidate__localtv"": 0, ""candidate__ooh"": 15, ""candidate__opentv"": 7, ""candidate__paytv"": 9, ""candidate__print"": 14, ""candidate__radio"": 5, ""candidate__tiktok"": 12, ""candidate__twitter"": 14, ""candidate__youtube"": 15}",PRUNED
832,2075.8378316014673,2026-09-21 11:36:04.213697,2026-09-21 11:36:04.606967,0 days 00:00:00.393270,1,14,15,2,13,0,15,11,8,14,6,12,16,16,"{""candidate__cinema"": 1, ""candidate__digitaldisplayandsearch"": 14, ""candidate__digitalvideo"": 15, ""candidate__facebook"": 2, ""candidate__instagram"": 13, ""candidate__localtv"": 0, ""candidate__ooh"": 15, ""candidate__opentv"": 11, ""candidate__paytv"": 8, ""candidate__print"": 14, ""candidate__radio"": 6, ""candidate__tiktok"": 12, ""candidate__twitter"": 16, ""candidate__youtube"": 16}",PRUNED
833,2075.7640005288836,2026-09-21 11:36:04.624294,2026-09-21 11:36:05.002136,0 days 00:00:00.377842,3,15,15,0,13,0,15,8,8,12,6,12,12,15,"{""candidate__cinema"": 3, ""candidate__digitaldisplayandsearch"": 15, ""candidate__digitalvideo"": 15, ""candidate__facebook"": 0, ""candidate__instagram"": 13, ""candidate__localtv"": 0, ""candidate__ooh"": 15, ""candidate__opentv"": 8, ""candidate__paytv"": 8, ""candidate__print"": 12, ""candidate__radio"": 6, ""candidate__tiktok"": 12, ""candidate__twitter"": 12, ""candidate__youtube"": 15}",PRUNED
834,2078.8598563369014,2026-09-21 11:36:05.018729,2026-09-21 11:36:05.431075,0 days 00:00:00.412346,5,15,15,1,10,0,15,11,9,14,5,14,16,14,"{""candidate__cinema"": 5, ""candidate__digitaldisplayandsearch"": 15, ""candidate__digitalvideo"": 15, ""candidate__facebook"": 1, ""candidate__instagram"": 10, ""candidate__localtv"": 0, ""candidate__ooh"": 15, ""candidate__opentv"": 11, ""candidate__paytv"": 9, ""candidate__print"": 14, ""candidate__radio"": 5, ""candidate__tiktok"": 14, ""candidate__twitter"": 16, ""candidate__youtube"": 14}",PRUNED
835,2064.315336494422,2026-09-21 11:36:05.451869,2026-09-21 11:36:05.882289,0 days 00:00:00.430420,3,16,14,1,11,0,16,11,4,13,4,14,12,15,"{""candidate__cinema"": 3, ""candidate__digitaldisplayandsearch"": 16, ""candidate__digitalvideo"": 14, ""candidate__facebook"": 1, ""candidate__instagram"": 11, ""candidate__localtv"": 0, ""candidate__ooh"": 16, ""candidate__opentv"": 11, ""candidate__paytv"": 4, ""candidate__print"": 13, ""candidate__radio"": 4, ""candidate__tiktok"": 14, ""candidate__twitter"": 12, ""candidate__youtube"": 15}",PRUNED
836,2075.031964427682,2026-09-21 11:36:05.905218,2026-09-21 11:36:06.389559,0 days 00:00:00.484341,0,15,16,1,10,1,16,8,8,10,4,11,15,14,"{""candidate__cinema"": 0, ""candidate__digitaldisplayandsearch"": 15, ""candidate__digitalvideo"": 16, ""candidate__facebook"": 1, ""candidate__instagram"": 10, ""candidate__localtv"": 1, ""candidate__ooh"": 16, ""candidate__opentv"": 8, ""candidate__paytv"": 8, ""candidate__print"": 10, ""candidate__radio"": 4, ""candidate__tiktok"": 11, ""candidate__twitter"": 15, ""candidate__youtube"": 14}",PRUNED
837,1975.1405487661375,2026-09-21 11:36:06.415659,2026-09-21 11:36:07.016931,0 days 00:00:00.601272,1,17,14,1,8,0,17,9,6,13,4,13,13,16,"{""candidate__cinema"": 1, ""candidate__digitaldisplayandsearch"": 17, ""candidate__digitalvideo"": 14, ""candidate__facebook"": 1, ""candidate__instagram"": 8, ""candidate__localtv"": 0, ""candidate__ooh"": 17, ""candidate__opentv"": 9, ""candidate__paytv"": 6, ""candidate__print"": 13, ""candidate__radio"": 4, ""candidate__tiktok"": 13, ""candidate__twitter"": 13, ""candidate__youtube"": 16}",PRUNED
838,2099.509725402954,2026-09-21 11:36:07.038418,2026-09-21 11:36:07.497612,0 days 00:00:00.459194,1,16,15,2,11,1,15,9,8,14,5,13,13,15,"{""candidate__cinema"": 1, ""candidate__digitaldisplayandsearch"": 16, ""candidate__digitalvideo"": 15, ""candidate__facebook"": 2, ""candidate__instagram"": 11, ""candidate__localtv"": 1, ""candidate__ooh"": 15, ""candidate__opentv"": 9, ""candidate__paytv"": 8, ""candidate__print"": 14, ""candidate__radio"": 5, ""candidate__tiktok"": 13, ""candidate__twitter"": 13, ""candidate__youtube"": 15}",PRUNED
839,2065.5518991278313,2026-09-21 11:36:07.523186,2026-09-21 11:36:07.998456,0 days 00:00:00.475270,0,16,15,1,7,0,17,5,7,11,5,12,15,15,"{""candidate__cinema"": 0, ""candidate__digitaldisplayandsearch"": 16, ""candidate__digitalvideo"": 15, ""candidate__facebook"": 1, ""candidate__instagram"": 7, ""candidate__localtv"": 0, ""candidate__ooh"": 17, ""candidate__opentv"": 5, ""candidate__paytv"": 7, ""candidate__print"": 11, ""candidate__radio"": 5, ""candidate__tiktok"": 12, ""candidate__twitter"": 15, ""candidate__youtube"": 15}",PRUNED
840,2063.2572558879647,2026-09-21 11:36:08.022271,2026-09-21 11:36:08.488302,0 days 00:00:00.466031,2,15,15,2,10,0,17,12,9,13,5,9,14,15,"{""candidate__cinema"": 2, ""candidate__digitaldisplayandsearch"": 15, ""candidate__digitalvideo"": 15, ""candidate__facebook"": 2, ""candidate__instagram"": 10, ""candidate__localtv"": 0, ""candidate__ooh"": 17, ""candidate__opentv"": 12, ""candidate__paytv"": 9, ""candidate__print"": 13, ""candidate__radio"": 5, ""candidate__tiktok"": 9, ""candidate__twitter"": 14, ""candidate__youtube"": 15}",PRUNED
841,1709.1932676967172,2026-09-21 11:36:08.511971,2026-09-21 11:36:09.546005,0 days 00:00:01.034034,1,12,15,1,10,0,17,11,13,13,6,12,14,15,"{""candidate__cinema"": 1, ""candidate__digitaldisplayandsearch"": 12, ""candidate__digitalvideo"": 15, ""candidate__facebook"": 1, ""candidate__instagram"": 10, ""candidate__localtv"": 0, ""candidate__ooh"": 17, ""candidate__opentv"": 11, ""candidate__paytv"": 13, ""candidate__print"": 13, ""candidate__radio"": 6, ""candidate__tiktok"": 12, ""candidate__twitter"": 14, ""candidate__youtube"": 15}",COMPLETE
842,1708.5591234646308,2026-09-21 11:36:09.572459,2026-09-21 11:36:10.258196,0 days 00:00:00.685737,2,14,15,1,13,0,17,7,9,12,4,12,13,15,"{""candidate__cinema"": 2, ""candidate__digitaldisplayandsearch"": 14, ""candidate__digitalvideo"": 15, ""candidate__facebook"": 1, ""candidate__instagram"": 13, ""candidate__localtv"": 0, ""candidate__ooh"": 17, ""candidate__opentv"": 7, ""candidate__paytv"": 9, ""candidate__print"": 12, ""candidate__radio"": 4, ""candidate__tiktok"": 12, ""candidate__twitter"": 13, ""candidate__youtube"": 15}",COMPLETE
843,2062.024441236163,2026-09-21 11:36:10.287146,2026-09-21 11:36:10.729246,0 days 00:00:00.442100,4,17,16,1,11,0,16,11,6,11,7,13,12,15,"{""candidate__cinema"": 4, ""candidate__digitaldisplayandsearch"": 17, ""candidate__digitalvideo"": 16, ""candidate__facebook"": 1, ""candidate__instagram"": 11, ""candidate__localtv"": 0, ""candidate__ooh"": 16, ""candidate__opentv"": 11, ""candidate__paytv"": 6, ""candidate__print"": 11, ""candidate__radio"": 7, ""candidate__tiktok"": 13, ""candidate__twitter"": 12, ""candidate__youtube"": 15}",PRUNED
844,2060.6726814064573,2026-09-21 11:36:10.749767,2026-09-21 11:36:11.195754,0 days 00:00:00.445987,3,15,15,1,12,0,16,8,9,12,4,14,13,15,"{""candidate__cinema"": 3, ""candidate__digitaldisplayandsearch"": 15, ""candidate__digitalvideo"": 15, ""candidate__facebook"": 1, ""candidate__instagram"": 12, ""candidate__localtv"": 0, ""candidate__ooh"": 16, ""candidate__opentv"": 8, ""candidate__paytv"": 9, ""candidate__print"": 12, ""candidate__radio"": 4, ""candidate__tiktok"": 14, ""candidate__twitter"": 13, ""candidate__youtube"": 15}",PRUNED
845,1705.8054352460147,2026-09-21 11:36:11.216906,2026-09-21 11:36:11.929891,0 days 00:00:00.712985,1,13,15,1,14,0,16,11,9,14,5,12,17,16,"{""candidate__cinema"": 1, ""candidate__digitaldisplayandsearch"": 13, ""candidate__digitalvideo"": 15, ""candidate__facebook"": 1, ""candidate__instagram"": 14, ""candidate__localtv"": 0, ""candidate__ooh"": 16, ""candidate__opentv"": 11, ""candidate__paytv"": 9, ""candidate__print"": 14, ""candidate__radio"": 5, ""candidate__tiktok"": 12, ""candidate__twitter"": 17, ""candidate__youtube"": 16}",COMPLETE
846,2061.2889776590864,2026-09-21 11:36:11.956055,2026-09-21 11:36:12.395139,0 days 00:00:00.439084,5,15,17,0,10,0,16,10,9,14,6,13,15,15,"{""candidate__cinema"": 5, ""candidate__digitaldisplayandsearch"": 15, ""candidate__digitalvideo"": 17, ""candidate__facebook"": 0, ""candidate__instagram"": 10, ""candidate__localtv"": 0, ""candidate__ooh"": 16, ""candidate__opentv"": 10, ""candidate__paytv"": 9, ""candidate__print"": 14, ""candidate__radio"": 6, ""candidate__tiktok"": 13, ""candidate__twitter"": 15, ""candidate__youtube"": 15}",PRUNED
847,2065.227828142645,2026-09-21 11:36:12.415375,2026-09-21 11:36:12.893358,0 days 00:00:00.477983,6,16,16,1,11,0,16,11,5,10,5,13,11,14,"{""candidate__cinema"": 6, ""candidate__digitaldisplayandsearch"": 16, ""candidate__digitalvideo"": 16, ""candidate__facebook"": 1, ""candidate__instagram"": 11, ""candidate__localtv"": 0, ""candidate__ooh"": 16, ""candidate__opentv"": 11, ""candidate__paytv"": 5, ""candidate__print"": 10, ""candidate__radio"": 5, ""candidate__tiktok"": 13, ""candidate__twitter"": 11, ""candidate__youtube"": 14}",PRUNED
848,2084.5972872627835,2026-09-21 11:36:12.916314,2026-09-21 11:36:13.363233,0 days 00:00:00.446919,3,12,14,1,13,0,15,8,8,12,6,12,14,15,"{""candidate__cinema"": 3, ""candidate__digitaldisplayandsearch"": 12, ""candidate__digitalvideo"": 14, ""candidate__facebook"": 1, ""candidate__instagram"": 13, ""candidate__localtv"": 0, ""candidate__ooh"": 15, ""candidate__opentv"": 8, ""candidate__paytv"": 8, ""candidate__print"": 12, ""candidate__radio"": 6, ""candidate__tiktok"": 12, ""candidate__twitter"": 14, ""candidate__youtube"": 15}",PRUNED
849,2069.6096504507923,2026-09-21 11:36:13.385694,2026-09-21 11:36:14.095682,0 days 00:00:00.709988,5,13,16,1,15,0,17,8,10,12,6,13,12,14,"{""candidate__cinema"": 5, ""candidate__digitaldisplayandsearch"": 13, ""candidate__digitalvideo"": 16, ""candidate__facebook"": 1, ""candidate__instagram"": 15, ""candidate__localtv"": 0, ""candidate__ooh"": 17, ""candidate__opentv"": 8, ""candidate__paytv"": 10, ""candidate__print"": 12, ""candidate__radio"": 6, ""candidate__tiktok"": 13, ""candidate__twitter"": 12, ""candidate__youtube"": 14}",PRUNED
850,2076.7581204754565,2026-09-21 11:36:14.117498,2026-09-21 11:36:14.576483,0 days 00:00:00.458985,2,15,15,1,9,0,17,10,9,14,5,13,16,15,"{""candidate__cinema"": 2, ""candidate__digitaldisplayandsearch"": 15, ""candidate__digitalvideo"": 15, ""candidate__facebook"": 1, ""candidate__instagram"": 9, ""candidate__localtv"": 0, ""candidate__ooh"": 17, ""candidate__opentv"": 10, ""candidate__paytv"": 9, ""candidate__print"": 14, ""candidate__radio"": 5, ""candidate__tiktok"": 13, ""candidate__twitter"": 16, ""candidate__youtube"": 15}",PRUNED
851,1710.9201337882503,2026-09-21 11:36:14.599875,2026-09-21 11:36:15.385072,0 days 00:00:00.785197,5,14,17,1,14,0,16,7,12,13,7,11,12,15,"{""candidate__cinema"": 5, ""candidate__digitaldisplayandsearch"": 14, ""candidate__digitalvideo"": 17, ""candidate__facebook"": 1, ""candidate__instagram"": 14, ""candidate__localtv"": 0, ""candidate__ooh"": 16, ""candidate__opentv"": 7, ""candidate__paytv"": 12, ""candidate__print"": 13, ""candidate__radio"": 7, ""candidate__tiktok"": 11, ""candidate__twitter"": 12, ""candidate__youtube"": 15}",PRUNED
852,2079.893250207707,2026-09-21 11:36:15.408895,2026-09-21 11:36:15.869217,0 days 00:00:00.460322,0,15,15,1,8,0,15,5,7,10,5,11,14,15,"{""candidate__cinema"": 0, ""candidate__digitaldisplayandsearch"": 15, ""candidate__digitalvideo"": 15, ""candidate__facebook"": 1, ""candidate__instagram"": 8, ""candidate__localtv"": 0, ""candidate__ooh"": 15, ""candidate__opentv"": 5, ""candidate__paytv"": 7, ""candidate__print"": 10, ""candidate__radio"": 5, ""candidate__tiktok"": 11, ""candidate__twitter"": 14, ""candidate__youtube"": 15}",PRUNED
853,1704.7737752864057,2026-09-21 11:36:15.893820,2026-09-21 11:36:16.596530,0 days 00:00:00.702710,5,13,15,1,13,0,16,8,9,12,4,13,13,15,"{""candidate__cinema"": 5, ""candidate__digitaldisplayandsearch"": 13, ""candidate__digitalvideo"": 15, ""candidate__facebook"": 1, ""candidate__instagram"": 13, ""candidate__localtv"": 0, ""candidate__ooh"": 16, ""candidate__opentv"": 8, ""candidate__paytv"": 9, ""candidate__print"": 12, ""candidate__radio"": 4, ""candidate__tiktok"": 13, ""candidate__twitter"": 13, ""candidate__youtube"": 15}",COMPLETE
854,1712.306133419389,2026-09-21 11:36:16.624763,2026-09-21 11:36:17.367053,0 days 00:00:00.742290,2,15,16,0,13,0,16,10,9,13,5,11,16,16,"{""candidate__cinema"": 2, ""candidate__digitaldisplayandsearch"": 15, ""candidate__digitalvideo"": 16, ""candidate__facebook"": 0, ""candidate__instagram"": 13, ""candidate__localtv"": 0, ""candidate__ooh"": 16, ""candidate__opentv"": 10, ""candidate__paytv"": 9, ""candidate__print"": 13, ""candidate__radio"": 5, ""candidate__tiktok"": 11, ""candidate__twitter"": 16, ""candidate__youtube"": 16}",PRUNED
855,1705.5548012309616,2026-09-21 11:36:17.388939,2026-09-21 11:36:18.123876,0 days 00:00:00.734937,2,15,15,1,10,0,16,11,10,13,5,16,14,15,"{""candidate__cinema"": 2, ""candidate__digitaldisplayandsearch"": 15, ""candidate__digitalvideo"": 15, ""candidate__facebook"": 1, ""candidate__instagram"": 10, ""candidate__localtv"": 0, ""candidate__ooh"": 16, ""candidate__opentv"": 11, ""candidate__paytv"": 10, ""candidate__print"": 13, ""candidate__radio"": 5, ""candidate__tiktok"": 16, ""candidate__twitter"": 14, ""candidate__youtube"": 15}",COMPLETE
856,2061.9448564639233,2026-09-21 11:36:18.148583,2026-09-21 11:36:18.620254,0 days 00:00:00.471671,5,14,17,2,14,0,16,8,11,11,6,12,13,15,"{""candidate__cinema"": 5, ""candidate__digitaldisplayandsearch"": 14, ""candidate__digitalvideo"": 17, ""candidate__facebook"": 2, ""candidate__instagram"": 14, ""candidate__localtv"": 0, ""candidate__ooh"": 16, ""candidate__opentv"": 8, ""candidate__paytv"": 11, ""candidate__print"": 11, ""candidate__radio"": 6, ""candidate__tiktok"": 12, ""candidate__twitter"": 13, ""candidate__youtube"": 15}",PRUNED
857,2072.0226237730735,2026-09-21 11:36:18.644261,2026-09-21 11:36:19.306303,0 days 00:00:00.662042,3,15,14,2,7,0,16,8,8,10,5,12,14,14,"{""candidate__cinema"": 3, ""candidate__digitaldisplayandsearch"": 15, ""candidate__digitalvideo"": 14, ""candidate__facebook"": 2, ""candidate__instagram"": 7, ""candidate__localtv"": 0, ""candidate__ooh"": 16, ""candidate__opentv"": 8, ""candidate__paytv"": 8, ""candidate__print"": 10, ""candidate__radio"": 5, ""candidate__tiktok"": 12, ""candidate__twitter"": 14, ""candidate__youtube"": 14}",PRUNED
858,2062.538493249317,2026-09-21 11:36:19.330417,2026-09-21 11:36:19.840519,0 days 00:00:00.510102,2,16,15,1,7,0,16,11,6,13,5,12,12,14,"{""candidate__cinema"": 2, ""candidate__digitaldisplayandsearch"": 16, ""candidate__digitalvideo"": 15, ""candidate__facebook"": 1, ""candidate__instagram"": 7, ""candidate__localtv"": 0, ""candidate__ooh"": 16, ""candidate__opentv"": 11, ""candidate__paytv"": 6, ""candidate__print"": 13, ""candidate__radio"": 5, ""candidate__tiktok"": 12, ""candidate__twitter"": 12, ""candidate__youtube"": 14}",PRUNED
859,2076.8434398641707,2026-09-21 11:36:19.861904,2026-09-21 11:36:20.251415,0 days 00:00:00.389511,5,13,15,2,13,1,16,8,8,12,5,12,14,15,"{""candidate__cinema"": 5, ""candidate__digitaldisplayandsearch"": 13, ""candidate__digitalvideo"": 15, ""candidate__facebook"": 2, ""candidate__instagram"": 13, ""candidate__localtv"": 1, ""candidate__ooh"": 16, ""candidate__opentv"": 8, ""candidate__paytv"": 8, ""candidate__print"": 12, ""candidate__radio"": 5, ""candidate__tiktok"": 12, ""candidate__twitter"": 14, ""candidate__youtube"": 15}",PRUNED
860,2064.4117782943217,2026-09-21 11:36:20.277059,2026-09-21 11:36:20.704509,0 days 00:00:00.427450,5,16,15,1,9,0,17,11,6,10,5,14,12,16,"{""candidate__cinema"": 5, ""candidate__digitaldisplayandsearch"": 16, ""candidate__digitalvideo"": 15, ""candidate__facebook"": 1, ""candidate__instagram"": 9, ""candidate__localtv"": 0, ""candidate__ooh"": 17, ""candidate__opentv"": 11, ""candidate__paytv"": 6, ""candidate__print"": 10, ""candidate__radio"": 5, ""candidate__tiktok"": 14, ""candidate__twitter"": 12, ""candidate__youtube"": 16}",PRUNED
861,1708.6559554381918,2026-09-21 11:36:20.729109,2026-09-21 11:36:21.429848,0 days 00:00:00.700739,2,17,15,2,10,0,16,11,7,15,6,10,15,16,"{""candidate__cinema"": 2, ""candidate__digitaldisplayandsearch"": 17, ""candidate__digitalvideo"": 15, ""candidate__facebook"": 2, ""candidate__instagram"": 10, ""candidate__localtv"": 0, ""candidate__ooh"": 16, ""candidate__opentv"": 11, ""candidate__paytv"": 7, ""candidate__print"": 15, ""candidate__radio"": 6, ""candidate__tiktok"": 10, ""candidate__twitter"": 15, ""candidate__youtube"": 16}",COMPLETE
862,2065.815010161197,2026-09-21 11:36:21.453034,2026-09-21 11:36:21.874362,0 days 00:00:00.421328,2,15,15,2,11,0,16,11,11,13,5,17,14,14,"{""candidate__cinema"": 2, ""candidate__digitaldisplayandsearch"": 15, ""candidate__digitalvideo"": 15, ""candidate__facebook"": 2, ""candidate__instagram"": 11, ""candidate__localtv"": 0, ""candidate__ooh"": 16, ""candidate__opentv"": 11, ""candidate__paytv"": 11, ""candidate__print"": 13, ""candidate__radio"": 5, ""candidate__tiktok"": 17, ""candidate__twitter"": 14, ""candidate__youtube"": 14}",PRUNED
863,1707.5563811423017,2026-09-21 11:36:21.945460,2026-09-21 11:36:22.686445,0 days 00:00:00.740985,1,16,15,1,7,0,16,6,5,13,5,13,11,16,"{""candidate__cinema"": 1, ""candidate__digitaldisplayandsearch"": 16, ""candidate__digitalvideo"": 15, ""candidate__facebook"": 1, ""candidate__instagram"": 7, ""candidate__localtv"": 0, ""candidate__ooh"": 16, ""candidate__opentv"": 6, ""candidate__paytv"": 5, ""candidate__print"": 13, ""candidate__radio"": 5, ""candidate__tiktok"": 13, ""candidate__twitter"": 11, ""candidate__youtube"": 16}",COMPLETE
864,1709.595677768212,2026-09-21 11:36:22.710535,2026-09-21 11:36:23.428122,0 days 00:00:00.717587,0,15,15,1,10,0,16,3,6,11,6,11,14,15,"{""candidate__cinema"": 0, ""candidate__digitaldisplayandsearch"": 15, ""candidate__digitalvideo"": 15, ""candidate__facebook"": 1, ""candidate__instagram"": 10, ""candidate__localtv"": 0, ""candidate__ooh"": 16, ""candidate__opentv"": 3, ""candidate__paytv"": 6, ""candidate__print"": 11, ""candidate__radio"": 6, ""candidate__tiktok"": 11, ""candidate__twitter"": 14, ""candidate__youtube"": 15}",COMPLETE
