number,value,datetime_start,datetime_complete,duration,params_candidate__cinema,params_candidate__digitaldisplayandsearch,params_candidate__digitalvideo,params_candidate__facebook,params_candidate__instagram,params_candidate__localtv,params_candidate__ooh,params_candidate__opentv,params_candidate__paytv,params_candidate__print,params_candidate__radio,params_candidate__tiktok,params_candidate__twitter,params_candidate__youtube,system_attrs_tpe:relative_params:0,state
1567,2071.6849218083485,2026-09-21 11:43:00.319492,2026-09-21 11:43:00.726601,0 days 00:00:00.407109,6,12,16,1,15,0,16,9,8,13,4,12,14,15,"{""candidate__cinema"": 6, ""candidate__digitaldisplayandsearch"": 12, ""candidate__digitalvideo"": 16, ""candidate__facebook"": 1, ""candidate__instagram"": 15, ""candidate__localtv"": 0, ""candidate__ooh"": 16, ""candidate__opentv"": 9, ""candidate__paytv"": 8, ""candidate__print"": 13, ""candidate__radio"": 4, ""candidate__tiktok"": 12, ""candidate__twitter"": 14, ""candidate__youtube"": 15}",PRUNED
1568,2070.032458203953,2026-09-21 11:43:00.749595,2026-09-21 11:43:01.122168,0 days 00:00:00.372573,9,14,16,1,14,0,15,1,6,12,4,12,16,16,"{""candidate__cinema"": 9, ""candidate__digitaldisplayandsearch"": 14, ""candidate__digitalvideo"": 16, ""candidate__facebook"": 1, ""candidate__instagram"": 14, ""candidate__localtv"": 0, ""candidate__ooh"": 15, ""candidate__opentv"": 1, ""candidate__paytv"": 6, ""candidate__print"": 12, ""candidate__radio"": 4, ""candidate__tiktok"": 12, ""candidate__twitter"": 16, ""candidate__youtube"": 16}",PRUNED
1569,2059.154114029513,2026-09-21 11:43:01.140633,2026-09-21 11:43:01.527477,0 days 00:00:00.386844,8,12,17,1,14,0,16,2,7,12,8,12,14,15,"{""candidate__cinema"": 8, ""candidate__digitaldisplayandsearch"": 12, ""candidate__digitalvideo"": 17, ""candidate__facebook"": 1, ""candidate__instagram"": 14, ""candidate__localtv"": 0, ""candidate__ooh"": 16, ""candidate__opentv"": 2, ""candidate__paytv"": 7, ""candidate__print"": 12, ""candidate__radio"": 8, ""candidate__tiktok"": 12, ""candidate__twitter"": 14, ""candidate__youtube"": 15}",PRUNED
1570,2062.348102124266,2026-09-21 11:43:01.548335,2026-09-21 11:43:01.944887,0 days 00:00:00.396552,7,15,14,2,14,0,16,2,7,12,6,12,14,14,"{""candidate__cinema"": 7, ""candidate__digitaldisplayandsearch"": 15, ""candidate__digitalvideo"": 14, ""candidate__facebook"": 2, ""candidate__instagram"": 14, ""candidate__localtv"": 0, ""candidate__ooh"": 16, ""candidate__opentv"": 2, ""candidate__paytv"": 7, ""candidate__print"": 12, ""candidate__radio"": 6, ""candidate__tiktok"": 12, ""candidate__twitter"": 14, ""candidate__youtube"": 14}",PRUNED
1571,2059.8584083454334,2026-09-21 11:43:01.966813,2026-09-21 11:43:02.359376,0 days 00:00:00.392563,5,11,15,2,14,0,17,9,10,15,4,11,13,14,"{""candidate__cinema"": 5, ""candidate__digitaldisplayandsearch"": 11, ""candidate__digitalvideo"": 15, ""candidate__facebook"": 2, ""candidate__instagram"": 14, ""candidate__localtv"": 0, ""candidate__ooh"": 17, ""candidate__opentv"": 9, ""candidate__paytv"": 10, ""candidate__print"": 15, ""candidate__radio"": 4, ""candidate__tiktok"": 11, ""candidate__twitter"": 13, ""candidate__youtube"": 14}",PRUNED
1572,2076.7607604285145,2026-09-21 11:43:02.378040,2026-09-21 11:43:02.755898,0 days 00:00:00.377858,3,16,15,1,13,1,17,8,12,10,8,11,14,15,"{""candidate__cinema"": 3, ""candidate__digitaldisplayandsearch"": 16, ""candidate__digitalvideo"": 15, ""candidate__facebook"": 1, ""candidate__instagram"": 13, ""candidate__localtv"": 1, ""candidate__ooh"": 17, ""candidate__opentv"": 8, ""candidate__paytv"": 12, ""candidate__print"": 10, ""candidate__radio"": 8, ""candidate__tiktok"": 11, ""candidate__twitter"": 14, ""candidate__youtube"": 15}",PRUNED
1573,2070.7498586131833,2026-09-21 11:43:02.775429,2026-09-21 11:43:03.176237,0 days 00:00:00.400808,5,12,15,1,14,1,16,9,9,16,3,12,13,15,"{""candidate__cinema"": 5, ""candidate__digitaldisplayandsearch"": 12, ""candidate__digitalvideo"": 15, ""candidate__facebook"": 1, ""candidate__instagram"": 14, ""candidate__localtv"": 1, ""candidate__ooh"": 16, ""candidate__opentv"": 9, ""candidate__paytv"": 9, ""candidate__print"": 16, ""candidate__radio"": 3, ""candidate__tiktok"": 12, ""candidate__twitter"": 13, ""candidate__youtube"": 15}",PRUNED
1574,2071.2453232563025,2026-09-21 11:43:03.197169,2026-09-21 11:43:03.641373,0 days 00:00:00.444204,8,13,16,1,15,0,16,2,6,11,7,11,15,15,"{""candidate__cinema"": 8, ""candidate__digitaldisplayandsearch"": 13, ""candidate__digitalvideo"": 16, ""candidate__facebook"": 1, ""candidate__instagram"": 15, ""candidate__localtv"": 0, ""candidate__ooh"": 16, ""candidate__opentv"": 2, ""candidate__paytv"": 6, ""candidate__print"": 11, ""candidate__radio"": 7, ""candidate__tiktok"": 11, ""candidate__twitter"": 15, ""candidate__youtube"": 15}",PRUNED
1575,1969.9185217081326,2026-09-21 11:43:03.669019,2026-09-21 11:43:04.225513,0 days 00:00:00.556494,8,13,16,1,14,0,16,2,8,10,8,13,15,14,"{""candidate__cinema"": 8, ""candidate__digitaldisplayandsearch"": 13, ""candidate__digitalvideo"": 16, ""candidate__facebook"": 1, ""candidate__instagram"": 14, ""candidate__localtv"": 0, ""candidate__ooh"": 16, ""candidate__opentv"": 2, ""candidate__paytv"": 8, ""candidate__print"": 10, ""candidate__radio"": 8, ""candidate__tiktok"": 13, ""candidate__twitter"": 15, ""candidate__youtube"": 14}",PRUNED
1576,2058.5538487440986,2026-09-21 11:43:04.247891,2026-09-21 11:43:04.688143,0 days 00:00:00.440252,8,15,16,1,14,0,17,2,6,12,7,13,15,15,"{""candidate__cinema"": 8, ""candidate__digitaldisplayandsearch"": 15, ""candidate__digitalvideo"": 16, ""candidate__facebook"": 1, ""candidate__instagram"": 14, ""candidate__localtv"": 0, ""candidate__ooh"": 17, ""candidate__opentv"": 2, ""candidate__paytv"": 6, ""candidate__print"": 12, ""candidate__radio"": 7, ""candidate__tiktok"": 13, ""candidate__twitter"": 15, ""candidate__youtube"": 15}",PRUNED
1577,2068.900008047586,2026-09-21 11:43:04.708378,2026-09-21 11:43:05.129874,0 days 00:00:00.421496,10,15,14,1,14,1,16,0,6,13,5,12,16,16,"{""candidate__cinema"": 10, ""candidate__digitaldisplayandsearch"": 15, ""candidate__digitalvideo"": 14, ""candidate__facebook"": 1, ""candidate__instagram"": 14, ""candidate__localtv"": 1, ""candidate__ooh"": 16, ""candidate__opentv"": 0, ""candidate__paytv"": 6, ""candidate__print"": 13, ""candidate__radio"": 5, ""candidate__tiktok"": 12, ""candidate__twitter"": 16, ""candidate__youtube"": 16}",PRUNED
1578,2058.269371319377,2026-09-21 11:43:05.150837,2026-09-21 11:43:05.548417,0 days 00:00:00.397580,7,14,15,1,13,0,17,9,8,14,4,16,12,15,"{""candidate__cinema"": 7, ""candidate__digitaldisplayandsearch"": 14, ""candidate__digitalvideo"": 15, ""candidate__facebook"": 1, ""candidate__instagram"": 13, ""candidate__localtv"": 0, ""candidate__ooh"": 17, ""candidate__opentv"": 9, ""candidate__paytv"": 8, ""candidate__print"": 14, ""candidate__radio"": 4, ""candidate__tiktok"": 16, ""candidate__twitter"": 12, ""candidate__youtube"": 15}",PRUNED
1579,1704.9182597739846,2026-09-21 11:43:05.567081,2026-09-21 11:43:06.345922,0 days 00:00:00.778841,8,13,15,1,13,0,16,6,9,13,4,15,13,15,"{""candidate__cinema"": 8, ""candidate__digitaldisplayandsearch"": 13, ""candidate__digitalvideo"": 15, ""candidate__facebook"": 1, ""candidate__instagram"": 13, ""candidate__localtv"": 0, ""candidate__ooh"": 16, ""candidate__opentv"": 6, ""candidate__paytv"": 9, ""candidate__print"": 13, ""candidate__radio"": 4, ""candidate__tiktok"": 15, ""candidate__twitter"": 13, ""candidate__youtube"": 15}",COMPLETE
1580,2058.832022160904,2026-09-21 11:43:06.374280,2026-09-21 11:43:06.849973,0 days 00:00:00.475693,8,13,16,1,13,0,16,6,6,11,4,13,16,14,"{""candidate__cinema"": 8, ""candidate__digitaldisplayandsearch"": 13, ""candidate__digitalvideo"": 16, ""candidate__facebook"": 1, ""candidate__instagram"": 13, ""candidate__localtv"": 0, ""candidate__ooh"": 16, ""candidate__opentv"": 6, ""candidate__paytv"": 6, ""candidate__print"": 11, ""candidate__radio"": 4, ""candidate__tiktok"": 13, ""candidate__twitter"": 16, ""candidate__youtube"": 14}",PRUNED
1581,2060.2545660806436,2026-09-21 11:43:06.875124,2026-09-21 11:43:07.298073,0 days 00:00:00.422949,6,14,16,0,13,0,17,4,6,17,4,13,16,15,"{""candidate__cinema"": 6, ""candidate__digitaldisplayandsearch"": 14, ""candidate__digitalvideo"": 16, ""candidate__facebook"": 0, ""candidate__instagram"": 13, ""candidate__localtv"": 0, ""candidate__ooh"": 17, ""candidate__opentv"": 4, ""candidate__paytv"": 6, ""candidate__print"": 17, ""candidate__radio"": 4, ""candidate__tiktok"": 13, ""candidate__twitter"": 16, ""candidate__youtube"": 15}",PRUNED
1582,2080.230746047345,2026-09-21 11:43:07.321821,2026-09-21 11:43:07.686119,0 days 00:00:00.364298,8,14,15,1,14,1,15,4,7,12,5,12,14,16,"{""candidate__cinema"": 8, ""candidate__digitaldisplayandsearch"": 14, ""candidate__digitalvideo"": 15, ""candidate__facebook"": 1, ""candidate__instagram"": 14, ""candidate__localtv"": 1, ""candidate__ooh"": 15, ""candidate__opentv"": 4, ""candidate__paytv"": 7, ""candidate__print"": 12, ""candidate__radio"": 5, ""candidate__tiktok"": 12, ""candidate__twitter"": 14, ""candidate__youtube"": 16}",PRUNED
1583,2074.479654474395,2026-09-21 11:43:07.706087,2026-09-21 11:43:08.102079,0 days 00:00:00.395992,7,15,16,1,15,0,17,2,7,12,7,12,13,15,"{""candidate__cinema"": 7, ""candidate__digitaldisplayandsearch"": 15, ""candidate__digitalvideo"": 16, ""candidate__facebook"": 1, ""candidate__instagram"": 15, ""candidate__localtv"": 0, ""candidate__ooh"": 17, ""candidate__opentv"": 2, ""candidate__paytv"": 7, ""candidate__print"": 12, ""candidate__radio"": 7, ""candidate__tiktok"": 12, ""candidate__twitter"": 13, ""candidate__youtube"": 15}",PRUNED
1584,2086.996221870341,2026-09-21 11:43:08.119391,2026-09-21 11:43:08.859727,0 days 00:00:00.740336,5,11,14,1,14,1,15,7,9,14,5,12,13,16,"{""candidate__cinema"": 5, ""candidate__digitaldisplayandsearch"": 11, ""candidate__digitalvideo"": 14, ""candidate__facebook"": 1, ""candidate__instagram"": 14, ""candidate__localtv"": 1, ""candidate__ooh"": 15, ""candidate__opentv"": 7, ""candidate__paytv"": 9, ""candidate__print"": 14, ""candidate__radio"": 5, ""candidate__tiktok"": 12, ""candidate__twitter"": 13, ""candidate__youtube"": 16}",PRUNED
1585,1704.4655958990045,2026-09-21 11:43:08.880029,2026-09-21 11:43:09.569279,0 days 00:00:00.689250,8,14,15,4,14,0,16,6,5,16,4,12,16,15,"{""candidate__cinema"": 8, ""candidate__digitaldisplayandsearch"": 14, ""candidate__digitalvideo"": 15, ""candidate__facebook"": 4, ""candidate__instagram"": 14, ""candidate__localtv"": 0, ""candidate__ooh"": 16, ""candidate__opentv"": 6, ""candidate__paytv"": 5, ""candidate__print"": 16, ""candidate__radio"": 4, ""candidate__tiktok"": 12, ""candidate__twitter"": 16, ""candidate__youtube"": 15}",COMPLETE
1586,1706.1009238111164,2026-09-21 11:43:09.591441,2026-09-21 11:43:10.335163,0 days 00:00:00.743722,7,14,16,0,13,0,16,3,6,13,6,12,15,15,"{""candidate__cinema"": 7, ""candidate__digitaldisplayandsearch"": 14, ""candidate__digitalvideo"": 16, ""candidate__facebook"": 0, ""candidate__instagram"": 13, ""candidate__localtv"": 0, ""candidate__ooh"": 16, ""candidate__opentv"": 3, ""candidate__paytv"": 6, ""candidate__print"": 13, ""candidate__radio"": 6, ""candidate__tiktok"": 12, ""candidate__twitter"": 15, ""candidate__youtube"": 15}",COMPLETE
1587,1970.9393922207942,2026-09-21 11:43:10.359058,2026-09-21 11:43:10.944901,0 days 00:00:00.585843,8,15,15,1,14,0,17,2,6,12,7,11,15,14,"{""candidate__cinema"": 8, ""candidate__digitaldisplayandsearch"": 15, ""candidate__digitalvideo"": 15, ""candidate__facebook"": 1, ""candidate__instagram"": 14, ""candidate__localtv"": 0, ""candidate__ooh"": 17, ""candidate__opentv"": 2, ""candidate__paytv"": 6, ""candidate__print"": 12, ""candidate__radio"": 7, ""candidate__tiktok"": 11, ""candidate__twitter"": 15, ""candidate__youtube"": 14}",PRUNED
1588,2088.2831425047084,2026-09-21 11:43:10.965572,2026-09-21 11:43:11.362690,0 days 00:00:00.397118,9,15,15,1,15,0,15,2,6,11,4,11,17,15,"{""candidate__cinema"": 9, ""candidate__digitaldisplayandsearch"": 15, ""candidate__digitalvideo"": 15, ""candidate__facebook"": 1, ""candidate__instagram"": 15, ""candidate__localtv"": 0, ""candidate__ooh"": 15, ""candidate__opentv"": 2, ""candidate__paytv"": 6, ""candidate__print"": 11, ""candidate__radio"": 4, ""candidate__tiktok"": 11, ""candidate__twitter"": 17, ""candidate__youtube"": 15}",PRUNED
1589,2070.930596150636,2026-09-21 11:43:11.389720,2026-09-21 11:43:11.774492,0 days 00:00:00.384772,3,10,15,1,13,1,16,9,7,13,4,13,13,14,"{""candidate__cinema"": 3, ""candidate__digitaldisplayandsearch"": 10, ""candidate__digitalvideo"": 15, ""candidate__facebook"": 1, ""candidate__instagram"": 13, ""candidate__localtv"": 1, ""candidate__ooh"": 16, ""candidate__opentv"": 9, ""candidate__paytv"": 7, ""candidate__print"": 13, ""candidate__radio"": 4, ""candidate__tiktok"": 13, ""candidate__twitter"": 13, ""candidate__youtube"": 14}",PRUNED
1590,2070.4150874182355,2026-09-21 11:43:11.793639,2026-09-21 11:43:12.207261,0 days 00:00:00.413622,8,14,15,1,14,1,16,3,8,12,9,11,12,15,"{""candidate__cinema"": 8, ""candidate__digitaldisplayandsearch"": 14, ""candidate__digitalvideo"": 15, ""candidate__facebook"": 1, ""candidate__instagram"": 14, ""candidate__localtv"": 1, ""candidate__ooh"": 16, ""candidate__opentv"": 3, ""candidate__paytv"": 8, ""candidate__print"": 12, ""candidate__radio"": 9, ""candidate__tiktok"": 11, ""candidate__twitter"": 12, ""candidate__youtube"": 15}",PRUNED
1591,2057.339440165182,2026-09-21 11:43:12.225150,2026-09-21 11:43:12.560230,0 days 00:00:00.335080,8,16,14,0,14,0,16,3,8,12,7,12,14,15,"{""candidate__cinema"": 8, ""candidate__digitaldisplayandsearch"": 16, ""candidate__digitalvideo"": 14, ""candidate__facebook"": 0, ""candidate__instagram"": 14, ""candidate__localtv"": 0, ""candidate__ooh"": 16, ""candidate__opentv"": 3, ""candidate__paytv"": 8, ""candidate__print"": 12, ""candidate__radio"": 7, ""candidate__tiktok"": 12, ""candidate__twitter"": 14, ""candidate__youtube"": 15}",PRUNED
1592,2077.497945588447,2026-09-21 11:43:12.579684,2026-09-21 11:43:12.940664,0 days 00:00:00.360980,8,14,15,2,14,1,17,2,5,13,4,12,16,15,"{""candidate__cinema"": 8, ""candidate__digitaldisplayandsearch"": 14, ""candidate__digitalvideo"": 15, ""candidate__facebook"": 2, ""candidate__instagram"": 14, ""candidate__localtv"": 1, ""candidate__ooh"": 17, ""candidate__opentv"": 2, ""candidate__paytv"": 5, ""candidate__print"": 13, ""candidate__radio"": 4, ""candidate__tiktok"": 12, ""candidate__twitter"": 16, ""candidate__youtube"": 15}",PRUNED
1593,2078.6042846093155,2026-09-21 11:43:12.964983,2026-09-21 11:43:13.355695,0 days 00:00:00.390712,5,14,16,2,13,1,16,4,6,14,4,13,17,14,"{""candidate__cinema"": 5, ""candidate__digitaldisplayandsearch"": 14, ""candidate__digitalvideo"": 16, ""candidate__facebook"": 2, ""candidate__instagram"": 13, ""candidate__localtv"": 1, ""candidate__ooh"": 16, ""candidate__opentv"": 4, ""candidate__paytv"": 6, ""candidate__print"": 14, ""candidate__radio"": 4, ""candidate__tiktok"": 13, ""candidate__twitter"": 17, ""candidate__youtube"": 14}",PRUNED
1594,2061.55288523986,2026-09-21 11:43:13.370879,2026-09-21 11:43:13.746983,0 days 00:00:00.376104,4,12,16,1,13,0,17,9,9,13,5,13,12,15,"{""candidate__cinema"": 4, ""candidate__digitaldisplayandsearch"": 12, ""candidate__digitalvideo"": 16, ""candidate__facebook"": 1, ""candidate__instagram"": 13, ""candidate__localtv"": 0, ""candidate__ooh"": 17, ""candidate__opentv"": 9, ""candidate__paytv"": 9, ""candidate__print"": 13, ""candidate__radio"": 5, ""candidate__tiktok"": 13, ""candidate__twitter"": 12, ""candidate__youtube"": 15}",PRUNED
1595,1969.5092711277011,2026-09-21 11:43:13.766222,2026-09-21 11:43:14.499447,0 days 00:00:00.733225,8,14,15,1,12,0,17,5,6,11,5,12,16,16,"{""candidate__cinema"": 8, ""candidate__digitaldisplayandsearch"": 14, ""candidate__digitalvideo"": 15, ""candidate__facebook"": 1, ""candidate__instagram"": 12, ""candidate__localtv"": 0, ""candidate__ooh"": 17, ""candidate__opentv"": 5, ""candidate__paytv"": 6, ""candidate__print"": 11, ""candidate__radio"": 5, ""candidate__tiktok"": 12, ""candidate__twitter"": 16, ""candidate__youtube"": 16}",PRUNED
1596,2061.354690242571,2026-09-21 11:43:14.514065,2026-09-21 11:43:14.831721,0 days 00:00:00.317656,9,14,14,1,13,0,16,3,7,11,6,12,15,15,"{""candidate__cinema"": 9, ""candidate__digitaldisplayandsearch"": 14, ""candidate__digitalvideo"": 14, ""candidate__facebook"": 1, ""candidate__instagram"": 13, ""candidate__localtv"": 0, ""candidate__ooh"": 16, ""candidate__opentv"": 3, ""candidate__paytv"": 7, ""candidate__print"": 11, ""candidate__radio"": 6, ""candidate__tiktok"": 12, ""candidate__twitter"": 15, ""candidate__youtube"": 15}",PRUNED
1597,2066.7552708822777,2026-09-21 11:43:14.850994,2026-09-21 11:43:15.180229,0 days 00:00:00.329235,5,13,15,0,15,0,16,8,9,15,4,13,13,15,"{""candidate__cinema"": 5, ""candidate__digitaldisplayandsearch"": 13, ""candidate__digitalvideo"": 15, ""candidate__facebook"": 0, ""candidate__instagram"": 15, ""candidate__localtv"": 0, ""candidate__ooh"": 16, ""candidate__opentv"": 8, ""candidate__paytv"": 9, ""candidate__print"": 15, ""candidate__radio"": 4, ""candidate__tiktok"": 13, ""candidate__twitter"": 13, ""candidate__youtube"": 15}",PRUNED
1598,2060.6774519441146,2026-09-21 11:43:15.196443,2026-09-21 11:43:15.519623,0 days 00:00:00.323180,8,12,15,2,13,0,17,4,6,12,4,12,14,15,"{""candidate__cinema"": 8, ""candidate__digitaldisplayandsearch"": 12, ""candidate__digitalvideo"": 15, ""candidate__facebook"": 2, ""candidate__instagram"": 13, ""candidate__localtv"": 0, ""candidate__ooh"": 17, ""candidate__opentv"": 4, ""candidate__paytv"": 6, ""candidate__print"": 12, ""candidate__radio"": 4, ""candidate__tiktok"": 12, ""candidate__twitter"": 14, ""candidate__youtube"": 15}",PRUNED
1599,1704.4739172826694,2026-09-21 11:43:15.541214,2026-09-21 11:43:16.215111,0 days 00:00:00.673897,4,16,15,1,13,0,16,8,10,12,5,10,13,15,"{""candidate__cinema"": 4, ""candidate__digitaldisplayandsearch"": 16, ""candidate__digitalvideo"": 15, ""candidate__facebook"": 1, ""candidate__instagram"": 13, ""candidate__localtv"": 0, ""candidate__ooh"": 16, ""candidate__opentv"": 8, ""candidate__paytv"": 10, ""candidate__print"": 12, ""candidate__radio"": 5, ""candidate__tiktok"": 10, ""candidate__twitter"": 13, ""candidate__youtube"": 15}",COMPLETE
1600,2058.3186810246743,2026-09-21 11:43:16.235373,2026-09-21 11:43:16.571156,0 days 00:00:00.335783,8,14,16,1,13,0,16,4,5,12,4,13,17,15,"{""candidate__cinema"": 8, ""candidate__digitaldisplayandsearch"": 14, ""candidate__digitalvideo"": 16, ""candidate__facebook"": 1, ""candidate__instagram"": 13, ""candidate__localtv"": 0, ""candidate__ooh"": 16, ""candidate__opentv"": 4, ""candidate__paytv"": 5, ""candidate__print"": 12, ""candidate__radio"": 4, ""candidate__tiktok"": 13, ""candidate__twitter"": 17, ""candidate__youtube"": 15}",PRUNED
1601,1969.3679429848282,2026-09-21 11:43:16.588782,2026-09-21 11:43:17.025159,0 days 00:00:00.436377,7,13,17,1,14,0,16,3,8,10,7,12,15,16,"{""candidate__cinema"": 7, ""candidate__digitaldisplayandsearch"": 13, ""candidate__digitalvideo"": 17, ""candidate__facebook"": 1, ""candidate__instagram"": 14, ""candidate__localtv"": 0, ""candidate__ooh"": 16, ""candidate__opentv"": 3, ""candidate__paytv"": 8, ""candidate__print"": 10, ""candidate__radio"": 7, ""candidate__tiktok"": 12, ""candidate__twitter"": 15, ""candidate__youtube"": 16}",PRUNED
1602,1704.4923737335018,2026-09-21 11:43:17.047354,2026-09-21 11:43:17.643555,0 days 00:00:00.596201,9,15,15,1,13,0,16,1,6,12,5,13,15,15,"{""candidate__cinema"": 9, ""candidate__digitaldisplayandsearch"": 15, ""candidate__digitalvideo"": 15, ""candidate__facebook"": 1, ""candidate__instagram"": 13, ""candidate__localtv"": 0, ""candidate__ooh"": 16, ""candidate__opentv"": 1, ""candidate__paytv"": 6, ""candidate__print"": 12, ""candidate__radio"": 5, ""candidate__tiktok"": 13, ""candidate__twitter"": 15, ""candidate__youtube"": 15}",COMPLETE
1603,2071.418184662306,2026-09-21 11:43:17.666764,2026-09-21 11:43:17.991661,0 days 00:00:00.324897,8,14,15,1,15,0,17,1,7,11,6,13,13,15,"{""candidate__cinema"": 8, ""candidate__digitaldisplayandsearch"": 14, ""candidate__digitalvideo"": 15, ""candidate__facebook"": 1, ""candidate__instagram"": 15, ""candidate__localtv"": 0, ""candidate__ooh"": 17, ""candidate__opentv"": 1, ""candidate__paytv"": 7, ""candidate__print"": 11, ""candidate__radio"": 6, ""candidate__tiktok"": 13, ""candidate__twitter"": 13, ""candidate__youtube"": 15}",PRUNED
1604,1969.9946662342318,2026-09-21 11:43:18.008023,2026-09-21 11:43:18.485347,0 days 00:00:00.477324,3,13,15,0,13,0,16,8,9,13,4,10,14,14,"{""candidate__cinema"": 3, ""candidate__digitaldisplayandsearch"": 13, ""candidate__digitalvideo"": 15, ""candidate__facebook"": 0, ""candidate__instagram"": 13, ""candidate__localtv"": 0, ""candidate__ooh"": 16, ""candidate__opentv"": 8, ""candidate__paytv"": 9, ""candidate__print"": 13, ""candidate__radio"": 4, ""candidate__tiktok"": 10, ""candidate__twitter"": 14, ""candidate__youtube"": 14}",PRUNED
1605,2066.507776411926,2026-09-21 11:43:18.507047,2026-09-21 11:43:18.891177,0 days 00:00:00.384130,8,13,15,2,12,0,17,4,6,15,4,13,16,15,"{""candidate__cinema"": 8, ""candidate__digitaldisplayandsearch"": 13, ""candidate__digitalvideo"": 15, ""candidate__facebook"": 2, ""candidate__instagram"": 12, ""candidate__localtv"": 0, ""candidate__ooh"": 17, ""candidate__opentv"": 4, ""candidate__paytv"": 6, ""candidate__print"": 15, ""candidate__radio"": 4, ""candidate__tiktok"": 13, ""candidate__twitter"": 16, ""candidate__youtube"": 15}",PRUNED
