number,value,datetime_start,datetime_complete,duration,params_candidate__cinema,params_candidate__digitaldisplayandsearch,params_candidate__digitalvideo,params_candidate__facebook,params_candidate__instagram,params_candidate__localtv,params_candidate__ooh,params_candidate__opentv,params_candidate__paytv,params_candidate__print,params_candidate__radio,params_candidate__tiktok,params_candidate__twitter,params_candidate__youtube,system_attrs_tpe:relative_params:0,state
1138,2071.102313526702,2026-09-21 11:39:04.488431,2026-09-21 11:39:04.899287,0 days 00:00:00.410856,4,17,17,1,15,0,17,9,12,13,9,13,12,14,"{""candidate__cinema"": 4, ""candidate__digitaldisplayandsearch"": 17, ""candidate__digitalvideo"": 17, ""candidate__facebook"": 1, ""candidate__instagram"": 15, ""candidate__localtv"": 0, ""candidate__ooh"": 17, ""candidate__opentv"": 9, ""candidate__paytv"": 12, ""candidate__print"": 13, ""candidate__radio"": 9, ""candidate__tiktok"": 13, ""candidate__twitter"": 12, ""candidate__youtube"": 14}",PRUNED
1139,1709.618728273864,2026-09-21 11:39:04.922918,2026-09-21 11:39:05.614890,0 days 00:00:00.691972,5,16,15,1,13,0,16,7,12,11,4,12,13,14,"{""candidate__cinema"": 5, ""candidate__digitaldisplayandsearch"": 16, ""candidate__digitalvideo"": 15, ""candidate__facebook"": 1, ""candidate__instagram"": 13, ""candidate__localtv"": 0, ""candidate__ooh"": 16, ""candidate__opentv"": 7, ""candidate__paytv"": 12, ""candidate__print"": 11, ""candidate__radio"": 4, ""candidate__tiktok"": 12, ""candidate__twitter"": 13, ""candidate__youtube"": 14}",PRUNED
1140,2063.9984356886084,2026-09-21 11:39:05.639371,2026-09-21 11:39:06.105852,0 days 00:00:00.466481,3,17,17,1,15,0,16,9,12,13,8,13,13,16,"{""candidate__cinema"": 3, ""candidate__digitaldisplayandsearch"": 17, ""candidate__digitalvideo"": 17, ""candidate__facebook"": 1, ""candidate__instagram"": 15, ""candidate__localtv"": 0, ""candidate__ooh"": 16, ""candidate__opentv"": 9, ""candidate__paytv"": 12, ""candidate__print"": 13, ""candidate__radio"": 8, ""candidate__tiktok"": 13, ""candidate__twitter"": 13, ""candidate__youtube"": 16}",PRUNED
1141,2068.3042263055013,2026-09-21 11:39:06.124567,2026-09-21 11:39:06.544004,0 days 00:00:00.419437,4,17,15,1,15,0,16,8,13,13,9,13,13,15,"{""candidate__cinema"": 4, ""candidate__digitaldisplayandsearch"": 17, ""candidate__digitalvideo"": 15, ""candidate__facebook"": 1, ""candidate__instagram"": 15, ""candidate__localtv"": 0, ""candidate__ooh"": 16, ""candidate__opentv"": 8, ""candidate__paytv"": 13, ""candidate__print"": 13, ""candidate__radio"": 9, ""candidate__tiktok"": 13, ""candidate__twitter"": 13, ""candidate__youtube"": 15}",PRUNED
1142,2081.552251682655,2026-09-21 11:39:06.562260,2026-09-21 11:39:06.938154,0 days 00:00:00.375894,6,16,15,1,12,0,15,8,10,13,5,12,13,15,"{""candidate__cinema"": 6, ""candidate__digitaldisplayandsearch"": 16, ""candidate__digitalvideo"": 15, ""candidate__facebook"": 1, ""candidate__instagram"": 12, ""candidate__localtv"": 0, ""candidate__ooh"": 15, ""candidate__opentv"": 8, ""candidate__paytv"": 10, ""candidate__print"": 13, ""candidate__radio"": 5, ""candidate__tiktok"": 12, ""candidate__twitter"": 13, ""candidate__youtube"": 15}",PRUNED
1143,2063.6148344377143,2026-09-21 11:39:06.956781,2026-09-21 11:39:07.338818,0 days 00:00:00.382037,4,17,15,1,11,0,17,11,8,11,6,13,14,14,"{""candidate__cinema"": 4, ""candidate__digitaldisplayandsearch"": 17, ""candidate__digitalvideo"": 15, ""candidate__facebook"": 1, ""candidate__instagram"": 11, ""candidate__localtv"": 0, ""candidate__ooh"": 17, ""candidate__opentv"": 11, ""candidate__paytv"": 8, ""candidate__print"": 11, ""candidate__radio"": 6, ""candidate__tiktok"": 13, ""candidate__twitter"": 14, ""candidate__youtube"": 14}",PRUNED
1144,2077.3010544226954,2026-09-21 11:39:07.358657,2026-09-21 11:39:07.722995,0 days 00:00:00.364338,3,15,15,1,11,1,16,11,4,12,7,13,11,15,"{""candidate__cinema"": 3, ""candidate__digitaldisplayandsearch"": 15, ""candidate__digitalvideo"": 15, ""candidate__facebook"": 1, ""candidate__instagram"": 11, ""candidate__localtv"": 1, ""candidate__ooh"": 16, ""candidate__opentv"": 11, ""candidate__paytv"": 4, ""candidate__print"": 12, ""candidate__radio"": 7, ""candidate__tiktok"": 13, ""candidate__twitter"": 11, ""candidate__youtube"": 15}",PRUNED
1145,2078.9990420990903,2026-09-21 11:39:07.740654,2026-09-21 11:39:08.134578,0 days 00:00:00.393924,3,15,15,1,11,1,16,12,6,11,6,14,13,14,"{""candidate__cinema"": 3, ""candidate__digitaldisplayandsearch"": 15, ""candidate__digitalvideo"": 15, ""candidate__facebook"": 1, ""candidate__instagram"": 11, ""candidate__localtv"": 1, ""candidate__ooh"": 16, ""candidate__opentv"": 12, ""candidate__paytv"": 6, ""candidate__print"": 11, ""candidate__radio"": 6, ""candidate__tiktok"": 14, ""candidate__twitter"": 13, ""candidate__youtube"": 14}",PRUNED
1146,2096.871562895955,2026-09-21 11:39:08.156627,2026-09-21 11:39:08.583228,0 days 00:00:00.426601,6,13,15,1,12,1,15,8,9,12,4,12,12,15,"{""candidate__cinema"": 6, ""candidate__digitaldisplayandsearch"": 13, ""candidate__digitalvideo"": 15, ""candidate__facebook"": 1, ""candidate__instagram"": 12, ""candidate__localtv"": 1, ""candidate__ooh"": 15, ""candidate__opentv"": 8, ""candidate__paytv"": 9, ""candidate__print"": 12, ""candidate__radio"": 4, ""candidate__tiktok"": 12, ""candidate__twitter"": 12, ""candidate__youtube"": 15}",PRUNED
1147,2058.546015374481,2026-09-21 11:39:08.605332,2026-09-21 11:39:09.029446,0 days 00:00:00.424114,4,15,15,2,13,0,16,9,10,14,5,13,12,15,"{""candidate__cinema"": 4, ""candidate__digitaldisplayandsearch"": 15, ""candidate__digitalvideo"": 15, ""candidate__facebook"": 2, ""candidate__instagram"": 13, ""candidate__localtv"": 0, ""candidate__ooh"": 16, ""candidate__opentv"": 9, ""candidate__paytv"": 10, ""candidate__print"": 14, ""candidate__radio"": 5, ""candidate__tiktok"": 13, ""candidate__twitter"": 12, ""candidate__youtube"": 15}",PRUNED
1148,2069.849298842062,2026-09-21 11:39:09.052998,2026-09-21 11:39:09.724427,0 days 00:00:00.671429,3,17,15,0,13,1,16,7,10,12,5,12,13,15,"{""candidate__cinema"": 3, ""candidate__digitaldisplayandsearch"": 17, ""candidate__digitalvideo"": 15, ""candidate__facebook"": 0, ""candidate__instagram"": 13, ""candidate__localtv"": 1, ""candidate__ooh"": 16, ""candidate__opentv"": 7, ""candidate__paytv"": 10, ""candidate__print"": 12, ""candidate__radio"": 5, ""candidate__tiktok"": 12, ""candidate__twitter"": 13, ""candidate__youtube"": 15}",PRUNED
1149,2059.273769571556,2026-09-21 11:39:09.742940,2026-09-21 11:39:10.130195,0 days 00:00:00.387255,3,15,14,2,16,0,17,9,9,12,4,13,15,14,"{""candidate__cinema"": 3, ""candidate__digitaldisplayandsearch"": 15, ""candidate__digitalvideo"": 14, ""candidate__facebook"": 2, ""candidate__instagram"": 16, ""candidate__localtv"": 0, ""candidate__ooh"": 17, ""candidate__opentv"": 9, ""candidate__paytv"": 9, ""candidate__print"": 12, ""candidate__radio"": 4, ""candidate__tiktok"": 13, ""candidate__twitter"": 15, ""candidate__youtube"": 14}",PRUNED
1150,2070.227009619127,2026-09-21 11:39:10.151350,2026-09-21 11:39:10.534610,0 days 00:00:00.383260,5,12,15,0,13,1,16,11,7,13,4,12,13,15,"{""candidate__cinema"": 5, ""candidate__digitaldisplayandsearch"": 12, ""candidate__digitalvideo"": 15, ""candidate__facebook"": 0, ""candidate__instagram"": 13, ""candidate__localtv"": 1, ""candidate__ooh"": 16, ""candidate__opentv"": 11, ""candidate__paytv"": 7, ""candidate__print"": 13, ""candidate__radio"": 4, ""candidate__tiktok"": 12, ""candidate__twitter"": 13, ""candidate__youtube"": 15}",PRUNED
1151,2060.459521314335,2026-09-21 11:39:10.555475,2026-09-21 11:39:10.959192,0 days 00:00:00.403717,3,17,15,2,10,0,16,11,4,12,8,13,11,15,"{""candidate__cinema"": 3, ""candidate__digitaldisplayandsearch"": 17, ""candidate__digitalvideo"": 15, ""candidate__facebook"": 2, ""candidate__instagram"": 10, ""candidate__localtv"": 0, ""candidate__ooh"": 16, ""candidate__opentv"": 11, ""candidate__paytv"": 4, ""candidate__print"": 12, ""candidate__radio"": 8, ""candidate__tiktok"": 13, ""candidate__twitter"": 11, ""candidate__youtube"": 15}",PRUNED
1152,2085.027813685904,2026-09-21 11:39:10.978234,2026-09-21 11:39:11.428280,0 days 00:00:00.450046,4,13,16,2,17,2,16,9,10,14,6,12,13,15,"{""candidate__cinema"": 4, ""candidate__digitaldisplayandsearch"": 13, ""candidate__digitalvideo"": 16, ""candidate__facebook"": 2, ""candidate__instagram"": 17, ""candidate__localtv"": 2, ""candidate__ooh"": 16, ""candidate__opentv"": 9, ""candidate__paytv"": 10, ""candidate__print"": 14, ""candidate__radio"": 6, ""candidate__tiktok"": 12, ""candidate__twitter"": 13, ""candidate__youtube"": 15}",PRUNED
1153,1706.753000889392,2026-09-21 11:39:11.450692,2026-09-21 11:39:12.106400,0 days 00:00:00.655708,3,15,15,1,10,0,16,12,7,11,4,15,16,15,"{""candidate__cinema"": 3, ""candidate__digitaldisplayandsearch"": 15, ""candidate__digitalvideo"": 15, ""candidate__facebook"": 1, ""candidate__instagram"": 10, ""candidate__localtv"": 0, ""candidate__ooh"": 16, ""candidate__opentv"": 12, ""candidate__paytv"": 7, ""candidate__print"": 11, ""candidate__radio"": 4, ""candidate__tiktok"": 15, ""candidate__twitter"": 16, ""candidate__youtube"": 15}",COMPLETE
1154,2084.4880511055617,2026-09-21 11:39:12.135700,2026-09-21 11:39:12.571175,0 days 00:00:00.435475,3,17,15,2,10,0,15,11,9,13,4,9,13,14,"{""candidate__cinema"": 3, ""candidate__digitaldisplayandsearch"": 17, ""candidate__digitalvideo"": 15, ""candidate__facebook"": 2, ""candidate__instagram"": 10, ""candidate__localtv"": 0, ""candidate__ooh"": 15, ""candidate__opentv"": 11, ""candidate__paytv"": 9, ""candidate__print"": 13, ""candidate__radio"": 4, ""candidate__tiktok"": 9, ""candidate__twitter"": 13, ""candidate__youtube"": 14}",PRUNED
1155,2061.664518165871,2026-09-21 11:39:12.590146,2026-09-21 11:39:12.957273,0 days 00:00:00.367127,4,14,14,1,13,0,17,7,11,14,4,14,13,14,"{""candidate__cinema"": 4, ""candidate__digitaldisplayandsearch"": 14, ""candidate__digitalvideo"": 14, ""candidate__facebook"": 1, ""candidate__instagram"": 13, ""candidate__localtv"": 0, ""candidate__ooh"": 17, ""candidate__opentv"": 7, ""candidate__paytv"": 11, ""candidate__print"": 14, ""candidate__radio"": 4, ""candidate__tiktok"": 14, ""candidate__twitter"": 13, ""candidate__youtube"": 14}",PRUNED
1156,2062.624299950317,2026-09-21 11:39:12.978409,2026-09-21 11:39:13.369009,0 days 00:00:00.390600,2,16,15,1,11,0,16,11,6,12,8,13,10,14,"{""candidate__cinema"": 2, ""candidate__digitaldisplayandsearch"": 16, ""candidate__digitalvideo"": 15, ""candidate__facebook"": 1, ""candidate__instagram"": 11, ""candidate__localtv"": 0, ""candidate__ooh"": 16, ""candidate__opentv"": 11, ""candidate__paytv"": 6, ""candidate__print"": 12, ""candidate__radio"": 8, ""candidate__tiktok"": 13, ""candidate__twitter"": 10, ""candidate__youtube"": 14}",PRUNED
1157,2075.9093308868173,2026-09-21 11:39:13.389796,2026-09-21 11:39:13.883390,0 days 00:00:00.493594,4,13,15,1,9,0,17,11,9,13,7,10,15,15,"{""candidate__cinema"": 4, ""candidate__digitaldisplayandsearch"": 13, ""candidate__digitalvideo"": 15, ""candidate__facebook"": 1, ""candidate__instagram"": 9, ""candidate__localtv"": 0, ""candidate__ooh"": 17, ""candidate__opentv"": 11, ""candidate__paytv"": 9, ""candidate__print"": 13, ""candidate__radio"": 7, ""candidate__tiktok"": 10, ""candidate__twitter"": 15, ""candidate__youtube"": 15}",PRUNED
1158,1706.402801111798,2026-09-21 11:39:13.906450,2026-09-21 11:39:14.601686,0 days 00:00:00.695236,6,17,15,1,14,0,16,6,11,12,4,12,13,16,"{""candidate__cinema"": 6, ""candidate__digitaldisplayandsearch"": 17, ""candidate__digitalvideo"": 15, ""candidate__facebook"": 1, ""candidate__instagram"": 14, ""candidate__localtv"": 0, ""candidate__ooh"": 16, ""candidate__opentv"": 6, ""candidate__paytv"": 11, ""candidate__print"": 12, ""candidate__radio"": 4, ""candidate__tiktok"": 12, ""candidate__twitter"": 13, ""candidate__youtube"": 16}",COMPLETE
1159,1975.232324455406,2026-09-21 11:39:14.622804,2026-09-21 11:39:15.406653,0 days 00:00:00.783849,4,13,17,0,16,0,17,11,10,14,6,13,14,15,"{""candidate__cinema"": 4, ""candidate__digitaldisplayandsearch"": 13, ""candidate__digitalvideo"": 17, ""candidate__facebook"": 0, ""candidate__instagram"": 16, ""candidate__localtv"": 0, ""candidate__ooh"": 17, ""candidate__opentv"": 11, ""candidate__paytv"": 10, ""candidate__print"": 14, ""candidate__radio"": 6, ""candidate__tiktok"": 13, ""candidate__twitter"": 14, ""candidate__youtube"": 15}",PRUNED
1160,2061.7444431823765,2026-09-21 11:39:15.425047,2026-09-21 11:39:15.804581,0 days 00:00:00.379534,4,16,14,1,10,0,16,11,9,12,4,8,13,15,"{""candidate__cinema"": 4, ""candidate__digitaldisplayandsearch"": 16, ""candidate__digitalvideo"": 14, ""candidate__facebook"": 1, ""candidate__instagram"": 10, ""candidate__localtv"": 0, ""candidate__ooh"": 16, ""candidate__opentv"": 11, ""candidate__paytv"": 9, ""candidate__print"": 12, ""candidate__radio"": 4, ""candidate__tiktok"": 8, ""candidate__twitter"": 13, ""candidate__youtube"": 15}",PRUNED
1161,1972.5644343916215,2026-09-21 11:39:15.827008,2026-09-21 11:39:16.365493,0 days 00:00:00.538485,5,16,16,0,13,0,17,8,10,13,6,13,13,16,"{""candidate__cinema"": 5, ""candidate__digitaldisplayandsearch"": 16, ""candidate__digitalvideo"": 16, ""candidate__facebook"": 0, ""candidate__instagram"": 13, ""candidate__localtv"": 0, ""candidate__ooh"": 17, ""candidate__opentv"": 8, ""candidate__paytv"": 10, ""candidate__print"": 13, ""candidate__radio"": 6, ""candidate__tiktok"": 13, ""candidate__twitter"": 13, ""candidate__youtube"": 16}",PRUNED
1162,1710.4252227063487,2026-09-21 11:39:16.385116,2026-09-21 11:39:17.084382,0 days 00:00:00.699266,5,16,15,0,14,0,16,7,11,11,5,11,12,15,"{""candidate__cinema"": 5, ""candidate__digitaldisplayandsearch"": 16, ""candidate__digitalvideo"": 15, ""candidate__facebook"": 0, ""candidate__instagram"": 14, ""candidate__localtv"": 0, ""candidate__ooh"": 16, ""candidate__opentv"": 7, ""candidate__paytv"": 11, ""candidate__print"": 11, ""candidate__radio"": 5, ""candidate__tiktok"": 11, ""candidate__twitter"": 12, ""candidate__youtube"": 15}",PRUNED
1163,2064.7222120730353,2026-09-21 11:39:17.103760,2026-09-21 11:39:17.511979,0 days 00:00:00.408219,4,17,16,1,12,0,16,9,13,13,9,12,12,15,"{""candidate__cinema"": 4, ""candidate__digitaldisplayandsearch"": 17, ""candidate__digitalvideo"": 16, ""candidate__facebook"": 1, ""candidate__instagram"": 12, ""candidate__localtv"": 0, ""candidate__ooh"": 16, ""candidate__opentv"": 9, ""candidate__paytv"": 13, ""candidate__print"": 13, ""candidate__radio"": 9, ""candidate__tiktok"": 12, ""candidate__twitter"": 12, ""candidate__youtube"": 15}",PRUNED
1164,2063.2871790927866,2026-09-21 11:39:17.534205,2026-09-21 11:39:17.922329,0 days 00:00:00.388124,3,16,16,0,12,0,16,8,11,13,7,13,14,15,"{""candidate__cinema"": 3, ""candidate__digitaldisplayandsearch"": 16, ""candidate__digitalvideo"": 16, ""candidate__facebook"": 0, ""candidate__instagram"": 12, ""candidate__localtv"": 0, ""candidate__ooh"": 16, ""candidate__opentv"": 8, ""candidate__paytv"": 11, ""candidate__print"": 13, ""candidate__radio"": 7, ""candidate__tiktok"": 13, ""candidate__twitter"": 14, ""candidate__youtube"": 15}",PRUNED
1165,2090.24033185169,2026-09-21 11:39:17.947760,2026-09-21 11:39:18.351224,0 days 00:00:00.403464,4,17,16,1,15,1,16,10,13,13,7,14,13,15,"{""candidate__cinema"": 4, ""candidate__digitaldisplayandsearch"": 17, ""candidate__digitalvideo"": 16, ""candidate__facebook"": 1, ""candidate__instagram"": 15, ""candidate__localtv"": 1, ""candidate__ooh"": 16, ""candidate__opentv"": 10, ""candidate__paytv"": 13, ""candidate__print"": 13, ""candidate__radio"": 7, ""candidate__tiktok"": 14, ""candidate__twitter"": 13, ""candidate__youtube"": 15}",PRUNED
1166,2080.4906310280053,2026-09-21 11:39:18.379642,2026-09-21 11:39:18.789264,0 days 00:00:00.409622,2,16,15,1,11,1,17,11,10,12,4,9,14,15,"{""candidate__cinema"": 2, ""candidate__digitaldisplayandsearch"": 16, ""candidate__digitalvideo"": 15, ""candidate__facebook"": 1, ""candidate__instagram"": 11, ""candidate__localtv"": 1, ""candidate__ooh"": 17, ""candidate__opentv"": 11, ""candidate__paytv"": 10, ""candidate__print"": 12, ""candidate__radio"": 4, ""candidate__tiktok"": 9, ""candidate__twitter"": 14, ""candidate__youtube"": 15}",PRUNED
1167,2067.42482293548,2026-09-21 11:39:18.813225,2026-09-21 11:39:19.248544,0 days 00:00:00.435319,4,13,15,1,13,1,17,7,8,12,4,12,12,16,"{""candidate__cinema"": 4, ""candidate__digitaldisplayandsearch"": 13, ""candidate__digitalvideo"": 15, ""candidate__facebook"": 1, ""candidate__instagram"": 13, ""candidate__localtv"": 1, ""candidate__ooh"": 17, ""candidate__opentv"": 7, ""candidate__paytv"": 8, ""candidate__print"": 12, ""candidate__radio"": 4, ""candidate__tiktok"": 12, ""candidate__twitter"": 12, ""candidate__youtube"": 16}",PRUNED
1168,2070.295023932682,2026-09-21 11:39:19.273212,2026-09-21 11:39:19.787769,0 days 00:00:00.514557,4,13,15,1,16,1,17,9,10,14,6,13,15,15,"{""candidate__cinema"": 4, ""candidate__digitaldisplayandsearch"": 13, ""candidate__digitalvideo"": 15, ""candidate__facebook"": 1, ""candidate__instagram"": 16, ""candidate__localtv"": 1, ""candidate__ooh"": 17, ""candidate__opentv"": 9, ""candidate__paytv"": 10, ""candidate__print"": 14, ""candidate__radio"": 6, ""candidate__tiktok"": 13, ""candidate__twitter"": 15, ""candidate__youtube"": 15}",PRUNED
1169,1706.307952029898,2026-09-21 11:39:19.807776,2026-09-21 11:39:20.812209,0 days 00:00:01.004433,5,15,15,2,14,0,16,6,10,13,4,14,15,15,"{""candidate__cinema"": 5, ""candidate__digitaldisplayandsearch"": 15, ""candidate__digitalvideo"": 15, ""candidate__facebook"": 2, ""candidate__instagram"": 14, ""candidate__localtv"": 0, ""candidate__ooh"": 16, ""candidate__opentv"": 6, ""candidate__paytv"": 10, ""candidate__print"": 13, ""candidate__radio"": 4, ""candidate__tiktok"": 14, ""candidate__twitter"": 15, ""candidate__youtube"": 15}",COMPLETE
1170,2064.243351958897,2026-09-21 11:39:20.840231,2026-09-21 11:39:21.284885,0 days 00:00:00.444654,4,17,16,0,14,1,16,8,11,13,6,12,13,16,"{""candidate__cinema"": 4, ""candidate__digitaldisplayandsearch"": 17, ""candidate__digitalvideo"": 16, ""candidate__facebook"": 0, ""candidate__instagram"": 14, ""candidate__localtv"": 1, ""candidate__ooh"": 16, ""candidate__opentv"": 8, ""candidate__paytv"": 11, ""candidate__print"": 13, ""candidate__radio"": 6, ""candidate__tiktok"": 12, ""candidate__twitter"": 13, ""candidate__youtube"": 16}",PRUNED
1171,2080.4063015377055,2026-09-21 11:39:21.305069,2026-09-21 11:39:21.722860,0 days 00:00:00.417791,3,17,16,1,11,1,16,12,8,14,4,8,14,15,"{""candidate__cinema"": 3, ""candidate__digitaldisplayandsearch"": 17, ""candidate__digitalvideo"": 16, ""candidate__facebook"": 1, ""candidate__instagram"": 11, ""candidate__localtv"": 1, ""candidate__ooh"": 16, ""candidate__opentv"": 12, ""candidate__paytv"": 8, ""candidate__print"": 14, ""candidate__radio"": 4, ""candidate__tiktok"": 8, ""candidate__twitter"": 14, ""candidate__youtube"": 15}",PRUNED
1172,2074.2283373421237,2026-09-21 11:39:21.745573,2026-09-21 11:39:22.222325,0 days 00:00:00.476752,5,14,15,0,13,0,15,9,11,13,4,14,13,15,"{""candidate__cinema"": 5, ""candidate__digitaldisplayandsearch"": 14, ""candidate__digitalvideo"": 15, ""candidate__facebook"": 0, ""candidate__instagram"": 13, ""candidate__localtv"": 0, ""candidate__ooh"": 15, ""candidate__opentv"": 9, ""candidate__paytv"": 11, ""candidate__print"": 13, ""candidate__radio"": 4, ""candidate__tiktok"": 14, ""candidate__twitter"": 13, ""candidate__youtube"": 15}",PRUNED
1173,2070.7013210092446,2026-09-21 11:39:22.246258,2026-09-21 11:39:22.739487,0 days 00:00:00.493229,4,17,16,1,15,0,16,8,15,12,8,13,13,15,"{""candidate__cinema"": 4, ""candidate__digitaldisplayandsearch"": 17, ""candidate__digitalvideo"": 16, ""candidate__facebook"": 1, ""candidate__instagram"": 15, ""candidate__localtv"": 0, ""candidate__ooh"": 16, ""candidate__opentv"": 8, ""candidate__paytv"": 15, ""candidate__print"": 12, ""candidate__radio"": 8, ""candidate__tiktok"": 13, ""candidate__twitter"": 13, ""candidate__youtube"": 15}",PRUNED
1174,2060.7625430257804,2026-09-21 11:39:22.761802,2026-09-21 11:39:23.157812,0 days 00:00:00.396010,4,16,15,2,11,0,16,10,6,11,6,14,13,16,"{""candidate__cinema"": 4, ""candidate__digitaldisplayandsearch"": 16, ""candidate__digitalvideo"": 15, ""candidate__facebook"": 2, ""candidate__instagram"": 11, ""candidate__localtv"": 0, ""candidate__ooh"": 16, ""candidate__opentv"": 10, ""candidate__paytv"": 6, ""candidate__print"": 11, ""candidate__radio"": 6, ""candidate__tiktok"": 14, ""candidate__twitter"": 13, ""candidate__youtube"": 16}",PRUNED
1175,2061.6198497282594,2026-09-21 11:39:23.177819,2026-09-21 11:39:23.591973,0 days 00:00:00.414154,2,17,15,1,12,0,16,11,3,13,6,13,12,15,"{""candidate__cinema"": 2, ""candidate__digitaldisplayandsearch"": 17, ""candidate__digitalvideo"": 15, ""candidate__facebook"": 1, ""candidate__instagram"": 12, ""candidate__localtv"": 0, ""candidate__ooh"": 16, ""candidate__opentv"": 11, ""candidate__paytv"": 3, ""candidate__print"": 13, ""candidate__radio"": 6, ""candidate__tiktok"": 13, ""candidate__twitter"": 12, ""candidate__youtube"": 15}",PRUNED
1176,2087.7981041128987,2026-09-21 11:39:23.613415,2026-09-21 11:39:23.968598,0 days 00:00:00.355183,3,13,16,2,8,0,15,11,9,13,7,13,15,15,"{""candidate__cinema"": 3, ""candidate__digitaldisplayandsearch"": 13, ""candidate__digitalvideo"": 16, ""candidate__facebook"": 2, ""candidate__instagram"": 8, ""candidate__localtv"": 0, ""candidate__ooh"": 15, ""candidate__opentv"": 11, ""candidate__paytv"": 9, ""candidate__print"": 13, ""candidate__radio"": 7, ""candidate__tiktok"": 13, ""candidate__twitter"": 15, ""candidate__youtube"": 15}",PRUNED
