number,value,datetime_start,datetime_complete,duration,params_candidate__cinema,params_candidate__digitaldisplayandsearch,params_candidate__digitalvideo,params_candidate__facebook,params_candidate__instagram,params_candidate__localtv,params_candidate__ooh,params_candidate__opentv,params_candidate__paytv,params_candidate__print,params_candidate__radio,params_candidate__tiktok,params_candidate__twitter,params_candidate__youtube,system_attrs_tpe:relative_params:0,state
1957,1971.8674235112294,2026-09-21 11:46:26.586995,2026-09-21 11:46:27.181700,0 days 00:00:00.594705,13,13,15,0,13,0,17,2,9,10,2,12,17,14,"{""candidate__cinema"": 13, ""candidate__digitaldisplayandsearch"": 13, ""candidate__digitalvideo"": 15, ""candidate__facebook"": 0, ""candidate__instagram"": 13, ""candidate__localtv"": 0, ""candidate__ooh"": 17, ""candidate__opentv"": 2, ""candidate__paytv"": 9, ""candidate__print"": 10, ""candidate__radio"": 2, ""candidate__tiktok"": 12, ""candidate__twitter"": 17, ""candidate__youtube"": 14}",PRUNED
1958,1704.0761133695148,2026-09-21 11:46:27.201011,2026-09-21 11:46:27.870044,0 days 00:00:00.669033,12,17,15,1,13,0,16,1,6,13,8,12,13,15,"{""candidate__cinema"": 12, ""candidate__digitaldisplayandsearch"": 17, ""candidate__digitalvideo"": 15, ""candidate__facebook"": 1, ""candidate__instagram"": 13, ""candidate__localtv"": 0, ""candidate__ooh"": 16, ""candidate__opentv"": 1, ""candidate__paytv"": 6, ""candidate__print"": 13, ""candidate__radio"": 8, ""candidate__tiktok"": 12, ""candidate__twitter"": 13, ""candidate__youtube"": 15}",COMPLETE
1959,1706.6533196919497,2026-09-21 11:46:27.901026,2026-09-21 11:46:28.628779,0 days 00:00:00.727753,12,13,16,0,13,0,16,3,8,10,2,12,17,16,"{""candidate__cinema"": 12, ""candidate__digitaldisplayandsearch"": 13, ""candidate__digitalvideo"": 16, ""candidate__facebook"": 0, ""candidate__instagram"": 13, ""candidate__localtv"": 0, ""candidate__ooh"": 16, ""candidate__opentv"": 3, ""candidate__paytv"": 8, ""candidate__print"": 10, ""candidate__radio"": 2, ""candidate__tiktok"": 12, ""candidate__twitter"": 17, ""candidate__youtube"": 16}",COMPLETE
1960,2066.507776411926,2026-09-21 11:46:28.652095,2026-09-21 11:46:29.065467,0 days 00:00:00.413372,13,14,15,2,12,0,17,2,9,10,1,13,17,15,"{""candidate__cinema"": 13, ""candidate__digitaldisplayandsearch"": 14, ""candidate__digitalvideo"": 15, ""candidate__facebook"": 2, ""candidate__instagram"": 12, ""candidate__localtv"": 0, ""candidate__ooh"": 17, ""candidate__opentv"": 2, ""candidate__paytv"": 9, ""candidate__print"": 10, ""candidate__radio"": 1, ""candidate__tiktok"": 13, ""candidate__twitter"": 17, ""candidate__youtube"": 15}",PRUNED
1961,1707.796219680585,2026-09-21 11:46:29.087571,2026-09-21 11:46:29.891470,0 days 00:00:00.803899,12,17,15,1,13,0,16,0,5,14,8,12,13,14,"{""candidate__cinema"": 12, ""candidate__digitaldisplayandsearch"": 17, ""candidate__digitalvideo"": 15, ""candidate__facebook"": 1, ""candidate__instagram"": 13, ""candidate__localtv"": 0, ""candidate__ooh"": 16, ""candidate__opentv"": 0, ""candidate__paytv"": 5, ""candidate__print"": 14, ""candidate__radio"": 8, ""candidate__tiktok"": 12, ""candidate__twitter"": 13, ""candidate__youtube"": 14}",PRUNED
1962,1968.7759636483754,2026-09-21 11:46:29.919174,2026-09-21 11:46:30.503407,0 days 00:00:00.584233,13,13,16,0,13,0,16,2,8,9,1,13,15,15,"{""candidate__cinema"": 13, ""candidate__digitaldisplayandsearch"": 13, ""candidate__digitalvideo"": 16, ""candidate__facebook"": 0, ""candidate__instagram"": 13, ""candidate__localtv"": 0, ""candidate__ooh"": 16, ""candidate__opentv"": 2, ""candidate__paytv"": 8, ""candidate__print"": 9, ""candidate__radio"": 1, ""candidate__tiktok"": 13, ""candidate__twitter"": 15, ""candidate__youtube"": 15}",PRUNED
1963,2061.8120132357876,2026-09-21 11:46:30.528613,2026-09-21 11:46:30.984642,0 days 00:00:00.456029,13,13,16,1,13,0,17,2,8,10,3,11,15,15,"{""candidate__cinema"": 13, ""candidate__digitaldisplayandsearch"": 13, ""candidate__digitalvideo"": 16, ""candidate__facebook"": 1, ""candidate__instagram"": 13, ""candidate__localtv"": 0, ""candidate__ooh"": 17, ""candidate__opentv"": 2, ""candidate__paytv"": 8, ""candidate__print"": 10, ""candidate__radio"": 3, ""candidate__tiktok"": 11, ""candidate__twitter"": 15, ""candidate__youtube"": 15}",PRUNED
1964,2072.155972767209,2026-09-21 11:46:31.008744,2026-09-21 11:46:31.486404,0 days 00:00:00.477660,6,15,15,2,13,0,15,3,7,12,8,12,14,16,"{""candidate__cinema"": 6, ""candidate__digitaldisplayandsearch"": 15, ""candidate__digitalvideo"": 15, ""candidate__facebook"": 2, ""candidate__instagram"": 13, ""candidate__localtv"": 0, ""candidate__ooh"": 15, ""candidate__opentv"": 3, ""candidate__paytv"": 7, ""candidate__print"": 12, ""candidate__radio"": 8, ""candidate__tiktok"": 12, ""candidate__twitter"": 14, ""candidate__youtube"": 16}",PRUNED
1965,1705.4741878900422,2026-09-21 11:46:31.507667,2026-09-21 11:46:32.217511,0 days 00:00:00.709844,7,14,15,0,13,0,16,5,6,12,8,12,13,16,"{""candidate__cinema"": 7, ""candidate__digitaldisplayandsearch"": 14, ""candidate__digitalvideo"": 15, ""candidate__facebook"": 0, ""candidate__instagram"": 13, ""candidate__localtv"": 0, ""candidate__ooh"": 16, ""candidate__opentv"": 5, ""candidate__paytv"": 6, ""candidate__print"": 12, ""candidate__radio"": 8, ""candidate__tiktok"": 12, ""candidate__twitter"": 13, ""candidate__youtube"": 16}",COMPLETE
1966,2074.7689602164287,2026-09-21 11:46:32.241069,2026-09-21 11:46:32.640419,0 days 00:00:00.399350,12,17,16,1,13,1,16,2,6,13,8,12,13,14,"{""candidate__cinema"": 12, ""candidate__digitaldisplayandsearch"": 17, ""candidate__digitalvideo"": 16, ""candidate__facebook"": 1, ""candidate__instagram"": 13, ""candidate__localtv"": 1, ""candidate__ooh"": 16, ""candidate__opentv"": 2, ""candidate__paytv"": 6, ""candidate__print"": 13, ""candidate__radio"": 8, ""candidate__tiktok"": 12, ""candidate__twitter"": 13, ""candidate__youtube"": 14}",PRUNED
1967,2070.6659744751237,2026-09-21 11:46:32.662849,2026-09-21 11:46:33.149842,0 days 00:00:00.486993,7,14,15,1,14,1,16,2,6,11,7,11,13,15,"{""candidate__cinema"": 7, ""candidate__digitaldisplayandsearch"": 14, ""candidate__digitalvideo"": 15, ""candidate__facebook"": 1, ""candidate__instagram"": 14, ""candidate__localtv"": 1, ""candidate__ooh"": 16, ""candidate__opentv"": 2, ""candidate__paytv"": 6, ""candidate__print"": 11, ""candidate__radio"": 7, ""candidate__tiktok"": 11, ""candidate__twitter"": 13, ""candidate__youtube"": 15}",PRUNED
1968,1705.3634976400408,2026-09-21 11:46:33.171133,2026-09-21 11:46:33.883730,0 days 00:00:00.712597,7,15,15,3,14,0,16,1,8,11,9,12,14,15,"{""candidate__cinema"": 7, ""candidate__digitaldisplayandsearch"": 15, ""candidate__digitalvideo"": 15, ""candidate__facebook"": 3, ""candidate__instagram"": 14, ""candidate__localtv"": 0, ""candidate__ooh"": 16, ""candidate__opentv"": 1, ""candidate__paytv"": 8, ""candidate__print"": 11, ""candidate__radio"": 9, ""candidate__tiktok"": 12, ""candidate__twitter"": 14, ""candidate__youtube"": 15}",COMPLETE
1969,1970.5866628241365,2026-09-21 11:46:33.905827,2026-09-21 11:46:34.656014,0 days 00:00:00.750187,7,14,15,3,14,0,17,5,6,15,4,9,17,15,"{""candidate__cinema"": 7, ""candidate__digitaldisplayandsearch"": 14, ""candidate__digitalvideo"": 15, ""candidate__facebook"": 3, ""candidate__instagram"": 14, ""candidate__localtv"": 0, ""candidate__ooh"": 17, ""candidate__opentv"": 5, ""candidate__paytv"": 6, ""candidate__print"": 15, ""candidate__radio"": 4, ""candidate__tiktok"": 9, ""candidate__twitter"": 17, ""candidate__youtube"": 15}",PRUNED
1970,2059.328018571748,2026-09-21 11:46:34.673688,2026-09-21 11:46:35.028783,0 days 00:00:00.355095,13,12,16,2,14,0,16,2,8,10,1,13,16,14,"{""candidate__cinema"": 13, ""candidate__digitaldisplayandsearch"": 12, ""candidate__digitalvideo"": 16, ""candidate__facebook"": 2, ""candidate__instagram"": 14, ""candidate__localtv"": 0, ""candidate__ooh"": 16, ""candidate__opentv"": 2, ""candidate__paytv"": 8, ""candidate__print"": 10, ""candidate__radio"": 1, ""candidate__tiktok"": 13, ""candidate__twitter"": 16, ""candidate__youtube"": 14}",PRUNED
1971,1711.1210134099113,2026-09-21 11:46:35.054650,2026-09-21 11:46:35.692535,0 days 00:00:00.637885,10,14,15,1,13,0,16,3,6,11,4,11,16,14,"{""candidate__cinema"": 10, ""candidate__digitaldisplayandsearch"": 14, ""candidate__digitalvideo"": 15, ""candidate__facebook"": 1, ""candidate__instagram"": 13, ""candidate__localtv"": 0, ""candidate__ooh"": 16, ""candidate__opentv"": 3, ""candidate__paytv"": 6, ""candidate__print"": 11, ""candidate__radio"": 4, ""candidate__tiktok"": 11, ""candidate__twitter"": 16, ""candidate__youtube"": 14}",PRUNED
1972,2063.784862950833,2026-09-21 11:46:35.715099,2026-09-21 11:46:36.115738,0 days 00:00:00.400639,8,13,14,1,13,0,17,4,5,13,3,12,15,15,"{""candidate__cinema"": 8, ""candidate__digitaldisplayandsearch"": 13, ""candidate__digitalvideo"": 14, ""candidate__facebook"": 1, ""candidate__instagram"": 13, ""candidate__localtv"": 0, ""candidate__ooh"": 17, ""candidate__opentv"": 4, ""candidate__paytv"": 5, ""candidate__print"": 13, ""candidate__radio"": 3, ""candidate__tiktok"": 12, ""candidate__twitter"": 15, ""candidate__youtube"": 15}",PRUNED
1973,2056.93206883396,2026-09-21 11:46:36.134542,2026-09-21 11:46:36.499120,0 days 00:00:00.364578,15,12,16,1,13,0,16,2,8,10,0,11,16,14,"{""candidate__cinema"": 15, ""candidate__digitaldisplayandsearch"": 12, ""candidate__digitalvideo"": 16, ""candidate__facebook"": 1, ""candidate__instagram"": 13, ""candidate__localtv"": 0, ""candidate__ooh"": 16, ""candidate__opentv"": 2, ""candidate__paytv"": 8, ""candidate__print"": 10, ""candidate__radio"": 0, ""candidate__tiktok"": 11, ""candidate__twitter"": 16, ""candidate__youtube"": 14}",PRUNED
1974,2071.5912364615738,2026-09-21 11:46:36.517990,2026-09-21 11:46:36.959742,0 days 00:00:00.441752,9,14,16,1,15,0,16,4,7,12,7,12,13,15,"{""candidate__cinema"": 9, ""candidate__digitaldisplayandsearch"": 14, ""candidate__digitalvideo"": 16, ""candidate__facebook"": 1, ""candidate__instagram"": 15, ""candidate__localtv"": 0, ""candidate__ooh"": 16, ""candidate__opentv"": 4, ""candidate__paytv"": 7, ""candidate__print"": 12, ""candidate__radio"": 7, ""candidate__tiktok"": 12, ""candidate__twitter"": 13, ""candidate__youtube"": 15}",PRUNED
1975,2097.62019632199,2026-09-21 11:46:36.985537,2026-09-21 11:46:37.411026,0 days 00:00:00.425489,8,15,14,2,15,0,15,2,8,11,8,12,13,15,"{""candidate__cinema"": 8, ""candidate__digitaldisplayandsearch"": 15, ""candidate__digitalvideo"": 14, ""candidate__facebook"": 2, ""candidate__instagram"": 15, ""candidate__localtv"": 0, ""candidate__ooh"": 15, ""candidate__opentv"": 2, ""candidate__paytv"": 8, ""candidate__print"": 11, ""candidate__radio"": 8, ""candidate__tiktok"": 12, ""candidate__twitter"": 13, ""candidate__youtube"": 15}",PRUNED
1976,2090.4380422498166,2026-09-21 11:46:37.430017,2026-09-21 11:46:37.847046,0 days 00:00:00.417029,6,15,15,2,15,0,15,5,6,11,8,12,13,15,"{""candidate__cinema"": 6, ""candidate__digitaldisplayandsearch"": 15, ""candidate__digitalvideo"": 15, ""candidate__facebook"": 2, ""candidate__instagram"": 15, ""candidate__localtv"": 0, ""candidate__ooh"": 15, ""candidate__opentv"": 5, ""candidate__paytv"": 6, ""candidate__print"": 11, ""candidate__radio"": 8, ""candidate__tiktok"": 12, ""candidate__twitter"": 13, ""candidate__youtube"": 15}",PRUNED
1977,2071.95106491496,2026-09-21 11:46:37.864578,2026-09-21 11:46:38.283058,0 days 00:00:00.418480,12,17,15,0,14,0,15,1,5,15,7,12,13,15,"{""candidate__cinema"": 12, ""candidate__digitaldisplayandsearch"": 17, ""candidate__digitalvideo"": 15, ""candidate__facebook"": 0, ""candidate__instagram"": 14, ""candidate__localtv"": 0, ""candidate__ooh"": 15, ""candidate__opentv"": 1, ""candidate__paytv"": 5, ""candidate__print"": 15, ""candidate__radio"": 7, ""candidate__tiktok"": 12, ""candidate__twitter"": 13, ""candidate__youtube"": 15}",PRUNED
1978,2075.3038582006607,2026-09-21 11:46:38.303448,2026-09-21 11:46:38.675855,0 days 00:00:00.372407,11,17,15,0,11,1,16,0,6,13,6,12,13,15,"{""candidate__cinema"": 11, ""candidate__digitaldisplayandsearch"": 17, ""candidate__digitalvideo"": 15, ""candidate__facebook"": 0, ""candidate__instagram"": 11, ""candidate__localtv"": 1, ""candidate__ooh"": 16, ""candidate__opentv"": 0, ""candidate__paytv"": 6, ""candidate__print"": 13, ""candidate__radio"": 6, ""candidate__tiktok"": 12, ""candidate__twitter"": 13, ""candidate__youtube"": 15}",PRUNED
1979,1712.2431525919603,2026-09-21 11:46:38.697880,2026-09-21 11:46:39.382698,0 days 00:00:00.684818,8,13,15,0,16,0,16,3,8,11,8,11,17,14,"{""candidate__cinema"": 8, ""candidate__digitaldisplayandsearch"": 13, ""candidate__digitalvideo"": 15, ""candidate__facebook"": 0, ""candidate__instagram"": 16, ""candidate__localtv"": 0, ""candidate__ooh"": 16, ""candidate__opentv"": 3, ""candidate__paytv"": 8, ""candidate__print"": 11, ""candidate__radio"": 8, ""candidate__tiktok"": 11, ""candidate__twitter"": 17, ""candidate__youtube"": 14}",PRUNED
1980,2058.47315458399,2026-09-21 11:46:39.401160,2026-09-21 11:46:40.024058,0 days 00:00:00.622898,6,12,15,4,13,0,17,5,6,15,5,14,16,15,"{""candidate__cinema"": 6, ""candidate__digitaldisplayandsearch"": 12, ""candidate__digitalvideo"": 15, ""candidate__facebook"": 4, ""candidate__instagram"": 13, ""candidate__localtv"": 0, ""candidate__ooh"": 17, ""candidate__opentv"": 5, ""candidate__paytv"": 6, ""candidate__print"": 15, ""candidate__radio"": 5, ""candidate__tiktok"": 14, ""candidate__twitter"": 16, ""candidate__youtube"": 15}",PRUNED
1981,1704.2355429308516,2026-09-21 11:46:40.044458,2026-09-21 11:46:40.816417,0 days 00:00:00.771959,12,17,15,1,13,0,16,0,6,12,8,12,13,15,"{""candidate__cinema"": 12, ""candidate__digitaldisplayandsearch"": 17, ""candidate__digitalvideo"": 15, ""candidate__facebook"": 1, ""candidate__instagram"": 13, ""candidate__localtv"": 0, ""candidate__ooh"": 16, ""candidate__opentv"": 0, ""candidate__paytv"": 6, ""candidate__print"": 12, ""candidate__radio"": 8, ""candidate__tiktok"": 12, ""candidate__twitter"": 13, ""candidate__youtube"": 15}",COMPLETE
1982,1704.7645598228573,2026-09-21 11:46:40.843368,2026-09-21 11:46:41.498283,0 days 00:00:00.654915,12,15,16,1,14,0,16,2,7,11,3,12,14,15,"{""candidate__cinema"": 12, ""candidate__digitaldisplayandsearch"": 15, ""candidate__digitalvideo"": 16, ""candidate__facebook"": 1, ""candidate__instagram"": 14, ""candidate__localtv"": 0, ""candidate__ooh"": 16, ""candidate__opentv"": 2, ""candidate__paytv"": 7, ""candidate__print"": 11, ""candidate__radio"": 3, ""candidate__tiktok"": 12, ""candidate__twitter"": 14, ""candidate__youtube"": 15}",COMPLETE
1983,1968.4991512960733,2026-09-21 11:46:41.521750,2026-09-21 11:46:42.064723,0 days 00:00:00.542973,12,17,14,1,14,0,16,0,6,13,8,12,13,16,"{""candidate__cinema"": 12, ""candidate__digitaldisplayandsearch"": 17, ""candidate__digitalvideo"": 14, ""candidate__facebook"": 1, ""candidate__instagram"": 14, ""candidate__localtv"": 0, ""candidate__ooh"": 16, ""candidate__opentv"": 0, ""candidate__paytv"": 6, ""candidate__print"": 13, ""candidate__radio"": 8, ""candidate__tiktok"": 12, ""candidate__twitter"": 13, ""candidate__youtube"": 16}",PRUNED
1984,2065.973194122004,2026-09-21 11:46:42.090303,2026-09-21 11:46:42.521666,0 days 00:00:00.431363,7,14,15,1,14,1,17,2,8,10,8,13,14,16,"{""candidate__cinema"": 7, ""candidate__digitaldisplayandsearch"": 14, ""candidate__digitalvideo"": 15, ""candidate__facebook"": 1, ""candidate__instagram"": 14, ""candidate__localtv"": 1, ""candidate__ooh"": 17, ""candidate__opentv"": 2, ""candidate__paytv"": 8, ""candidate__print"": 10, ""candidate__radio"": 8, ""candidate__tiktok"": 13, ""candidate__twitter"": 14, ""candidate__youtube"": 16}",PRUNED
1985,2080.4731784485966,2026-09-21 11:46:42.542753,2026-09-21 11:46:42.962278,0 days 00:00:00.419525,12,17,15,2,13,1,17,1,7,13,9,12,14,15,"{""candidate__cinema"": 12, ""candidate__digitaldisplayandsearch"": 17, ""candidate__digitalvideo"": 15, ""candidate__facebook"": 2, ""candidate__instagram"": 13, ""candidate__localtv"": 1, ""candidate__ooh"": 17, ""candidate__opentv"": 1, ""candidate__paytv"": 7, ""candidate__print"": 13, ""candidate__radio"": 9, ""candidate__tiktok"": 12, ""candidate__twitter"": 14, ""candidate__youtube"": 15}",PRUNED
1986,2104.025641134222,2026-09-21 11:46:42.980363,2026-09-21 11:46:43.395142,0 days 00:00:00.414779,13,17,14,1,12,1,15,0,6,12,8,13,14,15,"{""candidate__cinema"": 13, ""candidate__digitaldisplayandsearch"": 17, ""candidate__digitalvideo"": 14, ""candidate__facebook"": 1, ""candidate__instagram"": 12, ""candidate__localtv"": 1, ""candidate__ooh"": 15, ""candidate__opentv"": 0, ""candidate__paytv"": 6, ""candidate__print"": 12, ""candidate__radio"": 8, ""candidate__tiktok"": 13, ""candidate__twitter"": 14, ""candidate__youtube"": 15}",PRUNED
1987,2062.631941110667,2026-09-21 11:46:43.417676,2026-09-21 11:46:43.829035,0 days 00:00:00.411359,15,14,15,2,12,0,16,2,7,10,1,12,16,15,"{""candidate__cinema"": 15, ""candidate__digitaldisplayandsearch"": 14, ""candidate__digitalvideo"": 15, ""candidate__facebook"": 2, ""candidate__instagram"": 12, ""candidate__localtv"": 0, ""candidate__ooh"": 16, ""candidate__opentv"": 2, ""candidate__paytv"": 7, ""candidate__print"": 10, ""candidate__radio"": 1, ""candidate__tiktok"": 12, ""candidate__twitter"": 16, ""candidate__youtube"": 15}",PRUNED
1988,2074.1168121151964,2026-09-21 11:46:43.853831,2026-09-21 11:46:44.273049,0 days 00:00:00.419218,11,16,16,1,14,1,16,3,5,14,4,12,15,15,"{""candidate__cinema"": 11, ""candidate__digitaldisplayandsearch"": 16, ""candidate__digitalvideo"": 16, ""candidate__facebook"": 1, ""candidate__instagram"": 14, ""candidate__localtv"": 1, ""candidate__ooh"": 16, ""candidate__opentv"": 3, ""candidate__paytv"": 5, ""candidate__print"": 14, ""candidate__radio"": 4, ""candidate__tiktok"": 12, ""candidate__twitter"": 15, ""candidate__youtube"": 15}",PRUNED
1989,1703.09953994013,2026-09-21 11:46:44.292397,2026-09-21 11:46:45.175480,0 days 00:00:00.883083,12,12,15,4,14,0,16,2,13,10,2,13,16,15,"{""candidate__cinema"": 12, ""candidate__digitaldisplayandsearch"": 12, ""candidate__digitalvideo"": 15, ""candidate__facebook"": 4, ""candidate__instagram"": 14, ""candidate__localtv"": 0, ""candidate__ooh"": 16, ""candidate__opentv"": 2, ""candidate__paytv"": 13, ""candidate__print"": 10, ""candidate__radio"": 2, ""candidate__tiktok"": 13, ""candidate__twitter"": 16, ""candidate__youtube"": 15}",COMPLETE
1990,1969.4226893692166,2026-09-21 11:46:45.194250,2026-09-21 11:46:45.658987,0 days 00:00:00.464737,12,17,16,0,12,0,16,0,7,13,8,11,12,16,"{""candidate__cinema"": 12, ""candidate__digitaldisplayandsearch"": 17, ""candidate__digitalvideo"": 16, ""candidate__facebook"": 0, ""candidate__instagram"": 12, ""candidate__localtv"": 0, ""candidate__ooh"": 16, ""candidate__opentv"": 0, ""candidate__paytv"": 7, ""candidate__print"": 13, ""candidate__radio"": 8, ""candidate__tiktok"": 11, ""candidate__twitter"": 12, ""candidate__youtube"": 16}",PRUNED
1991,2071.6858310838984,2026-09-21 11:46:45.681899,2026-09-21 11:46:46.140466,0 days 00:00:00.458567,12,16,15,1,15,0,17,1,5,12,3,13,14,15,"{""candidate__cinema"": 12, ""candidate__digitaldisplayandsearch"": 16, ""candidate__digitalvideo"": 15, ""candidate__facebook"": 1, ""candidate__instagram"": 15, ""candidate__localtv"": 0, ""candidate__ooh"": 17, ""candidate__opentv"": 1, ""candidate__paytv"": 5, ""candidate__print"": 12, ""candidate__radio"": 3, ""candidate__tiktok"": 13, ""candidate__twitter"": 14, ""candidate__youtube"": 15}",PRUNED
1992,2066.730266926449,2026-09-21 11:46:46.162738,2026-09-21 11:46:46.602036,0 days 00:00:00.439298,12,17,15,0,13,0,15,3,6,13,8,12,13,16,"{""candidate__cinema"": 12, ""candidate__digitaldisplayandsearch"": 17, ""candidate__digitalvideo"": 15, ""candidate__facebook"": 0, ""candidate__instagram"": 13, ""candidate__localtv"": 0, ""candidate__ooh"": 15, ""candidate__opentv"": 3, ""candidate__paytv"": 6, ""candidate__print"": 13, ""candidate__radio"": 8, ""candidate__tiktok"": 12, ""candidate__twitter"": 13, ""candidate__youtube"": 16}",PRUNED
1993,2061.317251121126,2026-09-21 11:46:46.624234,2026-09-21 11:46:47.044621,0 days 00:00:00.420387,11,17,15,2,13,0,17,2,6,14,3,14,15,15,"{""candidate__cinema"": 11, ""candidate__digitaldisplayandsearch"": 17, ""candidate__digitalvideo"": 15, ""candidate__facebook"": 2, ""candidate__instagram"": 13, ""candidate__localtv"": 0, ""candidate__ooh"": 17, ""candidate__opentv"": 2, ""candidate__paytv"": 6, ""candidate__print"": 14, ""candidate__radio"": 3, ""candidate__tiktok"": 14, ""candidate__twitter"": 15, ""candidate__youtube"": 15}",PRUNED
1994,2067.227774493351,2026-09-21 11:46:47.065088,2026-09-21 11:46:47.487773,0 days 00:00:00.422685,7,16,15,1,15,0,16,1,8,12,7,12,16,15,"{""candidate__cinema"": 7, ""candidate__digitaldisplayandsearch"": 16, ""candidate__digitalvideo"": 15, ""candidate__facebook"": 1, ""candidate__instagram"": 15, ""candidate__localtv"": 0, ""candidate__ooh"": 16, ""candidate__opentv"": 1, ""candidate__paytv"": 8, ""candidate__print"": 12, ""candidate__radio"": 7, ""candidate__tiktok"": 12, ""candidate__twitter"": 16, ""candidate__youtube"": 15}",PRUNED
1995,2070.2640646259247,2026-09-21 11:46:47.512692,2026-09-21 11:46:47.929988,0 days 00:00:00.417296,7,15,15,2,15,0,16,5,5,14,3,7,16,15,"{""candidate__cinema"": 7, ""candidate__digitaldisplayandsearch"": 15, ""candidate__digitalvideo"": 15, ""candidate__facebook"": 2, ""candidate__instagram"": 15, ""candidate__localtv"": 0, ""candidate__ooh"": 16, ""candidate__opentv"": 5, ""candidate__paytv"": 5, ""candidate__print"": 14, ""candidate__radio"": 3, ""candidate__tiktok"": 7, ""candidate__twitter"": 16, ""candidate__youtube"": 15}",PRUNED
