number,value,datetime_start,datetime_complete,duration,params_candidate__cinema,params_candidate__digitaldisplayandsearch,params_candidate__digitalvideo,params_candidate__facebook,params_candidate__instagram,params_candidate__localtv,params_candidate__ooh,params_candidate__opentv,params_candidate__paytv,params_candidate__print,params_candidate__radio,params_candidate__tiktok,params_candidate__twitter,params_candidate__youtube,system_attrs_tpe:relative_params:0,state
280,2087.837711219567,2026-09-21 11:31:09.150905,2026-09-21 11:31:09.477967,0 days 00:00:00.327062,2,16,17,2,7,0,15,9,9,14,5,12,14,16,"{""candidate__cinema"": 2, ""candidate__digitaldisplayandsearch"": 16, ""candidate__digitalvideo"": 17, ""candidate__facebook"": 2, ""candidate__instagram"": 7, ""candidate__localtv"": 0, ""candidate__ooh"": 15, ""candidate__opentv"": 9, ""candidate__paytv"": 9, ""candidate__print"": 14, ""candidate__radio"": 5, ""candidate__tiktok"": 12, ""candidate__twitter"": 14, ""candidate__youtube"": 16}",PRUNED
281,1714.4702744464196,2026-09-21 11:31:09.488757,2026-09-21 11:31:10.126914,0 days 00:00:00.638157,2,16,16,1,8,0,17,8,8,14,6,12,14,14,"{""candidate__cinema"": 2, ""candidate__digitaldisplayandsearch"": 16, ""candidate__digitalvideo"": 16, ""candidate__facebook"": 1, ""candidate__instagram"": 8, ""candidate__localtv"": 0, ""candidate__ooh"": 17, ""candidate__opentv"": 8, ""candidate__paytv"": 8, ""candidate__print"": 14, ""candidate__radio"": 6, ""candidate__tiktok"": 12, ""candidate__twitter"": 14, ""candidate__youtube"": 14}",PRUNED
282,1710.7567182291211,2026-09-21 11:31:10.138766,2026-09-21 11:31:10.844799,0 days 00:00:00.706033,1,13,15,0,8,0,16,9,7,12,4,11,11,15,"{""candidate__cinema"": 1, ""candidate__digitaldisplayandsearch"": 13, ""candidate__digitalvideo"": 15, ""candidate__facebook"": 0, ""candidate__instagram"": 8, ""candidate__localtv"": 0, ""candidate__ooh"": 16, ""candidate__opentv"": 9, ""candidate__paytv"": 7, ""candidate__print"": 12, ""candidate__radio"": 4, ""candidate__tiktok"": 11, ""candidate__twitter"": 11, ""candidate__youtube"": 15}",COMPLETE
283,1710.7823915329482,2026-09-21 11:31:10.859942,2026-09-21 11:31:11.601227,0 days 00:00:00.741285,2,15,15,0,9,0,16,12,10,13,6,12,15,16,"{""candidate__cinema"": 2, ""candidate__digitaldisplayandsearch"": 15, ""candidate__digitalvideo"": 15, ""candidate__facebook"": 0, ""candidate__instagram"": 9, ""candidate__localtv"": 0, ""candidate__ooh"": 16, ""candidate__opentv"": 12, ""candidate__paytv"": 10, ""candidate__print"": 13, ""candidate__radio"": 6, ""candidate__tiktok"": 12, ""candidate__twitter"": 15, ""candidate__youtube"": 16}",COMPLETE
284,2078.9331749068465,2026-09-21 11:31:11.614488,2026-09-21 11:31:11.950754,0 days 00:00:00.336266,2,16,15,4,7,1,16,9,6,12,4,12,13,14,"{""candidate__cinema"": 2, ""candidate__digitaldisplayandsearch"": 16, ""candidate__digitalvideo"": 15, ""candidate__facebook"": 4, ""candidate__instagram"": 7, ""candidate__localtv"": 1, ""candidate__ooh"": 16, ""candidate__opentv"": 9, ""candidate__paytv"": 6, ""candidate__print"": 12, ""candidate__radio"": 4, ""candidate__tiktok"": 12, ""candidate__twitter"": 13, ""candidate__youtube"": 14}",PRUNED
285,2085.391407319341,2026-09-21 11:31:11.963284,2026-09-21 11:31:12.369207,0 days 00:00:00.405923,0,17,16,3,7,0,15,9,10,13,4,12,14,15,"{""candidate__cinema"": 0, ""candidate__digitaldisplayandsearch"": 17, ""candidate__digitalvideo"": 16, ""candidate__facebook"": 3, ""candidate__instagram"": 7, ""candidate__localtv"": 0, ""candidate__ooh"": 15, ""candidate__opentv"": 9, ""candidate__paytv"": 10, ""candidate__print"": 13, ""candidate__radio"": 4, ""candidate__tiktok"": 12, ""candidate__twitter"": 14, ""candidate__youtube"": 15}",PRUNED
286,2073.362647265773,2026-09-21 11:31:12.382676,2026-09-21 11:31:12.620663,0 days 00:00:00.237987,2,15,15,1,11,0,15,11,7,15,4,13,14,16,"{""candidate__cinema"": 2, ""candidate__digitaldisplayandsearch"": 15, ""candidate__digitalvideo"": 15, ""candidate__facebook"": 1, ""candidate__instagram"": 11, ""candidate__localtv"": 0, ""candidate__ooh"": 15, ""candidate__opentv"": 11, ""candidate__paytv"": 7, ""candidate__print"": 15, ""candidate__radio"": 4, ""candidate__tiktok"": 13, ""candidate__twitter"": 14, ""candidate__youtube"": 16}",PRUNED
287,2080.740520659188,2026-09-21 11:31:12.633601,2026-09-21 11:31:12.914911,0 days 00:00:00.281310,1,14,15,0,9,1,17,9,8,13,3,12,12,16,"{""candidate__cinema"": 1, ""candidate__digitaldisplayandsearch"": 14, ""candidate__digitalvideo"": 15, ""candidate__facebook"": 0, ""candidate__instagram"": 9, ""candidate__localtv"": 1, ""candidate__ooh"": 17, ""candidate__opentv"": 9, ""candidate__paytv"": 8, ""candidate__print"": 13, ""candidate__radio"": 3, ""candidate__tiktok"": 12, ""candidate__twitter"": 12, ""candidate__youtube"": 16}",PRUNED
288,1710.348024318593,2026-09-21 11:31:12.927879,2026-09-21 11:31:13.408915,0 days 00:00:00.481036,1,14,15,2,7,0,16,10,9,13,2,14,15,16,"{""candidate__cinema"": 1, ""candidate__digitaldisplayandsearch"": 14, ""candidate__digitalvideo"": 15, ""candidate__facebook"": 2, ""candidate__instagram"": 7, ""candidate__localtv"": 0, ""candidate__ooh"": 16, ""candidate__opentv"": 10, ""candidate__paytv"": 9, ""candidate__print"": 13, ""candidate__radio"": 2, ""candidate__tiktok"": 14, ""candidate__twitter"": 15, ""candidate__youtube"": 16}",COMPLETE
289,1708.257883385083,2026-09-21 11:31:13.425350,2026-09-21 11:31:14.102570,0 days 00:00:00.677220,0,16,16,0,7,0,16,8,10,11,5,13,16,16,"{""candidate__cinema"": 0, ""candidate__digitaldisplayandsearch"": 16, ""candidate__digitalvideo"": 16, ""candidate__facebook"": 0, ""candidate__instagram"": 7, ""candidate__localtv"": 0, ""candidate__ooh"": 16, ""candidate__opentv"": 8, ""candidate__paytv"": 10, ""candidate__print"": 11, ""candidate__radio"": 5, ""candidate__tiktok"": 13, ""candidate__twitter"": 16, ""candidate__youtube"": 16}",COMPLETE
290,2071.5801595535618,2026-09-21 11:31:14.115819,2026-09-21 11:31:14.376318,0 days 00:00:00.260499,2,14,15,0,8,0,15,9,6,11,4,13,12,16,"{""candidate__cinema"": 2, ""candidate__digitaldisplayandsearch"": 14, ""candidate__digitalvideo"": 15, ""candidate__facebook"": 0, ""candidate__instagram"": 8, ""candidate__localtv"": 0, ""candidate__ooh"": 15, ""candidate__opentv"": 9, ""candidate__paytv"": 6, ""candidate__print"": 11, ""candidate__radio"": 4, ""candidate__tiktok"": 13, ""candidate__twitter"": 12, ""candidate__youtube"": 16}",PRUNED
291,2081.3405768463745,2026-09-21 11:31:14.389874,2026-09-21 11:31:14.665692,0 days 00:00:00.275818,0,15,14,0,7,0,15,10,9,11,3,13,15,16,"{""candidate__cinema"": 0, ""candidate__digitaldisplayandsearch"": 15, ""candidate__digitalvideo"": 14, ""candidate__facebook"": 0, ""candidate__instagram"": 7, ""candidate__localtv"": 0, ""candidate__ooh"": 15, ""candidate__opentv"": 10, ""candidate__paytv"": 9, ""candidate__print"": 11, ""candidate__radio"": 3, ""candidate__tiktok"": 13, ""candidate__twitter"": 15, ""candidate__youtube"": 16}",PRUNED
292,1709.6504345608853,2026-09-21 11:31:14.677752,2026-09-21 11:31:15.147481,0 days 00:00:00.469729,1,15,14,1,7,0,16,8,9,13,2,15,15,16,"{""candidate__cinema"": 1, ""candidate__digitaldisplayandsearch"": 15, ""candidate__digitalvideo"": 14, ""candidate__facebook"": 1, ""candidate__instagram"": 7, ""candidate__localtv"": 0, ""candidate__ooh"": 16, ""candidate__opentv"": 8, ""candidate__paytv"": 9, ""candidate__print"": 13, ""candidate__radio"": 2, ""candidate__tiktok"": 15, ""candidate__twitter"": 15, ""candidate__youtube"": 16}",COMPLETE
293,2076.082980432427,2026-09-21 11:31:15.162376,2026-09-21 11:31:15.439519,0 days 00:00:00.277143,2,14,15,1,8,0,15,10,8,14,5,13,13,16,"{""candidate__cinema"": 2, ""candidate__digitaldisplayandsearch"": 14, ""candidate__digitalvideo"": 15, ""candidate__facebook"": 1, ""candidate__instagram"": 8, ""candidate__localtv"": 0, ""candidate__ooh"": 15, ""candidate__opentv"": 10, ""candidate__paytv"": 8, ""candidate__print"": 14, ""candidate__radio"": 5, ""candidate__tiktok"": 13, ""candidate__twitter"": 13, ""candidate__youtube"": 16}",PRUNED
294,2080.2475701668277,2026-09-21 11:31:15.450853,2026-09-21 11:31:15.710413,0 days 00:00:00.259560,2,16,16,2,9,0,16,8,9,15,6,11,12,15,"{""candidate__cinema"": 2, ""candidate__digitaldisplayandsearch"": 16, ""candidate__digitalvideo"": 16, ""candidate__facebook"": 2, ""candidate__instagram"": 9, ""candidate__localtv"": 0, ""candidate__ooh"": 16, ""candidate__opentv"": 8, ""candidate__paytv"": 9, ""candidate__print"": 15, ""candidate__radio"": 6, ""candidate__tiktok"": 11, ""candidate__twitter"": 12, ""candidate__youtube"": 15}",PRUNED
295,2073.2071620751112,2026-09-21 11:31:15.728816,2026-09-21 11:31:15.969471,0 days 00:00:00.240655,2,14,17,2,7,0,16,9,9,15,7,12,12,15,"{""candidate__cinema"": 2, ""candidate__digitaldisplayandsearch"": 14, ""candidate__digitalvideo"": 17, ""candidate__facebook"": 2, ""candidate__instagram"": 7, ""candidate__localtv"": 0, ""candidate__ooh"": 16, ""candidate__opentv"": 9, ""candidate__paytv"": 9, ""candidate__print"": 15, ""candidate__radio"": 7, ""candidate__tiktok"": 12, ""candidate__twitter"": 12, ""candidate__youtube"": 15}",PRUNED
296,2075.6524382741427,2026-09-21 11:31:15.981325,2026-09-21 11:31:16.234314,0 days 00:00:00.252989,1,16,16,2,8,1,16,9,11,13,6,12,13,16,"{""candidate__cinema"": 1, ""candidate__digitaldisplayandsearch"": 16, ""candidate__digitalvideo"": 16, ""candidate__facebook"": 2, ""candidate__instagram"": 8, ""candidate__localtv"": 1, ""candidate__ooh"": 16, ""candidate__opentv"": 9, ""candidate__paytv"": 11, ""candidate__print"": 13, ""candidate__radio"": 6, ""candidate__tiktok"": 12, ""candidate__twitter"": 13, ""candidate__youtube"": 16}",PRUNED
297,1979.0281077535974,2026-09-21 11:31:16.246159,2026-09-21 11:31:16.617374,0 days 00:00:00.371215,3,13,15,0,10,1,17,11,8,14,3,13,14,16,"{""candidate__cinema"": 3, ""candidate__digitaldisplayandsearch"": 13, ""candidate__digitalvideo"": 15, ""candidate__facebook"": 0, ""candidate__instagram"": 10, ""candidate__localtv"": 1, ""candidate__ooh"": 17, ""candidate__opentv"": 11, ""candidate__paytv"": 8, ""candidate__print"": 14, ""candidate__radio"": 3, ""candidate__tiktok"": 13, ""candidate__twitter"": 14, ""candidate__youtube"": 16}",PRUNED
298,2088.961993102756,2026-09-21 11:31:16.628588,2026-09-21 11:31:16.879739,0 days 00:00:00.251151,1,14,16,2,8,0,15,9,10,13,3,15,15,15,"{""candidate__cinema"": 1, ""candidate__digitaldisplayandsearch"": 14, ""candidate__digitalvideo"": 16, ""candidate__facebook"": 2, ""candidate__instagram"": 8, ""candidate__localtv"": 0, ""candidate__ooh"": 15, ""candidate__opentv"": 9, ""candidate__paytv"": 10, ""candidate__print"": 13, ""candidate__radio"": 3, ""candidate__tiktok"": 15, ""candidate__twitter"": 15, ""candidate__youtube"": 15}",PRUNED
299,1707.106341751596,2026-09-21 11:31:16.893810,2026-09-21 11:31:17.415129,0 days 00:00:00.521319,1,15,15,1,8,0,16,11,9,12,4,12,12,16,"{""candidate__cinema"": 1, ""candidate__digitaldisplayandsearch"": 15, ""candidate__digitalvideo"": 15, ""candidate__facebook"": 1, ""candidate__instagram"": 8, ""candidate__localtv"": 0, ""candidate__ooh"": 16, ""candidate__opentv"": 11, ""candidate__paytv"": 9, ""candidate__print"": 12, ""candidate__radio"": 4, ""candidate__tiktok"": 12, ""candidate__twitter"": 12, ""candidate__youtube"": 16}",COMPLETE
300,1713.0949063221005,2026-09-21 11:31:17.429646,2026-09-21 11:31:17.928990,0 days 00:00:00.499344,0,14,15,0,7,0,16,9,9,13,3,13,16,17,"{""candidate__cinema"": 0, ""candidate__digitaldisplayandsearch"": 14, ""candidate__digitalvideo"": 15, ""candidate__facebook"": 0, ""candidate__instagram"": 7, ""candidate__localtv"": 0, ""candidate__ooh"": 16, ""candidate__opentv"": 9, ""candidate__paytv"": 9, ""candidate__print"": 13, ""candidate__radio"": 3, ""candidate__tiktok"": 13, ""candidate__twitter"": 16, ""candidate__youtube"": 17}",COMPLETE
301,1708.235550008203,2026-09-21 11:31:17.944663,2026-09-21 11:31:18.452040,0 days 00:00:00.507377,0,17,16,3,7,0,16,9,10,14,4,14,13,15,"{""candidate__cinema"": 0, ""candidate__digitaldisplayandsearch"": 17, ""candidate__digitalvideo"": 16, ""candidate__facebook"": 3, ""candidate__instagram"": 7, ""candidate__localtv"": 0, ""candidate__ooh"": 16, ""candidate__opentv"": 9, ""candidate__paytv"": 10, ""candidate__print"": 14, ""candidate__radio"": 4, ""candidate__tiktok"": 14, ""candidate__twitter"": 13, ""candidate__youtube"": 15}",COMPLETE
302,1707.106341751596,2026-09-21 11:31:18.467572,2026-09-21 11:31:19.596281,0 days 00:00:01.128709,1,15,15,1,8,0,16,11,9,12,4,12,11,16,"{""candidate__cinema"": 1, ""candidate__digitaldisplayandsearch"": 15, ""candidate__digitalvideo"": 15, ""candidate__facebook"": 1, ""candidate__instagram"": 8, ""candidate__localtv"": 0, ""candidate__ooh"": 16, ""candidate__opentv"": 11, ""candidate__paytv"": 9, ""candidate__print"": 12, ""candidate__radio"": 4, ""candidate__tiktok"": 12, ""candidate__twitter"": 11, ""candidate__youtube"": 16}",COMPLETE
303,1710.0010984507887,2026-09-21 11:31:19.610634,2026-09-21 11:31:20.096017,0 days 00:00:00.485383,1,14,15,2,10,0,16,12,9,14,5,13,13,16,"{""candidate__cinema"": 1, ""candidate__digitaldisplayandsearch"": 14, ""candidate__digitalvideo"": 15, ""candidate__facebook"": 2, ""candidate__instagram"": 10, ""candidate__localtv"": 0, ""candidate__ooh"": 16, ""candidate__opentv"": 12, ""candidate__paytv"": 9, ""candidate__print"": 14, ""candidate__radio"": 5, ""candidate__tiktok"": 13, ""candidate__twitter"": 13, ""candidate__youtube"": 16}",COMPLETE
304,1707.8414925218156,2026-09-21 11:31:20.112082,2026-09-21 11:31:20.597787,0 days 00:00:00.485705,1,16,16,3,7,0,16,9,9,13,5,14,13,15,"{""candidate__cinema"": 1, ""candidate__digitaldisplayandsearch"": 16, ""candidate__digitalvideo"": 16, ""candidate__facebook"": 3, ""candidate__instagram"": 7, ""candidate__localtv"": 0, ""candidate__ooh"": 16, ""candidate__opentv"": 9, ""candidate__paytv"": 9, ""candidate__print"": 13, ""candidate__radio"": 5, ""candidate__tiktok"": 14, ""candidate__twitter"": 13, ""candidate__youtube"": 15}",COMPLETE
305,2071.0406360471807,2026-09-21 11:31:20.613090,2026-09-21 11:31:20.875717,0 days 00:00:00.262627,1,15,15,1,8,1,17,11,9,13,4,13,11,16,"{""candidate__cinema"": 1, ""candidate__digitaldisplayandsearch"": 15, ""candidate__digitalvideo"": 15, ""candidate__facebook"": 1, ""candidate__instagram"": 8, ""candidate__localtv"": 1, ""candidate__ooh"": 17, ""candidate__opentv"": 11, ""candidate__paytv"": 9, ""candidate__print"": 13, ""candidate__radio"": 4, ""candidate__tiktok"": 13, ""candidate__twitter"": 11, ""candidate__youtube"": 16}",PRUNED
306,1710.4968195899048,2026-09-21 11:31:20.887742,2026-09-21 11:31:21.364419,0 days 00:00:00.476677,0,16,15,1,9,0,16,10,10,12,4,12,12,16,"{""candidate__cinema"": 0, ""candidate__digitaldisplayandsearch"": 16, ""candidate__digitalvideo"": 15, ""candidate__facebook"": 1, ""candidate__instagram"": 9, ""candidate__localtv"": 0, ""candidate__ooh"": 16, ""candidate__opentv"": 10, ""candidate__paytv"": 10, ""candidate__print"": 12, ""candidate__radio"": 4, ""candidate__tiktok"": 12, ""candidate__twitter"": 12, ""candidate__youtube"": 16}",COMPLETE
307,2070.7845463582107,2026-09-21 11:31:21.378930,2026-09-21 11:31:21.645355,0 days 00:00:00.266425,2,17,17,1,9,0,16,9,9,14,5,12,15,16,"{""candidate__cinema"": 2, ""candidate__digitaldisplayandsearch"": 17, ""candidate__digitalvideo"": 17, ""candidate__facebook"": 1, ""candidate__instagram"": 9, ""candidate__localtv"": 0, ""candidate__ooh"": 16, ""candidate__opentv"": 9, ""candidate__paytv"": 9, ""candidate__print"": 14, ""candidate__radio"": 5, ""candidate__tiktok"": 12, ""candidate__twitter"": 15, ""candidate__youtube"": 16}",PRUNED
308,1714.9154205221564,2026-09-21 11:31:21.660941,2026-09-21 11:31:22.143277,0 days 00:00:00.482336,1,15,15,1,11,0,16,12,9,14,6,13,15,14,"{""candidate__cinema"": 1, ""candidate__digitaldisplayandsearch"": 15, ""candidate__digitalvideo"": 15, ""candidate__facebook"": 1, ""candidate__instagram"": 11, ""candidate__localtv"": 0, ""candidate__ooh"": 16, ""candidate__opentv"": 12, ""candidate__paytv"": 9, ""candidate__print"": 14, ""candidate__radio"": 6, ""candidate__tiktok"": 13, ""candidate__twitter"": 15, ""candidate__youtube"": 14}",PRUNED
309,2090.889065760723,2026-09-21 11:31:22.157907,2026-09-21 11:31:22.425450,0 days 00:00:00.267543,1,15,14,2,9,1,16,11,10,12,4,11,12,16,"{""candidate__cinema"": 1, ""candidate__digitaldisplayandsearch"": 15, ""candidate__digitalvideo"": 14, ""candidate__facebook"": 2, ""candidate__instagram"": 9, ""candidate__localtv"": 1, ""candidate__ooh"": 16, ""candidate__opentv"": 11, ""candidate__paytv"": 10, ""candidate__print"": 12, ""candidate__radio"": 4, ""candidate__tiktok"": 11, ""candidate__twitter"": 12, ""candidate__youtube"": 16}",PRUNED
310,2086.1597537707685,2026-09-21 11:31:22.439993,2026-09-21 11:31:22.707218,0 days 00:00:00.267225,1,15,15,2,8,0,15,11,9,12,4,13,11,17,"{""candidate__cinema"": 1, ""candidate__digitaldisplayandsearch"": 15, ""candidate__digitalvideo"": 15, ""candidate__facebook"": 2, ""candidate__instagram"": 8, ""candidate__localtv"": 0, ""candidate__ooh"": 15, ""candidate__opentv"": 11, ""candidate__paytv"": 9, ""candidate__print"": 12, ""candidate__radio"": 4, ""candidate__tiktok"": 13, ""candidate__twitter"": 11, ""candidate__youtube"": 17}",PRUNED
311,2097.2678061973734,2026-09-21 11:31:22.722293,2026-09-21 11:31:22.985995,0 days 00:00:00.263702,3,15,16,0,9,0,15,11,9,15,6,13,15,15,"{""candidate__cinema"": 3, ""candidate__digitaldisplayandsearch"": 15, ""candidate__digitalvideo"": 16, ""candidate__facebook"": 0, ""candidate__instagram"": 9, ""candidate__localtv"": 0, ""candidate__ooh"": 15, ""candidate__opentv"": 11, ""candidate__paytv"": 9, ""candidate__print"": 15, ""candidate__radio"": 6, ""candidate__tiktok"": 13, ""candidate__twitter"": 15, ""candidate__youtube"": 15}",PRUNED
312,1709.241199627505,2026-09-21 11:31:22.999913,2026-09-21 11:31:23.509880,0 days 00:00:00.509967,1,16,14,1,10,0,16,11,8,13,5,14,14,16,"{""candidate__cinema"": 1, ""candidate__digitaldisplayandsearch"": 16, ""candidate__digitalvideo"": 14, ""candidate__facebook"": 1, ""candidate__instagram"": 10, ""candidate__localtv"": 0, ""candidate__ooh"": 16, ""candidate__opentv"": 11, ""candidate__paytv"": 8, ""candidate__print"": 13, ""candidate__radio"": 5, ""candidate__tiktok"": 14, ""candidate__twitter"": 14, ""candidate__youtube"": 16}",COMPLETE
313,1710.5460531640308,2026-09-21 11:31:23.524766,2026-09-21 11:31:24.005024,0 days 00:00:00.480258,1,14,15,1,7,0,17,9,10,14,3,16,14,16,"{""candidate__cinema"": 1, ""candidate__digitaldisplayandsearch"": 14, ""candidate__digitalvideo"": 15, ""candidate__facebook"": 1, ""candidate__instagram"": 7, ""candidate__localtv"": 0, ""candidate__ooh"": 17, ""candidate__opentv"": 9, ""candidate__paytv"": 10, ""candidate__print"": 14, ""candidate__radio"": 3, ""candidate__tiktok"": 16, ""candidate__twitter"": 14, ""candidate__youtube"": 16}",COMPLETE
314,1978.4716727531854,2026-09-21 11:31:24.017703,2026-09-21 11:31:24.400630,0 days 00:00:00.382927,5,15,16,1,10,0,17,11,9,14,5,13,15,17,"{""candidate__cinema"": 5, ""candidate__digitaldisplayandsearch"": 15, ""candidate__digitalvideo"": 16, ""candidate__facebook"": 1, ""candidate__instagram"": 10, ""candidate__localtv"": 0, ""candidate__ooh"": 17, ""candidate__opentv"": 11, ""candidate__paytv"": 9, ""candidate__print"": 14, ""candidate__radio"": 5, ""candidate__tiktok"": 13, ""candidate__twitter"": 15, ""candidate__youtube"": 17}",PRUNED
315,1715.2012369623853,2026-09-21 11:31:24.415212,2026-09-21 11:31:24.873097,0 days 00:00:00.457885,3,12,15,1,10,0,16,10,7,14,1,12,14,17,"{""candidate__cinema"": 3, ""candidate__digitaldisplayandsearch"": 12, ""candidate__digitalvideo"": 15, ""candidate__facebook"": 1, ""candidate__instagram"": 10, ""candidate__localtv"": 0, ""candidate__ooh"": 16, ""candidate__opentv"": 10, ""candidate__paytv"": 7, ""candidate__print"": 14, ""candidate__radio"": 1, ""candidate__tiktok"": 12, ""candidate__twitter"": 14, ""candidate__youtube"": 17}",PRUNED
316,2082.4057827735355,2026-09-21 11:31:24.884843,2026-09-21 11:31:25.126640,0 days 00:00:00.241797,0,15,15,3,7,0,15,8,8,12,6,12,13,15,"{""candidate__cinema"": 0, ""candidate__digitaldisplayandsearch"": 15, ""candidate__digitalvideo"": 15, ""candidate__facebook"": 3, ""candidate__instagram"": 7, ""candidate__localtv"": 0, ""candidate__ooh"": 15, ""candidate__opentv"": 8, ""candidate__paytv"": 8, ""candidate__print"": 12, ""candidate__radio"": 6, ""candidate__tiktok"": 12, ""candidate__twitter"": 13, ""candidate__youtube"": 15}",PRUNED
317,2073.532543219505,2026-09-21 11:31:25.138611,2026-09-21 11:31:25.403899,0 days 00:00:00.265288,1,15,15,0,9,0,16,11,9,12,4,11,13,15,"{""candidate__cinema"": 1, ""candidate__digitaldisplayandsearch"": 15, ""candidate__digitalvideo"": 15, ""candidate__facebook"": 0, ""candidate__instagram"": 9, ""candidate__localtv"": 0, ""candidate__ooh"": 16, ""candidate__opentv"": 11, ""candidate__paytv"": 9, ""candidate__print"": 12, ""candidate__radio"": 4, ""candidate__tiktok"": 11, ""candidate__twitter"": 13, ""candidate__youtube"": 15}",PRUNED
318,1711.5994096271163,2026-09-21 11:31:25.416202,2026-09-21 11:31:25.872496,0 days 00:00:00.456294,2,15,16,3,8,0,16,9,9,15,6,13,13,14,"{""candidate__cinema"": 2, ""candidate__digitaldisplayandsearch"": 15, ""candidate__digitalvideo"": 16, ""candidate__facebook"": 3, ""candidate__instagram"": 8, ""candidate__localtv"": 0, ""candidate__ooh"": 16, ""candidate__opentv"": 9, ""candidate__paytv"": 9, ""candidate__print"": 15, ""candidate__radio"": 6, ""candidate__tiktok"": 13, ""candidate__twitter"": 13, ""candidate__youtube"": 14}",COMPLETE
