number,value,datetime_start,datetime_complete,duration,params_candidate__cinema,params_candidate__digitaldisplayandsearch,params_candidate__digitalvideo,params_candidate__facebook,params_candidate__instagram,params_candidate__localtv,params_candidate__ooh,params_candidate__opentv,params_candidate__paytv,params_candidate__print,params_candidate__radio,params_candidate__tiktok,params_candidate__twitter,params_candidate__youtube,system_attrs_tpe:relative_params:0,state
1099,1704.8093501656476,2026-09-21 11:38:43.680728,2026-09-21 11:38:44.476558,0 days 00:00:00.795830,4,16,15,1,13,0,16,7,11,12,5,12,13,15,"{""candidate__cinema"": 4, ""candidate__digitaldisplayandsearch"": 16, ""candidate__digitalvideo"": 15, ""candidate__facebook"": 1, ""candidate__instagram"": 13, ""candidate__localtv"": 0, ""candidate__ooh"": 16, ""candidate__opentv"": 7, ""candidate__paytv"": 11, ""candidate__print"": 12, ""candidate__radio"": 5, ""candidate__tiktok"": 12, ""candidate__twitter"": 13, ""candidate__youtube"": 15}",COMPLETE
1100,2073.4293199730782,2026-09-21 11:38:44.502228,2026-09-21 11:38:44.917007,0 days 00:00:00.414779,1,15,15,1,9,0,16,3,5,13,4,12,14,15,"{""candidate__cinema"": 1, ""candidate__digitaldisplayandsearch"": 15, ""candidate__digitalvideo"": 15, ""candidate__facebook"": 1, ""candidate__instagram"": 9, ""candidate__localtv"": 0, ""candidate__ooh"": 16, ""candidate__opentv"": 3, ""candidate__paytv"": 5, ""candidate__print"": 13, ""candidate__radio"": 4, ""candidate__tiktok"": 12, ""candidate__twitter"": 14, ""candidate__youtube"": 15}",PRUNED
1101,1707.886232023584,2026-09-21 11:38:44.938218,2026-09-21 11:38:45.656185,0 days 00:00:00.717967,4,11,15,1,14,0,17,7,7,13,5,13,15,15,"{""candidate__cinema"": 4, ""candidate__digitaldisplayandsearch"": 11, ""candidate__digitalvideo"": 15, ""candidate__facebook"": 1, ""candidate__instagram"": 14, ""candidate__localtv"": 0, ""candidate__ooh"": 17, ""candidate__opentv"": 7, ""candidate__paytv"": 7, ""candidate__print"": 13, ""candidate__radio"": 5, ""candidate__tiktok"": 13, ""candidate__twitter"": 15, ""candidate__youtube"": 15}",COMPLETE
1102,2074.0046408495114,2026-09-21 11:38:45.678889,2026-09-21 11:38:46.148404,0 days 00:00:00.469515,4,11,15,0,13,1,17,9,8,13,5,13,14,15,"{""candidate__cinema"": 4, ""candidate__digitaldisplayandsearch"": 11, ""candidate__digitalvideo"": 15, ""candidate__facebook"": 0, ""candidate__instagram"": 13, ""candidate__localtv"": 1, ""candidate__ooh"": 17, ""candidate__opentv"": 9, ""candidate__paytv"": 8, ""candidate__print"": 13, ""candidate__radio"": 5, ""candidate__tiktok"": 13, ""candidate__twitter"": 14, ""candidate__youtube"": 15}",PRUNED
1103,2060.6726814064573,2026-09-21 11:38:46.175313,2026-09-21 11:38:46.563506,0 days 00:00:00.388193,3,17,15,1,12,0,16,11,4,11,5,12,13,15,"{""candidate__cinema"": 3, ""candidate__digitaldisplayandsearch"": 17, ""candidate__digitalvideo"": 15, ""candidate__facebook"": 1, ""candidate__instagram"": 12, ""candidate__localtv"": 0, ""candidate__ooh"": 16, ""candidate__opentv"": 11, ""candidate__paytv"": 4, ""candidate__print"": 11, ""candidate__radio"": 5, ""candidate__tiktok"": 12, ""candidate__twitter"": 13, ""candidate__youtube"": 15}",PRUNED
1104,1971.8164299166024,2026-09-21 11:38:46.582362,2026-09-21 11:38:47.113155,0 days 00:00:00.530793,4,15,15,1,10,0,16,8,8,13,6,9,16,14,"{""candidate__cinema"": 4, ""candidate__digitaldisplayandsearch"": 15, ""candidate__digitalvideo"": 15, ""candidate__facebook"": 1, ""candidate__instagram"": 10, ""candidate__localtv"": 0, ""candidate__ooh"": 16, ""candidate__opentv"": 8, ""candidate__paytv"": 8, ""candidate__print"": 13, ""candidate__radio"": 6, ""candidate__tiktok"": 9, ""candidate__twitter"": 16, ""candidate__youtube"": 14}",PRUNED
1105,2088.8623363018023,2026-09-21 11:38:47.133348,2026-09-21 11:38:47.541107,0 days 00:00:00.407759,3,13,17,0,15,1,16,9,10,14,6,12,14,15,"{""candidate__cinema"": 3, ""candidate__digitaldisplayandsearch"": 13, ""candidate__digitalvideo"": 17, ""candidate__facebook"": 0, ""candidate__instagram"": 15, ""candidate__localtv"": 1, ""candidate__ooh"": 16, ""candidate__opentv"": 9, ""candidate__paytv"": 10, ""candidate__print"": 14, ""candidate__radio"": 6, ""candidate__tiktok"": 12, ""candidate__twitter"": 14, ""candidate__youtube"": 15}",PRUNED
1106,2064.4811573697984,2026-09-21 11:38:47.562325,2026-09-21 11:38:47.962728,0 days 00:00:00.400403,5,17,16,2,13,0,16,10,13,13,8,13,13,15,"{""candidate__cinema"": 5, ""candidate__digitaldisplayandsearch"": 17, ""candidate__digitalvideo"": 16, ""candidate__facebook"": 2, ""candidate__instagram"": 13, ""candidate__localtv"": 0, ""candidate__ooh"": 16, ""candidate__opentv"": 10, ""candidate__paytv"": 13, ""candidate__print"": 13, ""candidate__radio"": 8, ""candidate__tiktok"": 13, ""candidate__twitter"": 13, ""candidate__youtube"": 15}",PRUNED
1107,2061.567185545533,2026-09-21 11:38:48.231726,2026-09-21 11:38:48.614193,0 days 00:00:00.382467,4,13,16,2,13,0,16,6,8,13,5,12,14,15,"{""candidate__cinema"": 4, ""candidate__digitaldisplayandsearch"": 13, ""candidate__digitalvideo"": 16, ""candidate__facebook"": 2, ""candidate__instagram"": 13, ""candidate__localtv"": 0, ""candidate__ooh"": 16, ""candidate__opentv"": 6, ""candidate__paytv"": 8, ""candidate__print"": 13, ""candidate__radio"": 5, ""candidate__tiktok"": 12, ""candidate__twitter"": 14, ""candidate__youtube"": 15}",PRUNED
1108,2064.1754055117435,2026-09-21 11:38:48.634415,2026-09-21 11:38:49.101443,0 days 00:00:00.467028,5,14,15,1,13,1,16,9,11,14,4,14,11,16,"{""candidate__cinema"": 5, ""candidate__digitaldisplayandsearch"": 14, ""candidate__digitalvideo"": 15, ""candidate__facebook"": 1, ""candidate__instagram"": 13, ""candidate__localtv"": 1, ""candidate__ooh"": 16, ""candidate__opentv"": 9, ""candidate__paytv"": 11, ""candidate__print"": 14, ""candidate__radio"": 4, ""candidate__tiktok"": 14, ""candidate__twitter"": 11, ""candidate__youtube"": 16}",PRUNED
1109,2063.190171800927,2026-09-21 11:38:49.118581,2026-09-21 11:38:49.524280,0 days 00:00:00.405699,5,13,14,0,13,0,17,8,10,12,3,13,13,15,"{""candidate__cinema"": 5, ""candidate__digitaldisplayandsearch"": 13, ""candidate__digitalvideo"": 14, ""candidate__facebook"": 0, ""candidate__instagram"": 13, ""candidate__localtv"": 0, ""candidate__ooh"": 17, ""candidate__opentv"": 8, ""candidate__paytv"": 10, ""candidate__print"": 12, ""candidate__radio"": 3, ""candidate__tiktok"": 13, ""candidate__twitter"": 13, ""candidate__youtube"": 15}",PRUNED
1110,2072.711102304036,2026-09-21 11:38:49.543988,2026-09-21 11:38:49.946676,0 days 00:00:00.402688,7,12,15,1,13,1,16,8,7,12,4,13,15,15,"{""candidate__cinema"": 7, ""candidate__digitaldisplayandsearch"": 12, ""candidate__digitalvideo"": 15, ""candidate__facebook"": 1, ""candidate__instagram"": 13, ""candidate__localtv"": 1, ""candidate__ooh"": 16, ""candidate__opentv"": 8, ""candidate__paytv"": 7, ""candidate__print"": 12, ""candidate__radio"": 4, ""candidate__tiktok"": 13, ""candidate__twitter"": 15, ""candidate__youtube"": 15}",PRUNED
1111,2064.243676140634,2026-09-21 11:38:49.969939,2026-09-21 11:38:50.350108,0 days 00:00:00.380169,4,16,16,1,12,0,16,9,11,12,6,13,12,15,"{""candidate__cinema"": 4, ""candidate__digitaldisplayandsearch"": 16, ""candidate__digitalvideo"": 16, ""candidate__facebook"": 1, ""candidate__instagram"": 12, ""candidate__localtv"": 0, ""candidate__ooh"": 16, ""candidate__opentv"": 9, ""candidate__paytv"": 11, ""candidate__print"": 12, ""candidate__radio"": 6, ""candidate__tiktok"": 13, ""candidate__twitter"": 12, ""candidate__youtube"": 15}",PRUNED
1112,2081.9188380104874,2026-09-21 11:38:50.368276,2026-09-21 11:38:50.786741,0 days 00:00:00.418465,4,15,16,0,8,0,15,11,9,13,8,9,17,15,"{""candidate__cinema"": 4, ""candidate__digitaldisplayandsearch"": 15, ""candidate__digitalvideo"": 16, ""candidate__facebook"": 0, ""candidate__instagram"": 8, ""candidate__localtv"": 0, ""candidate__ooh"": 15, ""candidate__opentv"": 11, ""candidate__paytv"": 9, ""candidate__print"": 13, ""candidate__radio"": 8, ""candidate__tiktok"": 9, ""candidate__twitter"": 17, ""candidate__youtube"": 15}",PRUNED
1113,1706.011775745781,2026-09-21 11:38:50.808036,2026-09-21 11:38:51.544347,0 days 00:00:00.736311,3,17,16,1,14,0,16,7,12,13,8,12,13,15,"{""candidate__cinema"": 3, ""candidate__digitaldisplayandsearch"": 17, ""candidate__digitalvideo"": 16, ""candidate__facebook"": 1, ""candidate__instagram"": 14, ""candidate__localtv"": 0, ""candidate__ooh"": 16, ""candidate__opentv"": 7, ""candidate__paytv"": 12, ""candidate__print"": 13, ""candidate__radio"": 8, ""candidate__tiktok"": 12, ""candidate__twitter"": 13, ""candidate__youtube"": 15}",COMPLETE
1114,1708.3575428981412,2026-09-21 11:38:51.565521,2026-09-21 11:38:52.225996,0 days 00:00:00.660475,4,15,17,1,16,0,16,9,9,13,4,13,14,16,"{""candidate__cinema"": 4, ""candidate__digitaldisplayandsearch"": 15, ""candidate__digitalvideo"": 17, ""candidate__facebook"": 1, ""candidate__instagram"": 16, ""candidate__localtv"": 0, ""candidate__ooh"": 16, ""candidate__opentv"": 9, ""candidate__paytv"": 9, ""candidate__print"": 13, ""candidate__radio"": 4, ""candidate__tiktok"": 13, ""candidate__twitter"": 14, ""candidate__youtube"": 16}",COMPLETE
1115,2072.8660160631557,2026-09-21 11:38:52.248424,2026-09-21 11:38:52.692214,0 days 00:00:00.443790,3,17,15,0,10,1,17,10,8,13,4,10,14,15,"{""candidate__cinema"": 3, ""candidate__digitaldisplayandsearch"": 17, ""candidate__digitalvideo"": 15, ""candidate__facebook"": 0, ""candidate__instagram"": 10, ""candidate__localtv"": 1, ""candidate__ooh"": 17, ""candidate__opentv"": 10, ""candidate__paytv"": 8, ""candidate__print"": 13, ""candidate__radio"": 4, ""candidate__tiktok"": 10, ""candidate__twitter"": 14, ""candidate__youtube"": 15}",PRUNED
1116,1706.810178231257,2026-09-21 11:38:52.725164,2026-09-21 11:38:53.677355,0 days 00:00:00.952191,3,11,16,1,13,0,16,9,6,13,4,13,12,16,"{""candidate__cinema"": 3, ""candidate__digitaldisplayandsearch"": 11, ""candidate__digitalvideo"": 16, ""candidate__facebook"": 1, ""candidate__instagram"": 13, ""candidate__localtv"": 0, ""candidate__ooh"": 16, ""candidate__opentv"": 9, ""candidate__paytv"": 6, ""candidate__print"": 13, ""candidate__radio"": 4, ""candidate__tiktok"": 13, ""candidate__twitter"": 12, ""candidate__youtube"": 16}",COMPLETE
1117,2058.851655570456,2026-09-21 11:38:53.700218,2026-09-21 11:38:54.109429,0 days 00:00:00.409211,4,17,16,1,13,0,16,8,13,13,6,11,13,14,"{""candidate__cinema"": 4, ""candidate__digitaldisplayandsearch"": 17, ""candidate__digitalvideo"": 16, ""candidate__facebook"": 1, ""candidate__instagram"": 13, ""candidate__localtv"": 0, ""candidate__ooh"": 16, ""candidate__opentv"": 8, ""candidate__paytv"": 13, ""candidate__print"": 13, ""candidate__radio"": 6, ""candidate__tiktok"": 11, ""candidate__twitter"": 13, ""candidate__youtube"": 14}",PRUNED
1118,2072.950115909233,2026-09-21 11:38:54.133995,2026-09-21 11:38:54.562650,0 days 00:00:00.428655,4,15,15,1,10,1,16,13,9,13,5,9,17,15,"{""candidate__cinema"": 4, ""candidate__digitaldisplayandsearch"": 15, ""candidate__digitalvideo"": 15, ""candidate__facebook"": 1, ""candidate__instagram"": 10, ""candidate__localtv"": 1, ""candidate__ooh"": 16, ""candidate__opentv"": 13, ""candidate__paytv"": 9, ""candidate__print"": 13, ""candidate__radio"": 5, ""candidate__tiktok"": 9, ""candidate__twitter"": 17, ""candidate__youtube"": 15}",PRUNED
1119,1709.043518965255,2026-09-21 11:38:54.590177,2026-09-21 11:38:55.348220,0 days 00:00:00.758043,6,14,15,0,13,0,16,9,9,13,4,13,13,14,"{""candidate__cinema"": 6, ""candidate__digitaldisplayandsearch"": 14, ""candidate__digitalvideo"": 15, ""candidate__facebook"": 0, ""candidate__instagram"": 13, ""candidate__localtv"": 0, ""candidate__ooh"": 16, ""candidate__opentv"": 9, ""candidate__paytv"": 9, ""candidate__print"": 13, ""candidate__radio"": 4, ""candidate__tiktok"": 13, ""candidate__twitter"": 13, ""candidate__youtube"": 14}",PRUNED
1120,2060.94660354096,2026-09-21 11:38:55.368868,2026-09-21 11:38:55.763308,0 days 00:00:00.394440,4,15,15,1,8,0,16,11,8,11,5,16,13,14,"{""candidate__cinema"": 4, ""candidate__digitaldisplayandsearch"": 15, ""candidate__digitalvideo"": 15, ""candidate__facebook"": 1, ""candidate__instagram"": 8, ""candidate__localtv"": 0, ""candidate__ooh"": 16, ""candidate__opentv"": 11, ""candidate__paytv"": 8, ""candidate__print"": 11, ""candidate__radio"": 5, ""candidate__tiktok"": 16, ""candidate__twitter"": 13, ""candidate__youtube"": 14}",PRUNED
1121,2060.103079838194,2026-09-21 11:38:55.786216,2026-09-21 11:38:56.120629,0 days 00:00:00.334413,4,16,15,1,12,0,16,11,8,12,5,15,14,15,"{""candidate__cinema"": 4, ""candidate__digitaldisplayandsearch"": 16, ""candidate__digitalvideo"": 15, ""candidate__facebook"": 1, ""candidate__instagram"": 12, ""candidate__localtv"": 0, ""candidate__ooh"": 16, ""candidate__opentv"": 11, ""candidate__paytv"": 8, ""candidate__print"": 12, ""candidate__radio"": 5, ""candidate__tiktok"": 15, ""candidate__twitter"": 14, ""candidate__youtube"": 15}",PRUNED
1122,2070.7352633648993,2026-09-21 11:38:56.140958,2026-09-21 11:38:56.549044,0 days 00:00:00.408086,4,14,15,1,13,0,15,8,9,11,4,13,12,16,"{""candidate__cinema"": 4, ""candidate__digitaldisplayandsearch"": 14, ""candidate__digitalvideo"": 15, ""candidate__facebook"": 1, ""candidate__instagram"": 13, ""candidate__localtv"": 0, ""candidate__ooh"": 15, ""candidate__opentv"": 8, ""candidate__paytv"": 9, ""candidate__print"": 11, ""candidate__radio"": 4, ""candidate__tiktok"": 13, ""candidate__twitter"": 12, ""candidate__youtube"": 16}",PRUNED
1123,2076.7607604285145,2026-09-21 11:38:56.568651,2026-09-21 11:38:56.998791,0 days 00:00:00.430140,7,13,15,1,13,1,17,7,7,14,3,13,15,15,"{""candidate__cinema"": 7, ""candidate__digitaldisplayandsearch"": 13, ""candidate__digitalvideo"": 15, ""candidate__facebook"": 1, ""candidate__instagram"": 13, ""candidate__localtv"": 1, ""candidate__ooh"": 17, ""candidate__opentv"": 7, ""candidate__paytv"": 7, ""candidate__print"": 14, ""candidate__radio"": 3, ""candidate__tiktok"": 13, ""candidate__twitter"": 15, ""candidate__youtube"": 15}",PRUNED
1124,2061.55288523986,2026-09-21 11:38:57.019213,2026-09-21 11:38:57.525074,0 days 00:00:00.505861,4,15,16,1,13,0,17,8,12,13,7,14,13,15,"{""candidate__cinema"": 4, ""candidate__digitaldisplayandsearch"": 15, ""candidate__digitalvideo"": 16, ""candidate__facebook"": 1, ""candidate__instagram"": 13, ""candidate__localtv"": 0, ""candidate__ooh"": 17, ""candidate__opentv"": 8, ""candidate__paytv"": 12, ""candidate__print"": 13, ""candidate__radio"": 7, ""candidate__tiktok"": 14, ""candidate__twitter"": 13, ""candidate__youtube"": 15}",PRUNED
1125,2092.592992303701,2026-09-21 11:38:57.544047,2026-09-21 11:38:57.898836,0 days 00:00:00.354789,4,12,16,1,14,1,15,9,8,13,3,13,12,15,"{""candidate__cinema"": 4, ""candidate__digitaldisplayandsearch"": 12, ""candidate__digitalvideo"": 16, ""candidate__facebook"": 1, ""candidate__instagram"": 14, ""candidate__localtv"": 1, ""candidate__ooh"": 15, ""candidate__opentv"": 9, ""candidate__paytv"": 8, ""candidate__print"": 13, ""candidate__radio"": 3, ""candidate__tiktok"": 13, ""candidate__twitter"": 12, ""candidate__youtube"": 15}",PRUNED
1126,1970.6805904115927,2026-09-21 11:38:57.919219,2026-09-21 11:38:58.438242,0 days 00:00:00.519023,5,15,16,0,10,0,16,11,8,11,5,16,14,15,"{""candidate__cinema"": 5, ""candidate__digitaldisplayandsearch"": 15, ""candidate__digitalvideo"": 16, ""candidate__facebook"": 0, ""candidate__instagram"": 10, ""candidate__localtv"": 0, ""candidate__ooh"": 16, ""candidate__opentv"": 11, ""candidate__paytv"": 8, ""candidate__print"": 11, ""candidate__radio"": 5, ""candidate__tiktok"": 16, ""candidate__twitter"": 14, ""candidate__youtube"": 15}",PRUNED
1127,2062.846319057222,2026-09-21 11:38:58.460490,2026-09-21 11:38:59.096415,0 days 00:00:00.635925,3,15,14,1,10,0,16,11,7,11,5,13,15,14,"{""candidate__cinema"": 3, ""candidate__digitaldisplayandsearch"": 15, ""candidate__digitalvideo"": 14, ""candidate__facebook"": 1, ""candidate__instagram"": 10, ""candidate__localtv"": 0, ""candidate__ooh"": 16, ""candidate__opentv"": 11, ""candidate__paytv"": 7, ""candidate__print"": 11, ""candidate__radio"": 5, ""candidate__tiktok"": 13, ""candidate__twitter"": 15, ""candidate__youtube"": 14}",PRUNED
1128,2060.6844029547865,2026-09-21 11:38:59.115839,2026-09-21 11:38:59.524018,0 days 00:00:00.408179,6,14,15,2,13,0,17,7,7,13,5,13,15,15,"{""candidate__cinema"": 6, ""candidate__digitaldisplayandsearch"": 14, ""candidate__digitalvideo"": 15, ""candidate__facebook"": 2, ""candidate__instagram"": 13, ""candidate__localtv"": 0, ""candidate__ooh"": 17, ""candidate__opentv"": 7, ""candidate__paytv"": 7, ""candidate__print"": 13, ""candidate__radio"": 5, ""candidate__tiktok"": 13, ""candidate__twitter"": 15, ""candidate__youtube"": 15}",PRUNED
1129,2064.6724562987342,2026-09-21 11:38:59.546875,2026-09-21 11:38:59.979201,0 days 00:00:00.432326,4,13,16,1,17,0,16,10,9,14,6,12,15,14,"{""candidate__cinema"": 4, ""candidate__digitaldisplayandsearch"": 13, ""candidate__digitalvideo"": 16, ""candidate__facebook"": 1, ""candidate__instagram"": 17, ""candidate__localtv"": 0, ""candidate__ooh"": 16, ""candidate__opentv"": 10, ""candidate__paytv"": 9, ""candidate__print"": 14, ""candidate__radio"": 6, ""candidate__tiktok"": 12, ""candidate__twitter"": 15, ""candidate__youtube"": 14}",PRUNED
1130,2064.2625082103846,2026-09-21 11:38:59.999802,2026-09-21 11:39:00.438555,0 days 00:00:00.438753,4,13,15,1,12,0,17,8,8,13,4,13,15,15,"{""candidate__cinema"": 4, ""candidate__digitaldisplayandsearch"": 13, ""candidate__digitalvideo"": 15, ""candidate__facebook"": 1, ""candidate__instagram"": 12, ""candidate__localtv"": 0, ""candidate__ooh"": 17, ""candidate__opentv"": 8, ""candidate__paytv"": 8, ""candidate__print"": 13, ""candidate__radio"": 4, ""candidate__tiktok"": 13, ""candidate__twitter"": 15, ""candidate__youtube"": 15}",PRUNED
1131,2083.0987243105164,2026-09-21 11:39:00.456978,2026-09-21 11:39:00.875137,0 days 00:00:00.418159,4,13,15,1,10,0,15,14,9,13,5,9,15,15,"{""candidate__cinema"": 4, ""candidate__digitaldisplayandsearch"": 13, ""candidate__digitalvideo"": 15, ""candidate__facebook"": 1, ""candidate__instagram"": 10, ""candidate__localtv"": 0, ""candidate__ooh"": 15, ""candidate__opentv"": 14, ""candidate__paytv"": 9, ""candidate__print"": 13, ""candidate__radio"": 5, ""candidate__tiktok"": 9, ""candidate__twitter"": 15, ""candidate__youtube"": 15}",PRUNED
1132,2062.8736368661594,2026-09-21 11:39:00.894617,2026-09-21 11:39:01.293443,0 days 00:00:00.398826,4,14,16,1,8,0,16,12,8,10,4,15,14,15,"{""candidate__cinema"": 4, ""candidate__digitaldisplayandsearch"": 14, ""candidate__digitalvideo"": 16, ""candidate__facebook"": 1, ""candidate__instagram"": 8, ""candidate__localtv"": 0, ""candidate__ooh"": 16, ""candidate__opentv"": 12, ""candidate__paytv"": 8, ""candidate__print"": 10, ""candidate__radio"": 4, ""candidate__tiktok"": 15, ""candidate__twitter"": 14, ""candidate__youtube"": 15}",PRUNED
1133,2064.947488954185,2026-09-21 11:39:01.320468,2026-09-21 11:39:01.740140,0 days 00:00:00.419672,5,17,16,1,12,0,16,8,11,13,8,13,13,15,"{""candidate__cinema"": 5, ""candidate__digitaldisplayandsearch"": 17, ""candidate__digitalvideo"": 16, ""candidate__facebook"": 1, ""candidate__instagram"": 12, ""candidate__localtv"": 0, ""candidate__ooh"": 16, ""candidate__opentv"": 8, ""candidate__paytv"": 11, ""candidate__print"": 13, ""candidate__radio"": 8, ""candidate__tiktok"": 13, ""candidate__twitter"": 13, ""candidate__youtube"": 15}",PRUNED
1134,1707.064425014899,2026-09-21 11:39:01.759132,2026-09-21 11:39:02.470467,0 days 00:00:00.711335,4,17,16,0,13,0,16,12,13,13,8,12,12,15,"{""candidate__cinema"": 4, ""candidate__digitaldisplayandsearch"": 17, ""candidate__digitalvideo"": 16, ""candidate__facebook"": 0, ""candidate__instagram"": 13, ""candidate__localtv"": 0, ""candidate__ooh"": 16, ""candidate__opentv"": 12, ""candidate__paytv"": 13, ""candidate__print"": 13, ""candidate__radio"": 8, ""candidate__tiktok"": 12, ""candidate__twitter"": 12, ""candidate__youtube"": 15}",COMPLETE
1135,1705.0779103617824,2026-09-21 11:39:02.493827,2026-09-21 11:39:03.300050,0 days 00:00:00.806223,5,16,15,1,13,0,16,6,11,12,4,12,13,15,"{""candidate__cinema"": 5, ""candidate__digitaldisplayandsearch"": 16, ""candidate__digitalvideo"": 15, ""candidate__facebook"": 1, ""candidate__instagram"": 13, ""candidate__localtv"": 0, ""candidate__ooh"": 16, ""candidate__opentv"": 6, ""candidate__paytv"": 11, ""candidate__print"": 12, ""candidate__radio"": 4, ""candidate__tiktok"": 12, ""candidate__twitter"": 13, ""candidate__youtube"": 15}",COMPLETE
1136,2058.749973025662,2026-09-21 11:39:03.323844,2026-09-21 11:39:03.993458,0 days 00:00:00.669614,4,14,14,2,10,0,16,9,9,13,7,9,16,16,"{""candidate__cinema"": 4, ""candidate__digitaldisplayandsearch"": 14, ""candidate__digitalvideo"": 14, ""candidate__facebook"": 2, ""candidate__instagram"": 10, ""candidate__localtv"": 0, ""candidate__ooh"": 16, ""candidate__opentv"": 9, ""candidate__paytv"": 9, ""candidate__print"": 13, ""candidate__radio"": 7, ""candidate__tiktok"": 9, ""candidate__twitter"": 16, ""candidate__youtube"": 16}",PRUNED
1137,2063.1391098451336,2026-09-21 11:39:04.011943,2026-09-21 11:39:04.465615,0 days 00:00:00.453672,5,17,13,1,13,0,17,6,11,11,4,12,13,15,"{""candidate__cinema"": 5, ""candidate__digitaldisplayandsearch"": 17, ""candidate__digitalvideo"": 13, ""candidate__facebook"": 1, ""candidate__instagram"": 13, ""candidate__localtv"": 0, ""candidate__ooh"": 17, ""candidate__opentv"": 6, ""candidate__paytv"": 11, ""candidate__print"": 11, ""candidate__radio"": 4, ""candidate__tiktok"": 12, ""candidate__twitter"": 13, ""candidate__youtube"": 15}",PRUNED
