number,value,datetime_start,datetime_complete,duration,params_candidate__cinema,params_candidate__digitaldisplayandsearch,params_candidate__digitalvideo,params_candidate__facebook,params_candidate__instagram,params_candidate__localtv,params_candidate__ooh,params_candidate__opentv,params_candidate__paytv,params_candidate__print,params_candidate__radio,params_candidate__tiktok,params_candidate__twitter,params_candidate__youtube,system_attrs_tpe:relative_params:0,state
1411,2063.847858331734,2026-09-21 11:41:31.436393,2026-09-21 11:41:31.924131,0 days 00:00:00.487738,7,13,16,2,13,0,17,5,7,14,4,11,17,15,"{""candidate__cinema"": 7, ""candidate__digitaldisplayandsearch"": 13, ""candidate__digitalvideo"": 16, ""candidate__facebook"": 2, ""candidate__instagram"": 13, ""candidate__localtv"": 0, ""candidate__ooh"": 17, ""candidate__opentv"": 5, ""candidate__paytv"": 7, ""candidate__print"": 14, ""candidate__radio"": 4, ""candidate__tiktok"": 11, ""candidate__twitter"": 17, ""candidate__youtube"": 15}",PRUNED
1412,1705.9164507415353,2026-09-21 11:41:31.946944,2026-09-21 11:41:32.645287,0 days 00:00:00.698343,7,14,14,1,14,0,16,5,11,14,4,16,11,15,"{""candidate__cinema"": 7, ""candidate__digitaldisplayandsearch"": 14, ""candidate__digitalvideo"": 14, ""candidate__facebook"": 1, ""candidate__instagram"": 14, ""candidate__localtv"": 0, ""candidate__ooh"": 16, ""candidate__opentv"": 5, ""candidate__paytv"": 11, ""candidate__print"": 14, ""candidate__radio"": 4, ""candidate__tiktok"": 16, ""candidate__twitter"": 11, ""candidate__youtube"": 15}",COMPLETE
1413,2074.383145035752,2026-09-21 11:41:32.671412,2026-09-21 11:41:33.081718,0 days 00:00:00.410306,6,13,15,3,13,0,15,6,6,13,5,12,15,15,"{""candidate__cinema"": 6, ""candidate__digitaldisplayandsearch"": 13, ""candidate__digitalvideo"": 15, ""candidate__facebook"": 3, ""candidate__instagram"": 13, ""candidate__localtv"": 0, ""candidate__ooh"": 15, ""candidate__opentv"": 6, ""candidate__paytv"": 6, ""candidate__print"": 13, ""candidate__radio"": 5, ""candidate__tiktok"": 12, ""candidate__twitter"": 15, ""candidate__youtube"": 15}",PRUNED
1414,2061.3143794988614,2026-09-21 11:41:33.102899,2026-09-21 11:41:33.517477,0 days 00:00:00.414578,8,14,14,2,13,0,16,5,6,12,4,12,17,14,"{""candidate__cinema"": 8, ""candidate__digitaldisplayandsearch"": 14, ""candidate__digitalvideo"": 14, ""candidate__facebook"": 2, ""candidate__instagram"": 13, ""candidate__localtv"": 0, ""candidate__ooh"": 16, ""candidate__opentv"": 5, ""candidate__paytv"": 6, ""candidate__print"": 12, ""candidate__radio"": 4, ""candidate__tiktok"": 12, ""candidate__twitter"": 17, ""candidate__youtube"": 14}",PRUNED
1415,2057.8129335898657,2026-09-21 11:41:33.538980,2026-09-21 11:41:33.940550,0 days 00:00:00.401570,6,13,15,0,12,0,17,7,8,12,4,12,17,14,"{""candidate__cinema"": 6, ""candidate__digitaldisplayandsearch"": 13, ""candidate__digitalvideo"": 15, ""candidate__facebook"": 0, ""candidate__instagram"": 12, ""candidate__localtv"": 0, ""candidate__ooh"": 17, ""candidate__opentv"": 7, ""candidate__paytv"": 8, ""candidate__print"": 12, ""candidate__radio"": 4, ""candidate__tiktok"": 12, ""candidate__twitter"": 17, ""candidate__youtube"": 14}",PRUNED
1416,2073.908193447301,2026-09-21 11:41:33.961224,2026-09-21 11:41:34.328947,0 days 00:00:00.367723,5,13,15,1,14,0,15,7,9,12,4,12,13,15,"{""candidate__cinema"": 5, ""candidate__digitaldisplayandsearch"": 13, ""candidate__digitalvideo"": 15, ""candidate__facebook"": 1, ""candidate__instagram"": 14, ""candidate__localtv"": 0, ""candidate__ooh"": 15, ""candidate__opentv"": 7, ""candidate__paytv"": 9, ""candidate__print"": 12, ""candidate__radio"": 4, ""candidate__tiktok"": 12, ""candidate__twitter"": 13, ""candidate__youtube"": 15}",PRUNED
1417,2060.060667332658,2026-09-21 11:41:34.346520,2026-09-21 11:41:34.980504,0 days 00:00:00.633984,6,17,15,1,14,0,16,11,12,12,12,13,14,14,"{""candidate__cinema"": 6, ""candidate__digitaldisplayandsearch"": 17, ""candidate__digitalvideo"": 15, ""candidate__facebook"": 1, ""candidate__instagram"": 14, ""candidate__localtv"": 0, ""candidate__ooh"": 16, ""candidate__opentv"": 11, ""candidate__paytv"": 12, ""candidate__print"": 12, ""candidate__radio"": 12, ""candidate__tiktok"": 13, ""candidate__twitter"": 14, ""candidate__youtube"": 14}",PRUNED
1418,2086.235149146743,2026-09-21 11:41:35.002229,2026-09-21 11:41:35.396933,0 days 00:00:00.394704,4,17,14,2,13,0,15,8,12,12,8,14,13,15,"{""candidate__cinema"": 4, ""candidate__digitaldisplayandsearch"": 17, ""candidate__digitalvideo"": 14, ""candidate__facebook"": 2, ""candidate__instagram"": 13, ""candidate__localtv"": 0, ""candidate__ooh"": 15, ""candidate__opentv"": 8, ""candidate__paytv"": 12, ""candidate__print"": 12, ""candidate__radio"": 8, ""candidate__tiktok"": 14, ""candidate__twitter"": 13, ""candidate__youtube"": 15}",PRUNED
1419,2061.176521032537,2026-09-21 11:41:35.416386,2026-09-21 11:41:35.855370,0 days 00:00:00.438984,8,14,15,1,12,0,16,7,9,14,3,17,13,15,"{""candidate__cinema"": 8, ""candidate__digitaldisplayandsearch"": 14, ""candidate__digitalvideo"": 15, ""candidate__facebook"": 1, ""candidate__instagram"": 12, ""candidate__localtv"": 0, ""candidate__ooh"": 16, ""candidate__opentv"": 7, ""candidate__paytv"": 9, ""candidate__print"": 14, ""candidate__radio"": 3, ""candidate__tiktok"": 17, ""candidate__twitter"": 13, ""candidate__youtube"": 15}",PRUNED
1420,2062.5984700568965,2026-09-21 11:41:35.874968,2026-09-21 11:41:36.278672,0 days 00:00:00.403704,6,13,16,2,13,0,16,7,8,14,4,11,17,14,"{""candidate__cinema"": 6, ""candidate__digitaldisplayandsearch"": 13, ""candidate__digitalvideo"": 16, ""candidate__facebook"": 2, ""candidate__instagram"": 13, ""candidate__localtv"": 0, ""candidate__ooh"": 16, ""candidate__opentv"": 7, ""candidate__paytv"": 8, ""candidate__print"": 14, ""candidate__radio"": 4, ""candidate__tiktok"": 11, ""candidate__twitter"": 17, ""candidate__youtube"": 14}",PRUNED
1421,2085.572287139122,2026-09-21 11:41:36.299290,2026-09-21 11:41:36.717147,0 days 00:00:00.417857,7,13,14,3,12,0,15,5,7,14,4,13,17,15,"{""candidate__cinema"": 7, ""candidate__digitaldisplayandsearch"": 13, ""candidate__digitalvideo"": 14, ""candidate__facebook"": 3, ""candidate__instagram"": 12, ""candidate__localtv"": 0, ""candidate__ooh"": 15, ""candidate__opentv"": 5, ""candidate__paytv"": 7, ""candidate__print"": 14, ""candidate__radio"": 4, ""candidate__tiktok"": 13, ""candidate__twitter"": 17, ""candidate__youtube"": 15}",PRUNED
1422,2058.0001860782722,2026-09-21 11:41:36.737818,2026-09-21 11:41:37.134497,0 days 00:00:00.396679,5,14,16,0,13,0,17,6,10,15,4,15,13,14,"{""candidate__cinema"": 5, ""candidate__digitaldisplayandsearch"": 14, ""candidate__digitalvideo"": 16, ""candidate__facebook"": 0, ""candidate__instagram"": 13, ""candidate__localtv"": 0, ""candidate__ooh"": 17, ""candidate__opentv"": 6, ""candidate__paytv"": 10, ""candidate__print"": 15, ""candidate__radio"": 4, ""candidate__tiktok"": 15, ""candidate__twitter"": 13, ""candidate__youtube"": 14}",PRUNED
1423,1704.6667911878765,2026-09-21 11:41:37.154222,2026-09-21 11:41:37.881607,0 days 00:00:00.727385,5,11,15,1,14,0,16,8,9,13,4,12,13,15,"{""candidate__cinema"": 5, ""candidate__digitaldisplayandsearch"": 11, ""candidate__digitalvideo"": 15, ""candidate__facebook"": 1, ""candidate__instagram"": 14, ""candidate__localtv"": 0, ""candidate__ooh"": 16, ""candidate__opentv"": 8, ""candidate__paytv"": 9, ""candidate__print"": 13, ""candidate__radio"": 4, ""candidate__tiktok"": 12, ""candidate__twitter"": 13, ""candidate__youtube"": 15}",COMPLETE
1424,2063.607679147016,2026-09-21 11:41:37.906909,2026-09-21 11:41:38.311818,0 days 00:00:00.404909,4,15,14,2,13,0,16,8,13,12,9,12,15,15,"{""candidate__cinema"": 4, ""candidate__digitaldisplayandsearch"": 15, ""candidate__digitalvideo"": 14, ""candidate__facebook"": 2, ""candidate__instagram"": 13, ""candidate__localtv"": 0, ""candidate__ooh"": 16, ""candidate__opentv"": 8, ""candidate__paytv"": 13, ""candidate__print"": 12, ""candidate__radio"": 9, ""candidate__tiktok"": 12, ""candidate__twitter"": 15, ""candidate__youtube"": 15}",PRUNED
1425,2060.7602048750064,2026-09-21 11:41:38.334240,2026-09-21 11:41:38.753372,0 days 00:00:00.419132,7,13,15,1,12,0,16,8,9,13,3,12,17,15,"{""candidate__cinema"": 7, ""candidate__digitaldisplayandsearch"": 13, ""candidate__digitalvideo"": 15, ""candidate__facebook"": 1, ""candidate__instagram"": 12, ""candidate__localtv"": 0, ""candidate__ooh"": 16, ""candidate__opentv"": 8, ""candidate__paytv"": 9, ""candidate__print"": 13, ""candidate__radio"": 3, ""candidate__tiktok"": 12, ""candidate__twitter"": 17, ""candidate__youtube"": 15}",PRUNED
1426,1705.3429888742558,2026-09-21 11:41:38.771756,2026-09-21 11:41:39.587771,0 days 00:00:00.816015,7,14,15,0,13,0,16,8,9,13,4,15,13,15,"{""candidate__cinema"": 7, ""candidate__digitaldisplayandsearch"": 14, ""candidate__digitalvideo"": 15, ""candidate__facebook"": 0, ""candidate__instagram"": 13, ""candidate__localtv"": 0, ""candidate__ooh"": 16, ""candidate__opentv"": 8, ""candidate__paytv"": 9, ""candidate__print"": 13, ""candidate__radio"": 4, ""candidate__tiktok"": 15, ""candidate__twitter"": 13, ""candidate__youtube"": 15}",COMPLETE
1427,2073.917020690555,2026-09-21 11:41:39.610227,2026-09-21 11:41:39.998228,0 days 00:00:00.388001,9,15,15,2,14,1,16,4,6,14,4,12,16,15,"{""candidate__cinema"": 9, ""candidate__digitaldisplayandsearch"": 15, ""candidate__digitalvideo"": 15, ""candidate__facebook"": 2, ""candidate__instagram"": 14, ""candidate__localtv"": 1, ""candidate__ooh"": 16, ""candidate__opentv"": 4, ""candidate__paytv"": 6, ""candidate__print"": 14, ""candidate__radio"": 4, ""candidate__tiktok"": 12, ""candidate__twitter"": 16, ""candidate__youtube"": 15}",PRUNED
1428,2072.035318320595,2026-09-21 11:41:40.019933,2026-09-21 11:41:40.443206,0 days 00:00:00.423273,5,17,14,1,13,1,16,10,12,11,12,12,13,16,"{""candidate__cinema"": 5, ""candidate__digitaldisplayandsearch"": 17, ""candidate__digitalvideo"": 14, ""candidate__facebook"": 1, ""candidate__instagram"": 13, ""candidate__localtv"": 1, ""candidate__ooh"": 16, ""candidate__opentv"": 10, ""candidate__paytv"": 12, ""candidate__print"": 11, ""candidate__radio"": 12, ""candidate__tiktok"": 12, ""candidate__twitter"": 13, ""candidate__youtube"": 16}",PRUNED
1429,2078.734843902062,2026-09-21 11:41:40.462276,2026-09-21 11:41:40.843273,0 days 00:00:00.380997,5,14,15,1,13,0,15,7,12,12,9,12,13,14,"{""candidate__cinema"": 5, ""candidate__digitaldisplayandsearch"": 14, ""candidate__digitalvideo"": 15, ""candidate__facebook"": 1, ""candidate__instagram"": 13, ""candidate__localtv"": 0, ""candidate__ooh"": 15, ""candidate__opentv"": 7, ""candidate__paytv"": 12, ""candidate__print"": 12, ""candidate__radio"": 9, ""candidate__tiktok"": 12, ""candidate__twitter"": 13, ""candidate__youtube"": 14}",PRUNED
1430,1969.5716903308303,2026-09-21 11:41:40.860613,2026-09-21 11:41:41.399865,0 days 00:00:00.539252,4,17,15,1,14,0,17,8,12,12,12,13,12,16,"{""candidate__cinema"": 4, ""candidate__digitaldisplayandsearch"": 17, ""candidate__digitalvideo"": 15, ""candidate__facebook"": 1, ""candidate__instagram"": 14, ""candidate__localtv"": 0, ""candidate__ooh"": 17, ""candidate__opentv"": 8, ""candidate__paytv"": 12, ""candidate__print"": 12, ""candidate__radio"": 12, ""candidate__tiktok"": 13, ""candidate__twitter"": 12, ""candidate__youtube"": 16}",PRUNED
1431,1706.0300515748775,2026-09-21 11:41:41.418971,2026-09-21 11:41:42.063816,0 days 00:00:00.644845,6,12,15,0,13,0,16,6,6,13,3,13,13,15,"{""candidate__cinema"": 6, ""candidate__digitaldisplayandsearch"": 12, ""candidate__digitalvideo"": 15, ""candidate__facebook"": 0, ""candidate__instagram"": 13, ""candidate__localtv"": 0, ""candidate__ooh"": 16, ""candidate__opentv"": 6, ""candidate__paytv"": 6, ""candidate__print"": 13, ""candidate__radio"": 3, ""candidate__tiktok"": 13, ""candidate__twitter"": 13, ""candidate__youtube"": 15}",COMPLETE
1432,2069.058373131376,2026-09-21 11:41:42.086711,2026-09-21 11:41:42.501719,0 days 00:00:00.415008,5,16,15,1,12,1,16,8,12,12,4,12,13,16,"{""candidate__cinema"": 5, ""candidate__digitaldisplayandsearch"": 16, ""candidate__digitalvideo"": 15, ""candidate__facebook"": 1, ""candidate__instagram"": 12, ""candidate__localtv"": 1, ""candidate__ooh"": 16, ""candidate__opentv"": 8, ""candidate__paytv"": 12, ""candidate__print"": 12, ""candidate__radio"": 4, ""candidate__tiktok"": 12, ""candidate__twitter"": 13, ""candidate__youtube"": 16}",PRUNED
1433,2073.4106728958245,2026-09-21 11:41:42.522561,2026-09-21 11:41:42.934848,0 days 00:00:00.412287,5,16,15,1,14,1,17,6,13,12,9,12,14,14,"{""candidate__cinema"": 5, ""candidate__digitaldisplayandsearch"": 16, ""candidate__digitalvideo"": 15, ""candidate__facebook"": 1, ""candidate__instagram"": 14, ""candidate__localtv"": 1, ""candidate__ooh"": 17, ""candidate__opentv"": 6, ""candidate__paytv"": 13, ""candidate__print"": 12, ""candidate__radio"": 9, ""candidate__tiktok"": 12, ""candidate__twitter"": 14, ""candidate__youtube"": 14}",PRUNED
1434,2071.2915700028307,2026-09-21 11:41:42.956784,2026-09-21 11:41:43.371082,0 days 00:00:00.414298,6,14,15,1,15,0,17,7,6,12,4,14,17,15,"{""candidate__cinema"": 6, ""candidate__digitaldisplayandsearch"": 14, ""candidate__digitalvideo"": 15, ""candidate__facebook"": 1, ""candidate__instagram"": 15, ""candidate__localtv"": 0, ""candidate__ooh"": 17, ""candidate__opentv"": 7, ""candidate__paytv"": 6, ""candidate__print"": 12, ""candidate__radio"": 4, ""candidate__tiktok"": 14, ""candidate__twitter"": 17, ""candidate__youtube"": 15}",PRUNED
1435,2070.7498586131833,2026-09-21 11:41:43.391396,2026-09-21 11:41:43.793189,0 days 00:00:00.401793,5,12,15,1,14,1,16,7,9,12,4,14,12,15,"{""candidate__cinema"": 5, ""candidate__digitaldisplayandsearch"": 12, ""candidate__digitalvideo"": 15, ""candidate__facebook"": 1, ""candidate__instagram"": 14, ""candidate__localtv"": 1, ""candidate__ooh"": 16, ""candidate__opentv"": 7, ""candidate__paytv"": 9, ""candidate__print"": 12, ""candidate__radio"": 4, ""candidate__tiktok"": 14, ""candidate__twitter"": 12, ""candidate__youtube"": 15}",PRUNED
1436,2085.508003042238,2026-09-21 11:41:43.811712,2026-09-21 11:41:44.229713,0 days 00:00:00.418001,6,14,14,2,13,0,15,5,6,14,3,14,15,15,"{""candidate__cinema"": 6, ""candidate__digitaldisplayandsearch"": 14, ""candidate__digitalvideo"": 14, ""candidate__facebook"": 2, ""candidate__instagram"": 13, ""candidate__localtv"": 0, ""candidate__ooh"": 15, ""candidate__opentv"": 5, ""candidate__paytv"": 6, ""candidate__print"": 14, ""candidate__radio"": 3, ""candidate__tiktok"": 14, ""candidate__twitter"": 15, ""candidate__youtube"": 15}",PRUNED
1437,2074.251620794723,2026-09-21 11:41:44.248580,2026-09-21 11:41:44.924773,0 days 00:00:00.676193,4,17,14,0,13,1,16,9,12,12,11,12,13,14,"{""candidate__cinema"": 4, ""candidate__digitaldisplayandsearch"": 17, ""candidate__digitalvideo"": 14, ""candidate__facebook"": 0, ""candidate__instagram"": 13, ""candidate__localtv"": 1, ""candidate__ooh"": 16, ""candidate__opentv"": 9, ""candidate__paytv"": 12, ""candidate__print"": 12, ""candidate__radio"": 11, ""candidate__tiktok"": 12, ""candidate__twitter"": 13, ""candidate__youtube"": 14}",PRUNED
1438,2063.727678075715,2026-09-21 11:41:44.949440,2026-09-21 11:41:45.366721,0 days 00:00:00.417281,4,16,16,1,12,0,16,6,11,12,5,13,13,15,"{""candidate__cinema"": 4, ""candidate__digitaldisplayandsearch"": 16, ""candidate__digitalvideo"": 16, ""candidate__facebook"": 1, ""candidate__instagram"": 12, ""candidate__localtv"": 0, ""candidate__ooh"": 16, ""candidate__opentv"": 6, ""candidate__paytv"": 11, ""candidate__print"": 12, ""candidate__radio"": 5, ""candidate__tiktok"": 13, ""candidate__twitter"": 13, ""candidate__youtube"": 15}",PRUNED
1439,2087.6499142228936,2026-09-21 11:41:45.386945,2026-09-21 11:41:45.795234,0 days 00:00:00.408289,5,12,15,0,13,1,15,5,6,14,5,13,14,15,"{""candidate__cinema"": 5, ""candidate__digitaldisplayandsearch"": 12, ""candidate__digitalvideo"": 15, ""candidate__facebook"": 0, ""candidate__instagram"": 13, ""candidate__localtv"": 1, ""candidate__ooh"": 15, ""candidate__opentv"": 5, ""candidate__paytv"": 6, ""candidate__print"": 14, ""candidate__radio"": 5, ""candidate__tiktok"": 13, ""candidate__twitter"": 14, ""candidate__youtube"": 15}",PRUNED
1440,2062.8770630556082,2026-09-21 11:41:45.816808,2026-09-21 11:41:46.205029,0 days 00:00:00.388221,3,15,14,1,15,0,16,7,9,12,4,12,14,16,"{""candidate__cinema"": 3, ""candidate__digitaldisplayandsearch"": 15, ""candidate__digitalvideo"": 14, ""candidate__facebook"": 1, ""candidate__instagram"": 15, ""candidate__localtv"": 0, ""candidate__ooh"": 16, ""candidate__opentv"": 7, ""candidate__paytv"": 9, ""candidate__print"": 12, ""candidate__radio"": 4, ""candidate__tiktok"": 12, ""candidate__twitter"": 14, ""candidate__youtube"": 16}",PRUNED
1441,2078.5446711859768,2026-09-21 11:41:46.223805,2026-09-21 11:41:46.665469,0 days 00:00:00.441664,6,15,15,2,14,0,15,7,12,12,10,11,14,15,"{""candidate__cinema"": 6, ""candidate__digitaldisplayandsearch"": 15, ""candidate__digitalvideo"": 15, ""candidate__facebook"": 2, ""candidate__instagram"": 14, ""candidate__localtv"": 0, ""candidate__ooh"": 15, ""candidate__opentv"": 7, ""candidate__paytv"": 12, ""candidate__print"": 12, ""candidate__radio"": 10, ""candidate__tiktok"": 11, ""candidate__twitter"": 14, ""candidate__youtube"": 15}",PRUNED
1442,2064.1754055117435,2026-09-21 11:41:46.688310,2026-09-21 11:41:47.105637,0 days 00:00:00.417327,5,15,15,1,13,1,16,5,10,14,4,16,13,16,"{""candidate__cinema"": 5, ""candidate__digitaldisplayandsearch"": 15, ""candidate__digitalvideo"": 15, ""candidate__facebook"": 1, ""candidate__instagram"": 13, ""candidate__localtv"": 1, ""candidate__ooh"": 16, ""candidate__opentv"": 5, ""candidate__paytv"": 10, ""candidate__print"": 14, ""candidate__radio"": 4, ""candidate__tiktok"": 16, ""candidate__twitter"": 13, ""candidate__youtube"": 16}",PRUNED
1443,1707.0044432820443,2026-09-21 11:41:47.135888,2026-09-21 11:41:47.813161,0 days 00:00:00.677273,6,13,16,1,13,0,16,6,9,13,2,12,17,16,"{""candidate__cinema"": 6, ""candidate__digitaldisplayandsearch"": 13, ""candidate__digitalvideo"": 16, ""candidate__facebook"": 1, ""candidate__instagram"": 13, ""candidate__localtv"": 0, ""candidate__ooh"": 16, ""candidate__opentv"": 6, ""candidate__paytv"": 9, ""candidate__print"": 13, ""candidate__radio"": 2, ""candidate__tiktok"": 12, ""candidate__twitter"": 17, ""candidate__youtube"": 16}",COMPLETE
1444,1709.1646457422094,2026-09-21 11:41:47.837260,2026-09-21 11:41:48.543907,0 days 00:00:00.706647,4,17,15,1,13,0,17,9,11,11,11,14,13,16,"{""candidate__cinema"": 4, ""candidate__digitaldisplayandsearch"": 17, ""candidate__digitalvideo"": 15, ""candidate__facebook"": 1, ""candidate__instagram"": 13, ""candidate__localtv"": 0, ""candidate__ooh"": 17, ""candidate__opentv"": 9, ""candidate__paytv"": 11, ""candidate__print"": 11, ""candidate__radio"": 11, ""candidate__tiktok"": 14, ""candidate__twitter"": 13, ""candidate__youtube"": 16}",PRUNED
1445,1704.1971235476103,2026-09-21 11:41:48.563224,2026-09-21 11:41:49.198182,0 days 00:00:00.634958,8,13,15,1,13,0,16,4,6,12,4,12,15,15,"{""candidate__cinema"": 8, ""candidate__digitaldisplayandsearch"": 13, ""candidate__digitalvideo"": 15, ""candidate__facebook"": 1, ""candidate__instagram"": 13, ""candidate__localtv"": 0, ""candidate__ooh"": 16, ""candidate__opentv"": 4, ""candidate__paytv"": 6, ""candidate__print"": 12, ""candidate__radio"": 4, ""candidate__tiktok"": 12, ""candidate__twitter"": 15, ""candidate__youtube"": 15}",COMPLETE
1446,2074.9608543247546,2026-09-21 11:41:49.219103,2026-09-21 11:41:49.630322,0 days 00:00:00.411219,7,13,15,0,15,0,15,8,8,13,4,13,17,16,"{""candidate__cinema"": 7, ""candidate__digitaldisplayandsearch"": 13, ""candidate__digitalvideo"": 15, ""candidate__facebook"": 0, ""candidate__instagram"": 15, ""candidate__localtv"": 0, ""candidate__ooh"": 15, ""candidate__opentv"": 8, ""candidate__paytv"": 8, ""candidate__print"": 13, ""candidate__radio"": 4, ""candidate__tiktok"": 13, ""candidate__twitter"": 17, ""candidate__youtube"": 16}",PRUNED
1447,2072.380237986674,2026-09-21 11:41:49.650675,2026-09-21 11:41:50.246964,0 days 00:00:00.596289,7,14,15,1,14,0,15,5,6,17,4,12,16,15,"{""candidate__cinema"": 7, ""candidate__digitaldisplayandsearch"": 14, ""candidate__digitalvideo"": 15, ""candidate__facebook"": 1, ""candidate__instagram"": 14, ""candidate__localtv"": 0, ""candidate__ooh"": 15, ""candidate__opentv"": 5, ""candidate__paytv"": 6, ""candidate__print"": 17, ""candidate__radio"": 4, ""candidate__tiktok"": 12, ""candidate__twitter"": 16, ""candidate__youtube"": 15}",PRUNED
1448,1972.7871297383401,2026-09-21 11:41:50.266700,2026-09-21 11:41:50.812234,0 days 00:00:00.545534,6,14,15,1,14,0,17,5,6,17,4,14,16,17,"{""candidate__cinema"": 6, ""candidate__digitaldisplayandsearch"": 14, ""candidate__digitalvideo"": 15, ""candidate__facebook"": 1, ""candidate__instagram"": 14, ""candidate__localtv"": 0, ""candidate__ooh"": 17, ""candidate__opentv"": 5, ""candidate__paytv"": 6, ""candidate__print"": 17, ""candidate__radio"": 4, ""candidate__tiktok"": 14, ""candidate__twitter"": 16, ""candidate__youtube"": 17}",PRUNED
1449,1704.8810483239215,2026-09-21 11:41:50.831046,2026-09-21 11:41:51.474227,0 days 00:00:00.643181,7,15,15,3,14,0,16,5,6,15,4,12,16,15,"{""candidate__cinema"": 7, ""candidate__digitaldisplayandsearch"": 15, ""candidate__digitalvideo"": 15, ""candidate__facebook"": 3, ""candidate__instagram"": 14, ""candidate__localtv"": 0, ""candidate__ooh"": 16, ""candidate__opentv"": 5, ""candidate__paytv"": 6, ""candidate__print"": 15, ""candidate__radio"": 4, ""candidate__tiktok"": 12, ""candidate__twitter"": 16, ""candidate__youtube"": 15}",COMPLETE
