number,value,datetime_start,datetime_complete,duration,params_candidate__cinema,params_candidate__digitaldisplayandsearch,params_candidate__digitalvideo,params_candidate__facebook,params_candidate__instagram,params_candidate__localtv,params_candidate__ooh,params_candidate__opentv,params_candidate__paytv,params_candidate__print,params_candidate__radio,params_candidate__tiktok,params_candidate__twitter,params_candidate__youtube,system_attrs_tpe:relative_params:0,state
1996,1705.0521693597495,2026-09-21 11:46:47.951731,2026-09-21 11:46:48.692861,0 days 00:00:00.741130,7,14,15,1,14,0,16,5,7,14,3,7,16,16,"{""candidate__cinema"": 7, ""candidate__digitaldisplayandsearch"": 14, ""candidate__digitalvideo"": 15, ""candidate__facebook"": 1, ""candidate__instagram"": 14, ""candidate__localtv"": 0, ""candidate__ooh"": 16, ""candidate__opentv"": 5, ""candidate__paytv"": 7, ""candidate__print"": 14, ""candidate__radio"": 3, ""candidate__tiktok"": 7, ""candidate__twitter"": 16, ""candidate__youtube"": 16}",COMPLETE
1997,1969.2025953044324,2026-09-21 11:46:48.721068,2026-09-21 11:46:49.302730,0 days 00:00:00.581662,12,17,15,0,14,0,16,1,6,12,7,12,12,14,"{""candidate__cinema"": 12, ""candidate__digitaldisplayandsearch"": 17, ""candidate__digitalvideo"": 15, ""candidate__facebook"": 0, ""candidate__instagram"": 14, ""candidate__localtv"": 0, ""candidate__ooh"": 16, ""candidate__opentv"": 1, ""candidate__paytv"": 6, ""candidate__print"": 12, ""candidate__radio"": 7, ""candidate__tiktok"": 12, ""candidate__twitter"": 12, ""candidate__youtube"": 14}",PRUNED
1998,1704.1394691430257,2026-09-21 11:46:49.325818,2026-09-21 11:46:50.273194,0 days 00:00:00.947376,12,12,15,2,14,0,16,2,13,10,2,12,16,15,"{""candidate__cinema"": 12, ""candidate__digitaldisplayandsearch"": 12, ""candidate__digitalvideo"": 15, ""candidate__facebook"": 2, ""candidate__instagram"": 14, ""candidate__localtv"": 0, ""candidate__ooh"": 16, ""candidate__opentv"": 2, ""candidate__paytv"": 13, ""candidate__print"": 10, ""candidate__radio"": 2, ""candidate__tiktok"": 12, ""candidate__twitter"": 16, ""candidate__youtube"": 15}",COMPLETE
1999,2057.712124588415,2026-09-21 11:46:50.295769,2026-09-21 11:46:50.722002,0 days 00:00:00.426233,10,15,16,1,13,0,16,2,7,9,2,12,15,15,"{""candidate__cinema"": 10, ""candidate__digitaldisplayandsearch"": 15, ""candidate__digitalvideo"": 16, ""candidate__facebook"": 1, ""candidate__instagram"": 13, ""candidate__localtv"": 0, ""candidate__ooh"": 16, ""candidate__opentv"": 2, ""candidate__paytv"": 7, ""candidate__print"": 9, ""candidate__radio"": 2, ""candidate__tiktok"": 12, ""candidate__twitter"": 15, ""candidate__youtube"": 15}",PRUNED
