number,value,datetime_start,datetime_complete,duration,params_candidate__cinema,params_candidate__digitaldisplayandsearch,params_candidate__digitalvideo,params_candidate__facebook,params_candidate__instagram,params_candidate__localtv,params_candidate__ooh,params_candidate__opentv,params_candidate__paytv,params_candidate__print,params_candidate__radio,params_candidate__tiktok,params_candidate__twitter,params_candidate__youtube,system_attrs_tpe:relative_params:0,state
1606,2072.711102304036,2026-09-21 11:43:18.909594,2026-09-21 11:43:19.225009,0 days 00:00:00.315415,8,12,15,1,13,1,16,4,6,12,5,12,16,15,"{""candidate__cinema"": 8, ""candidate__digitaldisplayandsearch"": 12, ""candidate__digitalvideo"": 15, ""candidate__facebook"": 1, ""candidate__instagram"": 13, ""candidate__localtv"": 1, ""candidate__ooh"": 16, ""candidate__opentv"": 4, ""candidate__paytv"": 6, ""candidate__print"": 12, ""candidate__radio"": 5, ""candidate__tiktok"": 12, ""candidate__twitter"": 16, ""candidate__youtube"": 15}",PRUNED
1607,1705.374872209298,2026-09-21 11:43:19.242400,2026-09-21 11:43:20.159860,0 days 00:00:00.917460,7,14,15,0,13,0,16,4,8,11,6,13,14,15,"{""candidate__cinema"": 7, ""candidate__digitaldisplayandsearch"": 14, ""candidate__digitalvideo"": 15, ""candidate__facebook"": 0, ""candidate__instagram"": 13, ""candidate__localtv"": 0, ""candidate__ooh"": 16, ""candidate__opentv"": 4, ""candidate__paytv"": 8, ""candidate__print"": 11, ""candidate__radio"": 6, ""candidate__tiktok"": 13, ""candidate__twitter"": 14, ""candidate__youtube"": 15}",COMPLETE
1608,1705.8991526194907,2026-09-21 11:43:20.186589,2026-09-21 11:43:20.838679,0 days 00:00:00.652090,6,10,15,1,14,0,16,10,9,11,4,12,13,15,"{""candidate__cinema"": 6, ""candidate__digitaldisplayandsearch"": 10, ""candidate__digitalvideo"": 15, ""candidate__facebook"": 1, ""candidate__instagram"": 14, ""candidate__localtv"": 0, ""candidate__ooh"": 16, ""candidate__opentv"": 10, ""candidate__paytv"": 9, ""candidate__print"": 11, ""candidate__radio"": 4, ""candidate__tiktok"": 12, ""candidate__twitter"": 13, ""candidate__youtube"": 15}",COMPLETE
1609,1704.501475883845,2026-09-21 11:43:20.859165,2026-09-21 11:43:21.508445,0 days 00:00:00.649280,7,15,16,1,14,0,16,2,6,12,4,12,16,15,"{""candidate__cinema"": 7, ""candidate__digitaldisplayandsearch"": 15, ""candidate__digitalvideo"": 16, ""candidate__facebook"": 1, ""candidate__instagram"": 14, ""candidate__localtv"": 0, ""candidate__ooh"": 16, ""candidate__opentv"": 2, ""candidate__paytv"": 6, ""candidate__print"": 12, ""candidate__radio"": 4, ""candidate__tiktok"": 12, ""candidate__twitter"": 16, ""candidate__youtube"": 15}",COMPLETE
1610,1705.3439971419014,2026-09-21 11:43:21.527926,2026-09-21 11:43:22.163740,0 days 00:00:00.635814,7,15,15,0,13,0,16,4,6,13,3,12,15,15,"{""candidate__cinema"": 7, ""candidate__digitaldisplayandsearch"": 15, ""candidate__digitalvideo"": 15, ""candidate__facebook"": 0, ""candidate__instagram"": 13, ""candidate__localtv"": 0, ""candidate__ooh"": 16, ""candidate__opentv"": 4, ""candidate__paytv"": 6, ""candidate__print"": 13, ""candidate__radio"": 3, ""candidate__tiktok"": 12, ""candidate__twitter"": 15, ""candidate__youtube"": 15}",COMPLETE
1611,2074.7689602164287,2026-09-21 11:43:22.182581,2026-09-21 11:43:22.515548,0 days 00:00:00.332967,9,15,16,1,13,1,16,1,6,12,5,12,13,14,"{""candidate__cinema"": 9, ""candidate__digitaldisplayandsearch"": 15, ""candidate__digitalvideo"": 16, ""candidate__facebook"": 1, ""candidate__instagram"": 13, ""candidate__localtv"": 1, ""candidate__ooh"": 16, ""candidate__opentv"": 1, ""candidate__paytv"": 6, ""candidate__print"": 12, ""candidate__radio"": 5, ""candidate__tiktok"": 12, ""candidate__twitter"": 13, ""candidate__youtube"": 14}",PRUNED
1612,2074.552873775496,2026-09-21 11:43:22.534133,2026-09-21 11:43:22.866657,0 days 00:00:00.332524,5,12,15,1,14,0,15,9,11,15,3,11,14,15,"{""candidate__cinema"": 5, ""candidate__digitaldisplayandsearch"": 12, ""candidate__digitalvideo"": 15, ""candidate__facebook"": 1, ""candidate__instagram"": 14, ""candidate__localtv"": 0, ""candidate__ooh"": 15, ""candidate__opentv"": 9, ""candidate__paytv"": 11, ""candidate__print"": 15, ""candidate__radio"": 3, ""candidate__tiktok"": 11, ""candidate__twitter"": 14, ""candidate__youtube"": 15}",PRUNED
1613,1704.48755568515,2026-09-21 11:43:22.887302,2026-09-21 11:43:23.489428,0 days 00:00:00.602126,7,13,16,1,14,0,16,3,7,11,7,12,17,15,"{""candidate__cinema"": 7, ""candidate__digitaldisplayandsearch"": 13, ""candidate__digitalvideo"": 16, ""candidate__facebook"": 1, ""candidate__instagram"": 14, ""candidate__localtv"": 0, ""candidate__ooh"": 16, ""candidate__opentv"": 3, ""candidate__paytv"": 7, ""candidate__print"": 11, ""candidate__radio"": 7, ""candidate__tiktok"": 12, ""candidate__twitter"": 17, ""candidate__youtube"": 15}",COMPLETE
1614,2079.4477504353104,2026-09-21 11:43:23.510853,2026-09-21 11:43:23.875536,0 days 00:00:00.364683,8,15,14,1,14,0,15,1,5,12,4,13,17,15,"{""candidate__cinema"": 8, ""candidate__digitaldisplayandsearch"": 15, ""candidate__digitalvideo"": 14, ""candidate__facebook"": 1, ""candidate__instagram"": 14, ""candidate__localtv"": 0, ""candidate__ooh"": 15, ""candidate__opentv"": 1, ""candidate__paytv"": 5, ""candidate__print"": 12, ""candidate__radio"": 4, ""candidate__tiktok"": 13, ""candidate__twitter"": 17, ""candidate__youtube"": 15}",PRUNED
1615,2071.7457109084917,2026-09-21 11:43:23.896069,2026-09-21 11:43:24.228099,0 days 00:00:00.332030,5,10,15,1,15,0,17,8,7,13,4,12,13,15,"{""candidate__cinema"": 5, ""candidate__digitaldisplayandsearch"": 10, ""candidate__digitalvideo"": 15, ""candidate__facebook"": 1, ""candidate__instagram"": 15, ""candidate__localtv"": 0, ""candidate__ooh"": 17, ""candidate__opentv"": 8, ""candidate__paytv"": 7, ""candidate__print"": 13, ""candidate__radio"": 4, ""candidate__tiktok"": 12, ""candidate__twitter"": 13, ""candidate__youtube"": 15}",PRUNED
1616,2076.788089209448,2026-09-21 11:43:24.250324,2026-09-21 11:43:24.584398,0 days 00:00:00.334074,8,13,15,2,13,1,16,4,8,11,9,12,13,15,"{""candidate__cinema"": 8, ""candidate__digitaldisplayandsearch"": 13, ""candidate__digitalvideo"": 15, ""candidate__facebook"": 2, ""candidate__instagram"": 13, ""candidate__localtv"": 1, ""candidate__ooh"": 16, ""candidate__opentv"": 4, ""candidate__paytv"": 8, ""candidate__print"": 11, ""candidate__radio"": 9, ""candidate__tiktok"": 12, ""candidate__twitter"": 13, ""candidate__youtube"": 15}",PRUNED
1617,2076.5890872192936,2026-09-21 11:43:24.602157,2026-09-21 11:43:25.349122,0 days 00:00:00.746965,9,14,15,2,13,1,16,3,7,11,6,11,13,15,"{""candidate__cinema"": 9, ""candidate__digitaldisplayandsearch"": 14, ""candidate__digitalvideo"": 15, ""candidate__facebook"": 2, ""candidate__instagram"": 13, ""candidate__localtv"": 1, ""candidate__ooh"": 16, ""candidate__opentv"": 3, ""candidate__paytv"": 7, ""candidate__print"": 11, ""candidate__radio"": 6, ""candidate__tiktok"": 11, ""candidate__twitter"": 13, ""candidate__youtube"": 15}",PRUNED
1618,2064.044314053077,2026-09-21 11:43:25.369585,2026-09-21 11:43:25.731179,0 days 00:00:00.361594,7,13,16,0,15,0,17,3,7,10,7,13,17,14,"{""candidate__cinema"": 7, ""candidate__digitaldisplayandsearch"": 13, ""candidate__digitalvideo"": 16, ""candidate__facebook"": 0, ""candidate__instagram"": 15, ""candidate__localtv"": 0, ""candidate__ooh"": 17, ""candidate__opentv"": 3, ""candidate__paytv"": 7, ""candidate__print"": 10, ""candidate__radio"": 7, ""candidate__tiktok"": 13, ""candidate__twitter"": 17, ""candidate__youtube"": 14}",PRUNED
1619,2078.0456620828522,2026-09-21 11:43:25.752973,2026-09-21 11:43:26.133966,0 days 00:00:00.380993,4,16,15,1,13,0,15,8,10,13,5,10,14,14,"{""candidate__cinema"": 4, ""candidate__digitaldisplayandsearch"": 16, ""candidate__digitalvideo"": 15, ""candidate__facebook"": 1, ""candidate__instagram"": 13, ""candidate__localtv"": 0, ""candidate__ooh"": 15, ""candidate__opentv"": 8, ""candidate__paytv"": 10, ""candidate__print"": 13, ""candidate__radio"": 5, ""candidate__tiktok"": 10, ""candidate__twitter"": 14, ""candidate__youtube"": 14}",PRUNED
1620,1707.786799378681,2026-09-21 11:43:26.152941,2026-09-21 11:43:26.806894,0 days 00:00:00.653953,5,14,15,1,14,0,17,5,6,13,4,12,16,15,"{""candidate__cinema"": 5, ""candidate__digitaldisplayandsearch"": 14, ""candidate__digitalvideo"": 15, ""candidate__facebook"": 1, ""candidate__instagram"": 14, ""candidate__localtv"": 0, ""candidate__ooh"": 17, ""candidate__opentv"": 5, ""candidate__paytv"": 6, ""candidate__print"": 13, ""candidate__radio"": 4, ""candidate__tiktok"": 12, ""candidate__twitter"": 16, ""candidate__youtube"": 15}",COMPLETE
1621,2077.967413700752,2026-09-21 11:43:26.829468,2026-09-21 11:43:27.250573,0 days 00:00:00.421105,8,13,16,1,14,1,17,4,7,11,6,12,17,15,"{""candidate__cinema"": 8, ""candidate__digitaldisplayandsearch"": 13, ""candidate__digitalvideo"": 16, ""candidate__facebook"": 1, ""candidate__instagram"": 14, ""candidate__localtv"": 1, ""candidate__ooh"": 17, ""candidate__opentv"": 4, ""candidate__paytv"": 7, ""candidate__print"": 11, ""candidate__radio"": 6, ""candidate__tiktok"": 12, ""candidate__twitter"": 17, ""candidate__youtube"": 15}",PRUNED
1622,1969.5092711277011,2026-09-21 11:43:27.270109,2026-09-21 11:43:27.781110,0 days 00:00:00.511001,8,13,15,1,12,0,17,4,6,11,5,14,15,16,"{""candidate__cinema"": 8, ""candidate__digitaldisplayandsearch"": 13, ""candidate__digitalvideo"": 15, ""candidate__facebook"": 1, ""candidate__instagram"": 12, ""candidate__localtv"": 0, ""candidate__ooh"": 17, ""candidate__opentv"": 4, ""candidate__paytv"": 6, ""candidate__print"": 11, ""candidate__radio"": 5, ""candidate__tiktok"": 14, ""candidate__twitter"": 15, ""candidate__youtube"": 16}",PRUNED
1623,1711.7635503923113,2026-09-21 11:43:27.803174,2026-09-21 11:43:28.364016,0 days 00:00:00.560842,8,14,15,5,14,0,16,4,5,16,5,11,17,16,"{""candidate__cinema"": 8, ""candidate__digitaldisplayandsearch"": 14, ""candidate__digitalvideo"": 15, ""candidate__facebook"": 5, ""candidate__instagram"": 14, ""candidate__localtv"": 0, ""candidate__ooh"": 16, ""candidate__opentv"": 4, ""candidate__paytv"": 5, ""candidate__print"": 16, ""candidate__radio"": 5, ""candidate__tiktok"": 11, ""candidate__twitter"": 17, ""candidate__youtube"": 16}",PRUNED
1624,2074.079567225834,2026-09-21 11:43:28.386367,2026-09-21 11:43:28.779631,0 days 00:00:00.393264,7,14,15,1,14,1,17,3,6,12,5,13,16,15,"{""candidate__cinema"": 7, ""candidate__digitaldisplayandsearch"": 14, ""candidate__digitalvideo"": 15, ""candidate__facebook"": 1, ""candidate__instagram"": 14, ""candidate__localtv"": 1, ""candidate__ooh"": 17, ""candidate__opentv"": 3, ""candidate__paytv"": 6, ""candidate__print"": 12, ""candidate__radio"": 5, ""candidate__tiktok"": 13, ""candidate__twitter"": 16, ""candidate__youtube"": 15}",PRUNED
1625,1703.80809578487,2026-09-21 11:43:28.799237,2026-09-21 11:43:29.447783,0 days 00:00:00.648546,10,16,15,1,14,0,16,1,6,13,4,13,14,15,"{""candidate__cinema"": 10, ""candidate__digitaldisplayandsearch"": 16, ""candidate__digitalvideo"": 15, ""candidate__facebook"": 1, ""candidate__instagram"": 14, ""candidate__localtv"": 0, ""candidate__ooh"": 16, ""candidate__opentv"": 1, ""candidate__paytv"": 6, ""candidate__print"": 13, ""candidate__radio"": 4, ""candidate__tiktok"": 13, ""candidate__twitter"": 14, ""candidate__youtube"": 15}",COMPLETE
1626,2069.362906804521,2026-09-21 11:43:29.468530,2026-09-21 11:43:29.828343,0 days 00:00:00.359813,10,15,15,2,15,0,16,1,6,13,4,13,15,15,"{""candidate__cinema"": 10, ""candidate__digitaldisplayandsearch"": 15, ""candidate__digitalvideo"": 15, ""candidate__facebook"": 2, ""candidate__instagram"": 15, ""candidate__localtv"": 0, ""candidate__ooh"": 16, ""candidate__opentv"": 1, ""candidate__paytv"": 6, ""candidate__print"": 13, ""candidate__radio"": 4, ""candidate__tiktok"": 13, ""candidate__twitter"": 15, ""candidate__youtube"": 15}",PRUNED
1627,1706.460477259239,2026-09-21 11:43:29.848901,2026-09-21 11:43:30.754015,0 days 00:00:00.905114,4,10,14,1,16,0,16,8,9,13,4,13,13,15,"{""candidate__cinema"": 4, ""candidate__digitaldisplayandsearch"": 10, ""candidate__digitalvideo"": 14, ""candidate__facebook"": 1, ""candidate__instagram"": 16, ""candidate__localtv"": 0, ""candidate__ooh"": 16, ""candidate__opentv"": 8, ""candidate__paytv"": 9, ""candidate__print"": 13, ""candidate__radio"": 4, ""candidate__tiktok"": 13, ""candidate__twitter"": 13, ""candidate__youtube"": 15}",COMPLETE
1628,2071.540573169243,2026-09-21 11:43:30.780211,2026-09-21 11:43:31.207360,0 days 00:00:00.427149,9,15,14,2,12,0,17,1,6,13,6,13,15,15,"{""candidate__cinema"": 9, ""candidate__digitaldisplayandsearch"": 15, ""candidate__digitalvideo"": 14, ""candidate__facebook"": 2, ""candidate__instagram"": 12, ""candidate__localtv"": 0, ""candidate__ooh"": 17, ""candidate__opentv"": 1, ""candidate__paytv"": 6, ""candidate__print"": 13, ""candidate__radio"": 6, ""candidate__tiktok"": 13, ""candidate__twitter"": 15, ""candidate__youtube"": 15}",PRUNED
1629,1706.7770098390847,2026-09-21 11:43:31.227557,2026-09-21 11:43:31.923378,0 days 00:00:00.695821,4,15,16,1,13,0,16,8,12,10,8,12,15,16,"{""candidate__cinema"": 4, ""candidate__digitaldisplayandsearch"": 15, ""candidate__digitalvideo"": 16, ""candidate__facebook"": 1, ""candidate__instagram"": 13, ""candidate__localtv"": 0, ""candidate__ooh"": 16, ""candidate__opentv"": 8, ""candidate__paytv"": 12, ""candidate__print"": 10, ""candidate__radio"": 8, ""candidate__tiktok"": 12, ""candidate__twitter"": 15, ""candidate__youtube"": 16}",COMPLETE
1630,1972.8521636952783,2026-09-21 11:43:31.945558,2026-09-21 11:43:32.464864,0 days 00:00:00.519306,7,13,15,0,14,0,17,6,6,13,4,12,16,14,"{""candidate__cinema"": 7, ""candidate__digitaldisplayandsearch"": 13, ""candidate__digitalvideo"": 15, ""candidate__facebook"": 0, ""candidate__instagram"": 14, ""candidate__localtv"": 0, ""candidate__ooh"": 17, ""candidate__opentv"": 6, ""candidate__paytv"": 6, ""candidate__print"": 13, ""candidate__radio"": 4, ""candidate__tiktok"": 12, ""candidate__twitter"": 16, ""candidate__youtube"": 14}",PRUNED
1631,2079.272468740433,2026-09-21 11:43:32.489535,2026-09-21 11:43:32.826176,0 days 00:00:00.336641,8,13,14,1,14,0,15,3,7,10,7,12,13,15,"{""candidate__cinema"": 8, ""candidate__digitaldisplayandsearch"": 13, ""candidate__digitalvideo"": 14, ""candidate__facebook"": 1, ""candidate__instagram"": 14, ""candidate__localtv"": 0, ""candidate__ooh"": 15, ""candidate__opentv"": 3, ""candidate__paytv"": 7, ""candidate__print"": 10, ""candidate__radio"": 7, ""candidate__tiktok"": 12, ""candidate__twitter"": 13, ""candidate__youtube"": 15}",PRUNED
1632,2058.5538487440986,2026-09-21 11:43:32.842688,2026-09-21 11:43:33.198382,0 days 00:00:00.355694,7,15,16,1,14,0,17,3,8,12,7,12,15,15,"{""candidate__cinema"": 7, ""candidate__digitaldisplayandsearch"": 15, ""candidate__digitalvideo"": 16, ""candidate__facebook"": 1, ""candidate__instagram"": 14, ""candidate__localtv"": 0, ""candidate__ooh"": 17, ""candidate__opentv"": 3, ""candidate__paytv"": 8, ""candidate__print"": 12, ""candidate__radio"": 7, ""candidate__tiktok"": 12, ""candidate__twitter"": 15, ""candidate__youtube"": 15}",PRUNED
1633,2057.547714582153,2026-09-21 11:43:33.217103,2026-09-21 11:43:33.645311,0 days 00:00:00.428208,3,16,15,1,13,0,16,10,10,12,5,11,14,15,"{""candidate__cinema"": 3, ""candidate__digitaldisplayandsearch"": 16, ""candidate__digitalvideo"": 15, ""candidate__facebook"": 1, ""candidate__instagram"": 13, ""candidate__localtv"": 0, ""candidate__ooh"": 16, ""candidate__opentv"": 10, ""candidate__paytv"": 10, ""candidate__print"": 12, ""candidate__radio"": 5, ""candidate__tiktok"": 11, ""candidate__twitter"": 14, ""candidate__youtube"": 15}",PRUNED
1634,2068.182761630795,2026-09-21 11:43:33.668768,2026-09-21 11:43:34.072115,0 days 00:00:00.403347,6,11,15,0,14,0,15,9,9,13,4,12,12,16,"{""candidate__cinema"": 6, ""candidate__digitaldisplayandsearch"": 11, ""candidate__digitalvideo"": 15, ""candidate__facebook"": 0, ""candidate__instagram"": 14, ""candidate__localtv"": 0, ""candidate__ooh"": 15, ""candidate__opentv"": 9, ""candidate__paytv"": 9, ""candidate__print"": 13, ""candidate__radio"": 4, ""candidate__tiktok"": 12, ""candidate__twitter"": 12, ""candidate__youtube"": 16}",PRUNED
1635,2060.1974027654924,2026-09-21 11:43:34.090643,2026-09-21 11:43:34.501741,0 days 00:00:00.411098,4,10,14,1,14,0,16,8,10,14,5,12,13,14,"{""candidate__cinema"": 4, ""candidate__digitaldisplayandsearch"": 10, ""candidate__digitalvideo"": 14, ""candidate__facebook"": 1, ""candidate__instagram"": 14, ""candidate__localtv"": 0, ""candidate__ooh"": 16, ""candidate__opentv"": 8, ""candidate__paytv"": 10, ""candidate__print"": 14, ""candidate__radio"": 5, ""candidate__tiktok"": 12, ""candidate__twitter"": 13, ""candidate__youtube"": 14}",PRUNED
1636,2070.2861300970294,2026-09-21 11:43:34.527128,2026-09-21 11:43:34.914353,0 days 00:00:00.387225,9,15,15,1,14,1,16,2,5,13,5,13,15,14,"{""candidate__cinema"": 9, ""candidate__digitaldisplayandsearch"": 15, ""candidate__digitalvideo"": 15, ""candidate__facebook"": 1, ""candidate__instagram"": 14, ""candidate__localtv"": 1, ""candidate__ooh"": 16, ""candidate__opentv"": 2, ""candidate__paytv"": 5, ""candidate__print"": 13, ""candidate__radio"": 5, ""candidate__tiktok"": 13, ""candidate__twitter"": 15, ""candidate__youtube"": 14}",PRUNED
1637,2064.412324120179,2026-09-21 11:43:34.932665,2026-09-21 11:43:35.322545,0 days 00:00:00.389880,8,15,15,1,12,0,17,1,6,11,6,12,14,15,"{""candidate__cinema"": 8, ""candidate__digitaldisplayandsearch"": 15, ""candidate__digitalvideo"": 15, ""candidate__facebook"": 1, ""candidate__instagram"": 12, ""candidate__localtv"": 0, ""candidate__ooh"": 17, ""candidate__opentv"": 1, ""candidate__paytv"": 6, ""candidate__print"": 11, ""candidate__radio"": 6, ""candidate__tiktok"": 12, ""candidate__twitter"": 14, ""candidate__youtube"": 15}",PRUNED
1638,2092.7137704312145,2026-09-21 11:43:35.340406,2026-09-21 11:43:35.940466,0 days 00:00:00.600060,8,17,16,1,15,0,15,1,6,13,4,13,14,15,"{""candidate__cinema"": 8, ""candidate__digitaldisplayandsearch"": 17, ""candidate__digitalvideo"": 16, ""candidate__facebook"": 1, ""candidate__instagram"": 15, ""candidate__localtv"": 0, ""candidate__ooh"": 15, ""candidate__opentv"": 1, ""candidate__paytv"": 6, ""candidate__print"": 13, ""candidate__radio"": 4, ""candidate__tiktok"": 13, ""candidate__twitter"": 14, ""candidate__youtube"": 15}",PRUNED
1639,2093.983678506054,2026-09-21 11:43:35.959277,2026-09-21 11:43:36.381319,0 days 00:00:00.422042,7,15,17,0,14,1,15,1,5,12,4,12,17,15,"{""candidate__cinema"": 7, ""candidate__digitaldisplayandsearch"": 15, ""candidate__digitalvideo"": 17, ""candidate__facebook"": 0, ""candidate__instagram"": 14, ""candidate__localtv"": 1, ""candidate__ooh"": 15, ""candidate__opentv"": 1, ""candidate__paytv"": 5, ""candidate__print"": 12, ""candidate__radio"": 4, ""candidate__tiktok"": 12, ""candidate__twitter"": 17, ""candidate__youtube"": 15}",PRUNED
1640,2081.5862538087663,2026-09-21 11:43:36.406092,2026-09-21 11:43:36.799097,0 days 00:00:00.393005,7,15,15,1,13,1,15,3,6,11,4,11,16,16,"{""candidate__cinema"": 7, ""candidate__digitaldisplayandsearch"": 15, ""candidate__digitalvideo"": 15, ""candidate__facebook"": 1, ""candidate__instagram"": 13, ""candidate__localtv"": 1, ""candidate__ooh"": 15, ""candidate__opentv"": 3, ""candidate__paytv"": 6, ""candidate__print"": 11, ""candidate__radio"": 4, ""candidate__tiktok"": 11, ""candidate__twitter"": 16, ""candidate__youtube"": 16}",PRUNED
1641,2078.7025396264544,2026-09-21 11:43:36.821308,2026-09-21 11:43:37.241775,0 days 00:00:00.420467,7,15,15,2,13,0,15,1,6,11,4,13,16,15,"{""candidate__cinema"": 7, ""candidate__digitaldisplayandsearch"": 15, ""candidate__digitalvideo"": 15, ""candidate__facebook"": 2, ""candidate__instagram"": 13, ""candidate__localtv"": 0, ""candidate__ooh"": 15, ""candidate__opentv"": 1, ""candidate__paytv"": 6, ""candidate__print"": 11, ""candidate__radio"": 4, ""candidate__tiktok"": 13, ""candidate__twitter"": 16, ""candidate__youtube"": 15}",PRUNED
1642,2059.189255194011,2026-09-21 11:43:37.261754,2026-09-21 11:43:37.635536,0 days 00:00:00.373782,5,15,15,1,13,0,17,9,13,11,5,12,14,15,"{""candidate__cinema"": 5, ""candidate__digitaldisplayandsearch"": 15, ""candidate__digitalvideo"": 15, ""candidate__facebook"": 1, ""candidate__instagram"": 13, ""candidate__localtv"": 0, ""candidate__ooh"": 17, ""candidate__opentv"": 9, ""candidate__paytv"": 13, ""candidate__print"": 11, ""candidate__radio"": 5, ""candidate__tiktok"": 12, ""candidate__twitter"": 14, ""candidate__youtube"": 15}",PRUNED
1643,1704.4923737335018,2026-09-21 11:43:37.652967,2026-09-21 11:43:38.265423,0 days 00:00:00.612456,9,17,15,1,13,0,16,1,6,14,5,13,14,15,"{""candidate__cinema"": 9, ""candidate__digitaldisplayandsearch"": 17, ""candidate__digitalvideo"": 15, ""candidate__facebook"": 1, ""candidate__instagram"": 13, ""candidate__localtv"": 0, ""candidate__ooh"": 16, ""candidate__opentv"": 1, ""candidate__paytv"": 6, ""candidate__print"": 14, ""candidate__radio"": 5, ""candidate__tiktok"": 13, ""candidate__twitter"": 14, ""candidate__youtube"": 15}",COMPLETE
1644,1708.0769345848146,2026-09-21 11:43:38.291439,2026-09-21 11:43:39.000104,0 days 00:00:00.708665,11,17,15,1,14,0,17,0,6,12,4,14,14,15,"{""candidate__cinema"": 11, ""candidate__digitaldisplayandsearch"": 17, ""candidate__digitalvideo"": 15, ""candidate__facebook"": 1, ""candidate__instagram"": 14, ""candidate__localtv"": 0, ""candidate__ooh"": 17, ""candidate__opentv"": 0, ""candidate__paytv"": 6, ""candidate__print"": 12, ""candidate__radio"": 4, ""candidate__tiktok"": 14, ""candidate__twitter"": 14, ""candidate__youtube"": 15}",PRUNED
