number,value,datetime_start,datetime_complete,duration,params_candidate__cinema,params_candidate__digitaldisplayandsearch,params_candidate__digitalvideo,params_candidate__facebook,params_candidate__instagram,params_candidate__localtv,params_candidate__ooh,params_candidate__opentv,params_candidate__paytv,params_candidate__print,params_candidate__radio,params_candidate__tiktok,params_candidate__twitter,params_candidate__youtube,system_attrs_tpe:relative_params:0,state
202,1707.279741189432,2026-09-21 11:30:34.539729,2026-09-21 11:30:34.982101,0 days 00:00:00.442372,1,15,15,1,8,0,16,9,9,12,4,15,15,16,"{""candidate__cinema"": 1, ""candidate__digitaldisplayandsearch"": 15, ""candidate__digitalvideo"": 15, ""candidate__facebook"": 1, ""candidate__instagram"": 8, ""candidate__localtv"": 0, ""candidate__ooh"": 16, ""candidate__opentv"": 9, ""candidate__paytv"": 9, ""candidate__print"": 12, ""candidate__radio"": 4, ""candidate__tiktok"": 15, ""candidate__twitter"": 15, ""candidate__youtube"": 16}",COMPLETE
203,1707.8560702883242,2026-09-21 11:30:34.995163,2026-09-21 11:30:35.454611,0 days 00:00:00.459448,0,17,16,2,7,0,16,9,10,14,5,13,14,15,"{""candidate__cinema"": 0, ""candidate__digitaldisplayandsearch"": 17, ""candidate__digitalvideo"": 16, ""candidate__facebook"": 2, ""candidate__instagram"": 7, ""candidate__localtv"": 0, ""candidate__ooh"": 16, ""candidate__opentv"": 9, ""candidate__paytv"": 10, ""candidate__print"": 14, ""candidate__radio"": 5, ""candidate__tiktok"": 13, ""candidate__twitter"": 14, ""candidate__youtube"": 15}",COMPLETE
204,1706.985568056307,2026-09-21 11:30:35.468271,2026-09-21 11:30:35.910503,0 days 00:00:00.442232,1,15,15,2,7,0,16,9,8,12,5,13,13,15,"{""candidate__cinema"": 1, ""candidate__digitaldisplayandsearch"": 15, ""candidate__digitalvideo"": 15, ""candidate__facebook"": 2, ""candidate__instagram"": 7, ""candidate__localtv"": 0, ""candidate__ooh"": 16, ""candidate__opentv"": 9, ""candidate__paytv"": 8, ""candidate__print"": 12, ""candidate__radio"": 5, ""candidate__tiktok"": 13, ""candidate__twitter"": 13, ""candidate__youtube"": 15}",COMPLETE
205,1714.438311934827,2026-09-21 11:30:35.924459,2026-09-21 11:30:36.389766,0 days 00:00:00.465307,1,15,15,2,7,1,16,9,10,11,4,15,15,16,"{""candidate__cinema"": 1, ""candidate__digitaldisplayandsearch"": 15, ""candidate__digitalvideo"": 15, ""candidate__facebook"": 2, ""candidate__instagram"": 7, ""candidate__localtv"": 1, ""candidate__ooh"": 16, ""candidate__opentv"": 9, ""candidate__paytv"": 10, ""candidate__print"": 11, ""candidate__radio"": 4, ""candidate__tiktok"": 15, ""candidate__twitter"": 15, ""candidate__youtube"": 16}",COMPLETE
206,2084.2266321553416,2026-09-21 11:30:36.406281,2026-09-21 11:30:36.669370,0 days 00:00:00.263089,1,17,13,1,7,1,16,9,10,13,5,14,12,15,"{""candidate__cinema"": 1, ""candidate__digitaldisplayandsearch"": 17, ""candidate__digitalvideo"": 13, ""candidate__facebook"": 1, ""candidate__instagram"": 7, ""candidate__localtv"": 1, ""candidate__ooh"": 16, ""candidate__opentv"": 9, ""candidate__paytv"": 10, ""candidate__print"": 13, ""candidate__radio"": 5, ""candidate__tiktok"": 14, ""candidate__twitter"": 12, ""candidate__youtube"": 15}",PRUNED
207,1706.6551942969934,2026-09-21 11:30:36.681769,2026-09-21 11:30:37.137621,0 days 00:00:00.455852,2,16,16,1,8,0,16,9,9,14,6,12,14,15,"{""candidate__cinema"": 2, ""candidate__digitaldisplayandsearch"": 16, ""candidate__digitalvideo"": 16, ""candidate__facebook"": 1, ""candidate__instagram"": 8, ""candidate__localtv"": 0, ""candidate__ooh"": 16, ""candidate__opentv"": 9, ""candidate__paytv"": 9, ""candidate__print"": 14, ""candidate__radio"": 6, ""candidate__tiktok"": 12, ""candidate__twitter"": 14, ""candidate__youtube"": 15}",COMPLETE
208,1707.727456895225,2026-09-21 11:30:37.153357,2026-09-21 11:30:37.610526,0 days 00:00:00.457169,1,14,15,0,8,0,16,9,7,12,4,12,12,16,"{""candidate__cinema"": 1, ""candidate__digitaldisplayandsearch"": 14, ""candidate__digitalvideo"": 15, ""candidate__facebook"": 0, ""candidate__instagram"": 8, ""candidate__localtv"": 0, ""candidate__ooh"": 16, ""candidate__opentv"": 9, ""candidate__paytv"": 7, ""candidate__print"": 12, ""candidate__radio"": 4, ""candidate__tiktok"": 12, ""candidate__twitter"": 12, ""candidate__youtube"": 16}",COMPLETE
209,1714.2263793520845,2026-09-21 11:30:37.624631,2026-09-21 11:30:38.136293,0 days 00:00:00.511662,1,14,16,0,6,0,16,9,9,11,5,13,15,17,"{""candidate__cinema"": 1, ""candidate__digitaldisplayandsearch"": 14, ""candidate__digitalvideo"": 16, ""candidate__facebook"": 0, ""candidate__instagram"": 6, ""candidate__localtv"": 0, ""candidate__ooh"": 16, ""candidate__opentv"": 9, ""candidate__paytv"": 9, ""candidate__print"": 11, ""candidate__radio"": 5, ""candidate__tiktok"": 13, ""candidate__twitter"": 15, ""candidate__youtube"": 17}",COMPLETE
210,1711.3815023748837,2026-09-21 11:30:38.150154,2026-09-21 11:30:38.605355,0 days 00:00:00.455201,0,17,15,2,8,0,17,9,11,14,5,12,14,16,"{""candidate__cinema"": 0, ""candidate__digitaldisplayandsearch"": 17, ""candidate__digitalvideo"": 15, ""candidate__facebook"": 2, ""candidate__instagram"": 8, ""candidate__localtv"": 0, ""candidate__ooh"": 17, ""candidate__opentv"": 9, ""candidate__paytv"": 11, ""candidate__print"": 14, ""candidate__radio"": 5, ""candidate__tiktok"": 12, ""candidate__twitter"": 14, ""candidate__youtube"": 16}",COMPLETE
211,1709.0837545539798,2026-09-21 11:30:38.618752,2026-09-21 11:30:39.097217,0 days 00:00:00.478465,0,15,16,0,6,0,16,9,10,12,4,12,15,16,"{""candidate__cinema"": 0, ""candidate__digitaldisplayandsearch"": 15, ""candidate__digitalvideo"": 16, ""candidate__facebook"": 0, ""candidate__instagram"": 6, ""candidate__localtv"": 0, ""candidate__ooh"": 16, ""candidate__opentv"": 9, ""candidate__paytv"": 10, ""candidate__print"": 12, ""candidate__radio"": 4, ""candidate__tiktok"": 12, ""candidate__twitter"": 15, ""candidate__youtube"": 16}",COMPLETE
212,1708.4718918813348,2026-09-21 11:30:39.111497,2026-09-21 11:30:39.582074,0 days 00:00:00.470577,0,15,16,0,7,0,16,9,8,11,4,12,13,16,"{""candidate__cinema"": 0, ""candidate__digitaldisplayandsearch"": 15, ""candidate__digitalvideo"": 16, ""candidate__facebook"": 0, ""candidate__instagram"": 7, ""candidate__localtv"": 0, ""candidate__ooh"": 16, ""candidate__opentv"": 9, ""candidate__paytv"": 8, ""candidate__print"": 11, ""candidate__radio"": 4, ""candidate__tiktok"": 12, ""candidate__twitter"": 13, ""candidate__youtube"": 16}",COMPLETE
213,2096.8093520810376,2026-09-21 11:30:39.595401,2026-09-21 11:30:40.257078,0 days 00:00:00.661677,0,15,14,1,9,0,15,9,9,11,4,13,15,17,"{""candidate__cinema"": 0, ""candidate__digitaldisplayandsearch"": 15, ""candidate__digitalvideo"": 14, ""candidate__facebook"": 1, ""candidate__instagram"": 9, ""candidate__localtv"": 0, ""candidate__ooh"": 15, ""candidate__opentv"": 9, ""candidate__paytv"": 9, ""candidate__print"": 11, ""candidate__radio"": 4, ""candidate__tiktok"": 13, ""candidate__twitter"": 15, ""candidate__youtube"": 17}",PRUNED
214,1710.1284637852034,2026-09-21 11:30:40.270196,2026-09-21 11:30:40.733226,0 days 00:00:00.463030,0,16,16,2,8,0,16,8,10,14,6,14,14,16,"{""candidate__cinema"": 0, ""candidate__digitaldisplayandsearch"": 16, ""candidate__digitalvideo"": 16, ""candidate__facebook"": 2, ""candidate__instagram"": 8, ""candidate__localtv"": 0, ""candidate__ooh"": 16, ""candidate__opentv"": 8, ""candidate__paytv"": 10, ""candidate__print"": 14, ""candidate__radio"": 6, ""candidate__tiktok"": 14, ""candidate__twitter"": 14, ""candidate__youtube"": 16}",COMPLETE
215,1711.9076280432585,2026-09-21 11:30:40.745768,2026-09-21 11:30:41.210994,0 days 00:00:00.465226,1,13,14,1,8,0,17,10,9,11,4,12,12,15,"{""candidate__cinema"": 1, ""candidate__digitaldisplayandsearch"": 13, ""candidate__digitalvideo"": 14, ""candidate__facebook"": 1, ""candidate__instagram"": 8, ""candidate__localtv"": 0, ""candidate__ooh"": 17, ""candidate__opentv"": 10, ""candidate__paytv"": 9, ""candidate__print"": 11, ""candidate__radio"": 4, ""candidate__tiktok"": 12, ""candidate__twitter"": 12, ""candidate__youtube"": 15}",COMPLETE
216,1707.4193782962263,2026-09-21 11:30:41.223834,2026-09-21 11:30:41.697484,0 days 00:00:00.473650,1,15,15,1,8,0,16,9,8,12,3,12,12,16,"{""candidate__cinema"": 1, ""candidate__digitaldisplayandsearch"": 15, ""candidate__digitalvideo"": 15, ""candidate__facebook"": 1, ""candidate__instagram"": 8, ""candidate__localtv"": 0, ""candidate__ooh"": 16, ""candidate__opentv"": 9, ""candidate__paytv"": 8, ""candidate__print"": 12, ""candidate__radio"": 3, ""candidate__tiktok"": 12, ""candidate__twitter"": 12, ""candidate__youtube"": 16}",COMPLETE
217,2086.527277069281,2026-09-21 11:30:41.711245,2026-09-21 11:30:41.960841,0 days 00:00:00.249596,1,15,15,1,8,1,15,9,9,11,5,12,12,16,"{""candidate__cinema"": 1, ""candidate__digitaldisplayandsearch"": 15, ""candidate__digitalvideo"": 15, ""candidate__facebook"": 1, ""candidate__instagram"": 8, ""candidate__localtv"": 1, ""candidate__ooh"": 15, ""candidate__opentv"": 9, ""candidate__paytv"": 9, ""candidate__print"": 11, ""candidate__radio"": 5, ""candidate__tiktok"": 12, ""candidate__twitter"": 12, ""candidate__youtube"": 16}",PRUNED
218,1713.368133946985,2026-09-21 11:30:41.973956,2026-09-21 11:30:42.465112,0 days 00:00:00.491156,0,16,17,2,8,0,16,9,10,14,6,12,13,14,"{""candidate__cinema"": 0, ""candidate__digitaldisplayandsearch"": 16, ""candidate__digitalvideo"": 17, ""candidate__facebook"": 2, ""candidate__instagram"": 8, ""candidate__localtv"": 0, ""candidate__ooh"": 16, ""candidate__opentv"": 9, ""candidate__paytv"": 10, ""candidate__print"": 14, ""candidate__radio"": 6, ""candidate__tiktok"": 12, ""candidate__twitter"": 13, ""candidate__youtube"": 14}",COMPLETE
219,1714.3157800781837,2026-09-21 11:30:42.479397,2026-09-21 11:30:42.982160,0 days 00:00:00.502763,1,14,16,0,7,1,16,8,9,11,4,14,14,16,"{""candidate__cinema"": 1, ""candidate__digitaldisplayandsearch"": 14, ""candidate__digitalvideo"": 16, ""candidate__facebook"": 0, ""candidate__instagram"": 7, ""candidate__localtv"": 1, ""candidate__ooh"": 16, ""candidate__opentv"": 8, ""candidate__paytv"": 9, ""candidate__print"": 11, ""candidate__radio"": 4, ""candidate__tiktok"": 14, ""candidate__twitter"": 14, ""candidate__youtube"": 16}",COMPLETE
220,2073.6405431887697,2026-09-21 11:30:42.996572,2026-09-21 11:30:43.246460,0 days 00:00:00.249888,0,15,16,0,6,0,17,10,10,13,4,12,15,15,"{""candidate__cinema"": 0, ""candidate__digitaldisplayandsearch"": 15, ""candidate__digitalvideo"": 16, ""candidate__facebook"": 0, ""candidate__instagram"": 6, ""candidate__localtv"": 0, ""candidate__ooh"": 17, ""candidate__opentv"": 10, ""candidate__paytv"": 10, ""candidate__print"": 13, ""candidate__radio"": 4, ""candidate__tiktok"": 12, ""candidate__twitter"": 15, ""candidate__youtube"": 15}",PRUNED
221,2082.640879169367,2026-09-21 11:30:43.258544,2026-09-21 11:30:43.512045,0 days 00:00:00.253501,1,14,15,2,8,1,17,9,8,11,4,12,13,14,"{""candidate__cinema"": 1, ""candidate__digitaldisplayandsearch"": 14, ""candidate__digitalvideo"": 15, ""candidate__facebook"": 2, ""candidate__instagram"": 8, ""candidate__localtv"": 1, ""candidate__ooh"": 17, ""candidate__opentv"": 9, ""candidate__paytv"": 8, ""candidate__print"": 11, ""candidate__radio"": 4, ""candidate__tiktok"": 12, ""candidate__twitter"": 13, ""candidate__youtube"": 14}",PRUNED
222,1715.220858500158,2026-09-21 11:30:43.524946,2026-09-21 11:30:43.987995,0 days 00:00:00.463049,0,15,15,0,5,0,16,9,10,12,3,12,15,17,"{""candidate__cinema"": 0, ""candidate__digitaldisplayandsearch"": 15, ""candidate__digitalvideo"": 15, ""candidate__facebook"": 0, ""candidate__instagram"": 5, ""candidate__localtv"": 0, ""candidate__ooh"": 16, ""candidate__opentv"": 9, ""candidate__paytv"": 10, ""candidate__print"": 12, ""candidate__radio"": 3, ""candidate__tiktok"": 12, ""candidate__twitter"": 15, ""candidate__youtube"": 17}",PRUNED
223,1715.6078822210227,2026-09-21 11:30:43.999015,2026-09-21 11:30:44.498670,0 days 00:00:00.499655,0,15,15,1,7,0,16,10,7,11,6,13,15,17,"{""candidate__cinema"": 0, ""candidate__digitaldisplayandsearch"": 15, ""candidate__digitalvideo"": 15, ""candidate__facebook"": 1, ""candidate__instagram"": 7, ""candidate__localtv"": 0, ""candidate__ooh"": 16, ""candidate__opentv"": 10, ""candidate__paytv"": 7, ""candidate__print"": 11, ""candidate__radio"": 6, ""candidate__tiktok"": 13, ""candidate__twitter"": 15, ""candidate__youtube"": 17}",PRUNED
224,1706.3318959602755,2026-09-21 11:30:44.511429,2026-09-21 11:30:44.948623,0 days 00:00:00.437194,1,16,15,3,7,0,16,9,7,12,5,12,13,15,"{""candidate__cinema"": 1, ""candidate__digitaldisplayandsearch"": 16, ""candidate__digitalvideo"": 15, ""candidate__facebook"": 3, ""candidate__instagram"": 7, ""candidate__localtv"": 0, ""candidate__ooh"": 16, ""candidate__opentv"": 9, ""candidate__paytv"": 7, ""candidate__print"": 12, ""candidate__radio"": 5, ""candidate__tiktok"": 12, ""candidate__twitter"": 13, ""candidate__youtube"": 15}",COMPLETE
225,2079.292520376583,2026-09-21 11:30:44.965459,2026-09-21 11:30:45.205962,0 days 00:00:00.240503,1,15,15,2,6,1,16,9,9,12,5,13,13,16,"{""candidate__cinema"": 1, ""candidate__digitaldisplayandsearch"": 15, ""candidate__digitalvideo"": 15, ""candidate__facebook"": 2, ""candidate__instagram"": 6, ""candidate__localtv"": 1, ""candidate__ooh"": 16, ""candidate__opentv"": 9, ""candidate__paytv"": 9, ""candidate__print"": 12, ""candidate__radio"": 5, ""candidate__tiktok"": 13, ""candidate__twitter"": 13, ""candidate__youtube"": 16}",PRUNED
226,2082.1663362402765,2026-09-21 11:30:45.219183,2026-09-21 11:30:45.457316,0 days 00:00:00.238133,2,15,15,0,9,0,15,9,8,12,4,12,12,16,"{""candidate__cinema"": 2, ""candidate__digitaldisplayandsearch"": 15, ""candidate__digitalvideo"": 15, ""candidate__facebook"": 0, ""candidate__instagram"": 9, ""candidate__localtv"": 0, ""candidate__ooh"": 15, ""candidate__opentv"": 9, ""candidate__paytv"": 8, ""candidate__print"": 12, ""candidate__radio"": 4, ""candidate__tiktok"": 12, ""candidate__twitter"": 12, ""candidate__youtube"": 16}",PRUNED
227,1710.681142671685,2026-09-21 11:30:45.471762,2026-09-21 11:30:45.895451,0 days 00:00:00.423689,1,15,15,4,7,0,16,8,7,12,5,12,14,14,"{""candidate__cinema"": 1, ""candidate__digitaldisplayandsearch"": 15, ""candidate__digitalvideo"": 15, ""candidate__facebook"": 4, ""candidate__instagram"": 7, ""candidate__localtv"": 0, ""candidate__ooh"": 16, ""candidate__opentv"": 8, ""candidate__paytv"": 7, ""candidate__print"": 12, ""candidate__radio"": 5, ""candidate__tiktok"": 12, ""candidate__twitter"": 14, ""candidate__youtube"": 14}",COMPLETE
228,2079.944640745519,2026-09-21 11:30:45.909913,2026-09-21 11:30:46.157727,0 days 00:00:00.247814,1,16,15,0,7,1,17,9,8,10,4,12,13,15,"{""candidate__cinema"": 1, ""candidate__digitaldisplayandsearch"": 16, ""candidate__digitalvideo"": 15, ""candidate__facebook"": 0, ""candidate__instagram"": 7, ""candidate__localtv"": 1, ""candidate__ooh"": 17, ""candidate__opentv"": 9, ""candidate__paytv"": 8, ""candidate__print"": 10, ""candidate__radio"": 4, ""candidate__tiktok"": 12, ""candidate__twitter"": 13, ""candidate__youtube"": 15}",PRUNED
229,1710.8638410413816,2026-09-21 11:30:46.184037,2026-09-21 11:30:46.640103,0 days 00:00:00.456066,0,15,15,3,7,0,17,12,11,15,5,15,13,16,"{""candidate__cinema"": 0, ""candidate__digitaldisplayandsearch"": 15, ""candidate__digitalvideo"": 15, ""candidate__facebook"": 3, ""candidate__instagram"": 7, ""candidate__localtv"": 0, ""candidate__ooh"": 17, ""candidate__opentv"": 12, ""candidate__paytv"": 11, ""candidate__print"": 15, ""candidate__radio"": 5, ""candidate__tiktok"": 15, ""candidate__twitter"": 13, ""candidate__youtube"": 16}",COMPLETE
230,1708.1176178953503,2026-09-21 11:30:46.653741,2026-09-21 11:30:47.116950,0 days 00:00:00.463209,0,15,15,0,8,0,16,9,9,12,3,14,15,16,"{""candidate__cinema"": 0, ""candidate__digitaldisplayandsearch"": 15, ""candidate__digitalvideo"": 15, ""candidate__facebook"": 0, ""candidate__instagram"": 8, ""candidate__localtv"": 0, ""candidate__ooh"": 16, ""candidate__opentv"": 9, ""candidate__paytv"": 9, ""candidate__print"": 12, ""candidate__radio"": 3, ""candidate__tiktok"": 14, ""candidate__twitter"": 15, ""candidate__youtube"": 16}",COMPLETE
231,1707.4899037824864,2026-09-21 11:30:47.129688,2026-09-21 11:30:47.586142,0 days 00:00:00.456454,1,15,15,1,7,0,16,9,9,13,3,16,15,16,"{""candidate__cinema"": 1, ""candidate__digitaldisplayandsearch"": 15, ""candidate__digitalvideo"": 15, ""candidate__facebook"": 1, ""candidate__instagram"": 7, ""candidate__localtv"": 0, ""candidate__ooh"": 16, ""candidate__opentv"": 9, ""candidate__paytv"": 9, ""candidate__print"": 13, ""candidate__radio"": 3, ""candidate__tiktok"": 16, ""candidate__twitter"": 15, ""candidate__youtube"": 16}",COMPLETE
232,2077.2746169967577,2026-09-21 11:30:47.600110,2026-09-21 11:30:48.363099,0 days 00:00:00.762989,2,16,15,1,8,1,16,9,9,14,7,12,15,15,"{""candidate__cinema"": 2, ""candidate__digitaldisplayandsearch"": 16, ""candidate__digitalvideo"": 15, ""candidate__facebook"": 1, ""candidate__instagram"": 8, ""candidate__localtv"": 1, ""candidate__ooh"": 16, ""candidate__opentv"": 9, ""candidate__paytv"": 9, ""candidate__print"": 14, ""candidate__radio"": 7, ""candidate__tiktok"": 12, ""candidate__twitter"": 15, ""candidate__youtube"": 15}",PRUNED
233,2081.493274044138,2026-09-21 11:30:48.375282,2026-09-21 11:30:48.631294,0 days 00:00:00.256012,0,16,15,1,8,0,15,9,9,11,4,12,14,15,"{""candidate__cinema"": 0, ""candidate__digitaldisplayandsearch"": 16, ""candidate__digitalvideo"": 15, ""candidate__facebook"": 1, ""candidate__instagram"": 8, ""candidate__localtv"": 0, ""candidate__ooh"": 15, ""candidate__opentv"": 9, ""candidate__paytv"": 9, ""candidate__print"": 11, ""candidate__radio"": 4, ""candidate__tiktok"": 12, ""candidate__twitter"": 14, ""candidate__youtube"": 15}",PRUNED
234,1713.9929269086144,2026-09-21 11:30:48.644480,2026-09-21 11:30:49.089662,0 days 00:00:00.445182,1,14,15,2,8,0,16,9,8,13,4,12,12,17,"{""candidate__cinema"": 1, ""candidate__digitaldisplayandsearch"": 14, ""candidate__digitalvideo"": 15, ""candidate__facebook"": 2, ""candidate__instagram"": 8, ""candidate__localtv"": 0, ""candidate__ooh"": 16, ""candidate__opentv"": 9, ""candidate__paytv"": 8, ""candidate__print"": 13, ""candidate__radio"": 4, ""candidate__tiktok"": 12, ""candidate__twitter"": 12, ""candidate__youtube"": 17}",COMPLETE
235,2096.0198506023407,2026-09-21 11:30:49.103481,2026-09-21 11:30:49.336638,0 days 00:00:00.233157,0,15,16,1,6,0,15,9,9,10,5,13,14,15,"{""candidate__cinema"": 0, ""candidate__digitaldisplayandsearch"": 15, ""candidate__digitalvideo"": 16, ""candidate__facebook"": 1, ""candidate__instagram"": 6, ""candidate__localtv"": 0, ""candidate__ooh"": 15, ""candidate__opentv"": 9, ""candidate__paytv"": 9, ""candidate__print"": 10, ""candidate__radio"": 5, ""candidate__tiktok"": 13, ""candidate__twitter"": 14, ""candidate__youtube"": 15}",PRUNED
236,2073.671704382515,2026-09-21 11:30:49.348481,2026-09-21 11:30:49.591054,0 days 00:00:00.242573,1,14,15,0,7,0,15,9,10,12,4,15,15,16,"{""candidate__cinema"": 1, ""candidate__digitaldisplayandsearch"": 14, ""candidate__digitalvideo"": 15, ""candidate__facebook"": 0, ""candidate__instagram"": 7, ""candidate__localtv"": 0, ""candidate__ooh"": 15, ""candidate__opentv"": 9, ""candidate__paytv"": 10, ""candidate__print"": 12, ""candidate__radio"": 4, ""candidate__tiktok"": 15, ""candidate__twitter"": 15, ""candidate__youtube"": 16}",PRUNED
237,1710.944775259247,2026-09-21 11:30:49.603089,2026-09-21 11:30:50.059080,0 days 00:00:00.455991,0,17,16,2,7,0,17,9,9,14,5,12,13,15,"{""candidate__cinema"": 0, ""candidate__digitaldisplayandsearch"": 17, ""candidate__digitalvideo"": 16, ""candidate__facebook"": 2, ""candidate__instagram"": 7, ""candidate__localtv"": 0, ""candidate__ooh"": 17, ""candidate__opentv"": 9, ""candidate__paytv"": 9, ""candidate__print"": 14, ""candidate__radio"": 5, ""candidate__tiktok"": 12, ""candidate__twitter"": 13, ""candidate__youtube"": 15}",COMPLETE
238,2082.407209866752,2026-09-21 11:30:50.077530,2026-09-21 11:30:50.308204,0 days 00:00:00.230674,2,15,15,2,10,0,15,9,12,11,5,13,13,17,"{""candidate__cinema"": 2, ""candidate__digitaldisplayandsearch"": 15, ""candidate__digitalvideo"": 15, ""candidate__facebook"": 2, ""candidate__instagram"": 10, ""candidate__localtv"": 0, ""candidate__ooh"": 15, ""candidate__opentv"": 9, ""candidate__paytv"": 12, ""candidate__print"": 11, ""candidate__radio"": 5, ""candidate__tiktok"": 13, ""candidate__twitter"": 13, ""candidate__youtube"": 17}",PRUNED
239,1710.1933357701148,2026-09-21 11:30:50.319262,2026-09-21 11:30:50.796320,0 days 00:00:00.477058,0,15,14,0,8,0,16,8,9,11,3,14,16,16,"{""candidate__cinema"": 0, ""candidate__digitaldisplayandsearch"": 15, ""candidate__digitalvideo"": 14, ""candidate__facebook"": 0, ""candidate__instagram"": 8, ""candidate__localtv"": 0, ""candidate__ooh"": 16, ""candidate__opentv"": 8, ""candidate__paytv"": 9, ""candidate__print"": 11, ""candidate__radio"": 3, ""candidate__tiktok"": 14, ""candidate__twitter"": 16, ""candidate__youtube"": 16}",COMPLETE
240,2079.466552387398,2026-09-21 11:30:50.809922,2026-09-21 11:30:51.051774,0 days 00:00:00.241852,0,15,15,1,7,0,15,10,6,11,4,13,16,16,"{""candidate__cinema"": 0, ""candidate__digitaldisplayandsearch"": 15, ""candidate__digitalvideo"": 15, ""candidate__facebook"": 1, ""candidate__instagram"": 7, ""candidate__localtv"": 0, ""candidate__ooh"": 15, ""candidate__opentv"": 10, ""candidate__paytv"": 6, ""candidate__print"": 11, ""candidate__radio"": 4, ""candidate__tiktok"": 13, ""candidate__twitter"": 16, ""candidate__youtube"": 16}",PRUNED
