number,value,datetime_start,datetime_complete,duration,params_candidate__cinema,params_candidate__digitaldisplayandsearch,params_candidate__digitalvideo,params_candidate__facebook,params_candidate__instagram,params_candidate__localtv,params_candidate__ooh,params_candidate__opentv,params_candidate__paytv,params_candidate__print,params_candidate__radio,params_candidate__tiktok,params_candidate__twitter,params_candidate__youtube,system_attrs_tpe:relative_params:0,state
943,2081.3249913037034,2026-09-21 11:37:10.385278,2026-09-21 11:37:11.056424,0 days 00:00:00.671146,2,15,14,1,9,0,16,10,10,13,5,16,15,14,"{""candidate__cinema"": 2, ""candidate__digitaldisplayandsearch"": 15, ""candidate__digitalvideo"": 14, ""candidate__facebook"": 1, ""candidate__instagram"": 9, ""candidate__localtv"": 0, ""candidate__ooh"": 16, ""candidate__opentv"": 10, ""candidate__paytv"": 10, ""candidate__print"": 13, ""candidate__radio"": 5, ""candidate__tiktok"": 16, ""candidate__twitter"": 15, ""candidate__youtube"": 14}",PRUNED
944,2063.647279316577,2026-09-21 11:37:11.078990,2026-09-21 11:37:11.534255,0 days 00:00:00.455265,6,13,14,2,13,0,16,8,9,13,4,13,15,15,"{""candidate__cinema"": 6, ""candidate__digitaldisplayandsearch"": 13, ""candidate__digitalvideo"": 14, ""candidate__facebook"": 2, ""candidate__instagram"": 13, ""candidate__localtv"": 0, ""candidate__ooh"": 16, ""candidate__opentv"": 8, ""candidate__paytv"": 9, ""candidate__print"": 13, ""candidate__radio"": 4, ""candidate__tiktok"": 13, ""candidate__twitter"": 15, ""candidate__youtube"": 15}",PRUNED
945,2085.7436240147194,2026-09-21 11:37:11.556068,2026-09-21 11:37:12.001420,0 days 00:00:00.445352,3,13,17,1,13,0,15,8,9,13,6,13,12,15,"{""candidate__cinema"": 3, ""candidate__digitaldisplayandsearch"": 13, ""candidate__digitalvideo"": 17, ""candidate__facebook"": 1, ""candidate__instagram"": 13, ""candidate__localtv"": 0, ""candidate__ooh"": 15, ""candidate__opentv"": 8, ""candidate__paytv"": 9, ""candidate__print"": 13, ""candidate__radio"": 6, ""candidate__tiktok"": 13, ""candidate__twitter"": 12, ""candidate__youtube"": 15}",PRUNED
946,1709.555252701926,2026-09-21 11:37:12.026675,2026-09-21 11:37:12.837706,0 days 00:00:00.811031,3,13,15,1,12,0,16,8,9,11,7,12,13,14,"{""candidate__cinema"": 3, ""candidate__digitaldisplayandsearch"": 13, ""candidate__digitalvideo"": 15, ""candidate__facebook"": 1, ""candidate__instagram"": 12, ""candidate__localtv"": 0, ""candidate__ooh"": 16, ""candidate__opentv"": 8, ""candidate__paytv"": 9, ""candidate__print"": 11, ""candidate__radio"": 7, ""candidate__tiktok"": 12, ""candidate__twitter"": 13, ""candidate__youtube"": 14}",PRUNED
947,1973.0629789076477,2026-09-21 11:37:12.861245,2026-09-21 11:37:13.454327,0 days 00:00:00.593082,5,15,15,0,10,0,17,12,5,10,6,13,11,15,"{""candidate__cinema"": 5, ""candidate__digitaldisplayandsearch"": 15, ""candidate__digitalvideo"": 15, ""candidate__facebook"": 0, ""candidate__instagram"": 10, ""candidate__localtv"": 0, ""candidate__ooh"": 17, ""candidate__opentv"": 12, ""candidate__paytv"": 5, ""candidate__print"": 10, ""candidate__radio"": 6, ""candidate__tiktok"": 13, ""candidate__twitter"": 11, ""candidate__youtube"": 15}",PRUNED
948,1705.4237137566,2026-09-21 11:37:13.508984,2026-09-21 11:37:14.247417,0 days 00:00:00.738433,4,15,16,1,16,0,16,7,9,13,4,13,14,15,"{""candidate__cinema"": 4, ""candidate__digitaldisplayandsearch"": 15, ""candidate__digitalvideo"": 16, ""candidate__facebook"": 1, ""candidate__instagram"": 16, ""candidate__localtv"": 0, ""candidate__ooh"": 16, ""candidate__opentv"": 7, ""candidate__paytv"": 9, ""candidate__print"": 13, ""candidate__radio"": 4, ""candidate__tiktok"": 13, ""candidate__twitter"": 14, ""candidate__youtube"": 15}",COMPLETE
949,2072.950115909233,2026-09-21 11:37:14.279658,2026-09-21 11:37:14.738792,0 days 00:00:00.459134,0,17,15,1,10,1,16,9,8,14,5,14,15,15,"{""candidate__cinema"": 0, ""candidate__digitaldisplayandsearch"": 17, ""candidate__digitalvideo"": 15, ""candidate__facebook"": 1, ""candidate__instagram"": 10, ""candidate__localtv"": 1, ""candidate__ooh"": 16, ""candidate__opentv"": 9, ""candidate__paytv"": 8, ""candidate__print"": 14, ""candidate__radio"": 5, ""candidate__tiktok"": 14, ""candidate__twitter"": 15, ""candidate__youtube"": 15}",PRUNED
950,1710.0163324688892,2026-09-21 11:37:14.757809,2026-09-21 11:37:15.506593,0 days 00:00:00.748784,2,14,16,1,13,0,16,8,10,13,4,12,15,14,"{""candidate__cinema"": 2, ""candidate__digitaldisplayandsearch"": 14, ""candidate__digitalvideo"": 16, ""candidate__facebook"": 1, ""candidate__instagram"": 13, ""candidate__localtv"": 0, ""candidate__ooh"": 16, ""candidate__opentv"": 8, ""candidate__paytv"": 10, ""candidate__print"": 13, ""candidate__radio"": 4, ""candidate__tiktok"": 12, ""candidate__twitter"": 15, ""candidate__youtube"": 14}",PRUNED
951,2060.805698835311,2026-09-21 11:37:15.533982,2026-09-21 11:37:15.979145,0 days 00:00:00.445163,3,17,13,1,10,0,16,11,8,13,5,9,14,15,"{""candidate__cinema"": 3, ""candidate__digitaldisplayandsearch"": 17, ""candidate__digitalvideo"": 13, ""candidate__facebook"": 1, ""candidate__instagram"": 10, ""candidate__localtv"": 0, ""candidate__ooh"": 16, ""candidate__opentv"": 11, ""candidate__paytv"": 8, ""candidate__print"": 13, ""candidate__radio"": 5, ""candidate__tiktok"": 9, ""candidate__twitter"": 14, ""candidate__youtube"": 15}",PRUNED
952,2079.0724572753525,2026-09-21 11:37:16.002096,2026-09-21 11:37:16.684569,0 days 00:00:00.682473,2,15,15,0,11,0,15,11,10,12,5,16,14,15,"{""candidate__cinema"": 2, ""candidate__digitaldisplayandsearch"": 15, ""candidate__digitalvideo"": 15, ""candidate__facebook"": 0, ""candidate__instagram"": 11, ""candidate__localtv"": 0, ""candidate__ooh"": 15, ""candidate__opentv"": 11, ""candidate__paytv"": 10, ""candidate__print"": 12, ""candidate__radio"": 5, ""candidate__tiktok"": 16, ""candidate__twitter"": 14, ""candidate__youtube"": 15}",PRUNED
953,2076.8861641731874,2026-09-21 11:37:16.703547,2026-09-21 11:37:17.149681,0 days 00:00:00.446134,3,17,15,1,9,0,17,13,5,12,5,13,12,15,"{""candidate__cinema"": 3, ""candidate__digitaldisplayandsearch"": 17, ""candidate__digitalvideo"": 15, ""candidate__facebook"": 1, ""candidate__instagram"": 9, ""candidate__localtv"": 0, ""candidate__ooh"": 17, ""candidate__opentv"": 13, ""candidate__paytv"": 5, ""candidate__print"": 12, ""candidate__radio"": 5, ""candidate__tiktok"": 13, ""candidate__twitter"": 12, ""candidate__youtube"": 15}",PRUNED
954,2060.4436051657217,2026-09-21 11:37:17.173801,2026-09-21 11:37:17.625605,0 days 00:00:00.451804,2,16,15,1,10,0,17,11,9,14,6,11,16,15,"{""candidate__cinema"": 2, ""candidate__digitaldisplayandsearch"": 16, ""candidate__digitalvideo"": 15, ""candidate__facebook"": 1, ""candidate__instagram"": 10, ""candidate__localtv"": 0, ""candidate__ooh"": 17, ""candidate__opentv"": 11, ""candidate__paytv"": 9, ""candidate__print"": 14, ""candidate__radio"": 6, ""candidate__tiktok"": 11, ""candidate__twitter"": 16, ""candidate__youtube"": 15}",PRUNED
955,2076.0815498445068,2026-09-21 11:37:17.652479,2026-09-21 11:37:18.135137,0 days 00:00:00.482658,4,14,15,1,7,0,15,11,8,14,7,13,15,16,"{""candidate__cinema"": 4, ""candidate__digitaldisplayandsearch"": 14, ""candidate__digitalvideo"": 15, ""candidate__facebook"": 1, ""candidate__instagram"": 7, ""candidate__localtv"": 0, ""candidate__ooh"": 15, ""candidate__opentv"": 11, ""candidate__paytv"": 8, ""candidate__print"": 14, ""candidate__radio"": 7, ""candidate__tiktok"": 13, ""candidate__twitter"": 15, ""candidate__youtube"": 16}",PRUNED
956,2065.304857171437,2026-09-21 11:37:18.160735,2026-09-21 11:37:18.624026,0 days 00:00:00.463291,4,15,15,0,15,0,16,8,9,13,4,13,14,15,"{""candidate__cinema"": 4, ""candidate__digitaldisplayandsearch"": 15, ""candidate__digitalvideo"": 15, ""candidate__facebook"": 0, ""candidate__instagram"": 15, ""candidate__localtv"": 0, ""candidate__ooh"": 16, ""candidate__opentv"": 8, ""candidate__paytv"": 9, ""candidate__print"": 13, ""candidate__radio"": 4, ""candidate__tiktok"": 13, ""candidate__twitter"": 14, ""candidate__youtube"": 15}",PRUNED
957,1705.0779103617824,2026-09-21 11:37:18.644597,2026-09-21 11:37:19.402217,0 days 00:00:00.757620,5,14,15,1,13,0,16,6,9,13,4,13,15,15,"{""candidate__cinema"": 5, ""candidate__digitaldisplayandsearch"": 14, ""candidate__digitalvideo"": 15, ""candidate__facebook"": 1, ""candidate__instagram"": 13, ""candidate__localtv"": 0, ""candidate__ooh"": 16, ""candidate__opentv"": 6, ""candidate__paytv"": 9, ""candidate__print"": 13, ""candidate__radio"": 4, ""candidate__tiktok"": 13, ""candidate__twitter"": 15, ""candidate__youtube"": 15}",COMPLETE
958,2073.4293199730782,2026-09-21 11:37:19.425423,2026-09-21 11:37:19.954484,0 days 00:00:00.529061,4,13,15,1,9,0,16,11,7,13,7,12,16,15,"{""candidate__cinema"": 4, ""candidate__digitaldisplayandsearch"": 13, ""candidate__digitalvideo"": 15, ""candidate__facebook"": 1, ""candidate__instagram"": 9, ""candidate__localtv"": 0, ""candidate__ooh"": 16, ""candidate__opentv"": 11, ""candidate__paytv"": 7, ""candidate__print"": 13, ""candidate__radio"": 7, ""candidate__tiktok"": 12, ""candidate__twitter"": 16, ""candidate__youtube"": 15}",PRUNED
959,2075.9093308868173,2026-09-21 11:37:19.977650,2026-09-21 11:37:20.416630,0 days 00:00:00.438980,4,17,15,1,9,0,17,12,9,13,5,8,14,15,"{""candidate__cinema"": 4, ""candidate__digitaldisplayandsearch"": 17, ""candidate__digitalvideo"": 15, ""candidate__facebook"": 1, ""candidate__instagram"": 9, ""candidate__localtv"": 0, ""candidate__ooh"": 17, ""candidate__opentv"": 12, ""candidate__paytv"": 9, ""candidate__print"": 13, ""candidate__radio"": 5, ""candidate__tiktok"": 8, ""candidate__twitter"": 14, ""candidate__youtube"": 15}",PRUNED
960,2076.7607604285145,2026-09-21 11:37:20.438711,2026-09-21 11:37:20.895317,0 days 00:00:00.456606,5,13,15,1,13,1,17,6,9,13,5,13,15,15,"{""candidate__cinema"": 5, ""candidate__digitaldisplayandsearch"": 13, ""candidate__digitalvideo"": 15, ""candidate__facebook"": 1, ""candidate__instagram"": 13, ""candidate__localtv"": 1, ""candidate__ooh"": 17, ""candidate__opentv"": 6, ""candidate__paytv"": 9, ""candidate__print"": 13, ""candidate__radio"": 5, ""candidate__tiktok"": 13, ""candidate__twitter"": 15, ""candidate__youtube"": 15}",PRUNED
961,1705.188145494483,2026-09-21 11:37:20.916410,2026-09-21 11:37:21.864358,0 days 00:00:00.947948,3,15,15,2,16,0,16,8,10,13,4,13,14,15,"{""candidate__cinema"": 3, ""candidate__digitaldisplayandsearch"": 15, ""candidate__digitalvideo"": 15, ""candidate__facebook"": 2, ""candidate__instagram"": 16, ""candidate__localtv"": 0, ""candidate__ooh"": 16, ""candidate__opentv"": 8, ""candidate__paytv"": 10, ""candidate__print"": 13, ""candidate__radio"": 4, ""candidate__tiktok"": 13, ""candidate__twitter"": 14, ""candidate__youtube"": 15}",COMPLETE
962,2062.320605945994,2026-09-21 11:37:21.887977,2026-09-21 11:37:22.319342,0 days 00:00:00.431365,4,14,16,1,11,0,16,11,10,13,6,10,16,15,"{""candidate__cinema"": 4, ""candidate__digitaldisplayandsearch"": 14, ""candidate__digitalvideo"": 16, ""candidate__facebook"": 1, ""candidate__instagram"": 11, ""candidate__localtv"": 0, ""candidate__ooh"": 16, ""candidate__opentv"": 11, ""candidate__paytv"": 10, ""candidate__print"": 13, ""candidate__radio"": 6, ""candidate__tiktok"": 10, ""candidate__twitter"": 16, ""candidate__youtube"": 15}",PRUNED
963,2073.7244721735374,2026-09-21 11:37:22.343882,2026-09-21 11:37:22.791201,0 days 00:00:00.447319,2,14,15,1,9,0,16,11,8,13,5,12,14,14,"{""candidate__cinema"": 2, ""candidate__digitaldisplayandsearch"": 14, ""candidate__digitalvideo"": 15, ""candidate__facebook"": 1, ""candidate__instagram"": 9, ""candidate__localtv"": 0, ""candidate__ooh"": 16, ""candidate__opentv"": 11, ""candidate__paytv"": 8, ""candidate__print"": 13, ""candidate__radio"": 5, ""candidate__tiktok"": 12, ""candidate__twitter"": 14, ""candidate__youtube"": 14}",PRUNED
964,1705.967946581686,2026-09-21 11:37:22.816723,2026-09-21 11:37:23.582965,0 days 00:00:00.766242,5,14,15,1,13,0,16,8,8,13,4,13,13,16,"{""candidate__cinema"": 5, ""candidate__digitaldisplayandsearch"": 14, ""candidate__digitalvideo"": 15, ""candidate__facebook"": 1, ""candidate__instagram"": 13, ""candidate__localtv"": 0, ""candidate__ooh"": 16, ""candidate__opentv"": 8, ""candidate__paytv"": 8, ""candidate__print"": 13, ""candidate__radio"": 4, ""candidate__tiktok"": 13, ""candidate__twitter"": 13, ""candidate__youtube"": 16}",COMPLETE
965,2061.448080018127,2026-09-21 11:37:23.604319,2026-09-21 11:37:24.058410,0 days 00:00:00.454091,2,16,15,1,10,0,17,10,10,13,5,15,13,14,"{""candidate__cinema"": 2, ""candidate__digitaldisplayandsearch"": 16, ""candidate__digitalvideo"": 15, ""candidate__facebook"": 1, ""candidate__instagram"": 10, ""candidate__localtv"": 0, ""candidate__ooh"": 17, ""candidate__opentv"": 10, ""candidate__paytv"": 10, ""candidate__print"": 13, ""candidate__radio"": 5, ""candidate__tiktok"": 15, ""candidate__twitter"": 13, ""candidate__youtube"": 14}",PRUNED
966,2066.7865553065553,2026-09-21 11:37:24.080444,2026-09-21 11:37:24.551158,0 days 00:00:00.470714,1,17,14,2,10,0,16,8,8,13,5,14,14,14,"{""candidate__cinema"": 1, ""candidate__digitaldisplayandsearch"": 17, ""candidate__digitalvideo"": 14, ""candidate__facebook"": 2, ""candidate__instagram"": 10, ""candidate__localtv"": 0, ""candidate__ooh"": 16, ""candidate__opentv"": 8, ""candidate__paytv"": 8, ""candidate__print"": 13, ""candidate__radio"": 5, ""candidate__tiktok"": 14, ""candidate__twitter"": 14, ""candidate__youtube"": 14}",PRUNED
967,1707.342217203997,2026-09-21 11:37:24.569497,2026-09-21 11:37:25.304543,0 days 00:00:00.735046,4,15,15,0,17,0,16,6,9,13,3,13,14,15,"{""candidate__cinema"": 4, ""candidate__digitaldisplayandsearch"": 15, ""candidate__digitalvideo"": 15, ""candidate__facebook"": 0, ""candidate__instagram"": 17, ""candidate__localtv"": 0, ""candidate__ooh"": 16, ""candidate__opentv"": 6, ""candidate__paytv"": 9, ""candidate__print"": 13, ""candidate__radio"": 3, ""candidate__tiktok"": 13, ""candidate__twitter"": 14, ""candidate__youtube"": 15}",COMPLETE
968,1705.7343953708507,2026-09-21 11:37:25.332059,2026-09-21 11:37:26.098349,0 days 00:00:00.766290,4,15,15,0,8,0,16,11,9,12,5,12,13,15,"{""candidate__cinema"": 4, ""candidate__digitaldisplayandsearch"": 15, ""candidate__digitalvideo"": 15, ""candidate__facebook"": 0, ""candidate__instagram"": 8, ""candidate__localtv"": 0, ""candidate__ooh"": 16, ""candidate__opentv"": 11, ""candidate__paytv"": 9, ""candidate__print"": 12, ""candidate__radio"": 5, ""candidate__tiktok"": 12, ""candidate__twitter"": 13, ""candidate__youtube"": 15}",COMPLETE
969,2073.586348485842,2026-09-21 11:37:26.123254,2026-09-21 11:37:27.071920,0 days 00:00:00.948666,4,15,16,2,16,1,16,9,10,14,4,13,13,15,"{""candidate__cinema"": 4, ""candidate__digitaldisplayandsearch"": 15, ""candidate__digitalvideo"": 16, ""candidate__facebook"": 2, ""candidate__instagram"": 16, ""candidate__localtv"": 1, ""candidate__ooh"": 16, ""candidate__opentv"": 9, ""candidate__paytv"": 10, ""candidate__print"": 14, ""candidate__radio"": 4, ""candidate__tiktok"": 13, ""candidate__twitter"": 13, ""candidate__youtube"": 15}",PRUNED
970,2074.789538070133,2026-09-21 11:37:27.090665,2026-09-21 11:37:27.494013,0 days 00:00:00.403348,2,17,15,1,9,0,16,11,9,13,4,8,15,15,"{""candidate__cinema"": 2, ""candidate__digitaldisplayandsearch"": 17, ""candidate__digitalvideo"": 15, ""candidate__facebook"": 1, ""candidate__instagram"": 9, ""candidate__localtv"": 0, ""candidate__ooh"": 16, ""candidate__opentv"": 11, ""candidate__paytv"": 9, ""candidate__print"": 13, ""candidate__radio"": 4, ""candidate__tiktok"": 8, ""candidate__twitter"": 15, ""candidate__youtube"": 15}",PRUNED
971,2062.039731430482,2026-09-21 11:37:27.516689,2026-09-21 11:37:28.009230,0 days 00:00:00.492541,4,15,16,1,8,0,16,11,10,15,7,13,14,15,"{""candidate__cinema"": 4, ""candidate__digitaldisplayandsearch"": 15, ""candidate__digitalvideo"": 16, ""candidate__facebook"": 1, ""candidate__instagram"": 8, ""candidate__localtv"": 0, ""candidate__ooh"": 16, ""candidate__opentv"": 11, ""candidate__paytv"": 10, ""candidate__print"": 15, ""candidate__radio"": 7, ""candidate__tiktok"": 13, ""candidate__twitter"": 14, ""candidate__youtube"": 15}",PRUNED
972,1711.3781646687275,2026-09-21 11:37:28.034491,2026-09-21 11:37:28.785480,0 days 00:00:00.750989,4,14,15,0,12,0,16,8,10,14,4,11,13,15,"{""candidate__cinema"": 4, ""candidate__digitaldisplayandsearch"": 14, ""candidate__digitalvideo"": 15, ""candidate__facebook"": 0, ""candidate__instagram"": 12, ""candidate__localtv"": 0, ""candidate__ooh"": 16, ""candidate__opentv"": 8, ""candidate__paytv"": 10, ""candidate__print"": 14, ""candidate__radio"": 4, ""candidate__tiktok"": 11, ""candidate__twitter"": 13, ""candidate__youtube"": 15}",PRUNED
973,2079.5750735714328,2026-09-21 11:37:28.806355,2026-09-21 11:37:29.252702,0 days 00:00:00.446347,3,16,15,1,10,0,15,11,7,15,5,10,16,15,"{""candidate__cinema"": 3, ""candidate__digitaldisplayandsearch"": 16, ""candidate__digitalvideo"": 15, ""candidate__facebook"": 1, ""candidate__instagram"": 10, ""candidate__localtv"": 0, ""candidate__ooh"": 15, ""candidate__opentv"": 11, ""candidate__paytv"": 7, ""candidate__print"": 15, ""candidate__radio"": 5, ""candidate__tiktok"": 10, ""candidate__twitter"": 16, ""candidate__youtube"": 15}",PRUNED
974,2097.843040428684,2026-09-21 11:37:29.276648,2026-09-21 11:37:29.780198,0 days 00:00:00.503550,3,13,14,1,9,1,16,11,9,13,6,9,16,15,"{""candidate__cinema"": 3, ""candidate__digitaldisplayandsearch"": 13, ""candidate__digitalvideo"": 14, ""candidate__facebook"": 1, ""candidate__instagram"": 9, ""candidate__localtv"": 1, ""candidate__ooh"": 16, ""candidate__opentv"": 11, ""candidate__paytv"": 9, ""candidate__print"": 13, ""candidate__radio"": 6, ""candidate__tiktok"": 9, ""candidate__twitter"": 16, ""candidate__youtube"": 15}",PRUNED
975,1705.7374783939224,2026-09-21 11:37:29.802762,2026-09-21 11:37:30.535388,0 days 00:00:00.732626,5,14,15,1,10,0,16,11,8,12,6,9,17,15,"{""candidate__cinema"": 5, ""candidate__digitaldisplayandsearch"": 14, ""candidate__digitalvideo"": 15, ""candidate__facebook"": 1, ""candidate__instagram"": 10, ""candidate__localtv"": 0, ""candidate__ooh"": 16, ""candidate__opentv"": 11, ""candidate__paytv"": 8, ""candidate__print"": 12, ""candidate__radio"": 6, ""candidate__tiktok"": 9, ""candidate__twitter"": 17, ""candidate__youtube"": 15}",COMPLETE
976,2085.5666536349545,2026-09-21 11:37:30.566163,2026-09-21 11:37:31.003824,0 days 00:00:00.437661,3,14,14,1,8,1,17,11,9,14,7,14,15,15,"{""candidate__cinema"": 3, ""candidate__digitaldisplayandsearch"": 14, ""candidate__digitalvideo"": 14, ""candidate__facebook"": 1, ""candidate__instagram"": 8, ""candidate__localtv"": 1, ""candidate__ooh"": 17, ""candidate__opentv"": 11, ""candidate__paytv"": 9, ""candidate__print"": 14, ""candidate__radio"": 7, ""candidate__tiktok"": 14, ""candidate__twitter"": 15, ""candidate__youtube"": 15}",PRUNED
977,2077.5479471912186,2026-09-21 11:37:31.026123,2026-09-21 11:37:31.545389,0 days 00:00:00.519266,4,14,16,2,14,1,16,8,11,13,6,13,14,15,"{""candidate__cinema"": 4, ""candidate__digitaldisplayandsearch"": 14, ""candidate__digitalvideo"": 16, ""candidate__facebook"": 2, ""candidate__instagram"": 14, ""candidate__localtv"": 1, ""candidate__ooh"": 16, ""candidate__opentv"": 8, ""candidate__paytv"": 11, ""candidate__print"": 13, ""candidate__radio"": 6, ""candidate__tiktok"": 13, ""candidate__twitter"": 14, ""candidate__youtube"": 15}",PRUNED
978,2076.358409712105,2026-09-21 11:37:31.571122,2026-09-21 11:37:32.037486,0 days 00:00:00.466364,4,14,16,0,9,0,16,11,9,14,6,9,15,15,"{""candidate__cinema"": 4, ""candidate__digitaldisplayandsearch"": 14, ""candidate__digitalvideo"": 16, ""candidate__facebook"": 0, ""candidate__instagram"": 9, ""candidate__localtv"": 0, ""candidate__ooh"": 16, ""candidate__opentv"": 11, ""candidate__paytv"": 9, ""candidate__print"": 14, ""candidate__radio"": 6, ""candidate__tiktok"": 9, ""candidate__twitter"": 15, ""candidate__youtube"": 15}",PRUNED
979,1704.6363983659921,2026-09-21 11:37:32.061705,2026-09-21 11:37:32.833358,0 days 00:00:00.771653,4,12,15,1,13,0,16,9,8,13,4,13,13,15,"{""candidate__cinema"": 4, ""candidate__digitaldisplayandsearch"": 12, ""candidate__digitalvideo"": 15, ""candidate__facebook"": 1, ""candidate__instagram"": 13, ""candidate__localtv"": 0, ""candidate__ooh"": 16, ""candidate__opentv"": 9, ""candidate__paytv"": 8, ""candidate__print"": 13, ""candidate__radio"": 4, ""candidate__tiktok"": 13, ""candidate__twitter"": 13, ""candidate__youtube"": 15}",COMPLETE
980,1708.7728019767246,2026-09-21 11:37:32.859165,2026-09-21 11:37:33.696618,0 days 00:00:00.837453,3,14,15,2,16,0,17,8,10,13,3,13,13,15,"{""candidate__cinema"": 3, ""candidate__digitaldisplayandsearch"": 14, ""candidate__digitalvideo"": 15, ""candidate__facebook"": 2, ""candidate__instagram"": 16, ""candidate__localtv"": 0, ""candidate__ooh"": 17, ""candidate__opentv"": 8, ""candidate__paytv"": 10, ""candidate__print"": 13, ""candidate__radio"": 3, ""candidate__tiktok"": 13, ""candidate__twitter"": 13, ""candidate__youtube"": 15}",COMPLETE
981,2077.0290610394977,2026-09-21 11:37:33.721199,2026-09-21 11:37:34.152791,0 days 00:00:00.431592,1,17,15,1,9,0,16,13,8,13,5,10,16,15,"{""candidate__cinema"": 1, ""candidate__digitaldisplayandsearch"": 17, ""candidate__digitalvideo"": 15, ""candidate__facebook"": 1, ""candidate__instagram"": 9, ""candidate__localtv"": 0, ""candidate__ooh"": 16, ""candidate__opentv"": 13, ""candidate__paytv"": 8, ""candidate__print"": 13, ""candidate__radio"": 5, ""candidate__tiktok"": 10, ""candidate__twitter"": 16, ""candidate__youtube"": 15}",PRUNED
