number,value,datetime_start,datetime_complete,duration,params_candidate__cinema,params_candidate__digitaldisplayandsearch,params_candidate__digitalvideo,params_candidate__facebook,params_candidate__instagram,params_candidate__localtv,params_candidate__ooh,params_candidate__opentv,params_candidate__paytv,params_candidate__print,params_candidate__radio,params_candidate__tiktok,params_candidate__twitter,params_candidate__youtube,system_attrs_tpe:relative_params:0,state
709,1708.0911953571092,2026-09-21 11:34:53.648017,2026-09-21 11:34:54.361160,0 days 00:00:00.713143,3,15,14,1,13,0,16,8,10,13,4,12,14,16,"{""candidate__cinema"": 3, ""candidate__digitaldisplayandsearch"": 15, ""candidate__digitalvideo"": 14, ""candidate__facebook"": 1, ""candidate__instagram"": 13, ""candidate__localtv"": 0, ""candidate__ooh"": 16, ""candidate__opentv"": 8, ""candidate__paytv"": 10, ""candidate__print"": 13, ""candidate__radio"": 4, ""candidate__tiktok"": 12, ""candidate__twitter"": 14, ""candidate__youtube"": 16}",COMPLETE
710,2076.3068845288917,2026-09-21 11:34:54.381545,2026-09-21 11:34:54.752278,0 days 00:00:00.370733,0,15,16,1,10,0,15,7,8,10,5,11,14,16,"{""candidate__cinema"": 0, ""candidate__digitaldisplayandsearch"": 15, ""candidate__digitalvideo"": 16, ""candidate__facebook"": 1, ""candidate__instagram"": 10, ""candidate__localtv"": 0, ""candidate__ooh"": 15, ""candidate__opentv"": 7, ""candidate__paytv"": 8, ""candidate__print"": 10, ""candidate__radio"": 5, ""candidate__tiktok"": 11, ""candidate__twitter"": 14, ""candidate__youtube"": 16}",PRUNED
711,1705.1090941523469,2026-09-21 11:34:54.773343,2026-09-21 11:34:55.526894,0 days 00:00:00.753551,0,16,15,1,10,0,16,5,6,12,5,12,14,15,"{""candidate__cinema"": 0, ""candidate__digitaldisplayandsearch"": 16, ""candidate__digitalvideo"": 15, ""candidate__facebook"": 1, ""candidate__instagram"": 10, ""candidate__localtv"": 0, ""candidate__ooh"": 16, ""candidate__opentv"": 5, ""candidate__paytv"": 6, ""candidate__print"": 12, ""candidate__radio"": 5, ""candidate__tiktok"": 12, ""candidate__twitter"": 14, ""candidate__youtube"": 15}",COMPLETE
712,1707.9316957410363,2026-09-21 11:34:55.549437,2026-09-21 11:34:56.264234,0 days 00:00:00.714797,3,13,15,1,14,0,17,8,8,13,6,12,14,15,"{""candidate__cinema"": 3, ""candidate__digitaldisplayandsearch"": 13, ""candidate__digitalvideo"": 15, ""candidate__facebook"": 1, ""candidate__instagram"": 14, ""candidate__localtv"": 0, ""candidate__ooh"": 17, ""candidate__opentv"": 8, ""candidate__paytv"": 8, ""candidate__print"": 13, ""candidate__radio"": 6, ""candidate__tiktok"": 12, ""candidate__twitter"": 14, ""candidate__youtube"": 15}",COMPLETE
713,2072.950115909233,2026-09-21 11:34:56.287286,2026-09-21 11:34:56.730767,0 days 00:00:00.443481,0,16,15,1,10,1,16,7,8,14,5,13,14,15,"{""candidate__cinema"": 0, ""candidate__digitaldisplayandsearch"": 16, ""candidate__digitalvideo"": 15, ""candidate__facebook"": 1, ""candidate__instagram"": 10, ""candidate__localtv"": 1, ""candidate__ooh"": 16, ""candidate__opentv"": 7, ""candidate__paytv"": 8, ""candidate__print"": 14, ""candidate__radio"": 5, ""candidate__tiktok"": 13, ""candidate__twitter"": 14, ""candidate__youtube"": 15}",PRUNED
714,2090.5259342138097,2026-09-21 11:34:56.753492,2026-09-21 11:34:57.175498,0 days 00:00:00.422006,4,14,15,1,15,0,15,8,10,14,6,13,13,15,"{""candidate__cinema"": 4, ""candidate__digitaldisplayandsearch"": 14, ""candidate__digitalvideo"": 15, ""candidate__facebook"": 1, ""candidate__instagram"": 15, ""candidate__localtv"": 0, ""candidate__ooh"": 15, ""candidate__opentv"": 8, ""candidate__paytv"": 10, ""candidate__print"": 14, ""candidate__radio"": 6, ""candidate__tiktok"": 13, ""candidate__twitter"": 13, ""candidate__youtube"": 15}",PRUNED
715,2066.202043890725,2026-09-21 11:34:57.196372,2026-09-21 11:34:57.622396,0 days 00:00:00.426024,4,15,16,0,12,0,17,11,9,14,4,13,16,15,"{""candidate__cinema"": 4, ""candidate__digitaldisplayandsearch"": 15, ""candidate__digitalvideo"": 16, ""candidate__facebook"": 0, ""candidate__instagram"": 12, ""candidate__localtv"": 0, ""candidate__ooh"": 17, ""candidate__opentv"": 11, ""candidate__paytv"": 9, ""candidate__print"": 14, ""candidate__radio"": 4, ""candidate__tiktok"": 13, ""candidate__twitter"": 16, ""candidate__youtube"": 15}",PRUNED
716,2093.824940456473,2026-09-21 11:34:57.649067,2026-09-21 11:34:58.329710,0 days 00:00:00.680643,5,17,15,1,9,1,16,10,6,10,5,13,11,15,"{""candidate__cinema"": 5, ""candidate__digitaldisplayandsearch"": 17, ""candidate__digitalvideo"": 15, ""candidate__facebook"": 1, ""candidate__instagram"": 9, ""candidate__localtv"": 1, ""candidate__ooh"": 16, ""candidate__opentv"": 10, ""candidate__paytv"": 6, ""candidate__print"": 10, ""candidate__radio"": 5, ""candidate__tiktok"": 13, ""candidate__twitter"": 11, ""candidate__youtube"": 15}",PRUNED
717,1710.6478296164275,2026-09-21 11:34:58.355243,2026-09-21 11:34:59.322805,0 days 00:00:00.967562,4,15,16,0,14,0,16,8,11,12,6,13,12,14,"{""candidate__cinema"": 4, ""candidate__digitaldisplayandsearch"": 15, ""candidate__digitalvideo"": 16, ""candidate__facebook"": 0, ""candidate__instagram"": 14, ""candidate__localtv"": 0, ""candidate__ooh"": 16, ""candidate__opentv"": 8, ""candidate__paytv"": 11, ""candidate__print"": 12, ""candidate__radio"": 6, ""candidate__tiktok"": 13, ""candidate__twitter"": 12, ""candidate__youtube"": 14}",PRUNED
718,2065.0521973844234,2026-09-21 11:34:59.343470,2026-09-21 11:34:59.764198,0 days 00:00:00.420728,2,13,17,1,10,0,16,12,14,14,6,12,13,14,"{""candidate__cinema"": 2, ""candidate__digitaldisplayandsearch"": 13, ""candidate__digitalvideo"": 17, ""candidate__facebook"": 1, ""candidate__instagram"": 10, ""candidate__localtv"": 0, ""candidate__ooh"": 16, ""candidate__opentv"": 12, ""candidate__paytv"": 14, ""candidate__print"": 14, ""candidate__radio"": 6, ""candidate__tiktok"": 12, ""candidate__twitter"": 13, ""candidate__youtube"": 14}",PRUNED
719,2064.6865618617744,2026-09-21 11:34:59.786828,2026-09-21 11:35:00.192408,0 days 00:00:00.405580,2,17,16,2,10,0,16,11,8,14,6,11,15,14,"{""candidate__cinema"": 2, ""candidate__digitaldisplayandsearch"": 17, ""candidate__digitalvideo"": 16, ""candidate__facebook"": 2, ""candidate__instagram"": 10, ""candidate__localtv"": 0, ""candidate__ooh"": 16, ""candidate__opentv"": 11, ""candidate__paytv"": 8, ""candidate__print"": 14, ""candidate__radio"": 6, ""candidate__tiktok"": 11, ""candidate__twitter"": 15, ""candidate__youtube"": 14}",PRUNED
720,2063.172360124189,2026-09-21 11:35:00.211937,2026-09-21 11:35:00.653538,0 days 00:00:00.441601,1,16,15,1,5,0,17,7,6,13,4,13,11,15,"{""candidate__cinema"": 1, ""candidate__digitaldisplayandsearch"": 16, ""candidate__digitalvideo"": 15, ""candidate__facebook"": 1, ""candidate__instagram"": 5, ""candidate__localtv"": 0, ""candidate__ooh"": 17, ""candidate__opentv"": 7, ""candidate__paytv"": 6, ""candidate__print"": 13, ""candidate__radio"": 4, ""candidate__tiktok"": 13, ""candidate__twitter"": 11, ""candidate__youtube"": 15}",PRUNED
721,1707.029602070522,2026-09-21 11:35:00.679062,2026-09-21 11:35:01.407213,0 days 00:00:00.728151,3,13,14,1,14,0,16,8,9,11,4,13,14,15,"{""candidate__cinema"": 3, ""candidate__digitaldisplayandsearch"": 13, ""candidate__digitalvideo"": 14, ""candidate__facebook"": 1, ""candidate__instagram"": 14, ""candidate__localtv"": 0, ""candidate__ooh"": 16, ""candidate__opentv"": 8, ""candidate__paytv"": 9, ""candidate__print"": 11, ""candidate__radio"": 4, ""candidate__tiktok"": 13, ""candidate__twitter"": 14, ""candidate__youtube"": 15}",COMPLETE
722,2061.2464703636456,2026-09-21 11:35:01.431659,2026-09-21 11:35:01.942997,0 days 00:00:00.511338,3,15,15,1,11,0,16,12,10,13,5,13,15,15,"{""candidate__cinema"": 3, ""candidate__digitaldisplayandsearch"": 15, ""candidate__digitalvideo"": 15, ""candidate__facebook"": 1, ""candidate__instagram"": 11, ""candidate__localtv"": 0, ""candidate__ooh"": 16, ""candidate__opentv"": 12, ""candidate__paytv"": 10, ""candidate__print"": 13, ""candidate__radio"": 5, ""candidate__tiktok"": 13, ""candidate__twitter"": 15, ""candidate__youtube"": 15}",PRUNED
723,2060.689823742023,2026-09-21 11:35:01.971176,2026-09-21 11:35:02.419126,0 days 00:00:00.447950,5,16,15,1,10,0,16,10,6,11,6,12,13,14,"{""candidate__cinema"": 5, ""candidate__digitaldisplayandsearch"": 16, ""candidate__digitalvideo"": 15, ""candidate__facebook"": 1, ""candidate__instagram"": 10, ""candidate__localtv"": 0, ""candidate__ooh"": 16, ""candidate__opentv"": 10, ""candidate__paytv"": 6, ""candidate__print"": 11, ""candidate__radio"": 6, ""candidate__tiktok"": 12, ""candidate__twitter"": 13, ""candidate__youtube"": 14}",PRUNED
724,2063.846895185952,2026-09-21 11:35:02.443762,2026-09-21 11:35:02.880300,0 days 00:00:00.436538,6,16,15,2,10,0,16,10,4,10,6,13,13,15,"{""candidate__cinema"": 6, ""candidate__digitaldisplayandsearch"": 16, ""candidate__digitalvideo"": 15, ""candidate__facebook"": 2, ""candidate__instagram"": 10, ""candidate__localtv"": 0, ""candidate__ooh"": 16, ""candidate__opentv"": 10, ""candidate__paytv"": 4, ""candidate__print"": 10, ""candidate__radio"": 6, ""candidate__tiktok"": 13, ""candidate__twitter"": 13, ""candidate__youtube"": 15}",PRUNED
725,2077.3010544226954,2026-09-21 11:35:02.897964,2026-09-21 11:35:03.356170,0 days 00:00:00.458206,4,17,15,1,11,1,16,11,4,11,5,14,11,15,"{""candidate__cinema"": 4, ""candidate__digitaldisplayandsearch"": 17, ""candidate__digitalvideo"": 15, ""candidate__facebook"": 1, ""candidate__instagram"": 11, ""candidate__localtv"": 1, ""candidate__ooh"": 16, ""candidate__opentv"": 11, ""candidate__paytv"": 4, ""candidate__print"": 11, ""candidate__radio"": 5, ""candidate__tiktok"": 14, ""candidate__twitter"": 11, ""candidate__youtube"": 15}",PRUNED
726,1709.4562780595188,2026-09-21 11:35:03.380012,2026-09-21 11:35:04.142701,0 days 00:00:00.762689,2,13,15,1,13,0,16,8,9,11,4,11,15,15,"{""candidate__cinema"": 2, ""candidate__digitaldisplayandsearch"": 13, ""candidate__digitalvideo"": 15, ""candidate__facebook"": 1, ""candidate__instagram"": 13, ""candidate__localtv"": 0, ""candidate__ooh"": 16, ""candidate__opentv"": 8, ""candidate__paytv"": 9, ""candidate__print"": 11, ""candidate__radio"": 4, ""candidate__tiktok"": 11, ""candidate__twitter"": 15, ""candidate__youtube"": 15}",COMPLETE
727,2108.6221425574295,2026-09-21 11:35:04.163513,2026-09-21 11:35:04.690243,0 days 00:00:00.526730,3,15,15,0,9,1,15,11,5,12,5,12,11,15,"{""candidate__cinema"": 3, ""candidate__digitaldisplayandsearch"": 15, ""candidate__digitalvideo"": 15, ""candidate__facebook"": 0, ""candidate__instagram"": 9, ""candidate__localtv"": 1, ""candidate__ooh"": 15, ""candidate__opentv"": 11, ""candidate__paytv"": 5, ""candidate__print"": 12, ""candidate__radio"": 5, ""candidate__tiktok"": 12, ""candidate__twitter"": 11, ""candidate__youtube"": 15}",PRUNED
728,1710.6752143227106,2026-09-21 11:35:04.712495,2026-09-21 11:35:05.486994,0 days 00:00:00.774499,2,15,15,1,10,0,16,11,10,13,7,12,14,14,"{""candidate__cinema"": 2, ""candidate__digitaldisplayandsearch"": 15, ""candidate__digitalvideo"": 15, ""candidate__facebook"": 1, ""candidate__instagram"": 10, ""candidate__localtv"": 0, ""candidate__ooh"": 16, ""candidate__opentv"": 11, ""candidate__paytv"": 10, ""candidate__print"": 13, ""candidate__radio"": 7, ""candidate__tiktok"": 12, ""candidate__twitter"": 14, ""candidate__youtube"": 14}",PRUNED
729,1705.3630684960615,2026-09-21 11:35:05.505990,2026-09-21 11:35:06.311984,0 days 00:00:00.805994,4,13,15,1,12,0,16,8,9,13,6,12,14,15,"{""candidate__cinema"": 4, ""candidate__digitaldisplayandsearch"": 13, ""candidate__digitalvideo"": 15, ""candidate__facebook"": 1, ""candidate__instagram"": 12, ""candidate__localtv"": 0, ""candidate__ooh"": 16, ""candidate__opentv"": 8, ""candidate__paytv"": 9, ""candidate__print"": 13, ""candidate__radio"": 6, ""candidate__tiktok"": 12, ""candidate__twitter"": 14, ""candidate__youtube"": 15}",COMPLETE
730,2067.5349762312567,2026-09-21 11:35:06.341127,2026-09-21 11:35:06.809983,0 days 00:00:00.468856,5,14,16,2,12,0,16,8,9,14,6,12,12,15,"{""candidate__cinema"": 5, ""candidate__digitaldisplayandsearch"": 14, ""candidate__digitalvideo"": 16, ""candidate__facebook"": 2, ""candidate__instagram"": 12, ""candidate__localtv"": 0, ""candidate__ooh"": 16, ""candidate__opentv"": 8, ""candidate__paytv"": 9, ""candidate__print"": 14, ""candidate__radio"": 6, ""candidate__tiktok"": 12, ""candidate__twitter"": 12, ""candidate__youtube"": 15}",PRUNED
731,1706.6490314972295,2026-09-21 11:35:06.837861,2026-09-21 11:35:07.558816,0 days 00:00:00.720955,1,13,16,0,10,0,16,11,13,14,6,13,12,15,"{""candidate__cinema"": 1, ""candidate__digitaldisplayandsearch"": 13, ""candidate__digitalvideo"": 16, ""candidate__facebook"": 0, ""candidate__instagram"": 10, ""candidate__localtv"": 0, ""candidate__ooh"": 16, ""candidate__opentv"": 11, ""candidate__paytv"": 13, ""candidate__print"": 14, ""candidate__radio"": 6, ""candidate__tiktok"": 13, ""candidate__twitter"": 12, ""candidate__youtube"": 15}",COMPLETE
732,2077.909416201438,2026-09-21 11:35:07.590013,2026-09-21 11:35:08.029774,0 days 00:00:00.439761,0,17,15,2,9,0,16,9,6,10,5,13,14,15,"{""candidate__cinema"": 0, ""candidate__digitaldisplayandsearch"": 17, ""candidate__digitalvideo"": 15, ""candidate__facebook"": 2, ""candidate__instagram"": 9, ""candidate__localtv"": 0, ""candidate__ooh"": 16, ""candidate__opentv"": 9, ""candidate__paytv"": 6, ""candidate__print"": 10, ""candidate__radio"": 5, ""candidate__tiktok"": 13, ""candidate__twitter"": 14, ""candidate__youtube"": 15}",PRUNED
733,2079.4995717171737,2026-09-21 11:35:08.048897,2026-09-21 11:35:08.562246,0 days 00:00:00.513349,5,13,15,1,12,1,16,8,8,12,7,12,15,15,"{""candidate__cinema"": 5, ""candidate__digitaldisplayandsearch"": 13, ""candidate__digitalvideo"": 15, ""candidate__facebook"": 1, ""candidate__instagram"": 12, ""candidate__localtv"": 1, ""candidate__ooh"": 16, ""candidate__opentv"": 8, ""candidate__paytv"": 8, ""candidate__print"": 12, ""candidate__radio"": 7, ""candidate__tiktok"": 12, ""candidate__twitter"": 15, ""candidate__youtube"": 15}",PRUNED
734,1708.5384837060603,2026-09-21 11:35:08.582779,2026-09-21 11:35:09.280482,0 days 00:00:00.697703,4,15,16,1,14,0,17,9,10,13,7,12,13,15,"{""candidate__cinema"": 4, ""candidate__digitaldisplayandsearch"": 15, ""candidate__digitalvideo"": 16, ""candidate__facebook"": 1, ""candidate__instagram"": 14, ""candidate__localtv"": 0, ""candidate__ooh"": 17, ""candidate__opentv"": 9, ""candidate__paytv"": 10, ""candidate__print"": 13, ""candidate__radio"": 7, ""candidate__tiktok"": 12, ""candidate__twitter"": 13, ""candidate__youtube"": 15}",COMPLETE
735,1973.2864054708452,2026-09-21 11:35:09.306492,2026-09-21 11:35:09.917064,0 days 00:00:00.610572,4,15,15,0,10,0,16,12,14,12,5,12,12,14,"{""candidate__cinema"": 4, ""candidate__digitaldisplayandsearch"": 15, ""candidate__digitalvideo"": 15, ""candidate__facebook"": 0, ""candidate__instagram"": 10, ""candidate__localtv"": 0, ""candidate__ooh"": 16, ""candidate__opentv"": 12, ""candidate__paytv"": 14, ""candidate__print"": 12, ""candidate__radio"": 5, ""candidate__tiktok"": 12, ""candidate__twitter"": 12, ""candidate__youtube"": 14}",PRUNED
736,1709.1384619854437,2026-09-21 11:35:10.057075,2026-09-21 11:35:10.760341,0 days 00:00:00.703266,4,15,14,0,10,0,16,11,9,12,5,12,14,16,"{""candidate__cinema"": 4, ""candidate__digitaldisplayandsearch"": 15, ""candidate__digitalvideo"": 14, ""candidate__facebook"": 0, ""candidate__instagram"": 10, ""candidate__localtv"": 0, ""candidate__ooh"": 16, ""candidate__opentv"": 11, ""candidate__paytv"": 9, ""candidate__print"": 12, ""candidate__radio"": 5, ""candidate__tiktok"": 12, ""candidate__twitter"": 14, ""candidate__youtube"": 16}",COMPLETE
737,1705.2026248076588,2026-09-21 11:35:10.788115,2026-09-21 11:35:11.489310,0 days 00:00:00.701195,4,14,15,1,8,0,16,11,9,14,7,13,15,15,"{""candidate__cinema"": 4, ""candidate__digitaldisplayandsearch"": 14, ""candidate__digitalvideo"": 15, ""candidate__facebook"": 1, ""candidate__instagram"": 8, ""candidate__localtv"": 0, ""candidate__ooh"": 16, ""candidate__opentv"": 11, ""candidate__paytv"": 9, ""candidate__print"": 14, ""candidate__radio"": 7, ""candidate__tiktok"": 13, ""candidate__twitter"": 15, ""candidate__youtube"": 15}",COMPLETE
738,1709.0244934087839,2026-09-21 11:35:11.509590,2026-09-21 11:35:12.275075,0 days 00:00:00.765485,0,17,15,1,10,0,17,4,6,12,4,12,14,15,"{""candidate__cinema"": 0, ""candidate__digitaldisplayandsearch"": 17, ""candidate__digitalvideo"": 15, ""candidate__facebook"": 1, ""candidate__instagram"": 10, ""candidate__localtv"": 0, ""candidate__ooh"": 17, ""candidate__opentv"": 4, ""candidate__paytv"": 6, ""candidate__print"": 12, ""candidate__radio"": 4, ""candidate__tiktok"": 12, ""candidate__twitter"": 14, ""candidate__youtube"": 15}",COMPLETE
739,2079.128413075227,2026-09-21 11:35:12.306389,2026-09-21 11:35:12.746462,0 days 00:00:00.440073,3,16,15,1,12,1,16,8,8,13,5,11,13,15,"{""candidate__cinema"": 3, ""candidate__digitaldisplayandsearch"": 16, ""candidate__digitalvideo"": 15, ""candidate__facebook"": 1, ""candidate__instagram"": 12, ""candidate__localtv"": 1, ""candidate__ooh"": 16, ""candidate__opentv"": 8, ""candidate__paytv"": 8, ""candidate__print"": 13, ""candidate__radio"": 5, ""candidate__tiktok"": 11, ""candidate__twitter"": 13, ""candidate__youtube"": 15}",PRUNED
740,2086.1148599442986,2026-09-21 11:35:12.772878,2026-09-21 11:35:13.220445,0 days 00:00:00.447567,2,15,14,2,10,1,17,11,9,13,5,12,14,15,"{""candidate__cinema"": 2, ""candidate__digitaldisplayandsearch"": 15, ""candidate__digitalvideo"": 14, ""candidate__facebook"": 2, ""candidate__instagram"": 10, ""candidate__localtv"": 1, ""candidate__ooh"": 17, ""candidate__opentv"": 11, ""candidate__paytv"": 9, ""candidate__print"": 13, ""candidate__radio"": 5, ""candidate__tiktok"": 12, ""candidate__twitter"": 14, ""candidate__youtube"": 15}",PRUNED
741,2069.391965597902,2026-09-21 11:35:13.240471,2026-09-21 11:35:13.706870,0 days 00:00:00.466399,3,15,15,1,6,0,16,8,7,13,5,12,12,15,"{""candidate__cinema"": 3, ""candidate__digitaldisplayandsearch"": 15, ""candidate__digitalvideo"": 15, ""candidate__facebook"": 1, ""candidate__instagram"": 6, ""candidate__localtv"": 0, ""candidate__ooh"": 16, ""candidate__opentv"": 8, ""candidate__paytv"": 7, ""candidate__print"": 13, ""candidate__radio"": 5, ""candidate__tiktok"": 12, ""candidate__twitter"": 12, ""candidate__youtube"": 15}",PRUNED
742,1707.0675670654084,2026-09-21 11:35:13.732134,2026-09-21 11:35:14.446203,0 days 00:00:00.714069,3,13,15,1,8,0,16,12,10,15,8,13,14,15,"{""candidate__cinema"": 3, ""candidate__digitaldisplayandsearch"": 13, ""candidate__digitalvideo"": 15, ""candidate__facebook"": 1, ""candidate__instagram"": 8, ""candidate__localtv"": 0, ""candidate__ooh"": 16, ""candidate__opentv"": 12, ""candidate__paytv"": 10, ""candidate__print"": 15, ""candidate__radio"": 8, ""candidate__tiktok"": 13, ""candidate__twitter"": 14, ""candidate__youtube"": 15}",COMPLETE
743,1709.0081479691908,2026-09-21 11:35:14.474388,2026-09-21 11:35:15.306556,0 days 00:00:00.832168,3,15,15,1,13,0,17,7,9,12,5,12,15,16,"{""candidate__cinema"": 3, ""candidate__digitaldisplayandsearch"": 15, ""candidate__digitalvideo"": 15, ""candidate__facebook"": 1, ""candidate__instagram"": 13, ""candidate__localtv"": 0, ""candidate__ooh"": 17, ""candidate__opentv"": 7, ""candidate__paytv"": 9, ""candidate__print"": 12, ""candidate__radio"": 5, ""candidate__tiktok"": 12, ""candidate__twitter"": 15, ""candidate__youtube"": 16}",COMPLETE
744,1710.375447059524,2026-09-21 11:35:15.371801,2026-09-21 11:35:16.072097,0 days 00:00:00.700296,2,17,15,2,11,0,16,11,7,14,4,9,15,16,"{""candidate__cinema"": 2, ""candidate__digitaldisplayandsearch"": 17, ""candidate__digitalvideo"": 15, ""candidate__facebook"": 2, ""candidate__instagram"": 11, ""candidate__localtv"": 0, ""candidate__ooh"": 16, ""candidate__opentv"": 11, ""candidate__paytv"": 7, ""candidate__print"": 14, ""candidate__radio"": 4, ""candidate__tiktok"": 9, ""candidate__twitter"": 15, ""candidate__youtube"": 16}",PRUNED
745,1973.8346685794163,2026-09-21 11:35:16.093317,2026-09-21 11:35:16.706159,0 days 00:00:00.612842,4,15,16,1,13,0,17,7,11,14,5,13,13,14,"{""candidate__cinema"": 4, ""candidate__digitaldisplayandsearch"": 15, ""candidate__digitalvideo"": 16, ""candidate__facebook"": 1, ""candidate__instagram"": 13, ""candidate__localtv"": 0, ""candidate__ooh"": 17, ""candidate__opentv"": 7, ""candidate__paytv"": 11, ""candidate__print"": 14, ""candidate__radio"": 5, ""candidate__tiktok"": 13, ""candidate__twitter"": 13, ""candidate__youtube"": 14}",PRUNED
746,2064.936696643994,2026-09-21 11:35:16.733174,2026-09-21 11:35:17.175948,0 days 00:00:00.442774,0,15,16,1,8,0,17,7,7,11,5,12,12,15,"{""candidate__cinema"": 0, ""candidate__digitaldisplayandsearch"": 15, ""candidate__digitalvideo"": 16, ""candidate__facebook"": 1, ""candidate__instagram"": 8, ""candidate__localtv"": 0, ""candidate__ooh"": 17, ""candidate__opentv"": 7, ""candidate__paytv"": 7, ""candidate__print"": 11, ""candidate__radio"": 5, ""candidate__tiktok"": 12, ""candidate__twitter"": 12, ""candidate__youtube"": 15}",PRUNED
747,2064.54325182416,2026-09-21 11:35:17.199340,2026-09-21 11:35:17.657386,0 days 00:00:00.458046,3,15,16,1,12,0,16,8,9,12,5,12,14,15,"{""candidate__cinema"": 3, ""candidate__digitaldisplayandsearch"": 15, ""candidate__digitalvideo"": 16, ""candidate__facebook"": 1, ""candidate__instagram"": 12, ""candidate__localtv"": 0, ""candidate__ooh"": 16, ""candidate__opentv"": 8, ""candidate__paytv"": 9, ""candidate__print"": 12, ""candidate__radio"": 5, ""candidate__tiktok"": 12, ""candidate__twitter"": 14, ""candidate__youtube"": 15}",PRUNED
