number,value,datetime_start,datetime_complete,duration,params_candidate__cinema,params_candidate__digitaldisplayandsearch,params_candidate__digitalvideo,params_candidate__facebook,params_candidate__instagram,params_candidate__localtv,params_candidate__ooh,params_candidate__opentv,params_candidate__paytv,params_candidate__print,params_candidate__radio,params_candidate__tiktok,params_candidate__twitter,params_candidate__youtube,system_attrs_tpe:relative_params:0,state
358,2081.82245020712,2026-09-21 11:31:43.194814,2026-09-21 11:31:43.510970,0 days 00:00:00.316156,4,13,15,1,9,1,16,11,8,14,2,11,14,16,"{""candidate__cinema"": 4, ""candidate__digitaldisplayandsearch"": 13, ""candidate__digitalvideo"": 15, ""candidate__facebook"": 1, ""candidate__instagram"": 9, ""candidate__localtv"": 1, ""candidate__ooh"": 16, ""candidate__opentv"": 11, ""candidate__paytv"": 8, ""candidate__print"": 14, ""candidate__radio"": 2, ""candidate__tiktok"": 11, ""candidate__twitter"": 14, ""candidate__youtube"": 16}",PRUNED
359,2076.5905010299584,2026-09-21 11:31:43.529238,2026-09-21 11:31:43.857774,0 days 00:00:00.328536,2,15,15,1,9,0,16,10,10,12,4,12,15,15,"{""candidate__cinema"": 2, ""candidate__digitaldisplayandsearch"": 15, ""candidate__digitalvideo"": 15, ""candidate__facebook"": 1, ""candidate__instagram"": 9, ""candidate__localtv"": 0, ""candidate__ooh"": 16, ""candidate__opentv"": 10, ""candidate__paytv"": 10, ""candidate__print"": 12, ""candidate__radio"": 4, ""candidate__tiktok"": 12, ""candidate__twitter"": 15, ""candidate__youtube"": 15}",PRUNED
360,2093.7493909298005,2026-09-21 11:31:43.881016,2026-09-21 11:31:44.213229,0 days 00:00:00.332213,2,17,17,1,7,0,15,11,9,14,6,12,14,15,"{""candidate__cinema"": 2, ""candidate__digitaldisplayandsearch"": 17, ""candidate__digitalvideo"": 17, ""candidate__facebook"": 1, ""candidate__instagram"": 7, ""candidate__localtv"": 0, ""candidate__ooh"": 15, ""candidate__opentv"": 11, ""candidate__paytv"": 9, ""candidate__print"": 14, ""candidate__radio"": 6, ""candidate__tiktok"": 12, ""candidate__twitter"": 14, ""candidate__youtube"": 15}",PRUNED
361,1705.6306974806141,2026-09-21 11:31:44.229780,2026-09-21 11:31:44.790533,0 days 00:00:00.560753,0,16,15,1,10,0,16,8,7,10,5,12,14,15,"{""candidate__cinema"": 0, ""candidate__digitaldisplayandsearch"": 16, ""candidate__digitalvideo"": 15, ""candidate__facebook"": 1, ""candidate__instagram"": 10, ""candidate__localtv"": 0, ""candidate__ooh"": 16, ""candidate__opentv"": 8, ""candidate__paytv"": 7, ""candidate__print"": 10, ""candidate__radio"": 5, ""candidate__tiktok"": 12, ""candidate__twitter"": 14, ""candidate__youtube"": 15}",COMPLETE
362,2086.6732857397856,2026-09-21 11:31:44.808056,2026-09-21 11:31:45.098609,0 days 00:00:00.290553,0,15,16,1,8,0,15,7,8,11,5,11,14,14,"{""candidate__cinema"": 0, ""candidate__digitaldisplayandsearch"": 15, ""candidate__digitalvideo"": 16, ""candidate__facebook"": 1, ""candidate__instagram"": 8, ""candidate__localtv"": 0, ""candidate__ooh"": 15, ""candidate__opentv"": 7, ""candidate__paytv"": 8, ""candidate__print"": 11, ""candidate__radio"": 5, ""candidate__tiktok"": 11, ""candidate__twitter"": 14, ""candidate__youtube"": 14}",PRUNED
363,1709.52696053416,2026-09-21 11:31:45.112710,2026-09-21 11:31:45.697262,0 days 00:00:00.584552,1,17,14,3,7,0,16,8,7,13,3,12,12,16,"{""candidate__cinema"": 1, ""candidate__digitaldisplayandsearch"": 17, ""candidate__digitalvideo"": 14, ""candidate__facebook"": 3, ""candidate__instagram"": 7, ""candidate__localtv"": 0, ""candidate__ooh"": 16, ""candidate__opentv"": 8, ""candidate__paytv"": 7, ""candidate__print"": 13, ""candidate__radio"": 3, ""candidate__tiktok"": 12, ""candidate__twitter"": 12, ""candidate__youtube"": 16}",COMPLETE
364,1707.9522498704916,2026-09-21 11:31:45.716219,2026-09-21 11:31:46.895569,0 days 00:00:01.179350,2,15,16,0,8,0,16,10,9,13,6,12,14,15,"{""candidate__cinema"": 2, ""candidate__digitaldisplayandsearch"": 15, ""candidate__digitalvideo"": 16, ""candidate__facebook"": 0, ""candidate__instagram"": 8, ""candidate__localtv"": 0, ""candidate__ooh"": 16, ""candidate__opentv"": 10, ""candidate__paytv"": 9, ""candidate__print"": 13, ""candidate__radio"": 6, ""candidate__tiktok"": 12, ""candidate__twitter"": 14, ""candidate__youtube"": 15}",COMPLETE
365,1711.6685769629557,2026-09-21 11:31:46.919223,2026-09-21 11:31:47.554453,0 days 00:00:00.635230,1,16,15,1,11,0,16,8,7,11,5,11,13,15,"{""candidate__cinema"": 1, ""candidate__digitaldisplayandsearch"": 16, ""candidate__digitalvideo"": 15, ""candidate__facebook"": 1, ""candidate__instagram"": 11, ""candidate__localtv"": 0, ""candidate__ooh"": 16, ""candidate__opentv"": 8, ""candidate__paytv"": 7, ""candidate__print"": 11, ""candidate__radio"": 5, ""candidate__tiktok"": 11, ""candidate__twitter"": 13, ""candidate__youtube"": 15}",COMPLETE
366,2070.8755258766264,2026-09-21 11:31:47.570054,2026-09-21 11:31:47.862529,0 days 00:00:00.292475,2,15,15,1,10,0,15,11,10,11,5,13,14,16,"{""candidate__cinema"": 2, ""candidate__digitaldisplayandsearch"": 15, ""candidate__digitalvideo"": 15, ""candidate__facebook"": 1, ""candidate__instagram"": 10, ""candidate__localtv"": 0, ""candidate__ooh"": 15, ""candidate__opentv"": 11, ""candidate__paytv"": 10, ""candidate__print"": 11, ""candidate__radio"": 5, ""candidate__tiktok"": 13, ""candidate__twitter"": 14, ""candidate__youtube"": 16}",PRUNED
367,1976.2895425714141,2026-09-21 11:31:47.877162,2026-09-21 11:31:48.320912,0 days 00:00:00.443750,1,16,14,3,9,0,16,8,8,13,4,12,13,16,"{""candidate__cinema"": 1, ""candidate__digitaldisplayandsearch"": 16, ""candidate__digitalvideo"": 14, ""candidate__facebook"": 3, ""candidate__instagram"": 9, ""candidate__localtv"": 0, ""candidate__ooh"": 16, ""candidate__opentv"": 8, ""candidate__paytv"": 8, ""candidate__print"": 13, ""candidate__radio"": 4, ""candidate__tiktok"": 12, ""candidate__twitter"": 13, ""candidate__youtube"": 16}",PRUNED
368,2088.1482614995693,2026-09-21 11:31:48.336090,2026-09-21 11:31:48.604620,0 days 00:00:00.268530,1,15,15,2,10,1,15,11,9,12,5,15,14,16,"{""candidate__cinema"": 1, ""candidate__digitaldisplayandsearch"": 15, ""candidate__digitalvideo"": 15, ""candidate__facebook"": 2, ""candidate__instagram"": 10, ""candidate__localtv"": 1, ""candidate__ooh"": 15, ""candidate__opentv"": 11, ""candidate__paytv"": 9, ""candidate__print"": 12, ""candidate__radio"": 5, ""candidate__tiktok"": 15, ""candidate__twitter"": 14, ""candidate__youtube"": 16}",PRUNED
369,1708.1543957115746,2026-09-21 11:31:48.620828,2026-09-21 11:31:49.129103,0 days 00:00:00.508275,2,15,15,3,8,0,16,8,13,13,3,15,15,16,"{""candidate__cinema"": 2, ""candidate__digitaldisplayandsearch"": 15, ""candidate__digitalvideo"": 15, ""candidate__facebook"": 3, ""candidate__instagram"": 8, ""candidate__localtv"": 0, ""candidate__ooh"": 16, ""candidate__opentv"": 8, ""candidate__paytv"": 13, ""candidate__print"": 13, ""candidate__radio"": 3, ""candidate__tiktok"": 15, ""candidate__twitter"": 15, ""candidate__youtube"": 16}",COMPLETE
370,1705.7666056899545,2026-09-21 11:31:49.146847,2026-09-21 11:31:49.632546,0 days 00:00:00.485699,0,15,15,1,8,0,16,8,6,11,5,12,14,15,"{""candidate__cinema"": 0, ""candidate__digitaldisplayandsearch"": 15, ""candidate__digitalvideo"": 15, ""candidate__facebook"": 1, ""candidate__instagram"": 8, ""candidate__localtv"": 0, ""candidate__ooh"": 16, ""candidate__opentv"": 8, ""candidate__paytv"": 6, ""candidate__print"": 11, ""candidate__radio"": 5, ""candidate__tiktok"": 12, ""candidate__twitter"": 14, ""candidate__youtube"": 15}",COMPLETE
371,2069.923687524178,2026-09-21 11:31:49.646641,2026-09-21 11:31:49.887921,0 days 00:00:00.241280,1,16,15,2,9,0,16,12,9,11,3,12,11,16,"{""candidate__cinema"": 1, ""candidate__digitaldisplayandsearch"": 16, ""candidate__digitalvideo"": 15, ""candidate__facebook"": 2, ""candidate__instagram"": 9, ""candidate__localtv"": 0, ""candidate__ooh"": 16, ""candidate__opentv"": 12, ""candidate__paytv"": 9, ""candidate__print"": 11, ""candidate__radio"": 3, ""candidate__tiktok"": 12, ""candidate__twitter"": 11, ""candidate__youtube"": 16}",PRUNED
372,2088.002372292003,2026-09-21 11:31:49.899958,2026-09-21 11:31:50.156923,0 days 00:00:00.256965,2,14,15,2,7,0,15,8,9,12,5,12,13,15,"{""candidate__cinema"": 2, ""candidate__digitaldisplayandsearch"": 14, ""candidate__digitalvideo"": 15, ""candidate__facebook"": 2, ""candidate__instagram"": 7, ""candidate__localtv"": 0, ""candidate__ooh"": 15, ""candidate__opentv"": 8, ""candidate__paytv"": 9, ""candidate__print"": 12, ""candidate__radio"": 5, ""candidate__tiktok"": 12, ""candidate__twitter"": 13, ""candidate__youtube"": 15}",PRUNED
373,2076.2833761206134,2026-09-21 11:31:50.170338,2026-09-21 11:31:50.463793,0 days 00:00:00.293455,1,15,15,0,10,0,15,8,5,10,5,13,14,15,"{""candidate__cinema"": 1, ""candidate__digitaldisplayandsearch"": 15, ""candidate__digitalvideo"": 15, ""candidate__facebook"": 0, ""candidate__instagram"": 10, ""candidate__localtv"": 0, ""candidate__ooh"": 15, ""candidate__opentv"": 8, ""candidate__paytv"": 5, ""candidate__print"": 10, ""candidate__radio"": 5, ""candidate__tiktok"": 13, ""candidate__twitter"": 14, ""candidate__youtube"": 15}",PRUNED
374,1708.9871979179316,2026-09-21 11:31:50.476176,2026-09-21 11:31:50.972452,0 days 00:00:00.496276,2,16,16,0,8,0,16,8,9,12,3,13,15,16,"{""candidate__cinema"": 2, ""candidate__digitaldisplayandsearch"": 16, ""candidate__digitalvideo"": 16, ""candidate__facebook"": 0, ""candidate__instagram"": 8, ""candidate__localtv"": 0, ""candidate__ooh"": 16, ""candidate__opentv"": 8, ""candidate__paytv"": 9, ""candidate__print"": 12, ""candidate__radio"": 3, ""candidate__tiktok"": 13, ""candidate__twitter"": 15, ""candidate__youtube"": 16}",COMPLETE
375,2090.9302475476416,2026-09-21 11:31:50.987886,2026-09-21 11:31:51.281958,0 days 00:00:00.294072,2,13,15,0,9,1,16,11,8,14,1,12,14,15,"{""candidate__cinema"": 2, ""candidate__digitaldisplayandsearch"": 13, ""candidate__digitalvideo"": 15, ""candidate__facebook"": 0, ""candidate__instagram"": 9, ""candidate__localtv"": 1, ""candidate__ooh"": 16, ""candidate__opentv"": 11, ""candidate__paytv"": 8, ""candidate__print"": 14, ""candidate__radio"": 1, ""candidate__tiktok"": 12, ""candidate__twitter"": 14, ""candidate__youtube"": 15}",PRUNED
376,2075.9494830482886,2026-09-21 11:31:51.294704,2026-09-21 11:31:51.539505,0 days 00:00:00.244801,1,14,15,1,9,0,17,8,7,11,4,12,14,15,"{""candidate__cinema"": 1, ""candidate__digitaldisplayandsearch"": 14, ""candidate__digitalvideo"": 15, ""candidate__facebook"": 1, ""candidate__instagram"": 9, ""candidate__localtv"": 0, ""candidate__ooh"": 17, ""candidate__opentv"": 8, ""candidate__paytv"": 7, ""candidate__print"": 11, ""candidate__radio"": 4, ""candidate__tiktok"": 12, ""candidate__twitter"": 14, ""candidate__youtube"": 15}",PRUNED
377,1708.7589719334017,2026-09-21 11:31:51.551996,2026-09-21 11:31:52.054096,0 days 00:00:00.502100,1,15,15,1,8,0,16,9,8,13,3,17,14,15,"{""candidate__cinema"": 1, ""candidate__digitaldisplayandsearch"": 15, ""candidate__digitalvideo"": 15, ""candidate__facebook"": 1, ""candidate__instagram"": 8, ""candidate__localtv"": 0, ""candidate__ooh"": 16, ""candidate__opentv"": 9, ""candidate__paytv"": 8, ""candidate__print"": 13, ""candidate__radio"": 3, ""candidate__tiktok"": 17, ""candidate__twitter"": 14, ""candidate__youtube"": 15}",COMPLETE
378,1711.9280808868455,2026-09-21 11:31:52.067968,2026-09-21 11:31:52.536296,0 days 00:00:00.468328,2,15,15,1,6,0,17,9,9,13,3,14,14,16,"{""candidate__cinema"": 2, ""candidate__digitaldisplayandsearch"": 15, ""candidate__digitalvideo"": 15, ""candidate__facebook"": 1, ""candidate__instagram"": 6, ""candidate__localtv"": 0, ""candidate__ooh"": 17, ""candidate__opentv"": 9, ""candidate__paytv"": 9, ""candidate__print"": 13, ""candidate__radio"": 3, ""candidate__tiktok"": 14, ""candidate__twitter"": 14, ""candidate__youtube"": 16}",COMPLETE
379,1711.094000142206,2026-09-21 11:31:52.551989,2026-09-21 11:31:53.039706,0 days 00:00:00.487717,1,15,15,1,11,0,16,10,8,14,6,12,14,16,"{""candidate__cinema"": 1, ""candidate__digitaldisplayandsearch"": 15, ""candidate__digitalvideo"": 15, ""candidate__facebook"": 1, ""candidate__instagram"": 11, ""candidate__localtv"": 0, ""candidate__ooh"": 16, ""candidate__opentv"": 10, ""candidate__paytv"": 8, ""candidate__print"": 14, ""candidate__radio"": 6, ""candidate__tiktok"": 12, ""candidate__twitter"": 14, ""candidate__youtube"": 16}",COMPLETE
380,2077.155005578004,2026-09-21 11:31:53.054389,2026-09-21 11:31:53.322987,0 days 00:00:00.268598,0,17,16,1,9,0,16,8,7,10,6,11,14,14,"{""candidate__cinema"": 0, ""candidate__digitaldisplayandsearch"": 17, ""candidate__digitalvideo"": 16, ""candidate__facebook"": 1, ""candidate__instagram"": 9, ""candidate__localtv"": 0, ""candidate__ooh"": 16, ""candidate__opentv"": 8, ""candidate__paytv"": 7, ""candidate__print"": 10, ""candidate__radio"": 6, ""candidate__tiktok"": 11, ""candidate__twitter"": 14, ""candidate__youtube"": 14}",PRUNED
381,2075.1851931146766,2026-09-21 11:31:53.335997,2026-09-21 11:31:53.610568,0 days 00:00:00.274571,1,15,15,1,7,1,16,11,9,11,4,11,10,17,"{""candidate__cinema"": 1, ""candidate__digitaldisplayandsearch"": 15, ""candidate__digitalvideo"": 15, ""candidate__facebook"": 1, ""candidate__instagram"": 7, ""candidate__localtv"": 1, ""candidate__ooh"": 16, ""candidate__opentv"": 11, ""candidate__paytv"": 9, ""candidate__print"": 11, ""candidate__radio"": 4, ""candidate__tiktok"": 11, ""candidate__twitter"": 10, ""candidate__youtube"": 17}",PRUNED
382,2085.5800516685513,2026-09-21 11:31:53.625044,2026-09-21 11:31:53.877406,0 days 00:00:00.252362,2,15,16,2,8,0,15,9,8,11,5,12,13,17,"{""candidate__cinema"": 2, ""candidate__digitaldisplayandsearch"": 15, ""candidate__digitalvideo"": 16, ""candidate__facebook"": 2, ""candidate__instagram"": 8, ""candidate__localtv"": 0, ""candidate__ooh"": 15, ""candidate__opentv"": 9, ""candidate__paytv"": 8, ""candidate__print"": 11, ""candidate__radio"": 5, ""candidate__tiktok"": 12, ""candidate__twitter"": 13, ""candidate__youtube"": 17}",PRUNED
383,2081.256208414109,2026-09-21 11:31:53.890617,2026-09-21 11:31:54.145315,0 days 00:00:00.254698,0,15,15,0,8,0,15,7,7,11,4,13,14,14,"{""candidate__cinema"": 0, ""candidate__digitaldisplayandsearch"": 15, ""candidate__digitalvideo"": 15, ""candidate__facebook"": 0, ""candidate__instagram"": 8, ""candidate__localtv"": 0, ""candidate__ooh"": 15, ""candidate__opentv"": 7, ""candidate__paytv"": 7, ""candidate__print"": 11, ""candidate__radio"": 4, ""candidate__tiktok"": 13, ""candidate__twitter"": 14, ""candidate__youtube"": 14}",PRUNED
384,2080.278134427435,2026-09-21 11:31:54.157865,2026-09-21 11:31:54.405813,0 days 00:00:00.247948,0,16,15,2,10,0,15,8,6,10,6,11,14,16,"{""candidate__cinema"": 0, ""candidate__digitaldisplayandsearch"": 16, ""candidate__digitalvideo"": 15, ""candidate__facebook"": 2, ""candidate__instagram"": 10, ""candidate__localtv"": 0, ""candidate__ooh"": 15, ""candidate__opentv"": 8, ""candidate__paytv"": 6, ""candidate__print"": 10, ""candidate__radio"": 6, ""candidate__tiktok"": 11, ""candidate__twitter"": 14, ""candidate__youtube"": 16}",PRUNED
385,1712.9681290464514,2026-09-21 11:31:54.420218,2026-09-21 11:31:54.876398,0 days 00:00:00.456180,1,16,15,2,6,0,16,8,7,14,5,11,12,16,"{""candidate__cinema"": 1, ""candidate__digitaldisplayandsearch"": 16, ""candidate__digitalvideo"": 15, ""candidate__facebook"": 2, ""candidate__instagram"": 6, ""candidate__localtv"": 0, ""candidate__ooh"": 16, ""candidate__opentv"": 8, ""candidate__paytv"": 7, ""candidate__print"": 14, ""candidate__radio"": 5, ""candidate__tiktok"": 11, ""candidate__twitter"": 12, ""candidate__youtube"": 16}",PRUNED
386,2076.993746170188,2026-09-21 11:31:54.889167,2026-09-21 11:31:55.160958,0 days 00:00:00.271791,1,15,16,1,7,1,17,9,8,11,6,12,13,16,"{""candidate__cinema"": 1, ""candidate__digitaldisplayandsearch"": 15, ""candidate__digitalvideo"": 16, ""candidate__facebook"": 1, ""candidate__instagram"": 7, ""candidate__localtv"": 1, ""candidate__ooh"": 17, ""candidate__opentv"": 9, ""candidate__paytv"": 8, ""candidate__print"": 11, ""candidate__radio"": 6, ""candidate__tiktok"": 12, ""candidate__twitter"": 13, ""candidate__youtube"": 16}",PRUNED
387,2077.252176377638,2026-09-21 11:31:55.174320,2026-09-21 11:31:55.419605,0 days 00:00:00.245285,0,15,13,1,8,0,15,11,10,11,4,12,11,16,"{""candidate__cinema"": 0, ""candidate__digitaldisplayandsearch"": 15, ""candidate__digitalvideo"": 13, ""candidate__facebook"": 1, ""candidate__instagram"": 8, ""candidate__localtv"": 0, ""candidate__ooh"": 15, ""candidate__opentv"": 11, ""candidate__paytv"": 10, ""candidate__print"": 11, ""candidate__radio"": 4, ""candidate__tiktok"": 12, ""candidate__twitter"": 11, ""candidate__youtube"": 16}",PRUNED
388,1706.9727435230536,2026-09-21 11:31:55.431907,2026-09-21 11:31:55.907893,0 days 00:00:00.475986,1,14,16,2,10,0,16,11,13,14,5,12,14,15,"{""candidate__cinema"": 1, ""candidate__digitaldisplayandsearch"": 14, ""candidate__digitalvideo"": 16, ""candidate__facebook"": 2, ""candidate__instagram"": 10, ""candidate__localtv"": 0, ""candidate__ooh"": 16, ""candidate__opentv"": 11, ""candidate__paytv"": 13, ""candidate__print"": 14, ""candidate__radio"": 5, ""candidate__tiktok"": 12, ""candidate__twitter"": 14, ""candidate__youtube"": 15}",COMPLETE
389,2066.6270359946293,2026-09-21 11:31:55.922398,2026-09-21 11:31:56.174584,0 days 00:00:00.252186,0,14,16,2,8,0,16,9,7,12,4,13,13,15,"{""candidate__cinema"": 0, ""candidate__digitaldisplayandsearch"": 14, ""candidate__digitalvideo"": 16, ""candidate__facebook"": 2, ""candidate__instagram"": 8, ""candidate__localtv"": 0, ""candidate__ooh"": 16, ""candidate__opentv"": 9, ""candidate__paytv"": 7, ""candidate__print"": 12, ""candidate__radio"": 4, ""candidate__tiktok"": 13, ""candidate__twitter"": 13, ""candidate__youtube"": 15}",PRUNED
390,2071.603010586893,2026-09-21 11:31:56.188888,2026-09-21 11:31:56.453897,0 days 00:00:00.265009,1,14,16,3,10,1,16,11,9,13,5,15,15,15,"{""candidate__cinema"": 1, ""candidate__digitaldisplayandsearch"": 14, ""candidate__digitalvideo"": 16, ""candidate__facebook"": 3, ""candidate__instagram"": 10, ""candidate__localtv"": 1, ""candidate__ooh"": 16, ""candidate__opentv"": 11, ""candidate__paytv"": 9, ""candidate__print"": 13, ""candidate__radio"": 5, ""candidate__tiktok"": 15, ""candidate__twitter"": 15, ""candidate__youtube"": 15}",PRUNED
391,2076.9497069228096,2026-09-21 11:31:56.468755,2026-09-21 11:31:56.733473,0 days 00:00:00.264718,1,16,15,2,10,0,15,11,10,14,5,12,16,16,"{""candidate__cinema"": 1, ""candidate__digitaldisplayandsearch"": 16, ""candidate__digitalvideo"": 15, ""candidate__facebook"": 2, ""candidate__instagram"": 10, ""candidate__localtv"": 0, ""candidate__ooh"": 15, ""candidate__opentv"": 11, ""candidate__paytv"": 10, ""candidate__print"": 14, ""candidate__radio"": 5, ""candidate__tiktok"": 12, ""candidate__twitter"": 16, ""candidate__youtube"": 16}",PRUNED
392,2066.6709179968207,2026-09-21 11:31:57.353118,2026-09-21 11:31:57.607754,0 days 00:00:00.254636,1,14,16,2,11,0,17,11,12,14,6,12,14,15,"{""candidate__cinema"": 1, ""candidate__digitaldisplayandsearch"": 14, ""candidate__digitalvideo"": 16, ""candidate__facebook"": 2, ""candidate__instagram"": 11, ""candidate__localtv"": 0, ""candidate__ooh"": 17, ""candidate__opentv"": 11, ""candidate__paytv"": 12, ""candidate__print"": 14, ""candidate__radio"": 6, ""candidate__tiktok"": 12, ""candidate__twitter"": 14, ""candidate__youtube"": 15}",PRUNED
393,1975.2015083827696,2026-09-21 11:31:57.621054,2026-09-21 11:31:57.986730,0 days 00:00:00.365676,0,14,16,3,9,0,16,10,13,14,5,12,14,16,"{""candidate__cinema"": 0, ""candidate__digitaldisplayandsearch"": 14, ""candidate__digitalvideo"": 16, ""candidate__facebook"": 3, ""candidate__instagram"": 9, ""candidate__localtv"": 0, ""candidate__ooh"": 16, ""candidate__opentv"": 10, ""candidate__paytv"": 13, ""candidate__print"": 14, ""candidate__radio"": 5, ""candidate__tiktok"": 12, ""candidate__twitter"": 14, ""candidate__youtube"": 16}",PRUNED
394,1709.7462064857216,2026-09-21 11:31:57.999373,2026-09-21 11:31:58.489699,0 days 00:00:00.490326,1,15,16,1,8,0,16,12,8,11,4,13,11,16,"{""candidate__cinema"": 1, ""candidate__digitaldisplayandsearch"": 15, ""candidate__digitalvideo"": 16, ""candidate__facebook"": 1, ""candidate__instagram"": 8, ""candidate__localtv"": 0, ""candidate__ooh"": 16, ""candidate__opentv"": 12, ""candidate__paytv"": 8, ""candidate__print"": 11, ""candidate__radio"": 4, ""candidate__tiktok"": 13, ""candidate__twitter"": 11, ""candidate__youtube"": 16}",COMPLETE
395,1712.9681898143165,2026-09-21 11:31:58.504392,2026-09-21 11:31:59.019005,0 days 00:00:00.514613,0,14,15,1,8,0,17,9,6,12,5,11,14,15,"{""candidate__cinema"": 0, ""candidate__digitaldisplayandsearch"": 14, ""candidate__digitalvideo"": 15, ""candidate__facebook"": 1, ""candidate__instagram"": 8, ""candidate__localtv"": 0, ""candidate__ooh"": 17, ""candidate__opentv"": 9, ""candidate__paytv"": 6, ""candidate__print"": 12, ""candidate__radio"": 5, ""candidate__tiktok"": 11, ""candidate__twitter"": 14, ""candidate__youtube"": 15}",PRUNED
396,2070.229359821698,2026-09-21 11:31:59.031162,2026-09-21 11:31:59.288280,0 days 00:00:00.257118,0,16,16,2,7,0,16,7,5,11,5,12,13,15,"{""candidate__cinema"": 0, ""candidate__digitaldisplayandsearch"": 16, ""candidate__digitalvideo"": 16, ""candidate__facebook"": 2, ""candidate__instagram"": 7, ""candidate__localtv"": 0, ""candidate__ooh"": 16, ""candidate__opentv"": 7, ""candidate__paytv"": 5, ""candidate__print"": 11, ""candidate__radio"": 5, ""candidate__tiktok"": 12, ""candidate__twitter"": 13, ""candidate__youtube"": 15}",PRUNED
