number,value,datetime_start,datetime_complete,duration,params_candidate__cinema,params_candidate__digitaldisplayandsearch,params_candidate__digitalvideo,params_candidate__facebook,params_candidate__instagram,params_candidate__localtv,params_candidate__ooh,params_candidate__opentv,params_candidate__paytv,params_candidate__print,params_candidate__radio,params_candidate__tiktok,params_candidate__twitter,params_candidate__youtube,system_attrs_tpe:relative_params:0,state
163,1714.9218231079897,2026-09-21 11:30:16.319754,2026-09-21 11:30:16.802266,0 days 00:00:00.482512,0,16,15,2,9,0,17,10,9,14,4,14,13,16,"{""candidate__cinema"": 0, ""candidate__digitaldisplayandsearch"": 16, ""candidate__digitalvideo"": 15, ""candidate__facebook"": 2, ""candidate__instagram"": 9, ""candidate__localtv"": 0, ""candidate__ooh"": 17, ""candidate__opentv"": 10, ""candidate__paytv"": 9, ""candidate__print"": 14, ""candidate__radio"": 4, ""candidate__tiktok"": 14, ""candidate__twitter"": 13, ""candidate__youtube"": 16}",COMPLETE
164,1717.5215597926872,2026-09-21 11:30:16.814088,2026-09-21 11:30:17.302510,0 days 00:00:00.488422,3,13,15,2,10,1,17,11,8,14,2,13,15,16,"{""candidate__cinema"": 3, ""candidate__digitaldisplayandsearch"": 13, ""candidate__digitalvideo"": 15, ""candidate__facebook"": 2, ""candidate__instagram"": 10, ""candidate__localtv"": 1, ""candidate__ooh"": 17, ""candidate__opentv"": 11, ""candidate__paytv"": 8, ""candidate__print"": 14, ""candidate__radio"": 2, ""candidate__tiktok"": 13, ""candidate__twitter"": 15, ""candidate__youtube"": 16}",PRUNED
165,1707.279741189432,2026-09-21 11:30:17.316059,2026-09-21 11:30:17.806289,0 days 00:00:00.490230,1,15,15,1,8,0,16,9,9,11,4,13,15,16,"{""candidate__cinema"": 1, ""candidate__digitaldisplayandsearch"": 15, ""candidate__digitalvideo"": 15, ""candidate__facebook"": 1, ""candidate__instagram"": 8, ""candidate__localtv"": 0, ""candidate__ooh"": 16, ""candidate__opentv"": 9, ""candidate__paytv"": 9, ""candidate__print"": 11, ""candidate__radio"": 4, ""candidate__tiktok"": 13, ""candidate__twitter"": 15, ""candidate__youtube"": 16}",COMPLETE
166,1717.8116517182596,2026-09-21 11:30:17.824418,2026-09-21 11:30:18.306977,0 days 00:00:00.482559,2,14,14,1,11,1,16,12,9,14,4,14,13,16,"{""candidate__cinema"": 2, ""candidate__digitaldisplayandsearch"": 14, ""candidate__digitalvideo"": 14, ""candidate__facebook"": 1, ""candidate__instagram"": 11, ""candidate__localtv"": 1, ""candidate__ooh"": 16, ""candidate__opentv"": 12, ""candidate__paytv"": 9, ""candidate__print"": 14, ""candidate__radio"": 4, ""candidate__tiktok"": 14, ""candidate__twitter"": 13, ""candidate__youtube"": 16}",PRUNED
167,2081.9991816007055,2026-09-21 11:30:18.320801,2026-09-21 11:30:18.586011,0 days 00:00:00.265210,2,16,16,0,8,0,15,11,10,12,5,13,14,15,"{""candidate__cinema"": 2, ""candidate__digitaldisplayandsearch"": 16, ""candidate__digitalvideo"": 16, ""candidate__facebook"": 0, ""candidate__instagram"": 8, ""candidate__localtv"": 0, ""candidate__ooh"": 15, ""candidate__opentv"": 11, ""candidate__paytv"": 10, ""candidate__print"": 12, ""candidate__radio"": 5, ""candidate__tiktok"": 13, ""candidate__twitter"": 14, ""candidate__youtube"": 15}",PRUNED
168,1708.3053357816727,2026-09-21 11:30:18.598540,2026-09-21 11:30:19.076537,0 days 00:00:00.477997,2,14,15,0,8,0,16,9,8,13,5,13,14,16,"{""candidate__cinema"": 2, ""candidate__digitaldisplayandsearch"": 14, ""candidate__digitalvideo"": 15, ""candidate__facebook"": 0, ""candidate__instagram"": 8, ""candidate__localtv"": 0, ""candidate__ooh"": 16, ""candidate__opentv"": 9, ""candidate__paytv"": 8, ""candidate__print"": 13, ""candidate__radio"": 5, ""candidate__tiktok"": 13, ""candidate__twitter"": 14, ""candidate__youtube"": 16}",COMPLETE
169,1708.690657618554,2026-09-21 11:30:19.089645,2026-09-21 11:30:19.568755,0 days 00:00:00.479110,2,15,15,2,10,0,16,9,12,12,5,13,13,16,"{""candidate__cinema"": 2, ""candidate__digitaldisplayandsearch"": 15, ""candidate__digitalvideo"": 15, ""candidate__facebook"": 2, ""candidate__instagram"": 10, ""candidate__localtv"": 0, ""candidate__ooh"": 16, ""candidate__opentv"": 9, ""candidate__paytv"": 12, ""candidate__print"": 12, ""candidate__radio"": 5, ""candidate__tiktok"": 13, ""candidate__twitter"": 13, ""candidate__youtube"": 16}",COMPLETE
170,1708.7624600589588,2026-09-21 11:30:19.582242,2026-09-21 11:30:20.067066,0 days 00:00:00.484824,0,15,15,2,8,0,16,11,11,15,6,15,13,16,"{""candidate__cinema"": 0, ""candidate__digitaldisplayandsearch"": 15, ""candidate__digitalvideo"": 15, ""candidate__facebook"": 2, ""candidate__instagram"": 8, ""candidate__localtv"": 0, ""candidate__ooh"": 16, ""candidate__opentv"": 11, ""candidate__paytv"": 11, ""candidate__print"": 15, ""candidate__radio"": 6, ""candidate__tiktok"": 15, ""candidate__twitter"": 13, ""candidate__youtube"": 16}",COMPLETE
171,1710.8621611211277,2026-09-21 11:30:20.079674,2026-09-21 11:30:20.542414,0 days 00:00:00.462740,1,14,15,1,9,0,16,10,9,12,6,14,13,16,"{""candidate__cinema"": 1, ""candidate__digitaldisplayandsearch"": 14, ""candidate__digitalvideo"": 15, ""candidate__facebook"": 1, ""candidate__instagram"": 9, ""candidate__localtv"": 0, ""candidate__ooh"": 16, ""candidate__opentv"": 10, ""candidate__paytv"": 9, ""candidate__print"": 12, ""candidate__radio"": 6, ""candidate__tiktok"": 14, ""candidate__twitter"": 13, ""candidate__youtube"": 16}",COMPLETE
172,1709.6591324597302,2026-09-21 11:30:20.556056,2026-09-21 11:30:20.999440,0 days 00:00:00.443384,1,15,16,1,8,0,16,10,8,11,5,13,14,16,"{""candidate__cinema"": 1, ""candidate__digitaldisplayandsearch"": 15, ""candidate__digitalvideo"": 16, ""candidate__facebook"": 1, ""candidate__instagram"": 8, ""candidate__localtv"": 0, ""candidate__ooh"": 16, ""candidate__opentv"": 10, ""candidate__paytv"": 8, ""candidate__print"": 11, ""candidate__radio"": 5, ""candidate__tiktok"": 13, ""candidate__twitter"": 14, ""candidate__youtube"": 16}",COMPLETE
173,2083.015118838287,2026-09-21 11:30:21.012809,2026-09-21 11:30:21.268976,0 days 00:00:00.256167,0,15,14,2,8,0,15,11,11,14,4,14,13,16,"{""candidate__cinema"": 0, ""candidate__digitaldisplayandsearch"": 15, ""candidate__digitalvideo"": 14, ""candidate__facebook"": 2, ""candidate__instagram"": 8, ""candidate__localtv"": 0, ""candidate__ooh"": 15, ""candidate__opentv"": 11, ""candidate__paytv"": 11, ""candidate__print"": 14, ""candidate__radio"": 4, ""candidate__tiktok"": 14, ""candidate__twitter"": 13, ""candidate__youtube"": 16}",PRUNED
174,1710.9464751180558,2026-09-21 11:30:21.283500,2026-09-21 11:30:21.989143,0 days 00:00:00.705643,2,13,15,1,8,0,16,9,8,13,5,14,14,14,"{""candidate__cinema"": 2, ""candidate__digitaldisplayandsearch"": 13, ""candidate__digitalvideo"": 15, ""candidate__facebook"": 1, ""candidate__instagram"": 8, ""candidate__localtv"": 0, ""candidate__ooh"": 16, ""candidate__opentv"": 9, ""candidate__paytv"": 8, ""candidate__print"": 13, ""candidate__radio"": 5, ""candidate__tiktok"": 14, ""candidate__twitter"": 14, ""candidate__youtube"": 14}",COMPLETE
175,1710.1843916571277,2026-09-21 11:30:22.004773,2026-09-21 11:30:22.466422,0 days 00:00:00.461649,2,16,14,1,8,0,16,9,9,12,5,14,14,16,"{""candidate__cinema"": 2, ""candidate__digitaldisplayandsearch"": 16, ""candidate__digitalvideo"": 14, ""candidate__facebook"": 1, ""candidate__instagram"": 8, ""candidate__localtv"": 0, ""candidate__ooh"": 16, ""candidate__opentv"": 9, ""candidate__paytv"": 9, ""candidate__print"": 12, ""candidate__radio"": 5, ""candidate__tiktok"": 14, ""candidate__twitter"": 14, ""candidate__youtube"": 16}",COMPLETE
176,1713.45267117036,2026-09-21 11:30:22.479675,2026-09-21 11:30:22.923050,0 days 00:00:00.443375,0,15,16,2,9,0,16,10,7,11,5,14,15,16,"{""candidate__cinema"": 0, ""candidate__digitaldisplayandsearch"": 15, ""candidate__digitalvideo"": 16, ""candidate__facebook"": 2, ""candidate__instagram"": 9, ""candidate__localtv"": 0, ""candidate__ooh"": 16, ""candidate__opentv"": 10, ""candidate__paytv"": 7, ""candidate__print"": 11, ""candidate__radio"": 5, ""candidate__tiktok"": 14, ""candidate__twitter"": 15, ""candidate__youtube"": 16}",COMPLETE
177,1714.3820628503527,2026-09-21 11:30:22.937360,2026-09-21 11:30:23.371622,0 days 00:00:00.434262,1,15,15,2,8,1,16,11,9,14,5,13,14,16,"{""candidate__cinema"": 1, ""candidate__digitaldisplayandsearch"": 15, ""candidate__digitalvideo"": 15, ""candidate__facebook"": 2, ""candidate__instagram"": 8, ""candidate__localtv"": 1, ""candidate__ooh"": 16, ""candidate__opentv"": 11, ""candidate__paytv"": 9, ""candidate__print"": 14, ""candidate__radio"": 5, ""candidate__tiktok"": 13, ""candidate__twitter"": 14, ""candidate__youtube"": 16}",COMPLETE
178,1708.4718918813348,2026-09-21 11:30:23.385751,2026-09-21 11:30:23.831259,0 days 00:00:00.445508,0,15,16,0,7,0,16,9,9,11,5,13,15,16,"{""candidate__cinema"": 0, ""candidate__digitaldisplayandsearch"": 15, ""candidate__digitalvideo"": 16, ""candidate__facebook"": 0, ""candidate__instagram"": 7, ""candidate__localtv"": 0, ""candidate__ooh"": 16, ""candidate__opentv"": 9, ""candidate__paytv"": 9, ""candidate__print"": 11, ""candidate__radio"": 5, ""candidate__tiktok"": 13, ""candidate__twitter"": 15, ""candidate__youtube"": 16}",COMPLETE
179,1711.0704338362793,2026-09-21 11:30:23.845013,2026-09-21 11:30:24.329429,0 days 00:00:00.484416,0,15,17,0,7,0,16,10,9,11,6,13,15,16,"{""candidate__cinema"": 0, ""candidate__digitaldisplayandsearch"": 15, ""candidate__digitalvideo"": 17, ""candidate__facebook"": 0, ""candidate__instagram"": 7, ""candidate__localtv"": 0, ""candidate__ooh"": 16, ""candidate__opentv"": 10, ""candidate__paytv"": 9, ""candidate__print"": 11, ""candidate__radio"": 6, ""candidate__tiktok"": 13, ""candidate__twitter"": 15, ""candidate__youtube"": 16}",COMPLETE
180,1713.7555853925733,2026-09-21 11:30:24.345636,2026-09-21 11:30:24.808406,0 days 00:00:00.462770,1,16,16,2,8,0,17,10,8,11,5,14,13,16,"{""candidate__cinema"": 1, ""candidate__digitaldisplayandsearch"": 16, ""candidate__digitalvideo"": 16, ""candidate__facebook"": 2, ""candidate__instagram"": 8, ""candidate__localtv"": 0, ""candidate__ooh"": 17, ""candidate__opentv"": 10, ""candidate__paytv"": 8, ""candidate__print"": 11, ""candidate__radio"": 5, ""candidate__tiktok"": 14, ""candidate__twitter"": 13, ""candidate__youtube"": 16}",COMPLETE
181,2099.6104094896696,2026-09-21 11:30:24.821235,2026-09-21 11:30:25.040360,0 days 00:00:00.219125,0,15,16,1,8,1,15,11,11,15,5,15,13,15,"{""candidate__cinema"": 0, ""candidate__digitaldisplayandsearch"": 15, ""candidate__digitalvideo"": 16, ""candidate__facebook"": 1, ""candidate__instagram"": 8, ""candidate__localtv"": 1, ""candidate__ooh"": 15, ""candidate__opentv"": 11, ""candidate__paytv"": 11, ""candidate__print"": 15, ""candidate__radio"": 5, ""candidate__tiktok"": 15, ""candidate__twitter"": 13, ""candidate__youtube"": 15}",PRUNED
182,2098.610361938089,2026-09-21 11:30:25.052510,2026-09-21 11:30:25.303763,0 days 00:00:00.251253,2,16,15,1,9,1,15,9,9,13,5,14,14,16,"{""candidate__cinema"": 2, ""candidate__digitaldisplayandsearch"": 16, ""candidate__digitalvideo"": 15, ""candidate__facebook"": 1, ""candidate__instagram"": 9, ""candidate__localtv"": 1, ""candidate__ooh"": 15, ""candidate__opentv"": 9, ""candidate__paytv"": 9, ""candidate__print"": 13, ""candidate__radio"": 5, ""candidate__tiktok"": 14, ""candidate__twitter"": 14, ""candidate__youtube"": 16}",PRUNED
183,1707.279741189432,2026-09-21 11:30:25.319897,2026-09-21 11:30:25.766339,0 days 00:00:00.446442,1,15,15,1,8,0,16,9,8,11,5,12,13,16,"{""candidate__cinema"": 1, ""candidate__digitaldisplayandsearch"": 15, ""candidate__digitalvideo"": 15, ""candidate__facebook"": 1, ""candidate__instagram"": 8, ""candidate__localtv"": 0, ""candidate__ooh"": 16, ""candidate__opentv"": 9, ""candidate__paytv"": 8, ""candidate__print"": 11, ""candidate__radio"": 5, ""candidate__tiktok"": 12, ""candidate__twitter"": 13, ""candidate__youtube"": 16}",COMPLETE
184,1718.4205969925981,2026-09-21 11:30:25.780075,2026-09-21 11:30:26.229502,0 days 00:00:00.449427,1,14,15,0,8,1,16,9,9,12,5,13,15,17,"{""candidate__cinema"": 1, ""candidate__digitaldisplayandsearch"": 14, ""candidate__digitalvideo"": 15, ""candidate__facebook"": 0, ""candidate__instagram"": 8, ""candidate__localtv"": 1, ""candidate__ooh"": 16, ""candidate__opentv"": 9, ""candidate__paytv"": 9, ""candidate__print"": 12, ""candidate__radio"": 5, ""candidate__tiktok"": 13, ""candidate__twitter"": 15, ""candidate__youtube"": 17}",PRUNED
185,1716.4499417108711,2026-09-21 11:30:26.242944,2026-09-21 11:30:26.714713,0 days 00:00:00.471769,1,14,15,0,8,0,17,9,8,14,6,13,13,17,"{""candidate__cinema"": 1, ""candidate__digitaldisplayandsearch"": 14, ""candidate__digitalvideo"": 15, ""candidate__facebook"": 0, ""candidate__instagram"": 8, ""candidate__localtv"": 0, ""candidate__ooh"": 17, ""candidate__opentv"": 9, ""candidate__paytv"": 8, ""candidate__print"": 14, ""candidate__radio"": 6, ""candidate__tiktok"": 13, ""candidate__twitter"": 13, ""candidate__youtube"": 17}",PRUNED
186,1707.2990022768336,2026-09-21 11:30:26.726942,2026-09-21 11:30:27.480845,0 days 00:00:00.753903,1,16,16,2,8,0,16,9,10,14,6,13,13,15,"{""candidate__cinema"": 1, ""candidate__digitaldisplayandsearch"": 16, ""candidate__digitalvideo"": 16, ""candidate__facebook"": 2, ""candidate__instagram"": 8, ""candidate__localtv"": 0, ""candidate__ooh"": 16, ""candidate__opentv"": 9, ""candidate__paytv"": 10, ""candidate__print"": 14, ""candidate__radio"": 6, ""candidate__tiktok"": 13, ""candidate__twitter"": 13, ""candidate__youtube"": 15}",COMPLETE
187,1714.3849000311511,2026-09-21 11:30:27.494219,2026-09-21 11:30:27.972010,0 days 00:00:00.477791,1,16,15,1,8,0,16,11,8,13,4,14,14,17,"{""candidate__cinema"": 1, ""candidate__digitaldisplayandsearch"": 16, ""candidate__digitalvideo"": 15, ""candidate__facebook"": 1, ""candidate__instagram"": 8, ""candidate__localtv"": 0, ""candidate__ooh"": 16, ""candidate__opentv"": 11, ""candidate__paytv"": 8, ""candidate__print"": 13, ""candidate__radio"": 4, ""candidate__tiktok"": 14, ""candidate__twitter"": 14, ""candidate__youtube"": 17}",COMPLETE
188,1708.998307276732,2026-09-21 11:30:27.989849,2026-09-21 11:30:28.487734,0 days 00:00:00.497885,1,17,13,1,7,0,16,9,9,13,5,15,13,16,"{""candidate__cinema"": 1, ""candidate__digitaldisplayandsearch"": 17, ""candidate__digitalvideo"": 13, ""candidate__facebook"": 1, ""candidate__instagram"": 7, ""candidate__localtv"": 0, ""candidate__ooh"": 16, ""candidate__opentv"": 9, ""candidate__paytv"": 9, ""candidate__print"": 13, ""candidate__radio"": 5, ""candidate__tiktok"": 15, ""candidate__twitter"": 13, ""candidate__youtube"": 16}",COMPLETE
189,1715.5387374202794,2026-09-21 11:30:28.501315,2026-09-21 11:30:28.974036,0 days 00:00:00.472721,1,15,14,0,8,1,16,10,10,14,5,15,15,16,"{""candidate__cinema"": 1, ""candidate__digitaldisplayandsearch"": 15, ""candidate__digitalvideo"": 14, ""candidate__facebook"": 0, ""candidate__instagram"": 8, ""candidate__localtv"": 1, ""candidate__ooh"": 16, ""candidate__opentv"": 10, ""candidate__paytv"": 10, ""candidate__print"": 14, ""candidate__radio"": 5, ""candidate__tiktok"": 15, ""candidate__twitter"": 15, ""candidate__youtube"": 16}",COMPLETE
190,2094.8466903209314,2026-09-21 11:30:28.989639,2026-09-21 11:30:29.245397,0 days 00:00:00.255758,0,15,15,1,7,1,15,9,9,12,4,12,15,17,"{""candidate__cinema"": 0, ""candidate__digitaldisplayandsearch"": 15, ""candidate__digitalvideo"": 15, ""candidate__facebook"": 1, ""candidate__instagram"": 7, ""candidate__localtv"": 1, ""candidate__ooh"": 15, ""candidate__opentv"": 9, ""candidate__paytv"": 9, ""candidate__print"": 12, ""candidate__radio"": 4, ""candidate__tiktok"": 12, ""candidate__twitter"": 15, ""candidate__youtube"": 17}",PRUNED
191,1714.6960209219676,2026-09-21 11:30:29.256802,2026-09-21 11:30:29.718641,0 days 00:00:00.461839,1,15,15,1,8,0,17,10,7,11,5,11,13,16,"{""candidate__cinema"": 1, ""candidate__digitaldisplayandsearch"": 15, ""candidate__digitalvideo"": 15, ""candidate__facebook"": 1, ""candidate__instagram"": 8, ""candidate__localtv"": 0, ""candidate__ooh"": 17, ""candidate__opentv"": 10, ""candidate__paytv"": 7, ""candidate__print"": 11, ""candidate__radio"": 5, ""candidate__tiktok"": 11, ""candidate__twitter"": 13, ""candidate__youtube"": 16}",COMPLETE
192,1710.7616152612964,2026-09-21 11:30:29.735197,2026-09-21 11:30:30.235259,0 days 00:00:00.500062,1,16,14,2,10,0,16,9,12,12,6,14,13,16,"{""candidate__cinema"": 1, ""candidate__digitaldisplayandsearch"": 16, ""candidate__digitalvideo"": 14, ""candidate__facebook"": 2, ""candidate__instagram"": 10, ""candidate__localtv"": 0, ""candidate__ooh"": 16, ""candidate__opentv"": 9, ""candidate__paytv"": 12, ""candidate__print"": 12, ""candidate__radio"": 6, ""candidate__tiktok"": 14, ""candidate__twitter"": 13, ""candidate__youtube"": 16}",COMPLETE
193,1711.3137520916505,2026-09-21 11:30:30.248386,2026-09-21 11:30:30.687735,0 days 00:00:00.439349,1,16,13,1,7,0,17,9,9,13,4,13,14,15,"{""candidate__cinema"": 1, ""candidate__digitaldisplayandsearch"": 16, ""candidate__digitalvideo"": 13, ""candidate__facebook"": 1, ""candidate__instagram"": 7, ""candidate__localtv"": 0, ""candidate__ooh"": 17, ""candidate__opentv"": 9, ""candidate__paytv"": 9, ""candidate__print"": 13, ""candidate__radio"": 4, ""candidate__tiktok"": 13, ""candidate__twitter"": 14, ""candidate__youtube"": 15}",COMPLETE
194,1710.0029591713255,2026-09-21 11:30:30.701642,2026-09-21 11:30:31.152180,0 days 00:00:00.450538,3,15,14,0,8,0,16,9,9,13,6,12,14,16,"{""candidate__cinema"": 3, ""candidate__digitaldisplayandsearch"": 15, ""candidate__digitalvideo"": 14, ""candidate__facebook"": 0, ""candidate__instagram"": 8, ""candidate__localtv"": 0, ""candidate__ooh"": 16, ""candidate__opentv"": 9, ""candidate__paytv"": 9, ""candidate__print"": 13, ""candidate__radio"": 6, ""candidate__tiktok"": 12, ""candidate__twitter"": 14, ""candidate__youtube"": 16}",COMPLETE
195,2076.527039116191,2026-09-21 11:30:31.165415,2026-09-21 11:30:31.422775,0 days 00:00:00.257360,2,14,15,0,9,0,17,8,7,13,5,13,13,15,"{""candidate__cinema"": 2, ""candidate__digitaldisplayandsearch"": 14, ""candidate__digitalvideo"": 15, ""candidate__facebook"": 0, ""candidate__instagram"": 9, ""candidate__localtv"": 0, ""candidate__ooh"": 17, ""candidate__opentv"": 8, ""candidate__paytv"": 7, ""candidate__print"": 13, ""candidate__radio"": 5, ""candidate__tiktok"": 13, ""candidate__twitter"": 13, ""candidate__youtube"": 15}",PRUNED
196,1710.5329342634711,2026-09-21 11:30:31.436331,2026-09-21 11:30:31.933856,0 days 00:00:00.497525,1,15,15,2,7,0,16,10,10,15,6,14,13,16,"{""candidate__cinema"": 1, ""candidate__digitaldisplayandsearch"": 15, ""candidate__digitalvideo"": 15, ""candidate__facebook"": 2, ""candidate__instagram"": 7, ""candidate__localtv"": 0, ""candidate__ooh"": 16, ""candidate__opentv"": 10, ""candidate__paytv"": 10, ""candidate__print"": 15, ""candidate__radio"": 6, ""candidate__tiktok"": 14, ""candidate__twitter"": 13, ""candidate__youtube"": 16}",COMPLETE
197,2082.8668119378176,2026-09-21 11:30:31.947508,2026-09-21 11:30:32.197517,0 days 00:00:00.250009,2,15,14,1,8,1,16,9,9,11,4,13,15,15,"{""candidate__cinema"": 2, ""candidate__digitaldisplayandsearch"": 15, ""candidate__digitalvideo"": 14, ""candidate__facebook"": 1, ""candidate__instagram"": 8, ""candidate__localtv"": 1, ""candidate__ooh"": 16, ""candidate__opentv"": 9, ""candidate__paytv"": 9, ""candidate__print"": 11, ""candidate__radio"": 4, ""candidate__tiktok"": 13, ""candidate__twitter"": 15, ""candidate__youtube"": 15}",PRUNED
198,1711.0755394063992,2026-09-21 11:30:32.209995,2026-09-21 11:30:33.279707,0 days 00:00:01.069712,1,15,15,2,8,0,17,10,9,14,5,15,12,15,"{""candidate__cinema"": 1, ""candidate__digitaldisplayandsearch"": 15, ""candidate__digitalvideo"": 15, ""candidate__facebook"": 2, ""candidate__instagram"": 8, ""candidate__localtv"": 0, ""candidate__ooh"": 17, ""candidate__opentv"": 10, ""candidate__paytv"": 9, ""candidate__print"": 14, ""candidate__radio"": 5, ""candidate__tiktok"": 15, ""candidate__twitter"": 12, ""candidate__youtube"": 15}",COMPLETE
199,1709.1433670328381,2026-09-21 11:30:33.295004,2026-09-21 11:30:33.799574,0 days 00:00:00.504570,1,15,15,1,10,0,17,9,11,12,5,12,13,15,"{""candidate__cinema"": 1, ""candidate__digitaldisplayandsearch"": 15, ""candidate__digitalvideo"": 15, ""candidate__facebook"": 1, ""candidate__instagram"": 10, ""candidate__localtv"": 0, ""candidate__ooh"": 17, ""candidate__opentv"": 9, ""candidate__paytv"": 11, ""candidate__print"": 12, ""candidate__radio"": 5, ""candidate__tiktok"": 12, ""candidate__twitter"": 13, ""candidate__youtube"": 15}",COMPLETE
200,1708.938516944496,2026-09-21 11:30:33.812743,2026-09-21 11:30:34.260114,0 days 00:00:00.447371,1,14,15,1,8,0,17,9,8,11,4,12,12,15,"{""candidate__cinema"": 1, ""candidate__digitaldisplayandsearch"": 14, ""candidate__digitalvideo"": 15, ""candidate__facebook"": 1, ""candidate__instagram"": 8, ""candidate__localtv"": 0, ""candidate__ooh"": 17, ""candidate__opentv"": 9, ""candidate__paytv"": 8, ""candidate__print"": 11, ""candidate__radio"": 4, ""candidate__tiktok"": 12, ""candidate__twitter"": 12, ""candidate__youtube"": 15}",COMPLETE
201,2077.7592380929987,2026-09-21 11:30:34.275297,2026-09-21 11:30:34.527465,0 days 00:00:00.252168,0,15,16,2,7,1,16,10,8,10,4,13,16,16,"{""candidate__cinema"": 0, ""candidate__digitaldisplayandsearch"": 15, ""candidate__digitalvideo"": 16, ""candidate__facebook"": 2, ""candidate__instagram"": 7, ""candidate__localtv"": 1, ""candidate__ooh"": 16, ""candidate__opentv"": 10, ""candidate__paytv"": 8, ""candidate__print"": 10, ""candidate__radio"": 4, ""candidate__tiktok"": 13, ""candidate__twitter"": 16, ""candidate__youtube"": 16}",PRUNED
