number,value,datetime_start,datetime_complete,duration,params_candidate__cinema,params_candidate__digitaldisplayandsearch,params_candidate__digitalvideo,params_candidate__facebook,params_candidate__instagram,params_candidate__localtv,params_candidate__ooh,params_candidate__opentv,params_candidate__paytv,params_candidate__print,params_candidate__radio,params_candidate__tiktok,params_candidate__twitter,params_candidate__youtube,system_attrs_tpe:relative_params:0,state
1060,1707.5962235850754,2026-09-21 11:38:20.747502,2026-09-21 11:38:21.589863,0 days 00:00:00.842361,5,12,16,0,13,0,16,8,6,13,5,14,15,15,"{""candidate__cinema"": 5, ""candidate__digitaldisplayandsearch"": 12, ""candidate__digitalvideo"": 16, ""candidate__facebook"": 0, ""candidate__instagram"": 13, ""candidate__localtv"": 0, ""candidate__ooh"": 16, ""candidate__opentv"": 8, ""candidate__paytv"": 6, ""candidate__print"": 13, ""candidate__radio"": 5, ""candidate__tiktok"": 14, ""candidate__twitter"": 15, ""candidate__youtube"": 15}",COMPLETE
1061,2060.834723951611,2026-09-21 11:38:21.611579,2026-09-21 11:38:22.031765,0 days 00:00:00.420186,4,11,15,1,12,0,16,9,8,12,4,14,13,15,"{""candidate__cinema"": 4, ""candidate__digitaldisplayandsearch"": 11, ""candidate__digitalvideo"": 15, ""candidate__facebook"": 1, ""candidate__instagram"": 12, ""candidate__localtv"": 0, ""candidate__ooh"": 16, ""candidate__opentv"": 9, ""candidate__paytv"": 8, ""candidate__print"": 12, ""candidate__radio"": 4, ""candidate__tiktok"": 14, ""candidate__twitter"": 13, ""candidate__youtube"": 15}",PRUNED
1062,2060.20163068161,2026-09-21 11:38:22.058221,2026-09-21 11:38:22.551182,0 days 00:00:00.492961,4,14,15,0,10,1,16,11,9,13,7,9,16,16,"{""candidate__cinema"": 4, ""candidate__digitaldisplayandsearch"": 14, ""candidate__digitalvideo"": 15, ""candidate__facebook"": 0, ""candidate__instagram"": 10, ""candidate__localtv"": 1, ""candidate__ooh"": 16, ""candidate__opentv"": 11, ""candidate__paytv"": 9, ""candidate__print"": 13, ""candidate__radio"": 7, ""candidate__tiktok"": 9, ""candidate__twitter"": 16, ""candidate__youtube"": 16}",PRUNED
1063,2078.673867137471,2026-09-21 11:38:22.571237,2026-09-21 11:38:22.959158,0 days 00:00:00.387921,6,14,15,1,13,0,15,7,6,13,4,13,15,14,"{""candidate__cinema"": 6, ""candidate__digitaldisplayandsearch"": 14, ""candidate__digitalvideo"": 15, ""candidate__facebook"": 1, ""candidate__instagram"": 13, ""candidate__localtv"": 0, ""candidate__ooh"": 15, ""candidate__opentv"": 7, ""candidate__paytv"": 6, ""candidate__print"": 13, ""candidate__radio"": 4, ""candidate__tiktok"": 13, ""candidate__twitter"": 15, ""candidate__youtube"": 14}",PRUNED
1064,2076.7289354532795,2026-09-21 11:38:22.981259,2026-09-21 11:38:23.417579,0 days 00:00:00.436320,4,16,15,1,13,0,15,8,13,13,6,13,12,15,"{""candidate__cinema"": 4, ""candidate__digitaldisplayandsearch"": 16, ""candidate__digitalvideo"": 15, ""candidate__facebook"": 1, ""candidate__instagram"": 13, ""candidate__localtv"": 0, ""candidate__ooh"": 15, ""candidate__opentv"": 8, ""candidate__paytv"": 13, ""candidate__print"": 13, ""candidate__radio"": 6, ""candidate__tiktok"": 13, ""candidate__twitter"": 12, ""candidate__youtube"": 15}",PRUNED
1065,1705.7657710060478,2026-09-21 11:38:23.438810,2026-09-21 11:38:24.366057,0 days 00:00:00.927247,2,16,15,2,16,0,16,7,10,11,4,13,16,15,"{""candidate__cinema"": 2, ""candidate__digitaldisplayandsearch"": 16, ""candidate__digitalvideo"": 15, ""candidate__facebook"": 2, ""candidate__instagram"": 16, ""candidate__localtv"": 0, ""candidate__ooh"": 16, ""candidate__opentv"": 7, ""candidate__paytv"": 10, ""candidate__print"": 11, ""candidate__radio"": 4, ""candidate__tiktok"": 13, ""candidate__twitter"": 16, ""candidate__youtube"": 15}",COMPLETE
1066,2073.9635724541818,2026-09-21 11:38:24.388364,2026-09-21 11:38:24.786592,0 days 00:00:00.398228,4,14,16,1,16,1,17,5,9,13,4,13,14,15,"{""candidate__cinema"": 4, ""candidate__digitaldisplayandsearch"": 14, ""candidate__digitalvideo"": 16, ""candidate__facebook"": 1, ""candidate__instagram"": 16, ""candidate__localtv"": 1, ""candidate__ooh"": 17, ""candidate__opentv"": 5, ""candidate__paytv"": 9, ""candidate__print"": 13, ""candidate__radio"": 4, ""candidate__tiktok"": 13, ""candidate__twitter"": 14, ""candidate__youtube"": 15}",PRUNED
1067,2064.025694338071,2026-09-21 11:38:24.813465,2026-09-21 11:38:25.278405,0 days 00:00:00.464940,2,17,15,2,10,0,16,10,5,12,6,13,11,15,"{""candidate__cinema"": 2, ""candidate__digitaldisplayandsearch"": 17, ""candidate__digitalvideo"": 15, ""candidate__facebook"": 2, ""candidate__instagram"": 10, ""candidate__localtv"": 0, ""candidate__ooh"": 16, ""candidate__opentv"": 10, ""candidate__paytv"": 5, ""candidate__print"": 12, ""candidate__radio"": 6, ""candidate__tiktok"": 13, ""candidate__twitter"": 11, ""candidate__youtube"": 15}",PRUNED
1068,1706.9011915711046,2026-09-21 11:38:25.299277,2026-09-21 11:38:26.128065,0 days 00:00:00.828788,2,16,15,0,13,0,16,7,10,13,7,14,13,15,"{""candidate__cinema"": 2, ""candidate__digitaldisplayandsearch"": 16, ""candidate__digitalvideo"": 15, ""candidate__facebook"": 0, ""candidate__instagram"": 13, ""candidate__localtv"": 0, ""candidate__ooh"": 16, ""candidate__opentv"": 7, ""candidate__paytv"": 10, ""candidate__print"": 13, ""candidate__radio"": 7, ""candidate__tiktok"": 14, ""candidate__twitter"": 13, ""candidate__youtube"": 15}",COMPLETE
1069,2065.1624735342543,2026-09-21 11:38:26.150585,2026-09-21 11:38:26.593000,0 days 00:00:00.442415,3,17,15,2,10,0,17,10,9,14,4,9,14,15,"{""candidate__cinema"": 3, ""candidate__digitaldisplayandsearch"": 17, ""candidate__digitalvideo"": 15, ""candidate__facebook"": 2, ""candidate__instagram"": 10, ""candidate__localtv"": 0, ""candidate__ooh"": 17, ""candidate__opentv"": 10, ""candidate__paytv"": 9, ""candidate__print"": 14, ""candidate__radio"": 4, ""candidate__tiktok"": 9, ""candidate__twitter"": 14, ""candidate__youtube"": 15}",PRUNED
1070,2076.1822633103106,2026-09-21 11:38:26.615201,2026-09-21 11:38:27.327962,0 days 00:00:00.712761,4,13,15,1,13,0,15,8,10,12,5,13,14,15,"{""candidate__cinema"": 4, ""candidate__digitaldisplayandsearch"": 13, ""candidate__digitalvideo"": 15, ""candidate__facebook"": 1, ""candidate__instagram"": 13, ""candidate__localtv"": 0, ""candidate__ooh"": 15, ""candidate__opentv"": 8, ""candidate__paytv"": 10, ""candidate__print"": 12, ""candidate__radio"": 5, ""candidate__tiktok"": 13, ""candidate__twitter"": 14, ""candidate__youtube"": 15}",PRUNED
1071,2073.1165617297966,2026-09-21 11:38:27.348707,2026-09-21 11:38:27.793100,0 days 00:00:00.444393,4,14,15,2,14,0,15,9,9,14,4,12,11,16,"{""candidate__cinema"": 4, ""candidate__digitaldisplayandsearch"": 14, ""candidate__digitalvideo"": 15, ""candidate__facebook"": 2, ""candidate__instagram"": 14, ""candidate__localtv"": 0, ""candidate__ooh"": 15, ""candidate__opentv"": 9, ""candidate__paytv"": 9, ""candidate__print"": 14, ""candidate__radio"": 4, ""candidate__tiktok"": 12, ""candidate__twitter"": 11, ""candidate__youtube"": 16}",PRUNED
1072,1709.5117245768042,2026-09-21 11:38:27.810659,2026-09-21 11:38:28.527163,0 days 00:00:00.716504,6,13,15,1,14,0,16,8,8,12,5,13,13,14,"{""candidate__cinema"": 6, ""candidate__digitaldisplayandsearch"": 13, ""candidate__digitalvideo"": 15, ""candidate__facebook"": 1, ""candidate__instagram"": 14, ""candidate__localtv"": 0, ""candidate__ooh"": 16, ""candidate__opentv"": 8, ""candidate__paytv"": 8, ""candidate__print"": 12, ""candidate__radio"": 5, ""candidate__tiktok"": 13, ""candidate__twitter"": 13, ""candidate__youtube"": 14}",PRUNED
1073,2059.80296458666,2026-09-21 11:38:28.546747,2026-09-21 11:38:29.011895,0 days 00:00:00.465148,1,15,16,1,10,0,16,4,6,12,5,13,14,15,"{""candidate__cinema"": 1, ""candidate__digitaldisplayandsearch"": 15, ""candidate__digitalvideo"": 16, ""candidate__facebook"": 1, ""candidate__instagram"": 10, ""candidate__localtv"": 0, ""candidate__ooh"": 16, ""candidate__opentv"": 4, ""candidate__paytv"": 6, ""candidate__print"": 12, ""candidate__radio"": 5, ""candidate__tiktok"": 13, ""candidate__twitter"": 14, ""candidate__youtube"": 15}",PRUNED
1074,2073.2843336342626,2026-09-21 11:38:29.030102,2026-09-21 11:38:29.475786,0 days 00:00:00.445684,3,15,15,2,15,0,17,7,9,13,4,14,14,15,"{""candidate__cinema"": 3, ""candidate__digitaldisplayandsearch"": 15, ""candidate__digitalvideo"": 15, ""candidate__facebook"": 2, ""candidate__instagram"": 15, ""candidate__localtv"": 0, ""candidate__ooh"": 17, ""candidate__opentv"": 7, ""candidate__paytv"": 9, ""candidate__print"": 13, ""candidate__radio"": 4, ""candidate__tiktok"": 14, ""candidate__twitter"": 14, ""candidate__youtube"": 15}",PRUNED
1075,2061.276594114799,2026-09-21 11:38:29.493303,2026-09-21 11:38:29.944848,0 days 00:00:00.451545,3,14,15,1,12,0,16,9,10,13,5,15,11,15,"{""candidate__cinema"": 3, ""candidate__digitaldisplayandsearch"": 14, ""candidate__digitalvideo"": 15, ""candidate__facebook"": 1, ""candidate__instagram"": 12, ""candidate__localtv"": 0, ""candidate__ooh"": 16, ""candidate__opentv"": 9, ""candidate__paytv"": 10, ""candidate__print"": 13, ""candidate__radio"": 5, ""candidate__tiktok"": 15, ""candidate__twitter"": 11, ""candidate__youtube"": 15}",PRUNED
1076,1972.1915571470686,2026-09-21 11:38:29.971209,2026-09-21 11:38:30.713677,0 days 00:00:00.742468,4,15,16,1,10,0,17,11,6,10,6,12,13,16,"{""candidate__cinema"": 4, ""candidate__digitaldisplayandsearch"": 15, ""candidate__digitalvideo"": 16, ""candidate__facebook"": 1, ""candidate__instagram"": 10, ""candidate__localtv"": 0, ""candidate__ooh"": 17, ""candidate__opentv"": 11, ""candidate__paytv"": 6, ""candidate__print"": 10, ""candidate__radio"": 6, ""candidate__tiktok"": 12, ""candidate__twitter"": 13, ""candidate__youtube"": 16}",PRUNED
1077,2082.8872399020797,2026-09-21 11:38:30.729497,2026-09-21 11:38:31.092758,0 days 00:00:00.363261,4,16,14,2,10,1,16,11,5,12,4,13,13,15,"{""candidate__cinema"": 4, ""candidate__digitaldisplayandsearch"": 16, ""candidate__digitalvideo"": 14, ""candidate__facebook"": 2, ""candidate__instagram"": 10, ""candidate__localtv"": 1, ""candidate__ooh"": 16, ""candidate__opentv"": 11, ""candidate__paytv"": 5, ""candidate__print"": 12, ""candidate__radio"": 4, ""candidate__tiktok"": 13, ""candidate__twitter"": 13, ""candidate__youtube"": 15}",PRUNED
1078,1705.201965980192,2026-09-21 11:38:31.112995,2026-09-21 11:38:32.210182,0 days 00:00:01.097187,4,15,15,1,10,0,16,11,7,11,5,15,14,15,"{""candidate__cinema"": 4, ""candidate__digitaldisplayandsearch"": 15, ""candidate__digitalvideo"": 15, ""candidate__facebook"": 1, ""candidate__instagram"": 10, ""candidate__localtv"": 0, ""candidate__ooh"": 16, ""candidate__opentv"": 11, ""candidate__paytv"": 7, ""candidate__print"": 11, ""candidate__radio"": 5, ""candidate__tiktok"": 15, ""candidate__twitter"": 14, ""candidate__youtube"": 15}",COMPLETE
1079,2072.950115909233,2026-09-21 11:38:32.231800,2026-09-21 11:38:32.716814,0 days 00:00:00.485014,3,16,15,1,10,1,16,12,8,13,4,10,13,15,"{""candidate__cinema"": 3, ""candidate__digitaldisplayandsearch"": 16, ""candidate__digitalvideo"": 15, ""candidate__facebook"": 1, ""candidate__instagram"": 10, ""candidate__localtv"": 1, ""candidate__ooh"": 16, ""candidate__opentv"": 12, ""candidate__paytv"": 8, ""candidate__print"": 13, ""candidate__radio"": 4, ""candidate__tiktok"": 10, ""candidate__twitter"": 13, ""candidate__youtube"": 15}",PRUNED
1080,2063.64331392859,2026-09-21 11:38:32.737652,2026-09-21 11:38:33.158691,0 days 00:00:00.421039,4,15,16,2,10,0,16,11,6,11,5,16,15,15,"{""candidate__cinema"": 4, ""candidate__digitaldisplayandsearch"": 15, ""candidate__digitalvideo"": 16, ""candidate__facebook"": 2, ""candidate__instagram"": 10, ""candidate__localtv"": 0, ""candidate__ooh"": 16, ""candidate__opentv"": 11, ""candidate__paytv"": 6, ""candidate__print"": 11, ""candidate__radio"": 5, ""candidate__tiktok"": 16, ""candidate__twitter"": 15, ""candidate__youtube"": 15}",PRUNED
1081,1705.6584753859333,2026-09-21 11:38:33.176548,2026-09-21 11:38:33.875851,0 days 00:00:00.699303,8,13,16,1,14,0,16,6,7,13,4,13,14,15,"{""candidate__cinema"": 8, ""candidate__digitaldisplayandsearch"": 13, ""candidate__digitalvideo"": 16, ""candidate__facebook"": 1, ""candidate__instagram"": 14, ""candidate__localtv"": 0, ""candidate__ooh"": 16, ""candidate__opentv"": 6, ""candidate__paytv"": 7, ""candidate__print"": 13, ""candidate__radio"": 4, ""candidate__tiktok"": 13, ""candidate__twitter"": 14, ""candidate__youtube"": 15}",COMPLETE
1082,1706.0005296000556,2026-09-21 11:38:33.896220,2026-09-21 11:38:34.561121,0 days 00:00:00.664901,4,13,15,0,13,0,16,5,8,13,5,14,15,15,"{""candidate__cinema"": 4, ""candidate__digitaldisplayandsearch"": 13, ""candidate__digitalvideo"": 15, ""candidate__facebook"": 0, ""candidate__instagram"": 13, ""candidate__localtv"": 0, ""candidate__ooh"": 16, ""candidate__opentv"": 5, ""candidate__paytv"": 8, ""candidate__print"": 13, ""candidate__radio"": 5, ""candidate__tiktok"": 14, ""candidate__twitter"": 15, ""candidate__youtube"": 15}",COMPLETE
1083,1706.1981461178646,2026-09-21 11:38:34.582908,2026-09-21 11:38:35.274555,0 days 00:00:00.691647,3,14,15,1,10,0,16,11,8,10,6,14,13,15,"{""candidate__cinema"": 3, ""candidate__digitaldisplayandsearch"": 14, ""candidate__digitalvideo"": 15, ""candidate__facebook"": 1, ""candidate__instagram"": 10, ""candidate__localtv"": 0, ""candidate__ooh"": 16, ""candidate__opentv"": 11, ""candidate__paytv"": 8, ""candidate__print"": 10, ""candidate__radio"": 6, ""candidate__tiktok"": 14, ""candidate__twitter"": 13, ""candidate__youtube"": 15}",COMPLETE
1084,1971.1796199236253,2026-09-21 11:38:35.297377,2026-09-21 11:38:35.806304,0 days 00:00:00.508927,4,14,14,0,13,0,16,6,10,13,4,13,15,15,"{""candidate__cinema"": 4, ""candidate__digitaldisplayandsearch"": 14, ""candidate__digitalvideo"": 14, ""candidate__facebook"": 0, ""candidate__instagram"": 13, ""candidate__localtv"": 0, ""candidate__ooh"": 16, ""candidate__opentv"": 6, ""candidate__paytv"": 10, ""candidate__print"": 13, ""candidate__radio"": 4, ""candidate__tiktok"": 13, ""candidate__twitter"": 15, ""candidate__youtube"": 15}",PRUNED
1085,2059.488866060434,2026-09-21 11:38:35.825200,2026-09-21 11:38:36.236552,0 days 00:00:00.411352,4,17,15,1,11,0,16,11,6,11,7,12,14,15,"{""candidate__cinema"": 4, ""candidate__digitaldisplayandsearch"": 17, ""candidate__digitalvideo"": 15, ""candidate__facebook"": 1, ""candidate__instagram"": 11, ""candidate__localtv"": 0, ""candidate__ooh"": 16, ""candidate__opentv"": 11, ""candidate__paytv"": 6, ""candidate__print"": 11, ""candidate__radio"": 7, ""candidate__tiktok"": 12, ""candidate__twitter"": 14, ""candidate__youtube"": 15}",PRUNED
1086,2065.5414151108344,2026-09-21 11:38:36.260797,2026-09-21 11:38:36.760868,0 days 00:00:00.500071,4,14,14,2,12,0,17,5,10,13,4,13,15,14,"{""candidate__cinema"": 4, ""candidate__digitaldisplayandsearch"": 14, ""candidate__digitalvideo"": 14, ""candidate__facebook"": 2, ""candidate__instagram"": 12, ""candidate__localtv"": 0, ""candidate__ooh"": 17, ""candidate__opentv"": 5, ""candidate__paytv"": 10, ""candidate__print"": 13, ""candidate__radio"": 4, ""candidate__tiktok"": 13, ""candidate__twitter"": 15, ""candidate__youtube"": 14}",PRUNED
1087,1705.2798072802818,2026-09-21 11:38:36.782983,2026-09-21 11:38:37.747446,0 days 00:00:00.964463,4,17,16,1,14,0,16,9,13,13,8,13,13,15,"{""candidate__cinema"": 4, ""candidate__digitaldisplayandsearch"": 17, ""candidate__digitalvideo"": 16, ""candidate__facebook"": 1, ""candidate__instagram"": 14, ""candidate__localtv"": 0, ""candidate__ooh"": 16, ""candidate__opentv"": 9, ""candidate__paytv"": 13, ""candidate__print"": 13, ""candidate__radio"": 8, ""candidate__tiktok"": 13, ""candidate__twitter"": 13, ""candidate__youtube"": 15}",COMPLETE
1088,2066.9890048079806,2026-09-21 11:38:37.778205,2026-09-21 11:38:38.175283,0 days 00:00:00.397078,4,15,15,2,12,0,17,7,11,13,6,14,12,15,"{""candidate__cinema"": 4, ""candidate__digitaldisplayandsearch"": 15, ""candidate__digitalvideo"": 15, ""candidate__facebook"": 2, ""candidate__instagram"": 12, ""candidate__localtv"": 0, ""candidate__ooh"": 17, ""candidate__opentv"": 7, ""candidate__paytv"": 11, ""candidate__print"": 13, ""candidate__radio"": 6, ""candidate__tiktok"": 14, ""candidate__twitter"": 12, ""candidate__youtube"": 15}",PRUNED
1089,2067.6721941541496,2026-09-21 11:38:38.193833,2026-09-21 11:38:38.629907,0 days 00:00:00.436074,6,13,16,2,12,0,16,9,9,13,4,13,13,15,"{""candidate__cinema"": 6, ""candidate__digitaldisplayandsearch"": 13, ""candidate__digitalvideo"": 16, ""candidate__facebook"": 2, ""candidate__instagram"": 12, ""candidate__localtv"": 0, ""candidate__ooh"": 16, ""candidate__opentv"": 9, ""candidate__paytv"": 9, ""candidate__print"": 13, ""candidate__radio"": 4, ""candidate__tiktok"": 13, ""candidate__twitter"": 13, ""candidate__youtube"": 15}",PRUNED
1090,1705.996005272982,2026-09-21 11:38:38.654409,2026-09-21 11:38:39.416756,0 days 00:00:00.762347,2,15,16,2,16,0,16,8,8,12,3,13,15,15,"{""candidate__cinema"": 2, ""candidate__digitaldisplayandsearch"": 15, ""candidate__digitalvideo"": 16, ""candidate__facebook"": 2, ""candidate__instagram"": 16, ""candidate__localtv"": 0, ""candidate__ooh"": 16, ""candidate__opentv"": 8, ""candidate__paytv"": 8, ""candidate__print"": 12, ""candidate__radio"": 3, ""candidate__tiktok"": 13, ""candidate__twitter"": 15, ""candidate__youtube"": 15}",COMPLETE
1091,2061.3375375801284,2026-09-21 11:38:39.441108,2026-09-21 11:38:39.870084,0 days 00:00:00.428976,5,15,15,2,10,0,16,11,7,10,6,15,14,15,"{""candidate__cinema"": 5, ""candidate__digitaldisplayandsearch"": 15, ""candidate__digitalvideo"": 15, ""candidate__facebook"": 2, ""candidate__instagram"": 10, ""candidate__localtv"": 0, ""candidate__ooh"": 16, ""candidate__opentv"": 11, ""candidate__paytv"": 7, ""candidate__print"": 10, ""candidate__radio"": 6, ""candidate__tiktok"": 15, ""candidate__twitter"": 14, ""candidate__youtube"": 15}",PRUNED
1092,2059.2798752663302,2026-09-21 11:38:39.891871,2026-09-21 11:38:40.417578,0 days 00:00:00.525707,4,13,17,2,16,0,16,7,10,15,7,12,14,15,"{""candidate__cinema"": 4, ""candidate__digitaldisplayandsearch"": 13, ""candidate__digitalvideo"": 17, ""candidate__facebook"": 2, ""candidate__instagram"": 16, ""candidate__localtv"": 0, ""candidate__ooh"": 16, ""candidate__opentv"": 7, ""candidate__paytv"": 10, ""candidate__print"": 15, ""candidate__radio"": 7, ""candidate__tiktok"": 12, ""candidate__twitter"": 14, ""candidate__youtube"": 15}",PRUNED
1093,2076.7607604285145,2026-09-21 11:38:40.440010,2026-09-21 11:38:40.859321,0 days 00:00:00.419311,6,15,15,1,13,1,17,5,9,13,4,13,14,15,"{""candidate__cinema"": 6, ""candidate__digitaldisplayandsearch"": 15, ""candidate__digitalvideo"": 15, ""candidate__facebook"": 1, ""candidate__instagram"": 13, ""candidate__localtv"": 1, ""candidate__ooh"": 17, ""candidate__opentv"": 5, ""candidate__paytv"": 9, ""candidate__print"": 13, ""candidate__radio"": 4, ""candidate__tiktok"": 13, ""candidate__twitter"": 14, ""candidate__youtube"": 15}",PRUNED
1094,2078.5957211678347,2026-09-21 11:38:40.877594,2026-09-21 11:38:41.316760,0 days 00:00:00.439166,3,16,14,1,9,0,16,11,5,11,6,13,11,14,"{""candidate__cinema"": 3, ""candidate__digitaldisplayandsearch"": 16, ""candidate__digitalvideo"": 14, ""candidate__facebook"": 1, ""candidate__instagram"": 9, ""candidate__localtv"": 0, ""candidate__ooh"": 16, ""candidate__opentv"": 11, ""candidate__paytv"": 5, ""candidate__print"": 11, ""candidate__radio"": 6, ""candidate__tiktok"": 13, ""candidate__twitter"": 11, ""candidate__youtube"": 14}",PRUNED
1095,2072.7571762044654,2026-09-21 11:38:41.339461,2026-09-21 11:38:41.796511,0 days 00:00:00.457050,4,14,17,1,16,1,16,7,9,13,5,13,14,15,"{""candidate__cinema"": 4, ""candidate__digitaldisplayandsearch"": 14, ""candidate__digitalvideo"": 17, ""candidate__facebook"": 1, ""candidate__instagram"": 16, ""candidate__localtv"": 1, ""candidate__ooh"": 16, ""candidate__opentv"": 7, ""candidate__paytv"": 9, ""candidate__print"": 13, ""candidate__radio"": 5, ""candidate__tiktok"": 13, ""candidate__twitter"": 14, ""candidate__youtube"": 15}",PRUNED
1096,2060.169660940758,2026-09-21 11:38:41.814420,2026-09-21 11:38:42.244834,0 days 00:00:00.430414,4,14,14,1,13,0,16,9,10,13,4,13,14,14,"{""candidate__cinema"": 4, ""candidate__digitaldisplayandsearch"": 14, ""candidate__digitalvideo"": 14, ""candidate__facebook"": 1, ""candidate__instagram"": 13, ""candidate__localtv"": 0, ""candidate__ooh"": 16, ""candidate__opentv"": 9, ""candidate__paytv"": 10, ""candidate__print"": 13, ""candidate__radio"": 4, ""candidate__tiktok"": 13, ""candidate__twitter"": 14, ""candidate__youtube"": 14}",PRUNED
1097,1709.8377010307788,2026-09-21 11:38:42.264938,2026-09-21 11:38:43.210015,0 days 00:00:00.945077,3,16,16,1,14,0,16,9,12,13,5,11,13,15,"{""candidate__cinema"": 3, ""candidate__digitaldisplayandsearch"": 16, ""candidate__digitalvideo"": 16, ""candidate__facebook"": 1, ""candidate__instagram"": 14, ""candidate__localtv"": 0, ""candidate__ooh"": 16, ""candidate__opentv"": 9, ""candidate__paytv"": 12, ""candidate__print"": 13, ""candidate__radio"": 5, ""candidate__tiktok"": 11, ""candidate__twitter"": 13, ""candidate__youtube"": 15}",PRUNED
1098,2080.3521793959526,2026-09-21 11:38:43.227292,2026-09-21 11:38:43.660664,0 days 00:00:00.433372,4,16,15,0,10,1,15,11,7,10,6,12,13,16,"{""candidate__cinema"": 4, ""candidate__digitaldisplayandsearch"": 16, ""candidate__digitalvideo"": 15, ""candidate__facebook"": 0, ""candidate__instagram"": 10, ""candidate__localtv"": 1, ""candidate__ooh"": 15, ""candidate__opentv"": 11, ""candidate__paytv"": 7, ""candidate__print"": 10, ""candidate__radio"": 6, ""candidate__tiktok"": 12, ""candidate__twitter"": 13, ""candidate__youtube"": 16}",PRUNED
