number,value,datetime_start,datetime_complete,duration,params_candidate__cinema,params_candidate__digitaldisplayandsearch,params_candidate__digitalvideo,params_candidate__facebook,params_candidate__instagram,params_candidate__localtv,params_candidate__ooh,params_candidate__opentv,params_candidate__paytv,params_candidate__print,params_candidate__radio,params_candidate__tiktok,params_candidate__twitter,params_candidate__youtube,system_attrs_tpe:relative_params:0,state
241,1709.4455278151363,2026-09-21 11:30:51.064820,2026-09-21 11:30:51.500925,0 days 00:00:00.436105,1,16,14,1,8,0,16,9,9,13,4,16,15,16,"{""candidate__cinema"": 1, ""candidate__digitaldisplayandsearch"": 16, ""candidate__digitalvideo"": 14, ""candidate__facebook"": 1, ""candidate__instagram"": 8, ""candidate__localtv"": 0, ""candidate__ooh"": 16, ""candidate__opentv"": 9, ""candidate__paytv"": 9, ""candidate__print"": 13, ""candidate__radio"": 4, ""candidate__tiktok"": 16, ""candidate__twitter"": 15, ""candidate__youtube"": 16}",COMPLETE
242,2077.8379201957932,2026-09-21 11:30:51.514583,2026-09-21 11:30:51.744480,0 days 00:00:00.229897,1,14,16,0,8,1,16,10,7,11,3,12,12,15,"{""candidate__cinema"": 1, ""candidate__digitaldisplayandsearch"": 14, ""candidate__digitalvideo"": 16, ""candidate__facebook"": 0, ""candidate__instagram"": 8, ""candidate__localtv"": 1, ""candidate__ooh"": 16, ""candidate__opentv"": 10, ""candidate__paytv"": 7, ""candidate__print"": 11, ""candidate__radio"": 3, ""candidate__tiktok"": 12, ""candidate__twitter"": 12, ""candidate__youtube"": 15}",PRUNED
243,2088.0834708677994,2026-09-21 11:30:51.756653,2026-09-21 11:30:52.020888,0 days 00:00:00.264235,1,17,17,2,7,1,16,9,10,14,5,13,14,14,"{""candidate__cinema"": 1, ""candidate__digitaldisplayandsearch"": 17, ""candidate__digitalvideo"": 17, ""candidate__facebook"": 2, ""candidate__instagram"": 7, ""candidate__localtv"": 1, ""candidate__ooh"": 16, ""candidate__opentv"": 9, ""candidate__paytv"": 10, ""candidate__print"": 14, ""candidate__radio"": 5, ""candidate__tiktok"": 13, ""candidate__twitter"": 14, ""candidate__youtube"": 14}",PRUNED
244,1711.2730413318025,2026-09-21 11:30:52.031937,2026-09-21 11:30:52.483096,0 days 00:00:00.451159,3,15,15,2,10,0,17,9,11,11,5,13,13,16,"{""candidate__cinema"": 3, ""candidate__digitaldisplayandsearch"": 15, ""candidate__digitalvideo"": 15, ""candidate__facebook"": 2, ""candidate__instagram"": 10, ""candidate__localtv"": 0, ""candidate__ooh"": 17, ""candidate__opentv"": 9, ""candidate__paytv"": 11, ""candidate__print"": 11, ""candidate__radio"": 5, ""candidate__tiktok"": 13, ""candidate__twitter"": 13, ""candidate__youtube"": 16}",COMPLETE
245,1705.4286772803268,2026-09-21 11:30:52.499870,2026-09-21 11:30:52.943186,0 days 00:00:00.443316,2,15,15,1,10,0,16,11,9,13,5,12,14,15,"{""candidate__cinema"": 2, ""candidate__digitaldisplayandsearch"": 15, ""candidate__digitalvideo"": 15, ""candidate__facebook"": 1, ""candidate__instagram"": 10, ""candidate__localtv"": 0, ""candidate__ooh"": 16, ""candidate__opentv"": 11, ""candidate__paytv"": 9, ""candidate__print"": 13, ""candidate__radio"": 5, ""candidate__tiktok"": 12, ""candidate__twitter"": 14, ""candidate__youtube"": 15}",COMPLETE
246,1708.286362817835,2026-09-21 11:30:52.957466,2026-09-21 11:30:53.408745,0 days 00:00:00.451279,0,16,16,1,7,0,16,8,8,10,4,12,13,16,"{""candidate__cinema"": 0, ""candidate__digitaldisplayandsearch"": 16, ""candidate__digitalvideo"": 16, ""candidate__facebook"": 1, ""candidate__instagram"": 7, ""candidate__localtv"": 0, ""candidate__ooh"": 16, ""candidate__opentv"": 8, ""candidate__paytv"": 8, ""candidate__print"": 10, ""candidate__radio"": 4, ""candidate__tiktok"": 12, ""candidate__twitter"": 13, ""candidate__youtube"": 16}",COMPLETE
247,1713.1496492064077,2026-09-21 11:30:53.428649,2026-09-21 11:30:54.151530,0 days 00:00:00.722881,1,14,15,0,8,0,16,9,7,13,4,13,12,17,"{""candidate__cinema"": 1, ""candidate__digitaldisplayandsearch"": 14, ""candidate__digitalvideo"": 15, ""candidate__facebook"": 0, ""candidate__instagram"": 8, ""candidate__localtv"": 0, ""candidate__ooh"": 16, ""candidate__opentv"": 9, ""candidate__paytv"": 7, ""candidate__print"": 13, ""candidate__radio"": 4, ""candidate__tiktok"": 13, ""candidate__twitter"": 12, ""candidate__youtube"": 17}",COMPLETE
248,1710.0386110143756,2026-09-21 11:30:54.165352,2026-09-21 11:30:54.634253,0 days 00:00:00.468901,1,15,15,3,7,0,16,9,7,12,5,13,12,14,"{""candidate__cinema"": 1, ""candidate__digitaldisplayandsearch"": 15, ""candidate__digitalvideo"": 15, ""candidate__facebook"": 3, ""candidate__instagram"": 7, ""candidate__localtv"": 0, ""candidate__ooh"": 16, ""candidate__opentv"": 9, ""candidate__paytv"": 7, ""candidate__print"": 12, ""candidate__radio"": 5, ""candidate__tiktok"": 13, ""candidate__twitter"": 12, ""candidate__youtube"": 14}",COMPLETE
249,1709.2927740050316,2026-09-21 11:30:54.647514,2026-09-21 11:30:55.100764,0 days 00:00:00.453250,0,15,14,3,7,0,16,9,7,13,6,13,14,15,"{""candidate__cinema"": 0, ""candidate__digitaldisplayandsearch"": 15, ""candidate__digitalvideo"": 14, ""candidate__facebook"": 3, ""candidate__instagram"": 7, ""candidate__localtv"": 0, ""candidate__ooh"": 16, ""candidate__opentv"": 9, ""candidate__paytv"": 7, ""candidate__print"": 13, ""candidate__radio"": 6, ""candidate__tiktok"": 13, ""candidate__twitter"": 14, ""candidate__youtube"": 15}",COMPLETE
250,2082.5901582574234,2026-09-21 11:30:55.114392,2026-09-21 11:30:55.361227,0 days 00:00:00.246835,2,14,16,0,9,1,16,9,8,13,5,12,14,16,"{""candidate__cinema"": 2, ""candidate__digitaldisplayandsearch"": 14, ""candidate__digitalvideo"": 16, ""candidate__facebook"": 0, ""candidate__instagram"": 9, ""candidate__localtv"": 1, ""candidate__ooh"": 16, ""candidate__opentv"": 9, ""candidate__paytv"": 8, ""candidate__print"": 13, ""candidate__radio"": 5, ""candidate__tiktok"": 12, ""candidate__twitter"": 14, ""candidate__youtube"": 16}",PRUNED
251,2081.091917340603,2026-09-21 11:30:55.372153,2026-09-21 11:30:55.621031,0 days 00:00:00.248878,0,16,16,0,8,0,15,9,9,11,4,12,13,17,"{""candidate__cinema"": 0, ""candidate__digitaldisplayandsearch"": 16, ""candidate__digitalvideo"": 16, ""candidate__facebook"": 0, ""candidate__instagram"": 8, ""candidate__localtv"": 0, ""candidate__ooh"": 15, ""candidate__opentv"": 9, ""candidate__paytv"": 9, ""candidate__print"": 11, ""candidate__radio"": 4, ""candidate__tiktok"": 12, ""candidate__twitter"": 13, ""candidate__youtube"": 17}",PRUNED
252,1705.4286772803268,2026-09-21 11:30:55.632483,2026-09-21 11:30:56.073391,0 days 00:00:00.440908,2,15,15,1,10,0,16,11,9,14,5,12,15,15,"{""candidate__cinema"": 2, ""candidate__digitaldisplayandsearch"": 15, ""candidate__digitalvideo"": 15, ""candidate__facebook"": 1, ""candidate__instagram"": 10, ""candidate__localtv"": 0, ""candidate__ooh"": 16, ""candidate__opentv"": 11, ""candidate__paytv"": 9, ""candidate__print"": 14, ""candidate__radio"": 5, ""candidate__tiktok"": 12, ""candidate__twitter"": 15, ""candidate__youtube"": 15}",COMPLETE
253,1711.27154962778,2026-09-21 11:30:56.086744,2026-09-21 11:30:56.550515,0 days 00:00:00.463771,1,15,16,1,7,0,17,9,8,11,2,12,13,16,"{""candidate__cinema"": 1, ""candidate__digitaldisplayandsearch"": 15, ""candidate__digitalvideo"": 16, ""candidate__facebook"": 1, ""candidate__instagram"": 7, ""candidate__localtv"": 0, ""candidate__ooh"": 17, ""candidate__opentv"": 9, ""candidate__paytv"": 8, ""candidate__print"": 11, ""candidate__radio"": 2, ""candidate__tiktok"": 12, ""candidate__twitter"": 13, ""candidate__youtube"": 16}",COMPLETE
254,2077.8803821386464,2026-09-21 11:30:56.564200,2026-09-21 11:30:56.842909,0 days 00:00:00.278709,1,15,15,1,7,0,15,9,9,13,3,12,12,16,"{""candidate__cinema"": 1, ""candidate__digitaldisplayandsearch"": 15, ""candidate__digitalvideo"": 15, ""candidate__facebook"": 1, ""candidate__instagram"": 7, ""candidate__localtv"": 0, ""candidate__ooh"": 15, ""candidate__opentv"": 9, ""candidate__paytv"": 9, ""candidate__print"": 13, ""candidate__radio"": 3, ""candidate__tiktok"": 12, ""candidate__twitter"": 12, ""candidate__youtube"": 16}",PRUNED
255,2080.7919245432677,2026-09-21 11:30:56.855974,2026-09-21 11:30:57.086819,0 days 00:00:00.230845,0,15,15,2,9,0,16,10,10,14,4,15,14,14,"{""candidate__cinema"": 0, ""candidate__digitaldisplayandsearch"": 15, ""candidate__digitalvideo"": 15, ""candidate__facebook"": 2, ""candidate__instagram"": 9, ""candidate__localtv"": 0, ""candidate__ooh"": 16, ""candidate__opentv"": 10, ""candidate__paytv"": 10, ""candidate__print"": 14, ""candidate__radio"": 4, ""candidate__tiktok"": 15, ""candidate__twitter"": 14, ""candidate__youtube"": 14}",PRUNED
256,1707.4879211037098,2026-09-21 11:30:57.097597,2026-09-21 11:30:57.627334,0 days 00:00:00.529737,2,15,15,2,8,0,16,9,13,12,4,14,13,15,"{""candidate__cinema"": 2, ""candidate__digitaldisplayandsearch"": 15, ""candidate__digitalvideo"": 15, ""candidate__facebook"": 2, ""candidate__instagram"": 8, ""candidate__localtv"": 0, ""candidate__ooh"": 16, ""candidate__opentv"": 9, ""candidate__paytv"": 13, ""candidate__print"": 12, ""candidate__radio"": 4, ""candidate__tiktok"": 14, ""candidate__twitter"": 13, ""candidate__youtube"": 15}",COMPLETE
257,1712.517413265169,2026-09-21 11:30:57.641041,2026-09-21 11:30:58.192954,0 days 00:00:00.551913,2,16,15,1,10,0,16,12,8,13,5,12,14,14,"{""candidate__cinema"": 2, ""candidate__digitaldisplayandsearch"": 16, ""candidate__digitalvideo"": 15, ""candidate__facebook"": 1, ""candidate__instagram"": 10, ""candidate__localtv"": 0, ""candidate__ooh"": 16, ""candidate__opentv"": 12, ""candidate__paytv"": 8, ""candidate__print"": 13, ""candidate__radio"": 5, ""candidate__tiktok"": 12, ""candidate__twitter"": 14, ""candidate__youtube"": 14}",COMPLETE
258,1714.244903704366,2026-09-21 11:30:58.206366,2026-09-21 11:30:58.681426,0 days 00:00:00.475060,2,13,15,1,10,0,16,11,8,15,4,14,14,17,"{""candidate__cinema"": 2, ""candidate__digitaldisplayandsearch"": 13, ""candidate__digitalvideo"": 15, ""candidate__facebook"": 1, ""candidate__instagram"": 10, ""candidate__localtv"": 0, ""candidate__ooh"": 16, ""candidate__opentv"": 11, ""candidate__paytv"": 8, ""candidate__print"": 15, ""candidate__radio"": 4, ""candidate__tiktok"": 14, ""candidate__twitter"": 14, ""candidate__youtube"": 17}",COMPLETE
259,2092.504650510199,2026-09-21 11:30:58.696082,2026-09-21 11:30:58.982431,0 days 00:00:00.286349,1,15,15,0,9,0,15,9,9,12,2,14,15,15,"{""candidate__cinema"": 1, ""candidate__digitaldisplayandsearch"": 15, ""candidate__digitalvideo"": 15, ""candidate__facebook"": 0, ""candidate__instagram"": 9, ""candidate__localtv"": 0, ""candidate__ooh"": 15, ""candidate__opentv"": 9, ""candidate__paytv"": 9, ""candidate__print"": 12, ""candidate__radio"": 2, ""candidate__tiktok"": 14, ""candidate__twitter"": 15, ""candidate__youtube"": 15}",PRUNED
260,2080.1751079972146,2026-09-21 11:30:58.994765,2026-09-21 11:30:59.266903,0 days 00:00:00.272138,0,15,16,1,7,0,15,7,8,10,3,11,13,16,"{""candidate__cinema"": 0, ""candidate__digitaldisplayandsearch"": 15, ""candidate__digitalvideo"": 16, ""candidate__facebook"": 1, ""candidate__instagram"": 7, ""candidate__localtv"": 0, ""candidate__ooh"": 15, ""candidate__opentv"": 7, ""candidate__paytv"": 8, ""candidate__print"": 10, ""candidate__radio"": 3, ""candidate__tiktok"": 11, ""candidate__twitter"": 13, ""candidate__youtube"": 16}",PRUNED
261,1713.0069442816086,2026-09-21 11:30:59.280287,2026-09-21 11:30:59.811021,0 days 00:00:00.530734,1,15,14,0,7,0,17,9,9,11,5,13,15,16,"{""candidate__cinema"": 1, ""candidate__digitaldisplayandsearch"": 15, ""candidate__digitalvideo"": 14, ""candidate__facebook"": 0, ""candidate__instagram"": 7, ""candidate__localtv"": 0, ""candidate__ooh"": 17, ""candidate__opentv"": 9, ""candidate__paytv"": 9, ""candidate__print"": 11, ""candidate__radio"": 5, ""candidate__tiktok"": 13, ""candidate__twitter"": 15, ""candidate__youtube"": 16}",COMPLETE
262,1709.0132245836685,2026-09-21 11:30:59.825757,2026-09-21 11:31:00.463805,0 days 00:00:00.638048,1,16,15,1,8,0,17,8,9,12,4,12,12,15,"{""candidate__cinema"": 1, ""candidate__digitaldisplayandsearch"": 16, ""candidate__digitalvideo"": 15, ""candidate__facebook"": 1, ""candidate__instagram"": 8, ""candidate__localtv"": 0, ""candidate__ooh"": 17, ""candidate__opentv"": 8, ""candidate__paytv"": 9, ""candidate__print"": 12, ""candidate__radio"": 4, ""candidate__tiktok"": 12, ""candidate__twitter"": 12, ""candidate__youtube"": 15}",COMPLETE
263,2071.6324226233346,2026-09-21 11:31:00.478865,2026-09-21 11:31:00.749934,0 days 00:00:00.271069,2,14,14,0,8,1,16,8,7,13,5,14,14,16,"{""candidate__cinema"": 2, ""candidate__digitaldisplayandsearch"": 14, ""candidate__digitalvideo"": 14, ""candidate__facebook"": 0, ""candidate__instagram"": 8, ""candidate__localtv"": 1, ""candidate__ooh"": 16, ""candidate__opentv"": 8, ""candidate__paytv"": 7, ""candidate__print"": 13, ""candidate__radio"": 5, ""candidate__tiktok"": 14, ""candidate__twitter"": 14, ""candidate__youtube"": 16}",PRUNED
264,2071.333643271775,2026-09-21 11:31:00.762909,2026-09-21 11:31:01.028276,0 days 00:00:00.265367,1,14,15,1,10,1,16,11,9,14,5,11,15,14,"{""candidate__cinema"": 1, ""candidate__digitaldisplayandsearch"": 14, ""candidate__digitalvideo"": 15, ""candidate__facebook"": 1, ""candidate__instagram"": 10, ""candidate__localtv"": 1, ""candidate__ooh"": 16, ""candidate__opentv"": 11, ""candidate__paytv"": 9, ""candidate__print"": 14, ""candidate__radio"": 5, ""candidate__tiktok"": 11, ""candidate__twitter"": 15, ""candidate__youtube"": 14}",PRUNED
265,1705.7809024523824,2026-09-21 11:31:01.040067,2026-09-21 11:31:01.589619,0 days 00:00:00.549552,4,15,16,1,10,0,16,11,9,14,5,13,15,15,"{""candidate__cinema"": 4, ""candidate__digitaldisplayandsearch"": 15, ""candidate__digitalvideo"": 16, ""candidate__facebook"": 1, ""candidate__instagram"": 10, ""candidate__localtv"": 0, ""candidate__ooh"": 16, ""candidate__opentv"": 11, ""candidate__paytv"": 9, ""candidate__print"": 14, ""candidate__radio"": 5, ""candidate__tiktok"": 13, ""candidate__twitter"": 15, ""candidate__youtube"": 15}",COMPLETE
266,2072.495228174822,2026-09-21 11:31:01.604548,2026-09-21 11:31:01.888274,0 days 00:00:00.283726,1,15,15,0,8,0,15,9,9,12,2,16,15,16,"{""candidate__cinema"": 1, ""candidate__digitaldisplayandsearch"": 15, ""candidate__digitalvideo"": 15, ""candidate__facebook"": 0, ""candidate__instagram"": 8, ""candidate__localtv"": 0, ""candidate__ooh"": 15, ""candidate__opentv"": 9, ""candidate__paytv"": 9, ""candidate__print"": 12, ""candidate__radio"": 2, ""candidate__tiktok"": 16, ""candidate__twitter"": 15, ""candidate__youtube"": 16}",PRUNED
267,1706.9727435230536,2026-09-21 11:31:01.903106,2026-09-21 11:31:02.553186,0 days 00:00:00.650080,1,14,16,2,10,0,16,11,10,13,5,13,15,15,"{""candidate__cinema"": 1, ""candidate__digitaldisplayandsearch"": 14, ""candidate__digitalvideo"": 16, ""candidate__facebook"": 2, ""candidate__instagram"": 10, ""candidate__localtv"": 0, ""candidate__ooh"": 16, ""candidate__opentv"": 11, ""candidate__paytv"": 10, ""candidate__print"": 13, ""candidate__radio"": 5, ""candidate__tiktok"": 13, ""candidate__twitter"": 15, ""candidate__youtube"": 15}",COMPLETE
268,1709.2464250156117,2026-09-21 11:31:02.568244,2026-09-21 11:31:03.144873,0 days 00:00:00.576629,2,15,14,0,10,0,16,10,9,13,6,13,13,15,"{""candidate__cinema"": 2, ""candidate__digitaldisplayandsearch"": 15, ""candidate__digitalvideo"": 14, ""candidate__facebook"": 0, ""candidate__instagram"": 10, ""candidate__localtv"": 0, ""candidate__ooh"": 16, ""candidate__opentv"": 10, ""candidate__paytv"": 9, ""candidate__print"": 13, ""candidate__radio"": 6, ""candidate__tiktok"": 13, ""candidate__twitter"": 13, ""candidate__youtube"": 15}",COMPLETE
269,1706.7165287428722,2026-09-21 11:31:03.157898,2026-09-21 11:31:03.944711,0 days 00:00:00.786813,1,15,15,2,8,0,16,9,10,13,3,15,15,15,"{""candidate__cinema"": 1, ""candidate__digitaldisplayandsearch"": 15, ""candidate__digitalvideo"": 15, ""candidate__facebook"": 2, ""candidate__instagram"": 8, ""candidate__localtv"": 0, ""candidate__ooh"": 16, ""candidate__opentv"": 9, ""candidate__paytv"": 10, ""candidate__print"": 13, ""candidate__radio"": 3, ""candidate__tiktok"": 15, ""candidate__twitter"": 15, ""candidate__youtube"": 15}",COMPLETE
270,1977.8763872946315,2026-09-21 11:31:03.961810,2026-09-21 11:31:04.386753,0 days 00:00:00.424943,3,15,17,0,10,0,17,11,9,14,6,13,15,15,"{""candidate__cinema"": 3, ""candidate__digitaldisplayandsearch"": 15, ""candidate__digitalvideo"": 17, ""candidate__facebook"": 0, ""candidate__instagram"": 10, ""candidate__localtv"": 0, ""candidate__ooh"": 17, ""candidate__opentv"": 11, ""candidate__paytv"": 9, ""candidate__print"": 14, ""candidate__radio"": 6, ""candidate__tiktok"": 13, ""candidate__twitter"": 15, ""candidate__youtube"": 15}",PRUNED
271,2084.353737817319,2026-09-21 11:31:04.398574,2026-09-21 11:31:04.718208,0 days 00:00:00.319634,2,16,15,2,7,1,16,9,7,12,5,13,14,15,"{""candidate__cinema"": 2, ""candidate__digitaldisplayandsearch"": 16, ""candidate__digitalvideo"": 15, ""candidate__facebook"": 2, ""candidate__instagram"": 7, ""candidate__localtv"": 1, ""candidate__ooh"": 16, ""candidate__opentv"": 9, ""candidate__paytv"": 7, ""candidate__print"": 12, ""candidate__radio"": 5, ""candidate__tiktok"": 13, ""candidate__twitter"": 14, ""candidate__youtube"": 15}",PRUNED
272,1712.9463145573363,2026-09-21 11:31:04.730656,2026-09-21 11:31:05.223742,0 days 00:00:00.493086,1,15,15,1,7,1,16,9,7,12,3,12,12,16,"{""candidate__cinema"": 1, ""candidate__digitaldisplayandsearch"": 15, ""candidate__digitalvideo"": 15, ""candidate__facebook"": 1, ""candidate__instagram"": 7, ""candidate__localtv"": 1, ""candidate__ooh"": 16, ""candidate__opentv"": 9, ""candidate__paytv"": 7, ""candidate__print"": 12, ""candidate__radio"": 3, ""candidate__tiktok"": 12, ""candidate__twitter"": 12, ""candidate__youtube"": 16}",COMPLETE
273,2073.489664161522,2026-09-21 11:31:05.236533,2026-09-21 11:31:05.510754,0 days 00:00:00.274221,0,14,15,0,8,1,17,9,10,12,3,14,15,17,"{""candidate__cinema"": 0, ""candidate__digitaldisplayandsearch"": 14, ""candidate__digitalvideo"": 15, ""candidate__facebook"": 0, ""candidate__instagram"": 8, ""candidate__localtv"": 1, ""candidate__ooh"": 17, ""candidate__opentv"": 9, ""candidate__paytv"": 10, ""candidate__print"": 12, ""candidate__radio"": 3, ""candidate__tiktok"": 14, ""candidate__twitter"": 15, ""candidate__youtube"": 17}",PRUNED
274,1711.1629134827933,2026-09-21 11:31:05.522896,2026-09-21 11:31:06.130642,0 days 00:00:00.607746,1,16,15,2,7,0,16,9,7,12,5,11,13,15,"{""candidate__cinema"": 1, ""candidate__digitaldisplayandsearch"": 16, ""candidate__digitalvideo"": 15, ""candidate__facebook"": 2, ""candidate__instagram"": 7, ""candidate__localtv"": 0, ""candidate__ooh"": 16, ""candidate__opentv"": 9, ""candidate__paytv"": 7, ""candidate__print"": 12, ""candidate__radio"": 5, ""candidate__tiktok"": 11, ""candidate__twitter"": 13, ""candidate__youtube"": 15}",COMPLETE
275,1710.9695100777772,2026-09-21 11:31:06.145850,2026-09-21 11:31:06.796132,0 days 00:00:00.650282,1,13,16,1,10,0,16,11,10,13,5,13,15,14,"{""candidate__cinema"": 1, ""candidate__digitaldisplayandsearch"": 13, ""candidate__digitalvideo"": 16, ""candidate__facebook"": 1, ""candidate__instagram"": 10, ""candidate__localtv"": 0, ""candidate__ooh"": 16, ""candidate__opentv"": 11, ""candidate__paytv"": 10, ""candidate__print"": 13, ""candidate__radio"": 5, ""candidate__tiktok"": 13, ""candidate__twitter"": 15, ""candidate__youtube"": 14}",COMPLETE
276,1708.788139478649,2026-09-21 11:31:06.809015,2026-09-21 11:31:07.470847,0 days 00:00:00.661832,0,15,15,1,10,0,16,10,10,14,5,14,14,16,"{""candidate__cinema"": 0, ""candidate__digitaldisplayandsearch"": 15, ""candidate__digitalvideo"": 15, ""candidate__facebook"": 1, ""candidate__instagram"": 10, ""candidate__localtv"": 0, ""candidate__ooh"": 16, ""candidate__opentv"": 10, ""candidate__paytv"": 10, ""candidate__print"": 14, ""candidate__radio"": 5, ""candidate__tiktok"": 14, ""candidate__twitter"": 14, ""candidate__youtube"": 16}",COMPLETE
277,1709.0212236968448,2026-09-21 11:31:07.484835,2026-09-21 11:31:08.135600,0 days 00:00:00.650765,2,16,15,1,6,0,16,9,9,12,3,16,15,16,"{""candidate__cinema"": 2, ""candidate__digitaldisplayandsearch"": 16, ""candidate__digitalvideo"": 15, ""candidate__facebook"": 1, ""candidate__instagram"": 6, ""candidate__localtv"": 0, ""candidate__ooh"": 16, ""candidate__opentv"": 9, ""candidate__paytv"": 9, ""candidate__print"": 12, ""candidate__radio"": 3, ""candidate__tiktok"": 16, ""candidate__twitter"": 15, ""candidate__youtube"": 16}",COMPLETE
278,1707.6026879735552,2026-09-21 11:31:08.148497,2026-09-21 11:31:08.903364,0 days 00:00:00.754867,2,15,16,2,8,0,16,9,9,15,6,12,13,15,"{""candidate__cinema"": 2, ""candidate__digitaldisplayandsearch"": 15, ""candidate__digitalvideo"": 16, ""candidate__facebook"": 2, ""candidate__instagram"": 8, ""candidate__localtv"": 0, ""candidate__ooh"": 16, ""candidate__opentv"": 9, ""candidate__paytv"": 9, ""candidate__print"": 15, ""candidate__radio"": 6, ""candidate__tiktok"": 12, ""candidate__twitter"": 13, ""candidate__youtube"": 15}",COMPLETE
279,2084.717723148524,2026-09-21 11:31:08.917607,2026-09-21 11:31:09.138229,0 days 00:00:00.220622,2,16,16,2,8,1,16,9,10,16,6,12,13,15,"{""candidate__cinema"": 2, ""candidate__digitaldisplayandsearch"": 16, ""candidate__digitalvideo"": 16, ""candidate__facebook"": 2, ""candidate__instagram"": 8, ""candidate__localtv"": 1, ""candidate__ooh"": 16, ""candidate__opentv"": 9, ""candidate__paytv"": 10, ""candidate__print"": 16, ""candidate__radio"": 6, ""candidate__tiktok"": 12, ""candidate__twitter"": 13, ""candidate__youtube"": 15}",PRUNED
