number,value,datetime_start,datetime_complete,duration,params_candidate__cinema,params_candidate__digitaldisplayandsearch,params_candidate__digitalvideo,params_candidate__facebook,params_candidate__instagram,params_candidate__localtv,params_candidate__ooh,params_candidate__opentv,params_candidate__paytv,params_candidate__print,params_candidate__radio,params_candidate__tiktok,params_candidate__twitter,params_candidate__youtube,system_attrs_tpe:relative_params:0,state
124,2120.8422535799073,2026-09-21 11:29:58.682922,2026-09-21 11:29:58.923278,0 days 00:00:00.240356,4,16,12,7,9,7,15,6,17,12,6,15,12,15,"{""candidate__cinema"": 4, ""candidate__digitaldisplayandsearch"": 16, ""candidate__digitalvideo"": 12, ""candidate__facebook"": 7, ""candidate__instagram"": 9, ""candidate__localtv"": 7, ""candidate__ooh"": 15, ""candidate__opentv"": 6, ""candidate__paytv"": 17, ""candidate__print"": 12, ""candidate__radio"": 6, ""candidate__tiktok"": 15, ""candidate__twitter"": 12, ""candidate__youtube"": 15}",PRUNED
125,1715.8154979415576,2026-09-21 11:29:58.935003,2026-09-21 11:29:59.363316,0 days 00:00:00.428313,2,17,16,0,9,1,16,10,9,15,3,12,15,16,"{""candidate__cinema"": 2, ""candidate__digitaldisplayandsearch"": 17, ""candidate__digitalvideo"": 16, ""candidate__facebook"": 0, ""candidate__instagram"": 9, ""candidate__localtv"": 1, ""candidate__ooh"": 16, ""candidate__opentv"": 10, ""candidate__paytv"": 9, ""candidate__print"": 15, ""candidate__radio"": 3, ""candidate__tiktok"": 12, ""candidate__twitter"": 15, ""candidate__youtube"": 16}",COMPLETE
126,2097.3614268774945,2026-09-21 11:29:59.375787,2026-09-21 11:29:59.605362,0 days 00:00:00.229575,3,14,16,1,10,1,15,11,10,12,4,13,14,15,"{""candidate__cinema"": 3, ""candidate__digitaldisplayandsearch"": 14, ""candidate__digitalvideo"": 16, ""candidate__facebook"": 1, ""candidate__instagram"": 10, ""candidate__localtv"": 1, ""candidate__ooh"": 15, ""candidate__opentv"": 11, ""candidate__paytv"": 10, ""candidate__print"": 12, ""candidate__radio"": 4, ""candidate__tiktok"": 13, ""candidate__twitter"": 14, ""candidate__youtube"": 15}",PRUNED
127,1712.52143006984,2026-09-21 11:29:59.619455,2026-09-21 11:30:00.073765,0 days 00:00:00.454310,2,14,16,1,8,0,17,10,7,15,3,12,15,16,"{""candidate__cinema"": 2, ""candidate__digitaldisplayandsearch"": 14, ""candidate__digitalvideo"": 16, ""candidate__facebook"": 1, ""candidate__instagram"": 8, ""candidate__localtv"": 0, ""candidate__ooh"": 17, ""candidate__opentv"": 10, ""candidate__paytv"": 7, ""candidate__print"": 15, ""candidate__radio"": 3, ""candidate__tiktok"": 12, ""candidate__twitter"": 15, ""candidate__youtube"": 16}",COMPLETE
128,1711.5773797106751,2026-09-21 11:30:00.086120,2026-09-21 11:30:00.525395,0 days 00:00:00.439275,1,15,16,2,8,0,17,10,8,14,4,12,14,15,"{""candidate__cinema"": 1, ""candidate__digitaldisplayandsearch"": 15, ""candidate__digitalvideo"": 16, ""candidate__facebook"": 2, ""candidate__instagram"": 8, ""candidate__localtv"": 0, ""candidate__ooh"": 17, ""candidate__opentv"": 10, ""candidate__paytv"": 8, ""candidate__print"": 14, ""candidate__radio"": 4, ""candidate__tiktok"": 12, ""candidate__twitter"": 14, ""candidate__youtube"": 15}",COMPLETE
129,1717.3670064422433,2026-09-21 11:30:00.539117,2026-09-21 11:30:00.989977,0 days 00:00:00.450860,0,15,15,1,6,1,17,10,8,10,3,14,15,16,"{""candidate__cinema"": 0, ""candidate__digitaldisplayandsearch"": 15, ""candidate__digitalvideo"": 15, ""candidate__facebook"": 1, ""candidate__instagram"": 6, ""candidate__localtv"": 1, ""candidate__ooh"": 17, ""candidate__opentv"": 10, ""candidate__paytv"": 8, ""candidate__print"": 10, ""candidate__radio"": 3, ""candidate__tiktok"": 14, ""candidate__twitter"": 15, ""candidate__youtube"": 16}",COMPLETE
130,1990.766517349015,2026-09-21 11:30:01.002687,2026-09-21 11:30:01.367120,0 days 00:00:00.364433,1,16,15,0,6,2,17,9,9,13,4,14,14,17,"{""candidate__cinema"": 1, ""candidate__digitaldisplayandsearch"": 16, ""candidate__digitalvideo"": 15, ""candidate__facebook"": 0, ""candidate__instagram"": 6, ""candidate__localtv"": 2, ""candidate__ooh"": 17, ""candidate__opentv"": 9, ""candidate__paytv"": 9, ""candidate__print"": 13, ""candidate__radio"": 4, ""candidate__tiktok"": 14, ""candidate__twitter"": 14, ""candidate__youtube"": 17}",PRUNED
131,1718.6073694616673,2026-09-21 11:30:01.379217,2026-09-21 11:30:02.136966,0 days 00:00:00.757749,0,16,13,0,8,1,17,11,8,14,5,14,14,16,"{""candidate__cinema"": 0, ""candidate__digitaldisplayandsearch"": 16, ""candidate__digitalvideo"": 13, ""candidate__facebook"": 0, ""candidate__instagram"": 8, ""candidate__localtv"": 1, ""candidate__ooh"": 17, ""candidate__opentv"": 11, ""candidate__paytv"": 8, ""candidate__print"": 14, ""candidate__radio"": 5, ""candidate__tiktok"": 14, ""candidate__twitter"": 14, ""candidate__youtube"": 16}",COMPLETE
132,1714.041510384277,2026-09-21 11:30:02.151754,2026-09-21 11:30:02.649346,0 days 00:00:00.497592,2,14,16,1,8,1,16,10,7,15,3,13,15,16,"{""candidate__cinema"": 2, ""candidate__digitaldisplayandsearch"": 14, ""candidate__digitalvideo"": 16, ""candidate__facebook"": 1, ""candidate__instagram"": 8, ""candidate__localtv"": 1, ""candidate__ooh"": 16, ""candidate__opentv"": 10, ""candidate__paytv"": 7, ""candidate__print"": 15, ""candidate__radio"": 3, ""candidate__tiktok"": 13, ""candidate__twitter"": 15, ""candidate__youtube"": 16}",COMPLETE
133,2097.285066694125,2026-09-21 11:30:02.665076,2026-09-21 11:30:02.921878,0 days 00:00:00.256802,0,15,16,2,9,1,17,11,8,14,5,13,14,14,"{""candidate__cinema"": 0, ""candidate__digitaldisplayandsearch"": 15, ""candidate__digitalvideo"": 16, ""candidate__facebook"": 2, ""candidate__instagram"": 9, ""candidate__localtv"": 1, ""candidate__ooh"": 17, ""candidate__opentv"": 11, ""candidate__paytv"": 8, ""candidate__print"": 14, ""candidate__radio"": 5, ""candidate__tiktok"": 13, ""candidate__twitter"": 14, ""candidate__youtube"": 14}",PRUNED
134,1721.2932827376733,2026-09-21 11:30:02.935984,2026-09-21 11:30:03.418435,0 days 00:00:00.482451,3,15,15,1,8,1,17,11,6,16,2,13,15,17,"{""candidate__cinema"": 3, ""candidate__digitaldisplayandsearch"": 15, ""candidate__digitalvideo"": 15, ""candidate__facebook"": 1, ""candidate__instagram"": 8, ""candidate__localtv"": 1, ""candidate__ooh"": 17, ""candidate__opentv"": 11, ""candidate__paytv"": 6, ""candidate__print"": 16, ""candidate__radio"": 2, ""candidate__tiktok"": 13, ""candidate__twitter"": 15, ""candidate__youtube"": 17}",PRUNED
135,1712.4545198797039,2026-09-21 11:30:03.431049,2026-09-21 11:30:03.916793,0 days 00:00:00.485744,3,13,15,0,9,0,17,12,7,15,4,12,13,16,"{""candidate__cinema"": 3, ""candidate__digitaldisplayandsearch"": 13, ""candidate__digitalvideo"": 15, ""candidate__facebook"": 0, ""candidate__instagram"": 9, ""candidate__localtv"": 0, ""candidate__ooh"": 17, ""candidate__opentv"": 12, ""candidate__paytv"": 7, ""candidate__print"": 15, ""candidate__radio"": 4, ""candidate__tiktok"": 12, ""candidate__twitter"": 13, ""candidate__youtube"": 16}",COMPLETE
136,1706.8064777062689,2026-09-21 11:30:03.931568,2026-09-21 11:30:04.401559,0 days 00:00:00.469991,3,13,15,1,10,0,16,11,8,14,2,12,14,16,"{""candidate__cinema"": 3, ""candidate__digitaldisplayandsearch"": 13, ""candidate__digitalvideo"": 15, ""candidate__facebook"": 1, ""candidate__instagram"": 10, ""candidate__localtv"": 0, ""candidate__ooh"": 16, ""candidate__opentv"": 11, ""candidate__paytv"": 8, ""candidate__print"": 14, ""candidate__radio"": 2, ""candidate__tiktok"": 12, ""candidate__twitter"": 14, ""candidate__youtube"": 16}",COMPLETE
137,2097.7650909895265,2026-09-21 11:30:04.416120,2026-09-21 11:30:04.654953,0 days 00:00:00.238833,4,13,14,0,9,0,15,12,7,15,4,11,13,17,"{""candidate__cinema"": 4, ""candidate__digitaldisplayandsearch"": 13, ""candidate__digitalvideo"": 14, ""candidate__facebook"": 0, ""candidate__instagram"": 9, ""candidate__localtv"": 0, ""candidate__ooh"": 15, ""candidate__opentv"": 12, ""candidate__paytv"": 7, ""candidate__print"": 15, ""candidate__radio"": 4, ""candidate__tiktok"": 11, ""candidate__twitter"": 13, ""candidate__youtube"": 17}",PRUNED
138,2097.3487219285103,2026-09-21 11:30:04.668119,2026-09-21 11:30:04.958843,0 days 00:00:00.290724,3,14,15,2,9,1,16,11,11,13,5,13,15,15,"{""candidate__cinema"": 3, ""candidate__digitaldisplayandsearch"": 14, ""candidate__digitalvideo"": 15, ""candidate__facebook"": 2, ""candidate__instagram"": 9, ""candidate__localtv"": 1, ""candidate__ooh"": 16, ""candidate__opentv"": 11, ""candidate__paytv"": 11, ""candidate__print"": 13, ""candidate__radio"": 5, ""candidate__tiktok"": 13, ""candidate__twitter"": 15, ""candidate__youtube"": 15}",PRUNED
139,1715.7526990060942,2026-09-21 11:30:04.972322,2026-09-21 11:30:05.487173,0 days 00:00:00.514851,2,17,17,2,8,0,16,10,8,14,4,13,14,14,"{""candidate__cinema"": 2, ""candidate__digitaldisplayandsearch"": 17, ""candidate__digitalvideo"": 17, ""candidate__facebook"": 2, ""candidate__instagram"": 8, ""candidate__localtv"": 0, ""candidate__ooh"": 16, ""candidate__opentv"": 10, ""candidate__paytv"": 8, ""candidate__print"": 14, ""candidate__radio"": 4, ""candidate__tiktok"": 13, ""candidate__twitter"": 14, ""candidate__youtube"": 14}",COMPLETE
140,2092.6194944237,2026-09-21 11:30:05.499615,2026-09-21 11:30:05.757819,0 days 00:00:00.258204,3,14,15,0,9,0,15,11,8,14,4,12,13,15,"{""candidate__cinema"": 3, ""candidate__digitaldisplayandsearch"": 14, ""candidate__digitalvideo"": 15, ""candidate__facebook"": 0, ""candidate__instagram"": 9, ""candidate__localtv"": 0, ""candidate__ooh"": 15, ""candidate__opentv"": 11, ""candidate__paytv"": 8, ""candidate__print"": 14, ""candidate__radio"": 4, ""candidate__tiktok"": 12, ""candidate__twitter"": 13, ""candidate__youtube"": 15}",PRUNED
141,1716.4035375671072,2026-09-21 11:30:05.771573,2026-09-21 11:30:06.279188,0 days 00:00:00.507615,2,15,16,0,10,0,15,9,9,15,4,12,14,16,"{""candidate__cinema"": 2, ""candidate__digitaldisplayandsearch"": 15, ""candidate__digitalvideo"": 16, ""candidate__facebook"": 0, ""candidate__instagram"": 10, ""candidate__localtv"": 0, ""candidate__ooh"": 15, ""candidate__opentv"": 9, ""candidate__paytv"": 9, ""candidate__print"": 15, ""candidate__radio"": 4, ""candidate__tiktok"": 12, ""candidate__twitter"": 14, ""candidate__youtube"": 16}",COMPLETE
142,1716.2079876590158,2026-09-21 11:30:06.293339,2026-09-21 11:30:06.773234,0 days 00:00:00.479895,2,15,15,0,9,0,15,11,10,16,3,12,15,16,"{""candidate__cinema"": 2, ""candidate__digitaldisplayandsearch"": 15, ""candidate__digitalvideo"": 15, ""candidate__facebook"": 0, ""candidate__instagram"": 9, ""candidate__localtv"": 0, ""candidate__ooh"": 15, ""candidate__opentv"": 11, ""candidate__paytv"": 10, ""candidate__print"": 16, ""candidate__radio"": 3, ""candidate__tiktok"": 12, ""candidate__twitter"": 15, ""candidate__youtube"": 16}",COMPLETE
143,1712.4286671851667,2026-09-21 11:30:06.786735,2026-09-21 11:30:07.236204,0 days 00:00:00.449469,5,14,15,0,8,3,17,12,7,15,4,12,13,16,"{""candidate__cinema"": 5, ""candidate__digitaldisplayandsearch"": 14, ""candidate__digitalvideo"": 15, ""candidate__facebook"": 0, ""candidate__instagram"": 8, ""candidate__localtv"": 3, ""candidate__ooh"": 17, ""candidate__opentv"": 12, ""candidate__paytv"": 7, ""candidate__print"": 15, ""candidate__radio"": 4, ""candidate__tiktok"": 12, ""candidate__twitter"": 13, ""candidate__youtube"": 16}",COMPLETE
144,1987.8602241791505,2026-09-21 11:30:07.249468,2026-09-21 11:30:07.636246,0 days 00:00:00.386778,0,16,17,0,5,1,16,9,6,11,4,14,14,17,"{""candidate__cinema"": 0, ""candidate__digitaldisplayandsearch"": 16, ""candidate__digitalvideo"": 17, ""candidate__facebook"": 0, ""candidate__instagram"": 5, ""candidate__localtv"": 1, ""candidate__ooh"": 16, ""candidate__opentv"": 9, ""candidate__paytv"": 6, ""candidate__print"": 11, ""candidate__radio"": 4, ""candidate__tiktok"": 14, ""candidate__twitter"": 14, ""candidate__youtube"": 17}",PRUNED
145,1712.6686494877229,2026-09-21 11:30:07.650863,2026-09-21 11:30:08.121875,0 days 00:00:00.471012,3,16,16,1,9,0,17,9,9,13,5,15,14,16,"{""candidate__cinema"": 3, ""candidate__digitaldisplayandsearch"": 16, ""candidate__digitalvideo"": 16, ""candidate__facebook"": 1, ""candidate__instagram"": 9, ""candidate__localtv"": 0, ""candidate__ooh"": 17, ""candidate__opentv"": 9, ""candidate__paytv"": 9, ""candidate__print"": 13, ""candidate__radio"": 5, ""candidate__tiktok"": 15, ""candidate__twitter"": 14, ""candidate__youtube"": 16}",COMPLETE
146,1714.155334359172,2026-09-21 11:30:08.135483,2026-09-21 11:30:08.650868,0 days 00:00:00.515385,4,13,15,0,10,0,17,12,7,16,4,11,14,16,"{""candidate__cinema"": 4, ""candidate__digitaldisplayandsearch"": 13, ""candidate__digitalvideo"": 15, ""candidate__facebook"": 0, ""candidate__instagram"": 10, ""candidate__localtv"": 0, ""candidate__ooh"": 17, ""candidate__opentv"": 12, ""candidate__paytv"": 7, ""candidate__print"": 16, ""candidate__radio"": 4, ""candidate__tiktok"": 11, ""candidate__twitter"": 14, ""candidate__youtube"": 16}",COMPLETE
147,1719.197735639009,2026-09-21 11:30:08.671595,2026-09-21 11:30:09.181010,0 days 00:00:00.509415,1,12,15,0,9,0,17,12,7,16,4,13,13,17,"{""candidate__cinema"": 1, ""candidate__digitaldisplayandsearch"": 12, ""candidate__digitalvideo"": 15, ""candidate__facebook"": 0, ""candidate__instagram"": 9, ""candidate__localtv"": 0, ""candidate__ooh"": 17, ""candidate__opentv"": 12, ""candidate__paytv"": 7, ""candidate__print"": 16, ""candidate__radio"": 4, ""candidate__tiktok"": 13, ""candidate__twitter"": 13, ""candidate__youtube"": 17}",PRUNED
148,2084.4411506555,2026-09-21 11:30:09.193917,2026-09-21 11:30:09.452120,0 days 00:00:00.258203,4,14,15,0,9,2,16,12,7,15,2,13,14,16,"{""candidate__cinema"": 4, ""candidate__digitaldisplayandsearch"": 14, ""candidate__digitalvideo"": 15, ""candidate__facebook"": 0, ""candidate__instagram"": 9, ""candidate__localtv"": 2, ""candidate__ooh"": 16, ""candidate__opentv"": 12, ""candidate__paytv"": 7, ""candidate__print"": 15, ""candidate__radio"": 2, ""candidate__tiktok"": 13, ""candidate__twitter"": 14, ""candidate__youtube"": 16}",PRUNED
149,1710.8092256974453,2026-09-21 11:30:09.464737,2026-09-21 11:30:09.928351,0 days 00:00:00.463614,2,14,16,2,10,0,16,10,7,14,2,12,12,16,"{""candidate__cinema"": 2, ""candidate__digitaldisplayandsearch"": 14, ""candidate__digitalvideo"": 16, ""candidate__facebook"": 2, ""candidate__instagram"": 10, ""candidate__localtv"": 0, ""candidate__ooh"": 16, ""candidate__opentv"": 10, ""candidate__paytv"": 7, ""candidate__print"": 14, ""candidate__radio"": 2, ""candidate__tiktok"": 12, ""candidate__twitter"": 12, ""candidate__youtube"": 16}",COMPLETE
150,1719.1748278458729,2026-09-21 11:30:09.943608,2026-09-21 11:30:10.491031,0 days 00:00:00.547423,2,15,16,3,8,0,17,10,8,14,4,11,15,14,"{""candidate__cinema"": 2, ""candidate__digitaldisplayandsearch"": 15, ""candidate__digitalvideo"": 16, ""candidate__facebook"": 3, ""candidate__instagram"": 8, ""candidate__localtv"": 0, ""candidate__ooh"": 17, ""candidate__opentv"": 10, ""candidate__paytv"": 8, ""candidate__print"": 14, ""candidate__radio"": 4, ""candidate__tiktok"": 11, ""candidate__twitter"": 15, ""candidate__youtube"": 14}",PRUNED
151,1719.239384470154,2026-09-21 11:30:10.505423,2026-09-21 11:30:10.980398,0 days 00:00:00.474975,3,14,16,1,8,1,16,10,10,12,4,14,14,17,"{""candidate__cinema"": 3, ""candidate__digitaldisplayandsearch"": 14, ""candidate__digitalvideo"": 16, ""candidate__facebook"": 1, ""candidate__instagram"": 8, ""candidate__localtv"": 1, ""candidate__ooh"": 16, ""candidate__opentv"": 10, ""candidate__paytv"": 10, ""candidate__print"": 12, ""candidate__radio"": 4, ""candidate__tiktok"": 14, ""candidate__twitter"": 14, ""candidate__youtube"": 17}",PRUNED
152,1711.6289857657175,2026-09-21 11:30:10.993093,2026-09-21 11:30:11.445688,0 days 00:00:00.452595,3,14,15,0,9,0,17,11,7,15,4,13,12,15,"{""candidate__cinema"": 3, ""candidate__digitaldisplayandsearch"": 14, ""candidate__digitalvideo"": 15, ""candidate__facebook"": 0, ""candidate__instagram"": 9, ""candidate__localtv"": 0, ""candidate__ooh"": 17, ""candidate__opentv"": 11, ""candidate__paytv"": 7, ""candidate__print"": 15, ""candidate__radio"": 4, ""candidate__tiktok"": 13, ""candidate__twitter"": 12, ""candidate__youtube"": 15}",COMPLETE
153,1713.8245552006854,2026-09-21 11:30:11.465364,2026-09-21 11:30:12.521636,0 days 00:00:01.056272,2,14,16,1,8,0,17,9,9,13,3,11,13,15,"{""candidate__cinema"": 2, ""candidate__digitaldisplayandsearch"": 14, ""candidate__digitalvideo"": 16, ""candidate__facebook"": 1, ""candidate__instagram"": 8, ""candidate__localtv"": 0, ""candidate__ooh"": 17, ""candidate__opentv"": 9, ""candidate__paytv"": 9, ""candidate__print"": 13, ""candidate__radio"": 3, ""candidate__tiktok"": 11, ""candidate__twitter"": 13, ""candidate__youtube"": 15}",COMPLETE
154,1707.0445538186268,2026-09-21 11:30:12.538326,2026-09-21 11:30:13.030098,0 days 00:00:00.491772,1,15,15,1,10,0,16,11,9,13,5,14,14,16,"{""candidate__cinema"": 1, ""candidate__digitaldisplayandsearch"": 15, ""candidate__digitalvideo"": 15, ""candidate__facebook"": 1, ""candidate__instagram"": 10, ""candidate__localtv"": 0, ""candidate__ooh"": 16, ""candidate__opentv"": 11, ""candidate__paytv"": 9, ""candidate__print"": 13, ""candidate__radio"": 5, ""candidate__tiktok"": 14, ""candidate__twitter"": 14, ""candidate__youtube"": 16}",COMPLETE
155,1712.3246842676137,2026-09-21 11:30:13.044687,2026-09-21 11:30:13.557525,0 days 00:00:00.512838,6,13,16,0,9,0,17,11,8,14,4,13,12,15,"{""candidate__cinema"": 6, ""candidate__digitaldisplayandsearch"": 13, ""candidate__digitalvideo"": 16, ""candidate__facebook"": 0, ""candidate__instagram"": 9, ""candidate__localtv"": 0, ""candidate__ooh"": 17, ""candidate__opentv"": 11, ""candidate__paytv"": 8, ""candidate__print"": 14, ""candidate__radio"": 4, ""candidate__tiktok"": 13, ""candidate__twitter"": 12, ""candidate__youtube"": 15}",COMPLETE
156,2084.8226270242367,2026-09-21 11:30:13.573655,2026-09-21 11:30:13.844915,0 days 00:00:00.271260,3,15,16,0,9,1,16,10,9,15,3,13,15,17,"{""candidate__cinema"": 3, ""candidate__digitaldisplayandsearch"": 15, ""candidate__digitalvideo"": 16, ""candidate__facebook"": 0, ""candidate__instagram"": 9, ""candidate__localtv"": 1, ""candidate__ooh"": 16, ""candidate__opentv"": 10, ""candidate__paytv"": 9, ""candidate__print"": 15, ""candidate__radio"": 3, ""candidate__tiktok"": 13, ""candidate__twitter"": 15, ""candidate__youtube"": 17}",PRUNED
157,2099.981826063723,2026-09-21 11:30:13.858685,2026-09-21 11:30:14.131705,0 days 00:00:00.273020,2,14,16,2,9,0,15,9,9,15,4,11,15,15,"{""candidate__cinema"": 2, ""candidate__digitaldisplayandsearch"": 14, ""candidate__digitalvideo"": 16, ""candidate__facebook"": 2, ""candidate__instagram"": 9, ""candidate__localtv"": 0, ""candidate__ooh"": 15, ""candidate__opentv"": 9, ""candidate__paytv"": 9, ""candidate__print"": 15, ""candidate__radio"": 4, ""candidate__tiktok"": 11, ""candidate__twitter"": 15, ""candidate__youtube"": 15}",PRUNED
158,2082.1634104465415,2026-09-21 11:30:14.143478,2026-09-21 11:30:14.387783,0 days 00:00:00.244305,2,14,16,2,10,2,17,10,9,14,3,12,14,16,"{""candidate__cinema"": 2, ""candidate__digitaldisplayandsearch"": 14, ""candidate__digitalvideo"": 16, ""candidate__facebook"": 2, ""candidate__instagram"": 10, ""candidate__localtv"": 2, ""candidate__ooh"": 17, ""candidate__opentv"": 10, ""candidate__paytv"": 9, ""candidate__print"": 14, ""candidate__radio"": 3, ""candidate__tiktok"": 12, ""candidate__twitter"": 14, ""candidate__youtube"": 16}",PRUNED
159,1714.8242608388744,2026-09-21 11:30:14.400823,2026-09-21 11:30:14.903255,0 days 00:00:00.502432,2,15,16,1,9,0,16,10,7,14,2,11,11,16,"{""candidate__cinema"": 2, ""candidate__digitaldisplayandsearch"": 15, ""candidate__digitalvideo"": 16, ""candidate__facebook"": 1, ""candidate__instagram"": 9, ""candidate__localtv"": 0, ""candidate__ooh"": 16, ""candidate__opentv"": 10, ""candidate__paytv"": 7, ""candidate__print"": 14, ""candidate__radio"": 2, ""candidate__tiktok"": 11, ""candidate__twitter"": 11, ""candidate__youtube"": 16}",COMPLETE
160,1983.6464870616462,2026-09-21 11:30:14.920408,2026-09-21 11:30:15.293197,0 days 00:00:00.372789,1,15,15,3,7,1,17,10,8,14,4,12,13,14,"{""candidate__cinema"": 1, ""candidate__digitaldisplayandsearch"": 15, ""candidate__digitalvideo"": 15, ""candidate__facebook"": 3, ""candidate__instagram"": 7, ""candidate__localtv"": 1, ""candidate__ooh"": 17, ""candidate__opentv"": 10, ""candidate__paytv"": 8, ""candidate__print"": 14, ""candidate__radio"": 4, ""candidate__tiktok"": 12, ""candidate__twitter"": 13, ""candidate__youtube"": 14}",PRUNED
161,1708.8394721982938,2026-09-21 11:30:15.305456,2026-09-21 11:30:15.780191,0 days 00:00:00.474735,0,15,15,2,8,0,16,10,10,14,5,14,13,15,"{""candidate__cinema"": 0, ""candidate__digitaldisplayandsearch"": 15, ""candidate__digitalvideo"": 15, ""candidate__facebook"": 2, ""candidate__instagram"": 8, ""candidate__localtv"": 0, ""candidate__ooh"": 16, ""candidate__opentv"": 10, ""candidate__paytv"": 10, ""candidate__print"": 14, ""candidate__radio"": 5, ""candidate__tiktok"": 14, ""candidate__twitter"": 13, ""candidate__youtube"": 15}",COMPLETE
162,1712.514448160964,2026-09-21 11:30:15.796507,2026-09-21 11:30:16.304820,0 days 00:00:00.508313,2,15,16,2,9,0,17,9,8,15,4,13,14,15,"{""candidate__cinema"": 2, ""candidate__digitaldisplayandsearch"": 15, ""candidate__digitalvideo"": 16, ""candidate__facebook"": 2, ""candidate__instagram"": 9, ""candidate__localtv"": 0, ""candidate__ooh"": 17, ""candidate__opentv"": 9, ""candidate__paytv"": 8, ""candidate__print"": 15, ""candidate__radio"": 4, ""candidate__tiktok"": 13, ""candidate__twitter"": 14, ""candidate__youtube"": 15}",COMPLETE
