number,value,datetime_start,datetime_complete,duration,params_candidate__cinema,params_candidate__digitaldisplayandsearch,params_candidate__digitalvideo,params_candidate__facebook,params_candidate__instagram,params_candidate__localtv,params_candidate__ooh,params_candidate__opentv,params_candidate__paytv,params_candidate__print,params_candidate__radio,params_candidate__tiktok,params_candidate__twitter,params_candidate__youtube,system_attrs_tpe:relative_params:0,state
1879,2078.902490146417,2026-09-21 11:45:44.236433,2026-09-21 11:45:44.616926,0 days 00:00:00.380493,8,13,15,0,12,0,15,3,8,11,8,12,16,15,"{""candidate__cinema"": 8, ""candidate__digitaldisplayandsearch"": 13, ""candidate__digitalvideo"": 15, ""candidate__facebook"": 0, ""candidate__instagram"": 12, ""candidate__localtv"": 0, ""candidate__ooh"": 15, ""candidate__opentv"": 3, ""candidate__paytv"": 8, ""candidate__print"": 11, ""candidate__radio"": 8, ""candidate__tiktok"": 12, ""candidate__twitter"": 16, ""candidate__youtube"": 15}",PRUNED
1880,2062.6488974341023,2026-09-21 11:45:44.638908,2026-09-21 11:45:45.061865,0 days 00:00:00.422957,8,14,16,0,12,0,16,5,8,10,8,12,13,15,"{""candidate__cinema"": 8, ""candidate__digitaldisplayandsearch"": 14, ""candidate__digitalvideo"": 16, ""candidate__facebook"": 0, ""candidate__instagram"": 12, ""candidate__localtv"": 0, ""candidate__ooh"": 16, ""candidate__opentv"": 5, ""candidate__paytv"": 8, ""candidate__print"": 10, ""candidate__radio"": 8, ""candidate__tiktok"": 12, ""candidate__twitter"": 13, ""candidate__youtube"": 15}",PRUNED
1881,1708.2769292461005,2026-09-21 11:45:45.082560,2026-09-21 11:45:45.768337,0 days 00:00:00.685777,12,14,15,0,13,0,16,2,7,7,2,12,15,14,"{""candidate__cinema"": 12, ""candidate__digitaldisplayandsearch"": 14, ""candidate__digitalvideo"": 15, ""candidate__facebook"": 0, ""candidate__instagram"": 13, ""candidate__localtv"": 0, ""candidate__ooh"": 16, ""candidate__opentv"": 2, ""candidate__paytv"": 7, ""candidate__print"": 7, ""candidate__radio"": 2, ""candidate__tiktok"": 12, ""candidate__twitter"": 15, ""candidate__youtube"": 14}",PRUNED
1882,2074.095912215347,2026-09-21 11:45:45.787401,2026-09-21 11:45:46.192681,0 days 00:00:00.405280,7,14,15,2,16,0,15,3,9,10,8,12,17,15,"{""candidate__cinema"": 7, ""candidate__digitaldisplayandsearch"": 14, ""candidate__digitalvideo"": 15, ""candidate__facebook"": 2, ""candidate__instagram"": 16, ""candidate__localtv"": 0, ""candidate__ooh"": 15, ""candidate__opentv"": 3, ""candidate__paytv"": 9, ""candidate__print"": 10, ""candidate__radio"": 8, ""candidate__tiktok"": 12, ""candidate__twitter"": 17, ""candidate__youtube"": 15}",PRUNED
1883,2060.103079838194,2026-09-21 11:45:46.214119,2026-09-21 11:45:46.634411,0 days 00:00:00.420292,12,15,15,1,12,0,16,1,11,9,1,13,16,15,"{""candidate__cinema"": 12, ""candidate__digitaldisplayandsearch"": 15, ""candidate__digitalvideo"": 15, ""candidate__facebook"": 1, ""candidate__instagram"": 12, ""candidate__localtv"": 0, ""candidate__ooh"": 16, ""candidate__opentv"": 1, ""candidate__paytv"": 11, ""candidate__print"": 9, ""candidate__radio"": 1, ""candidate__tiktok"": 13, ""candidate__twitter"": 16, ""candidate__youtube"": 15}",PRUNED
1884,1704.18041435992,2026-09-21 11:45:46.656795,2026-09-21 11:45:47.346241,0 days 00:00:00.689446,11,17,15,1,14,0,16,0,6,14,6,12,14,15,"{""candidate__cinema"": 11, ""candidate__digitaldisplayandsearch"": 17, ""candidate__digitalvideo"": 15, ""candidate__facebook"": 1, ""candidate__instagram"": 14, ""candidate__localtv"": 0, ""candidate__ooh"": 16, ""candidate__opentv"": 0, ""candidate__paytv"": 6, ""candidate__print"": 14, ""candidate__radio"": 6, ""candidate__tiktok"": 12, ""candidate__twitter"": 14, ""candidate__youtube"": 15}",COMPLETE
1885,1704.1306772273908,2026-09-21 11:45:47.369724,2026-09-21 11:45:48.338288,0 days 00:00:00.968564,7,14,15,1,14,0,16,4,6,11,8,12,13,15,"{""candidate__cinema"": 7, ""candidate__digitaldisplayandsearch"": 14, ""candidate__digitalvideo"": 15, ""candidate__facebook"": 1, ""candidate__instagram"": 14, ""candidate__localtv"": 0, ""candidate__ooh"": 16, ""candidate__opentv"": 4, ""candidate__paytv"": 6, ""candidate__print"": 11, ""candidate__radio"": 8, ""candidate__tiktok"": 12, ""candidate__twitter"": 13, ""candidate__youtube"": 15}",COMPLETE
1886,2070.128389266752,2026-09-21 11:45:48.358954,2026-09-21 11:45:48.819236,0 days 00:00:00.460282,12,17,15,2,15,0,16,0,6,15,7,13,15,15,"{""candidate__cinema"": 12, ""candidate__digitaldisplayandsearch"": 17, ""candidate__digitalvideo"": 15, ""candidate__facebook"": 2, ""candidate__instagram"": 15, ""candidate__localtv"": 0, ""candidate__ooh"": 16, ""candidate__opentv"": 0, ""candidate__paytv"": 6, ""candidate__print"": 15, ""candidate__radio"": 7, ""candidate__tiktok"": 13, ""candidate__twitter"": 15, ""candidate__youtube"": 15}",PRUNED
1887,1708.245794134876,2026-09-21 11:45:48.838491,2026-09-21 11:45:49.548892,0 days 00:00:00.710401,7,12,15,1,16,0,17,3,7,11,8,13,16,15,"{""candidate__cinema"": 7, ""candidate__digitaldisplayandsearch"": 12, ""candidate__digitalvideo"": 15, ""candidate__facebook"": 1, ""candidate__instagram"": 16, ""candidate__localtv"": 0, ""candidate__ooh"": 17, ""candidate__opentv"": 3, ""candidate__paytv"": 7, ""candidate__print"": 11, ""candidate__radio"": 8, ""candidate__tiktok"": 13, ""candidate__twitter"": 16, ""candidate__youtube"": 15}",PRUNED
1888,2067.227774493351,2026-09-21 11:45:49.570073,2026-09-21 11:45:49.975611,0 days 00:00:00.405538,12,17,15,1,15,0,16,0,6,14,5,13,13,15,"{""candidate__cinema"": 12, ""candidate__digitaldisplayandsearch"": 17, ""candidate__digitalvideo"": 15, ""candidate__facebook"": 1, ""candidate__instagram"": 15, ""candidate__localtv"": 0, ""candidate__ooh"": 16, ""candidate__opentv"": 0, ""candidate__paytv"": 6, ""candidate__print"": 14, ""candidate__radio"": 5, ""candidate__tiktok"": 13, ""candidate__twitter"": 13, ""candidate__youtube"": 15}",PRUNED
1889,2072.650918866876,2026-09-21 11:45:49.998153,2026-09-21 11:45:50.426706,0 days 00:00:00.428553,7,12,14,1,15,0,16,3,9,11,8,12,16,15,"{""candidate__cinema"": 7, ""candidate__digitaldisplayandsearch"": 12, ""candidate__digitalvideo"": 14, ""candidate__facebook"": 1, ""candidate__instagram"": 15, ""candidate__localtv"": 0, ""candidate__ooh"": 16, ""candidate__opentv"": 3, ""candidate__paytv"": 9, ""candidate__print"": 11, ""candidate__radio"": 8, ""candidate__tiktok"": 12, ""candidate__twitter"": 16, ""candidate__youtube"": 15}",PRUNED
1890,2078.2040676269703,2026-09-21 11:45:50.448941,2026-09-21 11:45:50.865197,0 days 00:00:00.416256,9,16,16,0,13,0,15,3,6,12,8,12,14,15,"{""candidate__cinema"": 9, ""candidate__digitaldisplayandsearch"": 16, ""candidate__digitalvideo"": 16, ""candidate__facebook"": 0, ""candidate__instagram"": 13, ""candidate__localtv"": 0, ""candidate__ooh"": 15, ""candidate__opentv"": 3, ""candidate__paytv"": 6, ""candidate__print"": 12, ""candidate__radio"": 8, ""candidate__tiktok"": 12, ""candidate__twitter"": 14, ""candidate__youtube"": 15}",PRUNED
1891,1705.692778212031,2026-09-21 11:45:50.885744,2026-09-21 11:45:51.589651,0 days 00:00:00.703907,12,14,15,2,13,0,16,2,6,9,1,12,14,16,"{""candidate__cinema"": 12, ""candidate__digitaldisplayandsearch"": 14, ""candidate__digitalvideo"": 15, ""candidate__facebook"": 2, ""candidate__instagram"": 13, ""candidate__localtv"": 0, ""candidate__ooh"": 16, ""candidate__opentv"": 2, ""candidate__paytv"": 6, ""candidate__print"": 9, ""candidate__radio"": 1, ""candidate__tiktok"": 12, ""candidate__twitter"": 14, ""candidate__youtube"": 16}",COMPLETE
1892,2073.917020690555,2026-09-21 11:45:51.611182,2026-09-21 11:45:52.000184,0 days 00:00:00.389002,13,16,15,2,14,1,16,1,5,15,4,13,15,15,"{""candidate__cinema"": 13, ""candidate__digitaldisplayandsearch"": 16, ""candidate__digitalvideo"": 15, ""candidate__facebook"": 2, ""candidate__instagram"": 14, ""candidate__localtv"": 1, ""candidate__ooh"": 16, ""candidate__opentv"": 1, ""candidate__paytv"": 5, ""candidate__print"": 15, ""candidate__radio"": 4, ""candidate__tiktok"": 13, ""candidate__twitter"": 15, ""candidate__youtube"": 15}",PRUNED
1893,2076.097623511061,2026-09-21 11:45:52.016222,2026-09-21 11:45:52.353269,0 days 00:00:00.337047,6,15,14,1,14,1,16,4,6,11,8,12,14,15,"{""candidate__cinema"": 6, ""candidate__digitaldisplayandsearch"": 15, ""candidate__digitalvideo"": 14, ""candidate__facebook"": 1, ""candidate__instagram"": 14, ""candidate__localtv"": 1, ""candidate__ooh"": 16, ""candidate__opentv"": 4, ""candidate__paytv"": 6, ""candidate__print"": 11, ""candidate__radio"": 8, ""candidate__tiktok"": 12, ""candidate__twitter"": 14, ""candidate__youtube"": 15}",PRUNED
1894,2063.6616212242247,2026-09-21 11:45:52.371858,2026-09-21 11:45:53.089988,0 days 00:00:00.718130,4,13,15,3,13,1,17,5,7,12,4,12,16,16,"{""candidate__cinema"": 4, ""candidate__digitaldisplayandsearch"": 13, ""candidate__digitalvideo"": 15, ""candidate__facebook"": 3, ""candidate__instagram"": 13, ""candidate__localtv"": 1, ""candidate__ooh"": 17, ""candidate__opentv"": 5, ""candidate__paytv"": 7, ""candidate__print"": 12, ""candidate__radio"": 4, ""candidate__tiktok"": 12, ""candidate__twitter"": 16, ""candidate__youtube"": 16}",PRUNED
1895,2058.6331165676293,2026-09-21 11:45:53.112017,2026-09-21 11:45:53.522824,0 days 00:00:00.410807,10,16,15,1,15,0,17,1,6,13,6,12,14,16,"{""candidate__cinema"": 10, ""candidate__digitaldisplayandsearch"": 16, ""candidate__digitalvideo"": 15, ""candidate__facebook"": 1, ""candidate__instagram"": 15, ""candidate__localtv"": 0, ""candidate__ooh"": 17, ""candidate__opentv"": 1, ""candidate__paytv"": 6, ""candidate__print"": 13, ""candidate__radio"": 6, ""candidate__tiktok"": 12, ""candidate__twitter"": 14, ""candidate__youtube"": 16}",PRUNED
1896,2066.032085219562,2026-09-21 11:45:53.543528,2026-09-21 11:45:53.924617,0 days 00:00:00.381089,9,16,15,0,15,0,16,0,7,12,4,12,16,15,"{""candidate__cinema"": 9, ""candidate__digitaldisplayandsearch"": 16, ""candidate__digitalvideo"": 15, ""candidate__facebook"": 0, ""candidate__instagram"": 15, ""candidate__localtv"": 0, ""candidate__ooh"": 16, ""candidate__opentv"": 0, ""candidate__paytv"": 7, ""candidate__print"": 12, ""candidate__radio"": 4, ""candidate__tiktok"": 12, ""candidate__twitter"": 16, ""candidate__youtube"": 15}",PRUNED
1897,1704.753309650797,2026-09-21 11:45:53.943571,2026-09-21 11:45:54.635587,0 days 00:00:00.692016,7,14,15,1,13,0,16,4,6,8,5,14,15,15,"{""candidate__cinema"": 7, ""candidate__digitaldisplayandsearch"": 14, ""candidate__digitalvideo"": 15, ""candidate__facebook"": 1, ""candidate__instagram"": 13, ""candidate__localtv"": 0, ""candidate__ooh"": 16, ""candidate__opentv"": 4, ""candidate__paytv"": 6, ""candidate__print"": 8, ""candidate__radio"": 5, ""candidate__tiktok"": 14, ""candidate__twitter"": 15, ""candidate__youtube"": 15}",COMPLETE
1898,2105.4652253457643,2026-09-21 11:45:54.656529,2026-09-21 11:45:55.004216,0 days 00:00:00.347687,8,13,15,1,15,1,15,4,6,10,9,12,13,15,"{""candidate__cinema"": 8, ""candidate__digitaldisplayandsearch"": 13, ""candidate__digitalvideo"": 15, ""candidate__facebook"": 1, ""candidate__instagram"": 15, ""candidate__localtv"": 1, ""candidate__ooh"": 15, ""candidate__opentv"": 4, ""candidate__paytv"": 6, ""candidate__print"": 10, ""candidate__radio"": 9, ""candidate__tiktok"": 12, ""candidate__twitter"": 13, ""candidate__youtube"": 15}",PRUNED
1899,1705.6814277268948,2026-09-21 11:45:55.019367,2026-09-21 11:45:55.712068,0 days 00:00:00.692701,7,14,16,1,13,0,16,5,1,10,7,12,13,16,"{""candidate__cinema"": 7, ""candidate__digitaldisplayandsearch"": 14, ""candidate__digitalvideo"": 16, ""candidate__facebook"": 1, ""candidate__instagram"": 13, ""candidate__localtv"": 0, ""candidate__ooh"": 16, ""candidate__opentv"": 5, ""candidate__paytv"": 1, ""candidate__print"": 10, ""candidate__radio"": 7, ""candidate__tiktok"": 12, ""candidate__twitter"": 13, ""candidate__youtube"": 16}",COMPLETE
1900,2061.8327855548187,2026-09-21 11:45:55.736128,2026-09-21 11:45:56.154275,0 days 00:00:00.418147,12,16,14,2,14,0,16,1,6,16,7,13,13,14,"{""candidate__cinema"": 12, ""candidate__digitaldisplayandsearch"": 16, ""candidate__digitalvideo"": 14, ""candidate__facebook"": 2, ""candidate__instagram"": 14, ""candidate__localtv"": 0, ""candidate__ooh"": 16, ""candidate__opentv"": 1, ""candidate__paytv"": 6, ""candidate__print"": 16, ""candidate__radio"": 7, ""candidate__tiktok"": 13, ""candidate__twitter"": 13, ""candidate__youtube"": 14}",PRUNED
1901,2057.662526257067,2026-09-21 11:45:56.176226,2026-09-21 11:45:56.602219,0 days 00:00:00.425993,7,13,15,1,12,0,17,5,7,9,4,12,15,14,"{""candidate__cinema"": 7, ""candidate__digitaldisplayandsearch"": 13, ""candidate__digitalvideo"": 15, ""candidate__facebook"": 1, ""candidate__instagram"": 12, ""candidate__localtv"": 0, ""candidate__ooh"": 17, ""candidate__opentv"": 5, ""candidate__paytv"": 7, ""candidate__print"": 9, ""candidate__radio"": 4, ""candidate__tiktok"": 12, ""candidate__twitter"": 15, ""candidate__youtube"": 14}",PRUNED
1902,2071.4221537269736,2026-09-21 11:45:56.621683,2026-09-21 11:45:56.988707,0 days 00:00:00.367024,12,15,15,3,14,0,15,2,7,15,5,13,14,15,"{""candidate__cinema"": 12, ""candidate__digitaldisplayandsearch"": 15, ""candidate__digitalvideo"": 15, ""candidate__facebook"": 3, ""candidate__instagram"": 14, ""candidate__localtv"": 0, ""candidate__ooh"": 15, ""candidate__opentv"": 2, ""candidate__paytv"": 7, ""candidate__print"": 15, ""candidate__radio"": 5, ""candidate__tiktok"": 13, ""candidate__twitter"": 14, ""candidate__youtube"": 15}",PRUNED
1903,2104.7064911891575,2026-09-21 11:45:57.004347,2026-09-21 11:45:57.358817,0 days 00:00:00.354470,11,17,15,1,15,1,15,0,6,15,6,12,14,15,"{""candidate__cinema"": 11, ""candidate__digitaldisplayandsearch"": 17, ""candidate__digitalvideo"": 15, ""candidate__facebook"": 1, ""candidate__instagram"": 15, ""candidate__localtv"": 1, ""candidate__ooh"": 15, ""candidate__opentv"": 0, ""candidate__paytv"": 6, ""candidate__print"": 15, ""candidate__radio"": 6, ""candidate__tiktok"": 12, ""candidate__twitter"": 14, ""candidate__youtube"": 15}",PRUNED
1904,2059.5082296817613,2026-09-21 11:45:57.375470,2026-09-21 11:45:57.762454,0 days 00:00:00.386984,7,14,15,3,14,1,16,5,6,14,2,5,17,16,"{""candidate__cinema"": 7, ""candidate__digitaldisplayandsearch"": 14, ""candidate__digitalvideo"": 15, ""candidate__facebook"": 3, ""candidate__instagram"": 14, ""candidate__localtv"": 1, ""candidate__ooh"": 16, ""candidate__opentv"": 5, ""candidate__paytv"": 6, ""candidate__print"": 14, ""candidate__radio"": 2, ""candidate__tiktok"": 5, ""candidate__twitter"": 17, ""candidate__youtube"": 16}",PRUNED
1905,2082.0677120150376,2026-09-21 11:45:57.777839,2026-09-21 11:45:58.392115,0 days 00:00:00.614276,11,16,14,2,13,1,16,1,6,14,5,13,13,15,"{""candidate__cinema"": 11, ""candidate__digitaldisplayandsearch"": 16, ""candidate__digitalvideo"": 14, ""candidate__facebook"": 2, ""candidate__instagram"": 13, ""candidate__localtv"": 1, ""candidate__ooh"": 16, ""candidate__opentv"": 1, ""candidate__paytv"": 6, ""candidate__print"": 14, ""candidate__radio"": 5, ""candidate__tiktok"": 13, ""candidate__twitter"": 13, ""candidate__youtube"": 15}",PRUNED
1906,2078.7354776088637,2026-09-21 11:45:58.412733,2026-09-21 11:45:58.788764,0 days 00:00:00.376031,8,14,14,1,13,1,16,4,3,11,7,12,14,15,"{""candidate__cinema"": 8, ""candidate__digitaldisplayandsearch"": 14, ""candidate__digitalvideo"": 14, ""candidate__facebook"": 1, ""candidate__instagram"": 13, ""candidate__localtv"": 1, ""candidate__ooh"": 16, ""candidate__opentv"": 4, ""candidate__paytv"": 3, ""candidate__print"": 11, ""candidate__radio"": 7, ""candidate__tiktok"": 12, ""candidate__twitter"": 14, ""candidate__youtube"": 15}",PRUNED
1907,2063.9995011570845,2026-09-21 11:45:58.807770,2026-09-21 11:45:59.164956,0 days 00:00:00.357186,8,15,14,2,13,0,16,4,8,11,8,11,14,14,"{""candidate__cinema"": 8, ""candidate__digitaldisplayandsearch"": 15, ""candidate__digitalvideo"": 14, ""candidate__facebook"": 2, ""candidate__instagram"": 13, ""candidate__localtv"": 0, ""candidate__ooh"": 16, ""candidate__opentv"": 4, ""candidate__paytv"": 8, ""candidate__print"": 11, ""candidate__radio"": 8, ""candidate__tiktok"": 11, ""candidate__twitter"": 14, ""candidate__youtube"": 14}",PRUNED
1908,2058.5538487440986,2026-09-21 11:45:59.182290,2026-09-21 11:45:59.590332,0 days 00:00:00.408042,12,17,16,1,14,0,17,0,7,13,7,12,15,15,"{""candidate__cinema"": 12, ""candidate__digitaldisplayandsearch"": 17, ""candidate__digitalvideo"": 16, ""candidate__facebook"": 1, ""candidate__instagram"": 14, ""candidate__localtv"": 0, ""candidate__ooh"": 17, ""candidate__opentv"": 0, ""candidate__paytv"": 7, ""candidate__print"": 13, ""candidate__radio"": 7, ""candidate__tiktok"": 12, ""candidate__twitter"": 15, ""candidate__youtube"": 15}",PRUNED
1909,1708.7939937289195,2026-09-21 11:45:59.612035,2026-09-21 11:46:00.317245,0 days 00:00:00.705210,11,17,15,1,14,0,16,0,6,13,4,11,14,16,"{""candidate__cinema"": 11, ""candidate__digitaldisplayandsearch"": 17, ""candidate__digitalvideo"": 15, ""candidate__facebook"": 1, ""candidate__instagram"": 14, ""candidate__localtv"": 0, ""candidate__ooh"": 16, ""candidate__opentv"": 0, ""candidate__paytv"": 6, ""candidate__print"": 13, ""candidate__radio"": 4, ""candidate__tiktok"": 11, ""candidate__twitter"": 14, ""candidate__youtube"": 16}",PRUNED
1910,2060.6774519441146,2026-09-21 11:46:00.334643,2026-09-21 11:46:00.759784,0 days 00:00:00.425141,13,15,15,2,13,0,17,2,9,9,2,12,14,15,"{""candidate__cinema"": 13, ""candidate__digitaldisplayandsearch"": 15, ""candidate__digitalvideo"": 15, ""candidate__facebook"": 2, ""candidate__instagram"": 13, ""candidate__localtv"": 0, ""candidate__ooh"": 17, ""candidate__opentv"": 2, ""candidate__paytv"": 9, ""candidate__print"": 9, ""candidate__radio"": 2, ""candidate__tiktok"": 12, ""candidate__twitter"": 14, ""candidate__youtube"": 15}",PRUNED
1911,1704.1394691430257,2026-09-21 11:46:00.785419,2026-09-21 11:46:01.483908,0 days 00:00:00.698489,12,13,15,2,14,0,16,2,11,10,2,13,16,15,"{""candidate__cinema"": 12, ""candidate__digitaldisplayandsearch"": 13, ""candidate__digitalvideo"": 15, ""candidate__facebook"": 2, ""candidate__instagram"": 14, ""candidate__localtv"": 0, ""candidate__ooh"": 16, ""candidate__opentv"": 2, ""candidate__paytv"": 11, ""candidate__print"": 10, ""candidate__radio"": 2, ""candidate__tiktok"": 13, ""candidate__twitter"": 16, ""candidate__youtube"": 15}",COMPLETE
1912,2057.0065810822002,2026-09-21 11:46:01.503775,2026-09-21 11:46:01.833604,0 days 00:00:00.329829,7,14,15,3,15,0,16,5,6,13,4,10,16,14,"{""candidate__cinema"": 7, ""candidate__digitaldisplayandsearch"": 14, ""candidate__digitalvideo"": 15, ""candidate__facebook"": 3, ""candidate__instagram"": 15, ""candidate__localtv"": 0, ""candidate__ooh"": 16, ""candidate__opentv"": 5, ""candidate__paytv"": 6, ""candidate__print"": 13, ""candidate__radio"": 4, ""candidate__tiktok"": 10, ""candidate__twitter"": 16, ""candidate__youtube"": 14}",PRUNED
1913,2058.0175711479565,2026-09-21 11:46:01.851977,2026-09-21 11:46:02.252800,0 days 00:00:00.400823,12,15,16,2,14,0,16,2,7,9,3,12,16,15,"{""candidate__cinema"": 12, ""candidate__digitaldisplayandsearch"": 15, ""candidate__digitalvideo"": 16, ""candidate__facebook"": 2, ""candidate__instagram"": 14, ""candidate__localtv"": 0, ""candidate__ooh"": 16, ""candidate__opentv"": 2, ""candidate__paytv"": 7, ""candidate__print"": 9, ""candidate__radio"": 3, ""candidate__tiktok"": 12, ""candidate__twitter"": 16, ""candidate__youtube"": 15}",PRUNED
1914,2078.584314659026,2026-09-21 11:46:02.274018,2026-09-21 11:46:02.705985,0 days 00:00:00.431967,4,13,14,2,13,0,15,6,7,12,5,12,17,16,"{""candidate__cinema"": 4, ""candidate__digitaldisplayandsearch"": 13, ""candidate__digitalvideo"": 14, ""candidate__facebook"": 2, ""candidate__instagram"": 13, ""candidate__localtv"": 0, ""candidate__ooh"": 15, ""candidate__opentv"": 6, ""candidate__paytv"": 7, ""candidate__print"": 12, ""candidate__radio"": 5, ""candidate__tiktok"": 12, ""candidate__twitter"": 17, ""candidate__youtube"": 16}",PRUNED
1915,2073.8410421829703,2026-09-21 11:46:02.725884,2026-09-21 11:46:03.163876,0 days 00:00:00.437992,11,16,15,2,14,1,16,0,6,16,5,14,14,14,"{""candidate__cinema"": 11, ""candidate__digitaldisplayandsearch"": 16, ""candidate__digitalvideo"": 15, ""candidate__facebook"": 2, ""candidate__instagram"": 14, ""candidate__localtv"": 1, ""candidate__ooh"": 16, ""candidate__opentv"": 0, ""candidate__paytv"": 6, ""candidate__print"": 16, ""candidate__radio"": 5, ""candidate__tiktok"": 14, ""candidate__twitter"": 14, ""candidate__youtube"": 14}",PRUNED
1916,2075.03053389485,2026-09-21 11:46:03.455310,2026-09-21 11:46:03.859423,0 days 00:00:00.404113,7,13,15,1,17,0,15,2,9,11,8,11,16,15,"{""candidate__cinema"": 7, ""candidate__digitaldisplayandsearch"": 13, ""candidate__digitalvideo"": 15, ""candidate__facebook"": 1, ""candidate__instagram"": 17, ""candidate__localtv"": 0, ""candidate__ooh"": 15, ""candidate__opentv"": 2, ""candidate__paytv"": 9, ""candidate__print"": 11, ""candidate__radio"": 8, ""candidate__tiktok"": 11, ""candidate__twitter"": 16, ""candidate__youtube"": 15}",PRUNED
1917,1706.63936748622,2026-09-21 11:46:03.879713,2026-09-21 11:46:04.541195,0 days 00:00:00.661482,8,15,16,1,13,0,16,4,5,12,8,13,13,16,"{""candidate__cinema"": 8, ""candidate__digitaldisplayandsearch"": 15, ""candidate__digitalvideo"": 16, ""candidate__facebook"": 1, ""candidate__instagram"": 13, ""candidate__localtv"": 0, ""candidate__ooh"": 16, ""candidate__opentv"": 4, ""candidate__paytv"": 5, ""candidate__print"": 12, ""candidate__radio"": 8, ""candidate__tiktok"": 13, ""candidate__twitter"": 13, ""candidate__youtube"": 16}",COMPLETE
