number,value,datetime_start,datetime_complete,duration,params_candidate__cinema,params_candidate__digitaldisplayandsearch,params_candidate__digitalvideo,params_candidate__facebook,params_candidate__instagram,params_candidate__localtv,params_candidate__ooh,params_candidate__opentv,params_candidate__paytv,params_candidate__print,params_candidate__radio,params_candidate__tiktok,params_candidate__twitter,params_candidate__youtube,system_attrs_tpe:relative_params:0,state
1216,1706.5741947102954,2026-09-21 11:39:45.196307,2026-09-21 11:39:45.860661,0 days 00:00:00.664354,3,16,15,1,16,0,16,7,9,12,5,14,13,16,"{""candidate__cinema"": 3, ""candidate__digitaldisplayandsearch"": 16, ""candidate__digitalvideo"": 15, ""candidate__facebook"": 1, ""candidate__instagram"": 16, ""candidate__localtv"": 0, ""candidate__ooh"": 16, ""candidate__opentv"": 7, ""candidate__paytv"": 9, ""candidate__print"": 12, ""candidate__radio"": 5, ""candidate__tiktok"": 14, ""candidate__twitter"": 13, ""candidate__youtube"": 16}",COMPLETE
1217,1705.5801618938167,2026-09-21 11:39:45.882618,2026-09-21 11:39:46.492708,0 days 00:00:00.610090,3,13,15,1,13,0,16,9,9,12,4,14,12,15,"{""candidate__cinema"": 3, ""candidate__digitaldisplayandsearch"": 13, ""candidate__digitalvideo"": 15, ""candidate__facebook"": 1, ""candidate__instagram"": 13, ""candidate__localtv"": 0, ""candidate__ooh"": 16, ""candidate__opentv"": 9, ""candidate__paytv"": 9, ""candidate__print"": 12, ""candidate__radio"": 4, ""candidate__tiktok"": 14, ""candidate__twitter"": 12, ""candidate__youtube"": 15}",COMPLETE
1218,2064.4339229188404,2026-09-21 11:39:46.520100,2026-09-21 11:39:46.916987,0 days 00:00:00.396887,2,14,14,1,10,0,16,10,9,11,7,12,13,15,"{""candidate__cinema"": 2, ""candidate__digitaldisplayandsearch"": 14, ""candidate__digitalvideo"": 14, ""candidate__facebook"": 1, ""candidate__instagram"": 10, ""candidate__localtv"": 0, ""candidate__ooh"": 16, ""candidate__opentv"": 10, ""candidate__paytv"": 9, ""candidate__print"": 11, ""candidate__radio"": 7, ""candidate__tiktok"": 12, ""candidate__twitter"": 13, ""candidate__youtube"": 15}",PRUNED
1219,1706.925539186722,2026-09-21 11:39:46.939558,2026-09-21 11:39:47.635750,0 days 00:00:00.696192,4,15,15,0,10,0,16,10,6,12,6,13,10,15,"{""candidate__cinema"": 4, ""candidate__digitaldisplayandsearch"": 15, ""candidate__digitalvideo"": 15, ""candidate__facebook"": 0, ""candidate__instagram"": 10, ""candidate__localtv"": 0, ""candidate__ooh"": 16, ""candidate__opentv"": 10, ""candidate__paytv"": 6, ""candidate__print"": 12, ""candidate__radio"": 6, ""candidate__tiktok"": 13, ""candidate__twitter"": 10, ""candidate__youtube"": 15}",COMPLETE
1220,1706.5342110486356,2026-09-21 11:39:47.659212,2026-09-21 11:39:48.329930,0 days 00:00:00.670718,6,15,15,0,13,0,16,6,10,12,4,12,14,16,"{""candidate__cinema"": 6, ""candidate__digitaldisplayandsearch"": 15, ""candidate__digitalvideo"": 15, ""candidate__facebook"": 0, ""candidate__instagram"": 13, ""candidate__localtv"": 0, ""candidate__ooh"": 16, ""candidate__opentv"": 6, ""candidate__paytv"": 10, ""candidate__print"": 12, ""candidate__radio"": 4, ""candidate__tiktok"": 12, ""candidate__twitter"": 14, ""candidate__youtube"": 16}",COMPLETE
1221,1705.4877139101063,2026-09-21 11:39:48.355213,2026-09-21 11:39:49.032820,0 days 00:00:00.677607,4,16,15,2,16,0,16,7,10,13,4,13,16,15,"{""candidate__cinema"": 4, ""candidate__digitaldisplayandsearch"": 16, ""candidate__digitalvideo"": 15, ""candidate__facebook"": 2, ""candidate__instagram"": 16, ""candidate__localtv"": 0, ""candidate__ooh"": 16, ""candidate__opentv"": 7, ""candidate__paytv"": 10, ""candidate__print"": 13, ""candidate__radio"": 4, ""candidate__tiktok"": 13, ""candidate__twitter"": 16, ""candidate__youtube"": 15}",COMPLETE
1222,2059.567417611747,2026-09-21 11:39:49.054465,2026-09-21 11:39:49.414056,0 days 00:00:00.359591,3,16,15,1,11,0,16,11,7,14,4,6,12,15,"{""candidate__cinema"": 3, ""candidate__digitaldisplayandsearch"": 16, ""candidate__digitalvideo"": 15, ""candidate__facebook"": 1, ""candidate__instagram"": 11, ""candidate__localtv"": 0, ""candidate__ooh"": 16, ""candidate__opentv"": 11, ""candidate__paytv"": 7, ""candidate__print"": 14, ""candidate__radio"": 4, ""candidate__tiktok"": 6, ""candidate__twitter"": 12, ""candidate__youtube"": 15}",PRUNED
1223,2072.10799350932,2026-09-21 11:39:49.433582,2026-09-21 11:39:49.815851,0 days 00:00:00.382269,4,15,15,0,13,0,15,8,14,11,8,12,14,15,"{""candidate__cinema"": 4, ""candidate__digitaldisplayandsearch"": 15, ""candidate__digitalvideo"": 15, ""candidate__facebook"": 0, ""candidate__instagram"": 13, ""candidate__localtv"": 0, ""candidate__ooh"": 15, ""candidate__opentv"": 8, ""candidate__paytv"": 14, ""candidate__print"": 11, ""candidate__radio"": 8, ""candidate__tiktok"": 12, ""candidate__twitter"": 14, ""candidate__youtube"": 15}",PRUNED
1224,2061.29770778511,2026-09-21 11:39:49.838945,2026-09-21 11:39:50.492409,0 days 00:00:00.653464,4,12,14,1,13,0,17,9,7,14,4,14,13,14,"{""candidate__cinema"": 4, ""candidate__digitaldisplayandsearch"": 12, ""candidate__digitalvideo"": 14, ""candidate__facebook"": 1, ""candidate__instagram"": 13, ""candidate__localtv"": 0, ""candidate__ooh"": 17, ""candidate__opentv"": 9, ""candidate__paytv"": 7, ""candidate__print"": 14, ""candidate__radio"": 4, ""candidate__tiktok"": 14, ""candidate__twitter"": 13, ""candidate__youtube"": 14}",PRUNED
1225,2090.4584588756798,2026-09-21 11:39:50.518828,2026-09-21 11:39:50.922961,0 days 00:00:00.404133,4,14,15,0,9,0,15,11,9,13,7,11,16,14,"{""candidate__cinema"": 4, ""candidate__digitaldisplayandsearch"": 14, ""candidate__digitalvideo"": 15, ""candidate__facebook"": 0, ""candidate__instagram"": 9, ""candidate__localtv"": 0, ""candidate__ooh"": 15, ""candidate__opentv"": 11, ""candidate__paytv"": 9, ""candidate__print"": 13, ""candidate__radio"": 7, ""candidate__tiktok"": 11, ""candidate__twitter"": 16, ""candidate__youtube"": 14}",PRUNED
1226,2090.6816197882345,2026-09-21 11:39:50.939874,2026-09-21 11:39:51.551856,0 days 00:00:00.611982,3,15,15,1,13,1,15,8,10,15,4,14,12,15,"{""candidate__cinema"": 3, ""candidate__digitaldisplayandsearch"": 15, ""candidate__digitalvideo"": 15, ""candidate__facebook"": 1, ""candidate__instagram"": 13, ""candidate__localtv"": 1, ""candidate__ooh"": 15, ""candidate__opentv"": 8, ""candidate__paytv"": 10, ""candidate__print"": 15, ""candidate__radio"": 4, ""candidate__tiktok"": 14, ""candidate__twitter"": 12, ""candidate__youtube"": 15}",PRUNED
1227,2059.0071510082184,2026-09-21 11:39:51.574857,2026-09-21 11:39:51.982529,0 days 00:00:00.407672,4,14,15,1,8,0,16,11,6,11,5,16,15,15,"{""candidate__cinema"": 4, ""candidate__digitaldisplayandsearch"": 14, ""candidate__digitalvideo"": 15, ""candidate__facebook"": 1, ""candidate__instagram"": 8, ""candidate__localtv"": 0, ""candidate__ooh"": 16, ""candidate__opentv"": 11, ""candidate__paytv"": 6, ""candidate__print"": 11, ""candidate__radio"": 5, ""candidate__tiktok"": 16, ""candidate__twitter"": 15, ""candidate__youtube"": 15}",PRUNED
1228,2087.6124869989153,2026-09-21 11:39:52.004337,2026-09-21 11:39:52.412025,0 days 00:00:00.407688,4,17,14,1,9,1,16,11,7,14,4,8,13,16,"{""candidate__cinema"": 4, ""candidate__digitaldisplayandsearch"": 17, ""candidate__digitalvideo"": 14, ""candidate__facebook"": 1, ""candidate__instagram"": 9, ""candidate__localtv"": 1, ""candidate__ooh"": 16, ""candidate__opentv"": 11, ""candidate__paytv"": 7, ""candidate__print"": 14, ""candidate__radio"": 4, ""candidate__tiktok"": 8, ""candidate__twitter"": 13, ""candidate__youtube"": 16}",PRUNED
1229,1707.3419931815922,2026-09-21 11:39:52.432063,2026-09-21 11:39:53.077870,0 days 00:00:00.645807,3,14,16,3,16,0,16,8,9,12,4,13,14,16,"{""candidate__cinema"": 3, ""candidate__digitaldisplayandsearch"": 14, ""candidate__digitalvideo"": 16, ""candidate__facebook"": 3, ""candidate__instagram"": 16, ""candidate__localtv"": 0, ""candidate__ooh"": 16, ""candidate__opentv"": 8, ""candidate__paytv"": 9, ""candidate__print"": 12, ""candidate__radio"": 4, ""candidate__tiktok"": 13, ""candidate__twitter"": 14, ""candidate__youtube"": 16}",COMPLETE
1230,2063.8357227567913,2026-09-21 11:39:53.097222,2026-09-21 11:39:53.461806,0 days 00:00:00.364584,2,16,15,2,11,0,16,6,5,13,4,12,14,15,"{""candidate__cinema"": 2, ""candidate__digitaldisplayandsearch"": 16, ""candidate__digitalvideo"": 15, ""candidate__facebook"": 2, ""candidate__instagram"": 11, ""candidate__localtv"": 0, ""candidate__ooh"": 16, ""candidate__opentv"": 6, ""candidate__paytv"": 5, ""candidate__print"": 13, ""candidate__radio"": 4, ""candidate__tiktok"": 12, ""candidate__twitter"": 14, ""candidate__youtube"": 15}",PRUNED
1231,2085.070140618668,2026-09-21 11:39:53.516537,2026-09-21 11:39:53.856591,0 days 00:00:00.340054,4,17,16,1,10,0,15,11,7,16,6,7,15,15,"{""candidate__cinema"": 4, ""candidate__digitaldisplayandsearch"": 17, ""candidate__digitalvideo"": 16, ""candidate__facebook"": 1, ""candidate__instagram"": 10, ""candidate__localtv"": 0, ""candidate__ooh"": 15, ""candidate__opentv"": 11, ""candidate__paytv"": 7, ""candidate__print"": 16, ""candidate__radio"": 6, ""candidate__tiktok"": 7, ""candidate__twitter"": 15, ""candidate__youtube"": 15}",PRUNED
1232,2077.0083094255806,2026-09-21 11:39:53.878768,2026-09-21 11:39:54.229007,0 days 00:00:00.350239,5,12,16,1,13,1,16,10,8,12,5,13,13,15,"{""candidate__cinema"": 5, ""candidate__digitaldisplayandsearch"": 12, ""candidate__digitalvideo"": 16, ""candidate__facebook"": 1, ""candidate__instagram"": 13, ""candidate__localtv"": 1, ""candidate__ooh"": 16, ""candidate__opentv"": 10, ""candidate__paytv"": 8, ""candidate__print"": 12, ""candidate__radio"": 5, ""candidate__tiktok"": 13, ""candidate__twitter"": 13, ""candidate__youtube"": 15}",PRUNED
1233,2086.8065047066916,2026-09-21 11:39:54.245304,2026-09-21 11:39:54.577902,0 days 00:00:00.332598,5,15,15,1,15,1,16,11,7,11,5,14,14,15,"{""candidate__cinema"": 5, ""candidate__digitaldisplayandsearch"": 15, ""candidate__digitalvideo"": 15, ""candidate__facebook"": 1, ""candidate__instagram"": 15, ""candidate__localtv"": 1, ""candidate__ooh"": 16, ""candidate__opentv"": 11, ""candidate__paytv"": 7, ""candidate__print"": 11, ""candidate__radio"": 5, ""candidate__tiktok"": 14, ""candidate__twitter"": 14, ""candidate__youtube"": 15}",PRUNED
1234,2059.458695796322,2026-09-21 11:39:54.596889,2026-09-21 11:39:55.019760,0 days 00:00:00.422871,3,15,15,1,10,0,17,11,7,14,4,5,14,15,"{""candidate__cinema"": 3, ""candidate__digitaldisplayandsearch"": 15, ""candidate__digitalvideo"": 15, ""candidate__facebook"": 1, ""candidate__instagram"": 10, ""candidate__localtv"": 0, ""candidate__ooh"": 17, ""candidate__opentv"": 11, ""candidate__paytv"": 7, ""candidate__print"": 14, ""candidate__radio"": 4, ""candidate__tiktok"": 5, ""candidate__twitter"": 14, ""candidate__youtube"": 15}",PRUNED
1235,2072.0761100480718,2026-09-21 11:39:55.037500,2026-09-21 11:39:55.463379,0 days 00:00:00.425879,5,14,15,0,14,1,17,8,10,14,4,14,12,15,"{""candidate__cinema"": 5, ""candidate__digitaldisplayandsearch"": 14, ""candidate__digitalvideo"": 15, ""candidate__facebook"": 0, ""candidate__instagram"": 14, ""candidate__localtv"": 1, ""candidate__ooh"": 17, ""candidate__opentv"": 8, ""candidate__paytv"": 10, ""candidate__print"": 14, ""candidate__radio"": 4, ""candidate__tiktok"": 14, ""candidate__twitter"": 12, ""candidate__youtube"": 15}",PRUNED
1236,2079.879802718314,2026-09-21 11:39:55.483637,2026-09-21 11:39:55.990766,0 days 00:00:00.507129,4,14,15,1,7,1,16,12,10,14,7,13,15,15,"{""candidate__cinema"": 4, ""candidate__digitaldisplayandsearch"": 14, ""candidate__digitalvideo"": 15, ""candidate__facebook"": 1, ""candidate__instagram"": 7, ""candidate__localtv"": 1, ""candidate__ooh"": 16, ""candidate__opentv"": 12, ""candidate__paytv"": 10, ""candidate__print"": 14, ""candidate__radio"": 7, ""candidate__tiktok"": 13, ""candidate__twitter"": 15, ""candidate__youtube"": 15}",PRUNED
1237,2082.297347323376,2026-09-21 11:39:56.008047,2026-09-21 11:39:56.373229,0 days 00:00:00.365182,3,14,15,2,13,0,15,7,9,13,4,14,14,14,"{""candidate__cinema"": 3, ""candidate__digitaldisplayandsearch"": 14, ""candidate__digitalvideo"": 15, ""candidate__facebook"": 2, ""candidate__instagram"": 13, ""candidate__localtv"": 0, ""candidate__ooh"": 15, ""candidate__opentv"": 7, ""candidate__paytv"": 9, ""candidate__print"": 13, ""candidate__radio"": 4, ""candidate__tiktok"": 14, ""candidate__twitter"": 14, ""candidate__youtube"": 14}",PRUNED
1238,2059.5856674657025,2026-09-21 11:39:56.393646,2026-09-21 11:39:56.815271,0 days 00:00:00.421625,2,16,14,2,16,0,16,7,11,13,4,12,15,14,"{""candidate__cinema"": 2, ""candidate__digitaldisplayandsearch"": 16, ""candidate__digitalvideo"": 14, ""candidate__facebook"": 2, ""candidate__instagram"": 16, ""candidate__localtv"": 0, ""candidate__ooh"": 16, ""candidate__opentv"": 7, ""candidate__paytv"": 11, ""candidate__print"": 13, ""candidate__radio"": 4, ""candidate__tiktok"": 12, ""candidate__twitter"": 15, ""candidate__youtube"": 14}",PRUNED
1239,2065.0815961524877,2026-09-21 11:39:56.837399,2026-09-21 11:39:57.251100,0 days 00:00:00.413701,5,15,17,1,13,0,17,8,14,13,6,12,12,15,"{""candidate__cinema"": 5, ""candidate__digitaldisplayandsearch"": 15, ""candidate__digitalvideo"": 17, ""candidate__facebook"": 1, ""candidate__instagram"": 13, ""candidate__localtv"": 0, ""candidate__ooh"": 17, ""candidate__opentv"": 8, ""candidate__paytv"": 14, ""candidate__print"": 13, ""candidate__radio"": 6, ""candidate__tiktok"": 12, ""candidate__twitter"": 12, ""candidate__youtube"": 15}",PRUNED
1240,2061.7649896957328,2026-09-21 11:39:57.270967,2026-09-21 11:39:57.730012,0 days 00:00:00.459045,3,15,16,2,13,0,16,8,13,12,7,11,11,15,"{""candidate__cinema"": 3, ""candidate__digitaldisplayandsearch"": 15, ""candidate__digitalvideo"": 16, ""candidate__facebook"": 2, ""candidate__instagram"": 13, ""candidate__localtv"": 0, ""candidate__ooh"": 16, ""candidate__opentv"": 8, ""candidate__paytv"": 13, ""candidate__print"": 12, ""candidate__radio"": 7, ""candidate__tiktok"": 11, ""candidate__twitter"": 11, ""candidate__youtube"": 15}",PRUNED
1241,2079.534207785041,2026-09-21 11:39:57.748620,2026-09-21 11:39:58.177380,0 days 00:00:00.428760,4,17,15,1,10,0,15,11,7,16,5,7,12,15,"{""candidate__cinema"": 4, ""candidate__digitaldisplayandsearch"": 17, ""candidate__digitalvideo"": 15, ""candidate__facebook"": 1, ""candidate__instagram"": 10, ""candidate__localtv"": 0, ""candidate__ooh"": 15, ""candidate__opentv"": 11, ""candidate__paytv"": 7, ""candidate__print"": 16, ""candidate__radio"": 5, ""candidate__tiktok"": 7, ""candidate__twitter"": 12, ""candidate__youtube"": 15}",PRUNED
1242,2064.831605912442,2026-09-21 11:39:58.198429,2026-09-21 11:39:58.614095,0 days 00:00:00.415666,3,16,15,3,15,0,16,8,9,14,5,13,14,15,"{""candidate__cinema"": 3, ""candidate__digitaldisplayandsearch"": 16, ""candidate__digitalvideo"": 15, ""candidate__facebook"": 3, ""candidate__instagram"": 15, ""candidate__localtv"": 0, ""candidate__ooh"": 16, ""candidate__opentv"": 8, ""candidate__paytv"": 9, ""candidate__print"": 14, ""candidate__radio"": 5, ""candidate__tiktok"": 13, ""candidate__twitter"": 14, ""candidate__youtube"": 15}",PRUNED
1243,2063.8131333921438,2026-09-21 11:39:58.632654,2026-09-21 11:39:59.019291,0 days 00:00:00.386637,4,14,14,1,11,0,16,11,10,12,6,8,16,15,"{""candidate__cinema"": 4, ""candidate__digitaldisplayandsearch"": 14, ""candidate__digitalvideo"": 14, ""candidate__facebook"": 1, ""candidate__instagram"": 11, ""candidate__localtv"": 0, ""candidate__ooh"": 16, ""candidate__opentv"": 11, ""candidate__paytv"": 10, ""candidate__print"": 12, ""candidate__radio"": 6, ""candidate__tiktok"": 8, ""candidate__twitter"": 16, ""candidate__youtube"": 15}",PRUNED
1244,1704.544858762624,2026-09-21 11:39:59.037990,2026-09-21 11:39:59.717149,0 days 00:00:00.679159,4,15,15,1,13,0,16,8,12,11,8,12,14,15,"{""candidate__cinema"": 4, ""candidate__digitaldisplayandsearch"": 15, ""candidate__digitalvideo"": 15, ""candidate__facebook"": 1, ""candidate__instagram"": 13, ""candidate__localtv"": 0, ""candidate__ooh"": 16, ""candidate__opentv"": 8, ""candidate__paytv"": 12, ""candidate__print"": 11, ""candidate__radio"": 8, ""candidate__tiktok"": 12, ""candidate__twitter"": 14, ""candidate__youtube"": 15}",COMPLETE
1245,2099.8293164720358,2026-09-21 11:39:59.742486,2026-09-21 11:40:00.146087,0 days 00:00:00.403601,5,15,14,1,10,1,15,11,7,13,4,7,14,15,"{""candidate__cinema"": 5, ""candidate__digitaldisplayandsearch"": 15, ""candidate__digitalvideo"": 14, ""candidate__facebook"": 1, ""candidate__instagram"": 10, ""candidate__localtv"": 1, ""candidate__ooh"": 15, ""candidate__opentv"": 11, ""candidate__paytv"": 7, ""candidate__print"": 13, ""candidate__radio"": 4, ""candidate__tiktok"": 7, ""candidate__twitter"": 14, ""candidate__youtube"": 15}",PRUNED
1246,1708.1857613473624,2026-09-21 11:40:00.169737,2026-09-21 11:40:00.928685,0 days 00:00:00.758948,5,15,15,1,14,0,17,7,13,12,7,12,13,15,"{""candidate__cinema"": 5, ""candidate__digitaldisplayandsearch"": 15, ""candidate__digitalvideo"": 15, ""candidate__facebook"": 1, ""candidate__instagram"": 14, ""candidate__localtv"": 0, ""candidate__ooh"": 17, ""candidate__opentv"": 7, ""candidate__paytv"": 13, ""candidate__print"": 12, ""candidate__radio"": 7, ""candidate__tiktok"": 12, ""candidate__twitter"": 13, ""candidate__youtube"": 15}",COMPLETE
1247,2061.166750416411,2026-09-21 11:40:00.949159,2026-09-21 11:40:01.778619,0 days 00:00:00.829460,3,15,14,1,13,0,16,7,11,12,7,12,13,15,"{""candidate__cinema"": 3, ""candidate__digitaldisplayandsearch"": 15, ""candidate__digitalvideo"": 14, ""candidate__facebook"": 1, ""candidate__instagram"": 13, ""candidate__localtv"": 0, ""candidate__ooh"": 16, ""candidate__opentv"": 7, ""candidate__paytv"": 11, ""candidate__print"": 12, ""candidate__radio"": 7, ""candidate__tiktok"": 12, ""candidate__twitter"": 13, ""candidate__youtube"": 15}",PRUNED
1248,2058.857212430623,2026-09-21 11:40:01.800632,2026-09-21 11:40:02.199328,0 days 00:00:00.398696,4,15,15,2,13,0,16,8,15,11,7,12,13,14,"{""candidate__cinema"": 4, ""candidate__digitaldisplayandsearch"": 15, ""candidate__digitalvideo"": 15, ""candidate__facebook"": 2, ""candidate__instagram"": 13, ""candidate__localtv"": 0, ""candidate__ooh"": 16, ""candidate__opentv"": 8, ""candidate__paytv"": 15, ""candidate__print"": 11, ""candidate__radio"": 7, ""candidate__tiktok"": 12, ""candidate__twitter"": 13, ""candidate__youtube"": 14}",PRUNED
1249,2061.341928355698,2026-09-21 11:40:02.221384,2026-09-21 11:40:02.595767,0 days 00:00:00.374383,4,17,14,1,13,0,16,7,11,12,6,12,12,14,"{""candidate__cinema"": 4, ""candidate__digitaldisplayandsearch"": 17, ""candidate__digitalvideo"": 14, ""candidate__facebook"": 1, ""candidate__instagram"": 13, ""candidate__localtv"": 0, ""candidate__ooh"": 16, ""candidate__opentv"": 7, ""candidate__paytv"": 11, ""candidate__print"": 12, ""candidate__radio"": 6, ""candidate__tiktok"": 12, ""candidate__twitter"": 12, ""candidate__youtube"": 14}",PRUNED
1250,1705.2943248106665,2026-09-21 11:40:02.616792,2026-09-21 11:40:03.328284,0 days 00:00:00.711492,3,17,15,1,10,0,16,11,4,11,7,13,9,15,"{""candidate__cinema"": 3, ""candidate__digitaldisplayandsearch"": 17, ""candidate__digitalvideo"": 15, ""candidate__facebook"": 1, ""candidate__instagram"": 10, ""candidate__localtv"": 0, ""candidate__ooh"": 16, ""candidate__opentv"": 11, ""candidate__paytv"": 4, ""candidate__print"": 11, ""candidate__radio"": 7, ""candidate__tiktok"": 13, ""candidate__twitter"": 9, ""candidate__youtube"": 15}",COMPLETE
1251,2066.633301355888,2026-09-21 11:40:03.353752,2026-09-21 11:40:03.760392,0 days 00:00:00.406640,4,17,14,2,11,0,16,11,8,15,5,9,14,15,"{""candidate__cinema"": 4, ""candidate__digitaldisplayandsearch"": 17, ""candidate__digitalvideo"": 14, ""candidate__facebook"": 2, ""candidate__instagram"": 11, ""candidate__localtv"": 0, ""candidate__ooh"": 16, ""candidate__opentv"": 11, ""candidate__paytv"": 8, ""candidate__print"": 15, ""candidate__radio"": 5, ""candidate__tiktok"": 9, ""candidate__twitter"": 14, ""candidate__youtube"": 15}",PRUNED
1252,2058.2218187997564,2026-09-21 11:40:03.781087,2026-09-21 11:40:04.212758,0 days 00:00:00.431671,4,14,14,1,8,0,17,11,8,13,6,10,17,16,"{""candidate__cinema"": 4, ""candidate__digitaldisplayandsearch"": 14, ""candidate__digitalvideo"": 14, ""candidate__facebook"": 1, ""candidate__instagram"": 8, ""candidate__localtv"": 0, ""candidate__ooh"": 17, ""candidate__opentv"": 11, ""candidate__paytv"": 8, ""candidate__print"": 13, ""candidate__radio"": 6, ""candidate__tiktok"": 10, ""candidate__twitter"": 17, ""candidate__youtube"": 16}",PRUNED
1253,2074.659876954603,2026-09-21 11:40:04.231233,2026-09-21 11:40:04.679225,0 days 00:00:00.447992,5,12,15,2,16,0,15,8,10,12,4,13,14,15,"{""candidate__cinema"": 5, ""candidate__digitaldisplayandsearch"": 12, ""candidate__digitalvideo"": 15, ""candidate__facebook"": 2, ""candidate__instagram"": 16, ""candidate__localtv"": 0, ""candidate__ooh"": 15, ""candidate__opentv"": 8, ""candidate__paytv"": 10, ""candidate__print"": 12, ""candidate__radio"": 4, ""candidate__tiktok"": 13, ""candidate__twitter"": 14, ""candidate__youtube"": 15}",PRUNED
1254,1706.445881964022,2026-09-21 11:40:04.700715,2026-09-21 11:40:05.361268,0 days 00:00:00.660553,5,13,15,0,13,0,16,8,7,12,4,12,15,16,"{""candidate__cinema"": 5, ""candidate__digitaldisplayandsearch"": 13, ""candidate__digitalvideo"": 15, ""candidate__facebook"": 0, ""candidate__instagram"": 13, ""candidate__localtv"": 0, ""candidate__ooh"": 16, ""candidate__opentv"": 8, ""candidate__paytv"": 7, ""candidate__print"": 12, ""candidate__radio"": 4, ""candidate__tiktok"": 12, ""candidate__twitter"": 15, ""candidate__youtube"": 16}",COMPLETE
