number,value,datetime_start,datetime_complete,duration,params_candidate__cinema,params_candidate__digitaldisplayandsearch,params_candidate__digitalvideo,params_candidate__facebook,params_candidate__instagram,params_candidate__localtv,params_candidate__ooh,params_candidate__opentv,params_candidate__paytv,params_candidate__print,params_candidate__radio,params_candidate__tiktok,params_candidate__twitter,params_candidate__youtube,system_attrs_tpe:relative_params:0,state
1177,2060.8641166916923,2026-09-21 11:39:23.986828,2026-09-21 11:39:24.389879,0 days 00:00:00.403051,2,17,15,0,11,0,16,11,8,12,5,8,14,14,"{""candidate__cinema"": 2, ""candidate__digitaldisplayandsearch"": 17, ""candidate__digitalvideo"": 15, ""candidate__facebook"": 0, ""candidate__instagram"": 11, ""candidate__localtv"": 0, ""candidate__ooh"": 16, ""candidate__opentv"": 11, ""candidate__paytv"": 8, ""candidate__print"": 12, ""candidate__radio"": 5, ""candidate__tiktok"": 8, ""candidate__twitter"": 14, ""candidate__youtube"": 14}",PRUNED
1178,2062.822221841324,2026-09-21 11:39:24.409149,2026-09-21 11:39:25.118380,0 days 00:00:00.709231,4,13,16,1,10,0,17,8,9,13,6,9,16,15,"{""candidate__cinema"": 4, ""candidate__digitaldisplayandsearch"": 13, ""candidate__digitalvideo"": 16, ""candidate__facebook"": 1, ""candidate__instagram"": 10, ""candidate__localtv"": 0, ""candidate__ooh"": 17, ""candidate__opentv"": 8, ""candidate__paytv"": 9, ""candidate__print"": 13, ""candidate__radio"": 6, ""candidate__tiktok"": 9, ""candidate__twitter"": 16, ""candidate__youtube"": 15}",PRUNED
1179,1709.7388240718847,2026-09-21 11:39:25.138773,2026-09-21 11:39:25.869333,0 days 00:00:00.730560,6,14,15,2,13,0,17,6,8,13,3,13,15,16,"{""candidate__cinema"": 6, ""candidate__digitaldisplayandsearch"": 14, ""candidate__digitalvideo"": 15, ""candidate__facebook"": 2, ""candidate__instagram"": 13, ""candidate__localtv"": 0, ""candidate__ooh"": 17, ""candidate__opentv"": 6, ""candidate__paytv"": 8, ""candidate__print"": 13, ""candidate__radio"": 3, ""candidate__tiktok"": 13, ""candidate__twitter"": 15, ""candidate__youtube"": 16}",PRUNED
1180,1705.3854203263063,2026-09-21 11:39:25.885785,2026-09-21 11:39:26.539248,0 days 00:00:00.653463,0,16,15,1,10,0,16,5,7,12,6,13,13,15,"{""candidate__cinema"": 0, ""candidate__digitaldisplayandsearch"": 16, ""candidate__digitalvideo"": 15, ""candidate__facebook"": 1, ""candidate__instagram"": 10, ""candidate__localtv"": 0, ""candidate__ooh"": 16, ""candidate__opentv"": 5, ""candidate__paytv"": 7, ""candidate__print"": 12, ""candidate__radio"": 6, ""candidate__tiktok"": 13, ""candidate__twitter"": 13, ""candidate__youtube"": 15}",COMPLETE
1181,1709.0890160062154,2026-09-21 11:39:26.568667,2026-09-21 11:39:27.231708,0 days 00:00:00.663041,5,12,14,2,13,0,16,8,8,12,4,13,12,16,"{""candidate__cinema"": 5, ""candidate__digitaldisplayandsearch"": 12, ""candidate__digitalvideo"": 14, ""candidate__facebook"": 2, ""candidate__instagram"": 13, ""candidate__localtv"": 0, ""candidate__ooh"": 16, ""candidate__opentv"": 8, ""candidate__paytv"": 8, ""candidate__print"": 12, ""candidate__radio"": 4, ""candidate__tiktok"": 13, ""candidate__twitter"": 12, ""candidate__youtube"": 16}",PRUNED
1182,2067.496489591498,2026-09-21 11:39:27.252572,2026-09-21 11:39:27.668289,0 days 00:00:00.415717,4,15,16,2,10,0,16,13,10,14,6,9,16,15,"{""candidate__cinema"": 4, ""candidate__digitaldisplayandsearch"": 15, ""candidate__digitalvideo"": 16, ""candidate__facebook"": 2, ""candidate__instagram"": 10, ""candidate__localtv"": 0, ""candidate__ooh"": 16, ""candidate__opentv"": 13, ""candidate__paytv"": 10, ""candidate__print"": 14, ""candidate__radio"": 6, ""candidate__tiktok"": 9, ""candidate__twitter"": 16, ""candidate__youtube"": 15}",PRUNED
1183,2062.7005119104047,2026-09-21 11:39:27.689389,2026-09-21 11:39:28.066386,0 days 00:00:00.376997,3,16,14,1,10,0,16,4,6,11,6,12,13,15,"{""candidate__cinema"": 3, ""candidate__digitaldisplayandsearch"": 16, ""candidate__digitalvideo"": 14, ""candidate__facebook"": 1, ""candidate__instagram"": 10, ""candidate__localtv"": 0, ""candidate__ooh"": 16, ""candidate__opentv"": 4, ""candidate__paytv"": 6, ""candidate__print"": 11, ""candidate__radio"": 6, ""candidate__tiktok"": 12, ""candidate__twitter"": 13, ""candidate__youtube"": 15}",PRUNED
1184,2065.8928845435007,2026-09-21 11:39:28.085841,2026-09-21 11:39:28.571593,0 days 00:00:00.485752,2,17,15,1,9,0,16,12,5,12,5,13,10,16,"{""candidate__cinema"": 2, ""candidate__digitaldisplayandsearch"": 17, ""candidate__digitalvideo"": 15, ""candidate__facebook"": 1, ""candidate__instagram"": 9, ""candidate__localtv"": 0, ""candidate__ooh"": 16, ""candidate__opentv"": 12, ""candidate__paytv"": 5, ""candidate__print"": 12, ""candidate__radio"": 5, ""candidate__tiktok"": 13, ""candidate__twitter"": 10, ""candidate__youtube"": 16}",PRUNED
1185,1706.1121275420699,2026-09-21 11:39:28.593421,2026-09-21 11:39:29.307966,0 days 00:00:00.714545,4,12,16,0,16,0,16,9,10,13,5,12,14,15,"{""candidate__cinema"": 4, ""candidate__digitaldisplayandsearch"": 12, ""candidate__digitalvideo"": 16, ""candidate__facebook"": 0, ""candidate__instagram"": 16, ""candidate__localtv"": 0, ""candidate__ooh"": 16, ""candidate__opentv"": 9, ""candidate__paytv"": 10, ""candidate__print"": 13, ""candidate__radio"": 5, ""candidate__tiktok"": 12, ""candidate__twitter"": 14, ""candidate__youtube"": 15}",COMPLETE
1186,2077.2875044677317,2026-09-21 11:39:29.328819,2026-09-21 11:39:29.694239,0 days 00:00:00.365420,5,13,15,1,8,1,16,10,8,15,7,13,15,15,"{""candidate__cinema"": 5, ""candidate__digitaldisplayandsearch"": 13, ""candidate__digitalvideo"": 15, ""candidate__facebook"": 1, ""candidate__instagram"": 8, ""candidate__localtv"": 1, ""candidate__ooh"": 16, ""candidate__opentv"": 10, ""candidate__paytv"": 8, ""candidate__print"": 15, ""candidate__radio"": 7, ""candidate__tiktok"": 13, ""candidate__twitter"": 15, ""candidate__youtube"": 15}",PRUNED
1187,1705.201965980192,2026-09-21 11:39:29.715505,2026-09-21 11:39:30.618213,0 days 00:00:00.902708,4,16,15,1,10,0,16,11,7,14,4,7,14,15,"{""candidate__cinema"": 4, ""candidate__digitaldisplayandsearch"": 16, ""candidate__digitalvideo"": 15, ""candidate__facebook"": 1, ""candidate__instagram"": 10, ""candidate__localtv"": 0, ""candidate__ooh"": 16, ""candidate__opentv"": 11, ""candidate__paytv"": 7, ""candidate__print"": 14, ""candidate__radio"": 4, ""candidate__tiktok"": 7, ""candidate__twitter"": 14, ""candidate__youtube"": 15}",COMPLETE
1188,2081.491635699244,2026-09-21 11:39:30.646994,2026-09-21 11:39:31.068350,0 days 00:00:00.421356,3,17,14,1,10,0,15,10,9,14,4,9,13,16,"{""candidate__cinema"": 3, ""candidate__digitaldisplayandsearch"": 17, ""candidate__digitalvideo"": 14, ""candidate__facebook"": 1, ""candidate__instagram"": 10, ""candidate__localtv"": 0, ""candidate__ooh"": 15, ""candidate__opentv"": 10, ""candidate__paytv"": 9, ""candidate__print"": 14, ""candidate__radio"": 4, ""candidate__tiktok"": 9, ""candidate__twitter"": 13, ""candidate__youtube"": 16}",PRUNED
1189,1706.5404585782653,2026-09-21 11:39:31.090464,2026-09-21 11:39:31.818787,0 days 00:00:00.728323,4,16,14,1,14,0,16,8,12,12,5,12,14,15,"{""candidate__cinema"": 4, ""candidate__digitaldisplayandsearch"": 16, ""candidate__digitalvideo"": 14, ""candidate__facebook"": 1, ""candidate__instagram"": 14, ""candidate__localtv"": 0, ""candidate__ooh"": 16, ""candidate__opentv"": 8, ""candidate__paytv"": 12, ""candidate__print"": 12, ""candidate__radio"": 5, ""candidate__tiktok"": 12, ""candidate__twitter"": 14, ""candidate__youtube"": 15}",COMPLETE
1190,2081.4983735339947,2026-09-21 11:39:31.849575,2026-09-21 11:39:32.237985,0 days 00:00:00.388410,5,13,15,1,13,1,15,6,7,13,3,14,15,16,"{""candidate__cinema"": 5, ""candidate__digitaldisplayandsearch"": 13, ""candidate__digitalvideo"": 15, ""candidate__facebook"": 1, ""candidate__instagram"": 13, ""candidate__localtv"": 1, ""candidate__ooh"": 15, ""candidate__opentv"": 6, ""candidate__paytv"": 7, ""candidate__print"": 13, ""candidate__radio"": 3, ""candidate__tiktok"": 14, ""candidate__twitter"": 15, ""candidate__youtube"": 16}",PRUNED
1191,2085.7618224921994,2026-09-21 11:39:32.259023,2026-09-21 11:39:32.674545,0 days 00:00:00.415522,4,14,14,1,7,1,17,11,9,13,7,8,17,14,"{""candidate__cinema"": 4, ""candidate__digitaldisplayandsearch"": 14, ""candidate__digitalvideo"": 14, ""candidate__facebook"": 1, ""candidate__instagram"": 7, ""candidate__localtv"": 1, ""candidate__ooh"": 17, ""candidate__opentv"": 11, ""candidate__paytv"": 9, ""candidate__print"": 13, ""candidate__radio"": 7, ""candidate__tiktok"": 8, ""candidate__twitter"": 17, ""candidate__youtube"": 14}",PRUNED
1192,2061.768246606984,2026-09-21 11:39:32.695279,2026-09-21 11:39:33.106738,0 days 00:00:00.411459,4,16,15,2,10,0,16,12,6,12,6,13,10,15,"{""candidate__cinema"": 4, ""candidate__digitaldisplayandsearch"": 16, ""candidate__digitalvideo"": 15, ""candidate__facebook"": 2, ""candidate__instagram"": 10, ""candidate__localtv"": 0, ""candidate__ooh"": 16, ""candidate__opentv"": 12, ""candidate__paytv"": 6, ""candidate__print"": 12, ""candidate__radio"": 6, ""candidate__tiktok"": 13, ""candidate__twitter"": 10, ""candidate__youtube"": 15}",PRUNED
1193,2062.0112855058496,2026-09-21 11:39:33.130495,2026-09-21 11:39:33.485225,0 days 00:00:00.354730,4,15,15,1,8,0,16,11,8,15,6,13,15,14,"{""candidate__cinema"": 4, ""candidate__digitaldisplayandsearch"": 15, ""candidate__digitalvideo"": 15, ""candidate__facebook"": 1, ""candidate__instagram"": 8, ""candidate__localtv"": 0, ""candidate__ooh"": 16, ""candidate__opentv"": 11, ""candidate__paytv"": 8, ""candidate__print"": 15, ""candidate__radio"": 6, ""candidate__tiktok"": 13, ""candidate__twitter"": 15, ""candidate__youtube"": 14}",PRUNED
1194,1972.2050057797005,2026-09-21 11:39:33.504551,2026-09-21 11:39:34.067752,0 days 00:00:00.563201,5,16,15,1,13,0,17,8,10,12,5,12,13,14,"{""candidate__cinema"": 5, ""candidate__digitaldisplayandsearch"": 16, ""candidate__digitalvideo"": 15, ""candidate__facebook"": 1, ""candidate__instagram"": 13, ""candidate__localtv"": 0, ""candidate__ooh"": 17, ""candidate__opentv"": 8, ""candidate__paytv"": 10, ""candidate__print"": 12, ""candidate__radio"": 5, ""candidate__tiktok"": 12, ""candidate__twitter"": 13, ""candidate__youtube"": 14}",PRUNED
1195,2073.041057141616,2026-09-21 11:39:34.085537,2026-09-21 11:39:34.491449,0 days 00:00:00.405912,4,16,17,1,15,0,16,9,12,13,7,11,13,15,"{""candidate__cinema"": 4, ""candidate__digitaldisplayandsearch"": 16, ""candidate__digitalvideo"": 17, ""candidate__facebook"": 1, ""candidate__instagram"": 15, ""candidate__localtv"": 0, ""candidate__ooh"": 16, ""candidate__opentv"": 9, ""candidate__paytv"": 12, ""candidate__print"": 13, ""candidate__radio"": 7, ""candidate__tiktok"": 11, ""candidate__twitter"": 13, ""candidate__youtube"": 15}",PRUNED
1196,1707.1400275234128,2026-09-21 11:39:34.514145,2026-09-21 11:39:35.425503,0 days 00:00:00.911358,5,16,16,1,17,0,16,9,14,13,8,12,13,15,"{""candidate__cinema"": 5, ""candidate__digitaldisplayandsearch"": 16, ""candidate__digitalvideo"": 16, ""candidate__facebook"": 1, ""candidate__instagram"": 17, ""candidate__localtv"": 0, ""candidate__ooh"": 16, ""candidate__opentv"": 9, ""candidate__paytv"": 14, ""candidate__print"": 13, ""candidate__radio"": 8, ""candidate__tiktok"": 12, ""candidate__twitter"": 13, ""candidate__youtube"": 15}",COMPLETE
1197,1706.2564154971096,2026-09-21 11:39:35.450902,2026-09-21 11:39:36.085172,0 days 00:00:00.634270,4,13,16,0,16,0,16,7,10,15,6,13,14,15,"{""candidate__cinema"": 4, ""candidate__digitaldisplayandsearch"": 13, ""candidate__digitalvideo"": 16, ""candidate__facebook"": 0, ""candidate__instagram"": 16, ""candidate__localtv"": 0, ""candidate__ooh"": 16, ""candidate__opentv"": 7, ""candidate__paytv"": 10, ""candidate__print"": 15, ""candidate__radio"": 6, ""candidate__tiktok"": 13, ""candidate__twitter"": 14, ""candidate__youtube"": 15}",COMPLETE
1198,2071.5501512788032,2026-09-21 11:39:36.104338,2026-09-21 11:39:36.463923,0 days 00:00:00.359585,4,16,16,1,14,0,15,7,11,12,5,12,13,16,"{""candidate__cinema"": 4, ""candidate__digitaldisplayandsearch"": 16, ""candidate__digitalvideo"": 16, ""candidate__facebook"": 1, ""candidate__instagram"": 14, ""candidate__localtv"": 0, ""candidate__ooh"": 15, ""candidate__opentv"": 7, ""candidate__paytv"": 11, ""candidate__print"": 12, ""candidate__radio"": 5, ""candidate__tiktok"": 12, ""candidate__twitter"": 13, ""candidate__youtube"": 16}",PRUNED
1199,2064.7055311549984,2026-09-21 11:39:36.485376,2026-09-21 11:39:36.898741,0 days 00:00:00.413365,5,16,15,2,12,0,16,6,12,13,4,12,13,15,"{""candidate__cinema"": 5, ""candidate__digitaldisplayandsearch"": 16, ""candidate__digitalvideo"": 15, ""candidate__facebook"": 2, ""candidate__instagram"": 12, ""candidate__localtv"": 0, ""candidate__ooh"": 16, ""candidate__opentv"": 6, ""candidate__paytv"": 12, ""candidate__print"": 13, ""candidate__radio"": 4, ""candidate__tiktok"": 12, ""candidate__twitter"": 13, ""candidate__youtube"": 15}",PRUNED
1200,1705.3180095902055,2026-09-21 11:39:36.921803,2026-09-21 11:39:37.573345,0 days 00:00:00.651542,4,15,16,1,13,0,16,8,14,12,7,12,13,15,"{""candidate__cinema"": 4, ""candidate__digitaldisplayandsearch"": 15, ""candidate__digitalvideo"": 16, ""candidate__facebook"": 1, ""candidate__instagram"": 13, ""candidate__localtv"": 0, ""candidate__ooh"": 16, ""candidate__opentv"": 8, ""candidate__paytv"": 14, ""candidate__print"": 12, ""candidate__radio"": 7, ""candidate__tiktok"": 12, ""candidate__twitter"": 13, ""candidate__youtube"": 15}",COMPLETE
1201,2091.6174603479913,2026-09-21 11:39:37.595698,2026-09-21 11:39:37.937633,0 days 00:00:00.341935,3,17,15,1,10,1,15,11,3,12,4,13,13,14,"{""candidate__cinema"": 3, ""candidate__digitaldisplayandsearch"": 17, ""candidate__digitalvideo"": 15, ""candidate__facebook"": 1, ""candidate__instagram"": 10, ""candidate__localtv"": 1, ""candidate__ooh"": 15, ""candidate__opentv"": 11, ""candidate__paytv"": 3, ""candidate__print"": 12, ""candidate__radio"": 4, ""candidate__tiktok"": 13, ""candidate__twitter"": 13, ""candidate__youtube"": 14}",PRUNED
1202,1705.201965980192,2026-09-21 11:39:37.960883,2026-09-21 11:39:38.733584,0 days 00:00:00.772701,4,17,15,1,10,0,16,11,7,15,5,7,14,15,"{""candidate__cinema"": 4, ""candidate__digitaldisplayandsearch"": 17, ""candidate__digitalvideo"": 15, ""candidate__facebook"": 1, ""candidate__instagram"": 10, ""candidate__localtv"": 0, ""candidate__ooh"": 16, ""candidate__opentv"": 11, ""candidate__paytv"": 7, ""candidate__print"": 15, ""candidate__radio"": 5, ""candidate__tiktok"": 7, ""candidate__twitter"": 14, ""candidate__youtube"": 15}",COMPLETE
1203,2077.6249612372294,2026-09-21 11:39:38.752747,2026-09-21 11:39:39.113849,0 days 00:00:00.361102,2,16,16,0,9,0,16,10,5,12,8,13,10,15,"{""candidate__cinema"": 2, ""candidate__digitaldisplayandsearch"": 16, ""candidate__digitalvideo"": 16, ""candidate__facebook"": 0, ""candidate__instagram"": 9, ""candidate__localtv"": 0, ""candidate__ooh"": 16, ""candidate__opentv"": 10, ""candidate__paytv"": 5, ""candidate__print"": 12, ""candidate__radio"": 8, ""candidate__tiktok"": 13, ""candidate__twitter"": 10, ""candidate__youtube"": 15}",PRUNED
1204,2084.8562410524446,2026-09-21 11:39:39.133020,2026-09-21 11:39:39.558027,0 days 00:00:00.425007,4,15,16,1,12,0,15,9,14,12,7,13,12,15,"{""candidate__cinema"": 4, ""candidate__digitaldisplayandsearch"": 15, ""candidate__digitalvideo"": 16, ""candidate__facebook"": 1, ""candidate__instagram"": 12, ""candidate__localtv"": 0, ""candidate__ooh"": 15, ""candidate__opentv"": 9, ""candidate__paytv"": 14, ""candidate__print"": 12, ""candidate__radio"": 7, ""candidate__tiktok"": 13, ""candidate__twitter"": 12, ""candidate__youtube"": 15}",PRUNED
1205,2075.048124592355,2026-09-21 11:39:39.579832,2026-09-21 11:39:40.165827,0 days 00:00:00.585995,2,15,15,1,9,0,16,12,9,11,6,12,14,15,"{""candidate__cinema"": 2, ""candidate__digitaldisplayandsearch"": 15, ""candidate__digitalvideo"": 15, ""candidate__facebook"": 1, ""candidate__instagram"": 9, ""candidate__localtv"": 0, ""candidate__ooh"": 16, ""candidate__opentv"": 12, ""candidate__paytv"": 9, ""candidate__print"": 11, ""candidate__radio"": 6, ""candidate__tiktok"": 12, ""candidate__twitter"": 14, ""candidate__youtube"": 15}",PRUNED
1206,1710.2243914882174,2026-09-21 11:39:40.183439,2026-09-21 11:39:40.900161,0 days 00:00:00.716722,1,15,15,2,16,0,16,8,10,12,4,14,14,14,"{""candidate__cinema"": 1, ""candidate__digitaldisplayandsearch"": 15, ""candidate__digitalvideo"": 15, ""candidate__facebook"": 2, ""candidate__instagram"": 16, ""candidate__localtv"": 0, ""candidate__ooh"": 16, ""candidate__opentv"": 8, ""candidate__paytv"": 10, ""candidate__print"": 12, ""candidate__radio"": 4, ""candidate__tiktok"": 14, ""candidate__twitter"": 14, ""candidate__youtube"": 14}",PRUNED
1207,2068.179788474217,2026-09-21 11:39:40.920117,2026-09-21 11:39:41.383083,0 days 00:00:00.462966,4,14,16,1,13,1,16,8,14,11,7,12,13,16,"{""candidate__cinema"": 4, ""candidate__digitaldisplayandsearch"": 14, ""candidate__digitalvideo"": 16, ""candidate__facebook"": 1, ""candidate__instagram"": 13, ""candidate__localtv"": 1, ""candidate__ooh"": 16, ""candidate__opentv"": 8, ""candidate__paytv"": 14, ""candidate__print"": 11, ""candidate__radio"": 7, ""candidate__tiktok"": 12, ""candidate__twitter"": 13, ""candidate__youtube"": 16}",PRUNED
1208,2060.4591936605025,2026-09-21 11:39:41.402602,2026-09-21 11:39:41.827897,0 days 00:00:00.425295,5,16,14,2,14,0,16,5,11,12,4,13,13,14,"{""candidate__cinema"": 5, ""candidate__digitaldisplayandsearch"": 16, ""candidate__digitalvideo"": 14, ""candidate__facebook"": 2, ""candidate__instagram"": 14, ""candidate__localtv"": 0, ""candidate__ooh"": 16, ""candidate__opentv"": 5, ""candidate__paytv"": 11, ""candidate__print"": 12, ""candidate__radio"": 4, ""candidate__tiktok"": 13, ""candidate__twitter"": 13, ""candidate__youtube"": 14}",PRUNED
1209,2061.922670979646,2026-09-21 11:39:41.849964,2026-09-21 11:39:42.283609,0 days 00:00:00.433645,1,16,14,0,11,0,16,5,6,11,5,13,15,15,"{""candidate__cinema"": 1, ""candidate__digitaldisplayandsearch"": 16, ""candidate__digitalvideo"": 14, ""candidate__facebook"": 0, ""candidate__instagram"": 11, ""candidate__localtv"": 0, ""candidate__ooh"": 16, ""candidate__opentv"": 5, ""candidate__paytv"": 6, ""candidate__print"": 11, ""candidate__radio"": 5, ""candidate__tiktok"": 13, ""candidate__twitter"": 15, ""candidate__youtube"": 15}",PRUNED
1210,2073.2805795114227,2026-09-21 11:39:42.312310,2026-09-21 11:39:42.721763,0 days 00:00:00.409453,5,15,15,1,10,1,16,11,9,13,6,8,15,15,"{""candidate__cinema"": 5, ""candidate__digitaldisplayandsearch"": 15, ""candidate__digitalvideo"": 15, ""candidate__facebook"": 1, ""candidate__instagram"": 10, ""candidate__localtv"": 1, ""candidate__ooh"": 16, ""candidate__opentv"": 11, ""candidate__paytv"": 9, ""candidate__print"": 13, ""candidate__radio"": 6, ""candidate__tiktok"": 8, ""candidate__twitter"": 15, ""candidate__youtube"": 15}",PRUNED
1211,2059.458695796322,2026-09-21 11:39:42.738726,2026-09-21 11:39:43.153132,0 days 00:00:00.414406,4,16,15,1,10,0,17,11,8,16,5,7,14,15,"{""candidate__cinema"": 4, ""candidate__digitaldisplayandsearch"": 16, ""candidate__digitalvideo"": 15, ""candidate__facebook"": 1, ""candidate__instagram"": 10, ""candidate__localtv"": 0, ""candidate__ooh"": 17, ""candidate__opentv"": 11, ""candidate__paytv"": 8, ""candidate__print"": 16, ""candidate__radio"": 5, ""candidate__tiktok"": 7, ""candidate__twitter"": 14, ""candidate__youtube"": 15}",PRUNED
1212,2058.338205898602,2026-09-21 11:39:43.172225,2026-09-21 11:39:43.604878,0 days 00:00:00.432653,4,16,16,1,13,0,16,6,8,12,5,12,13,14,"{""candidate__cinema"": 4, ""candidate__digitaldisplayandsearch"": 16, ""candidate__digitalvideo"": 16, ""candidate__facebook"": 1, ""candidate__instagram"": 13, ""candidate__localtv"": 0, ""candidate__ooh"": 16, ""candidate__opentv"": 6, ""candidate__paytv"": 8, ""candidate__print"": 12, ""candidate__radio"": 5, ""candidate__tiktok"": 12, ""candidate__twitter"": 13, ""candidate__youtube"": 14}",PRUNED
1213,2068.9943706314652,2026-09-21 11:39:43.625499,2026-09-21 11:39:44.038980,0 days 00:00:00.413481,4,16,15,0,10,1,16,11,7,14,4,6,15,15,"{""candidate__cinema"": 4, ""candidate__digitaldisplayandsearch"": 16, ""candidate__digitalvideo"": 15, ""candidate__facebook"": 0, ""candidate__instagram"": 10, ""candidate__localtv"": 1, ""candidate__ooh"": 16, ""candidate__opentv"": 11, ""candidate__paytv"": 7, ""candidate__print"": 14, ""candidate__radio"": 4, ""candidate__tiktok"": 6, ""candidate__twitter"": 15, ""candidate__youtube"": 15}",PRUNED
1214,2063.554247600492,2026-09-21 11:39:44.061836,2026-09-21 11:39:44.502212,0 days 00:00:00.440376,5,14,14,2,13,0,16,5,9,14,4,12,15,15,"{""candidate__cinema"": 5, ""candidate__digitaldisplayandsearch"": 14, ""candidate__digitalvideo"": 14, ""candidate__facebook"": 2, ""candidate__instagram"": 13, ""candidate__localtv"": 0, ""candidate__ooh"": 16, ""candidate__opentv"": 5, ""candidate__paytv"": 9, ""candidate__print"": 14, ""candidate__radio"": 4, ""candidate__tiktok"": 12, ""candidate__twitter"": 15, ""candidate__youtube"": 15}",PRUNED
1215,2074.6927685072856,2026-09-21 11:39:44.529581,2026-09-21 11:39:45.173835,0 days 00:00:00.644254,5,14,16,1,17,1,16,9,11,13,6,13,14,15,"{""candidate__cinema"": 5, ""candidate__digitaldisplayandsearch"": 14, ""candidate__digitalvideo"": 16, ""candidate__facebook"": 1, ""candidate__instagram"": 17, ""candidate__localtv"": 1, ""candidate__ooh"": 16, ""candidate__opentv"": 9, ""candidate__paytv"": 11, ""candidate__print"": 13, ""candidate__radio"": 6, ""candidate__tiktok"": 13, ""candidate__twitter"": 14, ""candidate__youtube"": 15}",PRUNED
