number,value,datetime_start,datetime_complete,duration,params_candidate__cinema,params_candidate__digitaldisplayandsearch,params_candidate__digitalvideo,params_candidate__facebook,params_candidate__instagram,params_candidate__localtv,params_candidate__ooh,params_candidate__opentv,params_candidate__paytv,params_candidate__print,params_candidate__radio,params_candidate__tiktok,params_candidate__twitter,params_candidate__youtube,system_attrs_tpe:relative_params:0,state
1801,1706.2422772736845,2026-09-21 11:45:02.631706,2026-09-21 11:45:03.356694,0 days 00:00:00.724988,8,14,15,6,14,0,16,6,4,17,4,12,17,15,"{""candidate__cinema"": 8, ""candidate__digitaldisplayandsearch"": 14, ""candidate__digitalvideo"": 15, ""candidate__facebook"": 6, ""candidate__instagram"": 14, ""candidate__localtv"": 0, ""candidate__ooh"": 16, ""candidate__opentv"": 6, ""candidate__paytv"": 4, ""candidate__print"": 17, ""candidate__radio"": 4, ""candidate__tiktok"": 12, ""candidate__twitter"": 17, ""candidate__youtube"": 15}",COMPLETE
1802,2070.4062325397967,2026-09-21 11:45:03.380065,2026-09-21 11:45:03.797044,0 days 00:00:00.416979,8,12,15,1,14,1,16,3,6,13,5,11,14,15,"{""candidate__cinema"": 8, ""candidate__digitaldisplayandsearch"": 12, ""candidate__digitalvideo"": 15, ""candidate__facebook"": 1, ""candidate__instagram"": 14, ""candidate__localtv"": 1, ""candidate__ooh"": 16, ""candidate__opentv"": 3, ""candidate__paytv"": 6, ""candidate__print"": 13, ""candidate__radio"": 5, ""candidate__tiktok"": 11, ""candidate__twitter"": 14, ""candidate__youtube"": 15}",PRUNED
1803,2061.7917812097394,2026-09-21 11:45:03.822066,2026-09-21 11:45:04.252599,0 days 00:00:00.430533,6,13,16,2,13,0,16,3,6,11,9,12,17,15,"{""candidate__cinema"": 6, ""candidate__digitaldisplayandsearch"": 13, ""candidate__digitalvideo"": 16, ""candidate__facebook"": 2, ""candidate__instagram"": 13, ""candidate__localtv"": 0, ""candidate__ooh"": 16, ""candidate__opentv"": 3, ""candidate__paytv"": 6, ""candidate__print"": 11, ""candidate__radio"": 9, ""candidate__tiktok"": 12, ""candidate__twitter"": 17, ""candidate__youtube"": 15}",PRUNED
1804,2073.012441156819,2026-09-21 11:45:04.275367,2026-09-21 11:45:04.697834,0 days 00:00:00.422467,4,12,15,4,13,1,16,5,7,15,7,12,16,15,"{""candidate__cinema"": 4, ""candidate__digitaldisplayandsearch"": 12, ""candidate__digitalvideo"": 15, ""candidate__facebook"": 4, ""candidate__instagram"": 13, ""candidate__localtv"": 1, ""candidate__ooh"": 16, ""candidate__opentv"": 5, ""candidate__paytv"": 7, ""candidate__print"": 15, ""candidate__radio"": 7, ""candidate__tiktok"": 12, ""candidate__twitter"": 16, ""candidate__youtube"": 15}",PRUNED
1805,1704.1500514767295,2026-09-21 11:45:04.720318,2026-09-21 11:45:05.622570,0 days 00:00:00.902252,7,14,15,2,14,0,16,5,6,14,3,9,17,15,"{""candidate__cinema"": 7, ""candidate__digitaldisplayandsearch"": 14, ""candidate__digitalvideo"": 15, ""candidate__facebook"": 2, ""candidate__instagram"": 14, ""candidate__localtv"": 0, ""candidate__ooh"": 16, ""candidate__opentv"": 5, ""candidate__paytv"": 6, ""candidate__print"": 14, ""candidate__radio"": 3, ""candidate__tiktok"": 9, ""candidate__twitter"": 17, ""candidate__youtube"": 15}",COMPLETE
1806,2071.3851451780583,2026-09-21 11:45:05.647531,2026-09-21 11:45:06.113904,0 days 00:00:00.466373,5,14,15,1,13,1,16,4,7,12,4,13,17,14,"{""candidate__cinema"": 5, ""candidate__digitaldisplayandsearch"": 14, ""candidate__digitalvideo"": 15, ""candidate__facebook"": 1, ""candidate__instagram"": 13, ""candidate__localtv"": 1, ""candidate__ooh"": 16, ""candidate__opentv"": 4, ""candidate__paytv"": 7, ""candidate__print"": 12, ""candidate__radio"": 4, ""candidate__tiktok"": 13, ""candidate__twitter"": 17, ""candidate__youtube"": 14}",PRUNED
1807,2079.128413075227,2026-09-21 11:45:06.133389,2026-09-21 11:45:06.541580,0 days 00:00:00.408191,6,17,15,1,12,1,16,3,6,12,8,12,13,15,"{""candidate__cinema"": 6, ""candidate__digitaldisplayandsearch"": 17, ""candidate__digitalvideo"": 15, ""candidate__facebook"": 1, ""candidate__instagram"": 12, ""candidate__localtv"": 1, ""candidate__ooh"": 16, ""candidate__opentv"": 3, ""candidate__paytv"": 6, ""candidate__print"": 12, ""candidate__radio"": 8, ""candidate__tiktok"": 12, ""candidate__twitter"": 13, ""candidate__youtube"": 15}",PRUNED
1808,2060.599964498667,2026-09-21 11:45:06.563979,2026-09-21 11:45:06.982066,0 days 00:00:00.418087,6,15,15,1,12,0,16,4,6,12,8,12,15,15,"{""candidate__cinema"": 6, ""candidate__digitaldisplayandsearch"": 15, ""candidate__digitalvideo"": 15, ""candidate__facebook"": 1, ""candidate__instagram"": 12, ""candidate__localtv"": 0, ""candidate__ooh"": 16, ""candidate__opentv"": 4, ""candidate__paytv"": 6, ""candidate__print"": 12, ""candidate__radio"": 8, ""candidate__tiktok"": 12, ""candidate__twitter"": 15, ""candidate__youtube"": 15}",PRUNED
1809,1705.001543581349,2026-09-21 11:45:07.005068,2026-09-21 11:45:07.730529,0 days 00:00:00.725461,11,17,15,1,13,0,16,0,5,14,5,14,14,15,"{""candidate__cinema"": 11, ""candidate__digitaldisplayandsearch"": 17, ""candidate__digitalvideo"": 15, ""candidate__facebook"": 1, ""candidate__instagram"": 13, ""candidate__localtv"": 0, ""candidate__ooh"": 16, ""candidate__opentv"": 0, ""candidate__paytv"": 5, ""candidate__print"": 14, ""candidate__radio"": 5, ""candidate__tiktok"": 14, ""candidate__twitter"": 14, ""candidate__youtube"": 15}",COMPLETE
1810,1704.6322367734538,2026-09-21 11:45:07.754685,2026-09-21 11:45:08.534383,0 days 00:00:00.779698,7,15,16,1,14,0,16,5,6,15,3,9,17,15,"{""candidate__cinema"": 7, ""candidate__digitaldisplayandsearch"": 15, ""candidate__digitalvideo"": 16, ""candidate__facebook"": 1, ""candidate__instagram"": 14, ""candidate__localtv"": 0, ""candidate__ooh"": 16, ""candidate__opentv"": 5, ""candidate__paytv"": 6, ""candidate__print"": 15, ""candidate__radio"": 3, ""candidate__tiktok"": 9, ""candidate__twitter"": 17, ""candidate__youtube"": 15}",COMPLETE
1811,1704.5611510089718,2026-09-21 11:45:08.563865,2026-09-21 11:45:09.321404,0 days 00:00:00.757539,7,13,15,0,14,0,16,3,8,12,7,13,17,15,"{""candidate__cinema"": 7, ""candidate__digitaldisplayandsearch"": 13, ""candidate__digitalvideo"": 15, ""candidate__facebook"": 0, ""candidate__instagram"": 14, ""candidate__localtv"": 0, ""candidate__ooh"": 16, ""candidate__opentv"": 3, ""candidate__paytv"": 8, ""candidate__print"": 12, ""candidate__radio"": 7, ""candidate__tiktok"": 13, ""candidate__twitter"": 17, ""candidate__youtube"": 15}",COMPLETE
1812,2085.882429852304,2026-09-21 11:45:09.344853,2026-09-21 11:45:09.789856,0 days 00:00:00.445003,11,16,15,1,15,0,15,1,6,13,3,13,13,14,"{""candidate__cinema"": 11, ""candidate__digitaldisplayandsearch"": 16, ""candidate__digitalvideo"": 15, ""candidate__facebook"": 1, ""candidate__instagram"": 15, ""candidate__localtv"": 0, ""candidate__ooh"": 15, ""candidate__opentv"": 1, ""candidate__paytv"": 6, ""candidate__print"": 13, ""candidate__radio"": 3, ""candidate__tiktok"": 13, ""candidate__twitter"": 13, ""candidate__youtube"": 14}",PRUNED
1813,2085.4686228762585,2026-09-21 11:45:09.813730,2026-09-21 11:45:10.483717,0 days 00:00:00.669987,2,13,14,2,13,0,15,5,7,13,3,14,16,15,"{""candidate__cinema"": 2, ""candidate__digitaldisplayandsearch"": 13, ""candidate__digitalvideo"": 14, ""candidate__facebook"": 2, ""candidate__instagram"": 13, ""candidate__localtv"": 0, ""candidate__ooh"": 15, ""candidate__opentv"": 5, ""candidate__paytv"": 7, ""candidate__print"": 13, ""candidate__radio"": 3, ""candidate__tiktok"": 14, ""candidate__twitter"": 16, ""candidate__youtube"": 15}",PRUNED
1814,2067.42482293548,2026-09-21 11:45:10.504711,2026-09-21 11:45:10.948003,0 days 00:00:00.443292,8,14,15,1,13,1,17,1,6,12,5,13,16,16,"{""candidate__cinema"": 8, ""candidate__digitaldisplayandsearch"": 14, ""candidate__digitalvideo"": 15, ""candidate__facebook"": 1, ""candidate__instagram"": 13, ""candidate__localtv"": 1, ""candidate__ooh"": 17, ""candidate__opentv"": 1, ""candidate__paytv"": 6, ""candidate__print"": 12, ""candidate__radio"": 5, ""candidate__tiktok"": 13, ""candidate__twitter"": 16, ""candidate__youtube"": 16}",PRUNED
1815,2069.061472758013,2026-09-21 11:45:10.969220,2026-09-21 11:45:11.394827,0 days 00:00:00.425607,8,13,14,1,14,1,16,4,7,9,4,13,15,16,"{""candidate__cinema"": 8, ""candidate__digitaldisplayandsearch"": 13, ""candidate__digitalvideo"": 14, ""candidate__facebook"": 1, ""candidate__instagram"": 14, ""candidate__localtv"": 1, ""candidate__ooh"": 16, ""candidate__opentv"": 4, ""candidate__paytv"": 7, ""candidate__print"": 9, ""candidate__radio"": 4, ""candidate__tiktok"": 13, ""candidate__twitter"": 15, ""candidate__youtube"": 16}",PRUNED
1816,2058.3792197275725,2026-09-21 11:45:11.413735,2026-09-21 11:45:11.854895,0 days 00:00:00.441160,8,14,14,1,14,0,16,5,7,14,3,10,17,15,"{""candidate__cinema"": 8, ""candidate__digitaldisplayandsearch"": 14, ""candidate__digitalvideo"": 14, ""candidate__facebook"": 1, ""candidate__instagram"": 14, ""candidate__localtv"": 0, ""candidate__ooh"": 16, ""candidate__opentv"": 5, ""candidate__paytv"": 7, ""candidate__print"": 14, ""candidate__radio"": 3, ""candidate__tiktok"": 10, ""candidate__twitter"": 17, ""candidate__youtube"": 15}",PRUNED
1817,2061.4119028881823,2026-09-21 11:45:11.878826,2026-09-21 11:45:12.303045,0 days 00:00:00.424219,7,14,15,5,14,0,17,3,6,14,3,9,17,15,"{""candidate__cinema"": 7, ""candidate__digitaldisplayandsearch"": 14, ""candidate__digitalvideo"": 15, ""candidate__facebook"": 5, ""candidate__instagram"": 14, ""candidate__localtv"": 0, ""candidate__ooh"": 17, ""candidate__opentv"": 3, ""candidate__paytv"": 6, ""candidate__print"": 14, ""candidate__radio"": 3, ""candidate__tiktok"": 9, ""candidate__twitter"": 17, ""candidate__youtube"": 15}",PRUNED
1818,2059.4152189127353,2026-09-21 11:45:12.324898,2026-09-21 11:45:12.793439,0 days 00:00:00.468541,8,12,14,0,13,0,16,5,8,13,4,12,15,15,"{""candidate__cinema"": 8, ""candidate__digitaldisplayandsearch"": 12, ""candidate__digitalvideo"": 14, ""candidate__facebook"": 0, ""candidate__instagram"": 13, ""candidate__localtv"": 0, ""candidate__ooh"": 16, ""candidate__opentv"": 5, ""candidate__paytv"": 8, ""candidate__print"": 13, ""candidate__radio"": 4, ""candidate__tiktok"": 12, ""candidate__twitter"": 15, ""candidate__youtube"": 15}",PRUNED
1819,1705.3037218283437,2026-09-21 11:45:12.820848,2026-09-21 11:45:13.650938,0 days 00:00:00.830090,10,14,16,1,14,0,16,2,8,12,3,14,14,15,"{""candidate__cinema"": 10, ""candidate__digitaldisplayandsearch"": 14, ""candidate__digitalvideo"": 16, ""candidate__facebook"": 1, ""candidate__instagram"": 14, ""candidate__localtv"": 0, ""candidate__ooh"": 16, ""candidate__opentv"": 2, ""candidate__paytv"": 8, ""candidate__print"": 12, ""candidate__radio"": 3, ""candidate__tiktok"": 14, ""candidate__twitter"": 14, ""candidate__youtube"": 15}",COMPLETE
1820,2090.558488451905,2026-09-21 11:45:13.680913,2026-09-21 11:45:14.137355,0 days 00:00:00.456442,6,13,15,1,15,0,15,3,7,10,6,12,17,15,"{""candidate__cinema"": 6, ""candidate__digitaldisplayandsearch"": 13, ""candidate__digitalvideo"": 15, ""candidate__facebook"": 1, ""candidate__instagram"": 15, ""candidate__localtv"": 0, ""candidate__ooh"": 15, ""candidate__opentv"": 3, ""candidate__paytv"": 7, ""candidate__print"": 10, ""candidate__radio"": 6, ""candidate__tiktok"": 12, ""candidate__twitter"": 17, ""candidate__youtube"": 15}",PRUNED
1821,1971.0333688267456,2026-09-21 11:45:14.162706,2026-09-21 11:45:14.762058,0 days 00:00:00.599352,8,14,15,6,14,0,16,6,6,16,5,12,16,14,"{""candidate__cinema"": 8, ""candidate__digitaldisplayandsearch"": 14, ""candidate__digitalvideo"": 15, ""candidate__facebook"": 6, ""candidate__instagram"": 14, ""candidate__localtv"": 0, ""candidate__ooh"": 16, ""candidate__opentv"": 6, ""candidate__paytv"": 6, ""candidate__print"": 16, ""candidate__radio"": 5, ""candidate__tiktok"": 12, ""candidate__twitter"": 16, ""candidate__youtube"": 14}",PRUNED
1822,2058.213050476985,2026-09-21 11:45:14.782523,2026-09-21 11:45:15.207112,0 days 00:00:00.424589,7,14,14,1,14,0,16,6,7,15,4,8,17,15,"{""candidate__cinema"": 7, ""candidate__digitaldisplayandsearch"": 14, ""candidate__digitalvideo"": 14, ""candidate__facebook"": 1, ""candidate__instagram"": 14, ""candidate__localtv"": 0, ""candidate__ooh"": 16, ""candidate__opentv"": 6, ""candidate__paytv"": 7, ""candidate__print"": 15, ""candidate__radio"": 4, ""candidate__tiktok"": 8, ""candidate__twitter"": 17, ""candidate__youtube"": 15}",PRUNED
1823,1707.8324406437775,2026-09-21 11:45:15.228116,2026-09-21 11:45:16.160663,0 days 00:00:00.932547,5,11,15,2,12,0,16,6,7,12,4,13,15,16,"{""candidate__cinema"": 5, ""candidate__digitaldisplayandsearch"": 11, ""candidate__digitalvideo"": 15, ""candidate__facebook"": 2, ""candidate__instagram"": 12, ""candidate__localtv"": 0, ""candidate__ooh"": 16, ""candidate__opentv"": 6, ""candidate__paytv"": 7, ""candidate__print"": 12, ""candidate__radio"": 4, ""candidate__tiktok"": 13, ""candidate__twitter"": 15, ""candidate__youtube"": 16}",PRUNED
1824,1969.330191752324,2026-09-21 11:45:16.182472,2026-09-21 11:45:16.717124,0 days 00:00:00.534652,11,17,15,3,15,0,16,3,5,15,4,13,15,16,"{""candidate__cinema"": 11, ""candidate__digitaldisplayandsearch"": 17, ""candidate__digitalvideo"": 15, ""candidate__facebook"": 3, ""candidate__instagram"": 15, ""candidate__localtv"": 0, ""candidate__ooh"": 16, ""candidate__opentv"": 3, ""candidate__paytv"": 5, ""candidate__print"": 15, ""candidate__radio"": 4, ""candidate__tiktok"": 13, ""candidate__twitter"": 15, ""candidate__youtube"": 16}",PRUNED
1825,1974.1828910204642,2026-09-21 11:45:16.737887,2026-09-21 11:45:17.297863,0 days 00:00:00.559976,7,13,17,0,14,0,17,3,7,10,8,11,17,16,"{""candidate__cinema"": 7, ""candidate__digitaldisplayandsearch"": 13, ""candidate__digitalvideo"": 17, ""candidate__facebook"": 0, ""candidate__instagram"": 14, ""candidate__localtv"": 0, ""candidate__ooh"": 17, ""candidate__opentv"": 3, ""candidate__paytv"": 7, ""candidate__print"": 10, ""candidate__radio"": 8, ""candidate__tiktok"": 11, ""candidate__twitter"": 17, ""candidate__youtube"": 16}",PRUNED
1826,1969.1118450753747,2026-09-21 11:45:17.318994,2026-09-21 11:45:17.886585,0 days 00:00:00.567591,10,16,15,0,13,0,16,1,6,11,4,14,16,14,"{""candidate__cinema"": 10, ""candidate__digitaldisplayandsearch"": 16, ""candidate__digitalvideo"": 15, ""candidate__facebook"": 0, ""candidate__instagram"": 13, ""candidate__localtv"": 0, ""candidate__ooh"": 16, ""candidate__opentv"": 1, ""candidate__paytv"": 6, ""candidate__print"": 11, ""candidate__radio"": 4, ""candidate__tiktok"": 14, ""candidate__twitter"": 16, ""candidate__youtube"": 14}",PRUNED
1827,2058.269371319377,2026-09-21 11:45:17.906830,2026-09-21 11:45:18.328468,0 days 00:00:00.421638,8,14,15,1,13,0,17,3,7,13,5,14,14,15,"{""candidate__cinema"": 8, ""candidate__digitaldisplayandsearch"": 14, ""candidate__digitalvideo"": 15, ""candidate__facebook"": 1, ""candidate__instagram"": 13, ""candidate__localtv"": 0, ""candidate__ooh"": 17, ""candidate__opentv"": 3, ""candidate__paytv"": 7, ""candidate__print"": 13, ""candidate__radio"": 5, ""candidate__tiktok"": 14, ""candidate__twitter"": 14, ""candidate__youtube"": 15}",PRUNED
1828,1705.707396972011,2026-09-21 11:45:18.347710,2026-09-21 11:45:19.061097,0 days 00:00:00.713387,12,17,15,0,14,0,16,2,4,14,4,13,14,16,"{""candidate__cinema"": 12, ""candidate__digitaldisplayandsearch"": 17, ""candidate__digitalvideo"": 15, ""candidate__facebook"": 0, ""candidate__instagram"": 14, ""candidate__localtv"": 0, ""candidate__ooh"": 16, ""candidate__opentv"": 2, ""candidate__paytv"": 4, ""candidate__print"": 14, ""candidate__radio"": 4, ""candidate__tiktok"": 13, ""candidate__twitter"": 14, ""candidate__youtube"": 16}",COMPLETE
1829,1706.6956168405575,2026-09-21 11:45:19.085287,2026-09-21 11:45:19.744095,0 days 00:00:00.658808,5,12,15,3,13,0,16,4,7,14,3,13,17,16,"{""candidate__cinema"": 5, ""candidate__digitaldisplayandsearch"": 12, ""candidate__digitalvideo"": 15, ""candidate__facebook"": 3, ""candidate__instagram"": 13, ""candidate__localtv"": 0, ""candidate__ooh"": 16, ""candidate__opentv"": 4, ""candidate__paytv"": 7, ""candidate__print"": 14, ""candidate__radio"": 3, ""candidate__tiktok"": 13, ""candidate__twitter"": 17, ""candidate__youtube"": 16}",COMPLETE
1830,1970.2419749506207,2026-09-21 11:45:19.768788,2026-09-21 11:45:20.306018,0 days 00:00:00.537230,7,14,15,3,14,0,16,4,6,13,3,8,17,14,"{""candidate__cinema"": 7, ""candidate__digitaldisplayandsearch"": 14, ""candidate__digitalvideo"": 15, ""candidate__facebook"": 3, ""candidate__instagram"": 14, ""candidate__localtv"": 0, ""candidate__ooh"": 16, ""candidate__opentv"": 4, ""candidate__paytv"": 6, ""candidate__print"": 13, ""candidate__radio"": 3, ""candidate__tiktok"": 8, ""candidate__twitter"": 17, ""candidate__youtube"": 14}",PRUNED
1831,1703.8618249967049,2026-09-21 11:45:20.322845,2026-09-21 11:45:21.213115,0 days 00:00:00.890270,7,13,15,1,16,0,16,3,8,11,8,12,17,15,"{""candidate__cinema"": 7, ""candidate__digitaldisplayandsearch"": 13, ""candidate__digitalvideo"": 15, ""candidate__facebook"": 1, ""candidate__instagram"": 16, ""candidate__localtv"": 0, ""candidate__ooh"": 16, ""candidate__opentv"": 3, ""candidate__paytv"": 8, ""candidate__print"": 11, ""candidate__radio"": 8, ""candidate__tiktok"": 12, ""candidate__twitter"": 17, ""candidate__youtube"": 15}",COMPLETE
1832,2062.7574862194256,2026-09-21 11:45:21.236453,2026-09-21 11:45:21.572476,0 days 00:00:00.336023,6,17,15,2,12,0,16,3,8,13,8,12,15,15,"{""candidate__cinema"": 6, ""candidate__digitaldisplayandsearch"": 17, ""candidate__digitalvideo"": 15, ""candidate__facebook"": 2, ""candidate__instagram"": 12, ""candidate__localtv"": 0, ""candidate__ooh"": 16, ""candidate__opentv"": 3, ""candidate__paytv"": 8, ""candidate__print"": 13, ""candidate__radio"": 8, ""candidate__tiktok"": 12, ""candidate__twitter"": 15, ""candidate__youtube"": 15}",PRUNED
1833,2073.433948046425,2026-09-21 11:45:21.590651,2026-09-21 11:45:21.955174,0 days 00:00:00.364523,5,15,15,1,13,1,16,8,10,11,5,9,12,15,"{""candidate__cinema"": 5, ""candidate__digitaldisplayandsearch"": 15, ""candidate__digitalvideo"": 15, ""candidate__facebook"": 1, ""candidate__instagram"": 13, ""candidate__localtv"": 1, ""candidate__ooh"": 16, ""candidate__opentv"": 8, ""candidate__paytv"": 10, ""candidate__print"": 11, ""candidate__radio"": 5, ""candidate__tiktok"": 9, ""candidate__twitter"": 12, ""candidate__youtube"": 15}",PRUNED
1834,2059.079612215377,2026-09-21 11:45:21.973539,2026-09-21 11:45:22.396412,0 days 00:00:00.422873,8,14,15,1,12,0,17,5,5,10,9,12,13,14,"{""candidate__cinema"": 8, ""candidate__digitaldisplayandsearch"": 14, ""candidate__digitalvideo"": 15, ""candidate__facebook"": 1, ""candidate__instagram"": 12, ""candidate__localtv"": 0, ""candidate__ooh"": 17, ""candidate__opentv"": 5, ""candidate__paytv"": 5, ""candidate__print"": 10, ""candidate__radio"": 9, ""candidate__tiktok"": 12, ""candidate__twitter"": 13, ""candidate__youtube"": 14}",PRUNED
1835,2079.020340966195,2026-09-21 11:45:22.415908,2026-09-21 11:45:22.803290,0 days 00:00:00.387382,8,15,16,1,13,0,15,2,7,12,8,13,13,15,"{""candidate__cinema"": 8, ""candidate__digitaldisplayandsearch"": 15, ""candidate__digitalvideo"": 16, ""candidate__facebook"": 1, ""candidate__instagram"": 13, ""candidate__localtv"": 0, ""candidate__ooh"": 15, ""candidate__opentv"": 2, ""candidate__paytv"": 7, ""candidate__print"": 12, ""candidate__radio"": 8, ""candidate__tiktok"": 13, ""candidate__twitter"": 13, ""candidate__youtube"": 15}",PRUNED
1836,1704.4304301134391,2026-09-21 11:45:22.823290,2026-09-21 11:45:23.443583,0 days 00:00:00.620293,12,16,15,2,14,0,16,1,6,15,5,13,14,15,"{""candidate__cinema"": 12, ""candidate__digitaldisplayandsearch"": 16, ""candidate__digitalvideo"": 15, ""candidate__facebook"": 2, ""candidate__instagram"": 14, ""candidate__localtv"": 0, ""candidate__ooh"": 16, ""candidate__opentv"": 1, ""candidate__paytv"": 6, ""candidate__print"": 15, ""candidate__radio"": 5, ""candidate__tiktok"": 13, ""candidate__twitter"": 14, ""candidate__youtube"": 15}",COMPLETE
1837,2060.6774519441146,2026-09-21 11:45:23.462140,2026-09-21 11:45:23.855494,0 days 00:00:00.393354,8,13,15,2,13,0,17,2,5,10,5,13,15,15,"{""candidate__cinema"": 8, ""candidate__digitaldisplayandsearch"": 13, ""candidate__digitalvideo"": 15, ""candidate__facebook"": 2, ""candidate__instagram"": 13, ""candidate__localtv"": 0, ""candidate__ooh"": 17, ""candidate__opentv"": 2, ""candidate__paytv"": 5, ""candidate__print"": 10, ""candidate__radio"": 5, ""candidate__tiktok"": 13, ""candidate__twitter"": 15, ""candidate__youtube"": 15}",PRUNED
1838,1970.0663317305798,2026-09-21 11:45:23.873562,2026-09-21 11:45:24.435661,0 days 00:00:00.562099,6,16,16,2,13,0,17,3,7,12,7,12,14,16,"{""candidate__cinema"": 6, ""candidate__digitaldisplayandsearch"": 16, ""candidate__digitalvideo"": 16, ""candidate__facebook"": 2, ""candidate__instagram"": 13, ""candidate__localtv"": 0, ""candidate__ooh"": 17, ""candidate__opentv"": 3, ""candidate__paytv"": 7, ""candidate__print"": 12, ""candidate__radio"": 7, ""candidate__tiktok"": 12, ""candidate__twitter"": 14, ""candidate__youtube"": 16}",PRUNED
1839,1705.7913132651984,2026-09-21 11:45:24.456416,2026-09-21 11:45:25.106605,0 days 00:00:00.650189,10,16,15,1,13,0,16,0,6,13,3,14,14,16,"{""candidate__cinema"": 10, ""candidate__digitaldisplayandsearch"": 16, ""candidate__digitalvideo"": 15, ""candidate__facebook"": 1, ""candidate__instagram"": 13, ""candidate__localtv"": 0, ""candidate__ooh"": 16, ""candidate__opentv"": 0, ""candidate__paytv"": 6, ""candidate__print"": 13, ""candidate__radio"": 3, ""candidate__tiktok"": 14, ""candidate__twitter"": 14, ""candidate__youtube"": 16}",COMPLETE
