number,value,datetime_start,datetime_complete,duration,params_candidate__cinema,params_candidate__digitaldisplayandsearch,params_candidate__digitalvideo,params_candidate__facebook,params_candidate__instagram,params_candidate__localtv,params_candidate__ooh,params_candidate__opentv,params_candidate__paytv,params_candidate__print,params_candidate__radio,params_candidate__tiktok,params_candidate__twitter,params_candidate__youtube,system_attrs_tpe:relative_params:0,state
1450,1707.5415326313039,2026-09-21 11:41:51.502900,2026-09-21 11:41:52.211050,0 days 00:00:00.708150,6,12,16,0,12,0,16,4,6,16,4,13,16,16,"{""candidate__cinema"": 6, ""candidate__digitaldisplayandsearch"": 12, ""candidate__digitalvideo"": 16, ""candidate__facebook"": 0, ""candidate__instagram"": 12, ""candidate__localtv"": 0, ""candidate__ooh"": 16, ""candidate__opentv"": 4, ""candidate__paytv"": 6, ""candidate__print"": 16, ""candidate__radio"": 4, ""candidate__tiktok"": 13, ""candidate__twitter"": 16, ""candidate__youtube"": 16}",COMPLETE
1451,2065.830188167245,2026-09-21 11:41:52.240798,2026-09-21 11:41:52.684148,0 days 00:00:00.443350,4,15,14,2,13,0,17,8,12,12,8,13,13,15,"{""candidate__cinema"": 4, ""candidate__digitaldisplayandsearch"": 15, ""candidate__digitalvideo"": 14, ""candidate__facebook"": 2, ""candidate__instagram"": 13, ""candidate__localtv"": 0, ""candidate__ooh"": 17, ""candidate__opentv"": 8, ""candidate__paytv"": 12, ""candidate__print"": 12, ""candidate__radio"": 8, ""candidate__tiktok"": 13, ""candidate__twitter"": 13, ""candidate__youtube"": 15}",PRUNED
1452,1708.1868544064566,2026-09-21 11:41:52.703385,2026-09-21 11:41:53.348682,0 days 00:00:00.645297,7,13,15,2,13,0,16,5,7,14,4,13,15,14,"{""candidate__cinema"": 7, ""candidate__digitaldisplayandsearch"": 13, ""candidate__digitalvideo"": 15, ""candidate__facebook"": 2, ""candidate__instagram"": 13, ""candidate__localtv"": 0, ""candidate__ooh"": 16, ""candidate__opentv"": 5, ""candidate__paytv"": 7, ""candidate__print"": 14, ""candidate__radio"": 4, ""candidate__tiktok"": 13, ""candidate__twitter"": 15, ""candidate__youtube"": 14}",COMPLETE
1453,2065.8230932639767,2026-09-21 11:41:53.373468,2026-09-21 11:41:53.762185,0 days 00:00:00.388717,4,13,14,1,12,0,16,7,9,12,4,13,12,15,"{""candidate__cinema"": 4, ""candidate__digitaldisplayandsearch"": 13, ""candidate__digitalvideo"": 14, ""candidate__facebook"": 1, ""candidate__instagram"": 12, ""candidate__localtv"": 0, ""candidate__ooh"": 16, ""candidate__opentv"": 7, ""candidate__paytv"": 9, ""candidate__print"": 12, ""candidate__radio"": 4, ""candidate__tiktok"": 13, ""candidate__twitter"": 12, ""candidate__youtube"": 15}",PRUNED
1454,2078.479114760474,2026-09-21 11:41:53.781665,2026-09-21 11:41:54.199005,0 days 00:00:00.417340,7,14,15,2,13,0,15,5,7,14,4,11,17,14,"{""candidate__cinema"": 7, ""candidate__digitaldisplayandsearch"": 14, ""candidate__digitalvideo"": 15, ""candidate__facebook"": 2, ""candidate__instagram"": 13, ""candidate__localtv"": 0, ""candidate__ooh"": 15, ""candidate__opentv"": 5, ""candidate__paytv"": 7, ""candidate__print"": 14, ""candidate__radio"": 4, ""candidate__tiktok"": 11, ""candidate__twitter"": 17, ""candidate__youtube"": 14}",PRUNED
1455,2060.6774519441146,2026-09-21 11:41:54.219583,2026-09-21 11:41:54.655474,0 days 00:00:00.435891,6,13,15,2,13,0,17,6,10,14,4,14,12,15,"{""candidate__cinema"": 6, ""candidate__digitaldisplayandsearch"": 13, ""candidate__digitalvideo"": 15, ""candidate__facebook"": 2, ""candidate__instagram"": 13, ""candidate__localtv"": 0, ""candidate__ooh"": 17, ""candidate__opentv"": 6, ""candidate__paytv"": 10, ""candidate__print"": 14, ""candidate__radio"": 4, ""candidate__tiktok"": 14, ""candidate__twitter"": 12, ""candidate__youtube"": 15}",PRUNED
1456,2067.4126249680626,2026-09-21 11:41:54.681697,2026-09-21 11:41:55.279167,0 days 00:00:00.597470,7,14,15,3,14,1,16,6,6,14,5,12,16,15,"{""candidate__cinema"": 7, ""candidate__digitaldisplayandsearch"": 14, ""candidate__digitalvideo"": 15, ""candidate__facebook"": 3, ""candidate__instagram"": 14, ""candidate__localtv"": 1, ""candidate__ooh"": 16, ""candidate__opentv"": 6, ""candidate__paytv"": 6, ""candidate__print"": 14, ""candidate__radio"": 5, ""candidate__tiktok"": 12, ""candidate__twitter"": 16, ""candidate__youtube"": 15}",PRUNED
1457,2079.4995717171737,2026-09-21 11:41:55.295601,2026-09-21 11:41:55.701150,0 days 00:00:00.405549,5,14,15,1,12,1,16,4,9,15,5,14,13,15,"{""candidate__cinema"": 5, ""candidate__digitaldisplayandsearch"": 14, ""candidate__digitalvideo"": 15, ""candidate__facebook"": 1, ""candidate__instagram"": 12, ""candidate__localtv"": 1, ""candidate__ooh"": 16, ""candidate__opentv"": 4, ""candidate__paytv"": 9, ""candidate__print"": 15, ""candidate__radio"": 5, ""candidate__tiktok"": 14, ""candidate__twitter"": 13, ""candidate__youtube"": 15}",PRUNED
1458,2073.9582973425363,2026-09-21 11:41:55.721230,2026-09-21 11:41:56.138101,0 days 00:00:00.416871,8,15,15,2,14,1,16,4,6,16,4,12,16,15,"{""candidate__cinema"": 8, ""candidate__digitaldisplayandsearch"": 15, ""candidate__digitalvideo"": 15, ""candidate__facebook"": 2, ""candidate__instagram"": 14, ""candidate__localtv"": 1, ""candidate__ooh"": 16, ""candidate__opentv"": 4, ""candidate__paytv"": 6, ""candidate__print"": 16, ""candidate__radio"": 4, ""candidate__tiktok"": 12, ""candidate__twitter"": 16, ""candidate__youtube"": 15}",PRUNED
1459,2076.0555145651365,2026-09-21 11:41:56.159221,2026-09-21 11:41:56.566021,0 days 00:00:00.406800,6,12,16,1,14,1,17,7,8,12,2,12,17,14,"{""candidate__cinema"": 6, ""candidate__digitaldisplayandsearch"": 12, ""candidate__digitalvideo"": 16, ""candidate__facebook"": 1, ""candidate__instagram"": 14, ""candidate__localtv"": 1, ""candidate__ooh"": 17, ""candidate__opentv"": 7, ""candidate__paytv"": 8, ""candidate__print"": 12, ""candidate__radio"": 2, ""candidate__tiktok"": 12, ""candidate__twitter"": 17, ""candidate__youtube"": 14}",PRUNED
1460,2074.4524564186795,2026-09-21 11:41:56.586594,2026-09-21 11:41:56.962795,0 days 00:00:00.376201,5,16,14,1,15,0,16,8,12,12,11,13,13,15,"{""candidate__cinema"": 5, ""candidate__digitaldisplayandsearch"": 16, ""candidate__digitalvideo"": 14, ""candidate__facebook"": 1, ""candidate__instagram"": 15, ""candidate__localtv"": 0, ""candidate__ooh"": 16, ""candidate__opentv"": 8, ""candidate__paytv"": 12, ""candidate__print"": 12, ""candidate__radio"": 11, ""candidate__tiktok"": 13, ""candidate__twitter"": 13, ""candidate__youtube"": 15}",PRUNED
1461,1704.1971235476103,2026-09-21 11:41:56.983341,2026-09-21 11:41:57.712945,0 days 00:00:00.729604,8,14,15,1,13,0,16,4,6,12,5,12,15,15,"{""candidate__cinema"": 8, ""candidate__digitaldisplayandsearch"": 14, ""candidate__digitalvideo"": 15, ""candidate__facebook"": 1, ""candidate__instagram"": 13, ""candidate__localtv"": 0, ""candidate__ooh"": 16, ""candidate__opentv"": 4, ""candidate__paytv"": 6, ""candidate__print"": 12, ""candidate__radio"": 5, ""candidate__tiktok"": 12, ""candidate__twitter"": 15, ""candidate__youtube"": 15}",COMPLETE
1462,1970.3575392416783,2026-09-21 11:41:57.737163,2026-09-21 11:41:58.280397,0 days 00:00:00.543234,6,17,15,1,13,0,17,5,12,12,4,12,13,14,"{""candidate__cinema"": 6, ""candidate__digitaldisplayandsearch"": 17, ""candidate__digitalvideo"": 15, ""candidate__facebook"": 1, ""candidate__instagram"": 13, ""candidate__localtv"": 0, ""candidate__ooh"": 17, ""candidate__opentv"": 5, ""candidate__paytv"": 12, ""candidate__print"": 12, ""candidate__radio"": 4, ""candidate__tiktok"": 12, ""candidate__twitter"": 13, ""candidate__youtube"": 14}",PRUNED
1463,2062.2442296029926,2026-09-21 11:41:58.298775,2026-09-21 11:41:58.694888,0 days 00:00:00.396113,7,14,15,4,15,0,16,5,6,14,3,12,16,14,"{""candidate__cinema"": 7, ""candidate__digitaldisplayandsearch"": 14, ""candidate__digitalvideo"": 15, ""candidate__facebook"": 4, ""candidate__instagram"": 15, ""candidate__localtv"": 0, ""candidate__ooh"": 16, ""candidate__opentv"": 5, ""candidate__paytv"": 6, ""candidate__print"": 14, ""candidate__radio"": 3, ""candidate__tiktok"": 12, ""candidate__twitter"": 16, ""candidate__youtube"": 14}",PRUNED
1464,1970.0813644367188,2026-09-21 11:41:58.715145,2026-09-21 11:41:59.220714,0 days 00:00:00.505569,6,14,15,0,13,0,16,6,10,14,4,17,13,14,"{""candidate__cinema"": 6, ""candidate__digitaldisplayandsearch"": 14, ""candidate__digitalvideo"": 15, ""candidate__facebook"": 0, ""candidate__instagram"": 13, ""candidate__localtv"": 0, ""candidate__ooh"": 16, ""candidate__opentv"": 6, ""candidate__paytv"": 10, ""candidate__print"": 14, ""candidate__radio"": 4, ""candidate__tiktok"": 17, ""candidate__twitter"": 13, ""candidate__youtube"": 14}",PRUNED
1465,1704.1971235476103,2026-09-21 11:41:59.245380,2026-09-21 11:41:59.916147,0 days 00:00:00.670767,8,13,15,1,13,0,16,4,6,10,4,13,15,15,"{""candidate__cinema"": 8, ""candidate__digitaldisplayandsearch"": 13, ""candidate__digitalvideo"": 15, ""candidate__facebook"": 1, ""candidate__instagram"": 13, ""candidate__localtv"": 0, ""candidate__ooh"": 16, ""candidate__opentv"": 4, ""candidate__paytv"": 6, ""candidate__print"": 10, ""candidate__radio"": 4, ""candidate__tiktok"": 13, ""candidate__twitter"": 15, ""candidate__youtube"": 15}",COMPLETE
1466,2063.631937442724,2026-09-21 11:41:59.941911,2026-09-21 11:42:00.587500,0 days 00:00:00.645589,8,14,15,2,12,0,16,4,7,12,4,12,15,15,"{""candidate__cinema"": 8, ""candidate__digitaldisplayandsearch"": 14, ""candidate__digitalvideo"": 15, ""candidate__facebook"": 2, ""candidate__instagram"": 12, ""candidate__localtv"": 0, ""candidate__ooh"": 16, ""candidate__opentv"": 4, ""candidate__paytv"": 7, ""candidate__print"": 12, ""candidate__radio"": 4, ""candidate__tiktok"": 12, ""candidate__twitter"": 15, ""candidate__youtube"": 15}",PRUNED
1467,1704.7687237490102,2026-09-21 11:42:00.608165,2026-09-21 11:42:01.225799,0 days 00:00:00.617634,5,11,15,1,14,0,16,9,9,13,4,12,13,15,"{""candidate__cinema"": 5, ""candidate__digitaldisplayandsearch"": 11, ""candidate__digitalvideo"": 15, ""candidate__facebook"": 1, ""candidate__instagram"": 14, ""candidate__localtv"": 0, ""candidate__ooh"": 16, ""candidate__opentv"": 9, ""candidate__paytv"": 9, ""candidate__print"": 13, ""candidate__radio"": 4, ""candidate__tiktok"": 12, ""candidate__twitter"": 13, ""candidate__youtube"": 15}",COMPLETE
1468,1704.9979856343896,2026-09-21 11:42:01.243797,2026-09-21 11:42:01.920747,0 days 00:00:00.676950,4,11,15,2,14,0,16,9,9,13,5,13,14,15,"{""candidate__cinema"": 4, ""candidate__digitaldisplayandsearch"": 11, ""candidate__digitalvideo"": 15, ""candidate__facebook"": 2, ""candidate__instagram"": 14, ""candidate__localtv"": 0, ""candidate__ooh"": 16, ""candidate__opentv"": 9, ""candidate__paytv"": 9, ""candidate__print"": 13, ""candidate__radio"": 5, ""candidate__tiktok"": 13, ""candidate__twitter"": 14, ""candidate__youtube"": 15}",COMPLETE
1469,1705.9176656560514,2026-09-21 11:42:01.944015,2026-09-21 11:42:02.578040,0 days 00:00:00.634025,5,10,15,0,13,0,16,8,10,13,4,12,14,15,"{""candidate__cinema"": 5, ""candidate__digitaldisplayandsearch"": 10, ""candidate__digitalvideo"": 15, ""candidate__facebook"": 0, ""candidate__instagram"": 13, ""candidate__localtv"": 0, ""candidate__ooh"": 16, ""candidate__opentv"": 8, ""candidate__paytv"": 10, ""candidate__print"": 13, ""candidate__radio"": 4, ""candidate__tiktok"": 12, ""candidate__twitter"": 14, ""candidate__youtube"": 15}",COMPLETE
1470,2057.416811569463,2026-09-21 11:42:02.599674,2026-09-21 11:42:02.997646,0 days 00:00:00.397972,6,14,16,1,14,0,16,7,13,12,11,12,15,15,"{""candidate__cinema"": 6, ""candidate__digitaldisplayandsearch"": 14, ""candidate__digitalvideo"": 16, ""candidate__facebook"": 1, ""candidate__instagram"": 14, ""candidate__localtv"": 0, ""candidate__ooh"": 16, ""candidate__opentv"": 7, ""candidate__paytv"": 13, ""candidate__print"": 12, ""candidate__radio"": 11, ""candidate__tiktok"": 12, ""candidate__twitter"": 15, ""candidate__youtube"": 15}",PRUNED
1471,2071.9704149373138,2026-09-21 11:42:03.016553,2026-09-21 11:42:03.424575,0 days 00:00:00.408022,6,15,15,3,14,0,15,5,5,14,4,12,16,15,"{""candidate__cinema"": 6, ""candidate__digitaldisplayandsearch"": 15, ""candidate__digitalvideo"": 15, ""candidate__facebook"": 3, ""candidate__instagram"": 14, ""candidate__localtv"": 0, ""candidate__ooh"": 15, ""candidate__opentv"": 5, ""candidate__paytv"": 5, ""candidate__print"": 14, ""candidate__radio"": 4, ""candidate__tiktok"": 12, ""candidate__twitter"": 16, ""candidate__youtube"": 15}",PRUNED
1472,2072.938584185005,2026-09-21 11:42:03.445728,2026-09-21 11:42:03.862336,0 days 00:00:00.416608,8,14,15,1,13,1,16,4,5,11,6,12,14,15,"{""candidate__cinema"": 8, ""candidate__digitaldisplayandsearch"": 14, ""candidate__digitalvideo"": 15, ""candidate__facebook"": 1, ""candidate__instagram"": 13, ""candidate__localtv"": 1, ""candidate__ooh"": 16, ""candidate__opentv"": 4, ""candidate__paytv"": 5, ""candidate__print"": 11, ""candidate__radio"": 6, ""candidate__tiktok"": 12, ""candidate__twitter"": 14, ""candidate__youtube"": 15}",PRUNED
1473,1708.0161249203484,2026-09-21 11:42:03.888891,2026-09-21 11:42:04.512723,0 days 00:00:00.623832,6,12,16,2,13,0,16,7,8,13,4,12,17,16,"{""candidate__cinema"": 6, ""candidate__digitaldisplayandsearch"": 12, ""candidate__digitalvideo"": 16, ""candidate__facebook"": 2, ""candidate__instagram"": 13, ""candidate__localtv"": 0, ""candidate__ooh"": 16, ""candidate__opentv"": 7, ""candidate__paytv"": 8, ""candidate__print"": 13, ""candidate__radio"": 4, ""candidate__tiktok"": 12, ""candidate__twitter"": 17, ""candidate__youtube"": 16}",COMPLETE
1474,1706.2448216066678,2026-09-21 11:42:04.533528,2026-09-21 11:42:05.418327,0 days 00:00:00.884799,2,12,15,1,13,0,16,9,8,13,4,13,14,16,"{""candidate__cinema"": 2, ""candidate__digitaldisplayandsearch"": 12, ""candidate__digitalvideo"": 15, ""candidate__facebook"": 1, ""candidate__instagram"": 13, ""candidate__localtv"": 0, ""candidate__ooh"": 16, ""candidate__opentv"": 9, ""candidate__paytv"": 8, ""candidate__print"": 13, ""candidate__radio"": 4, ""candidate__tiktok"": 13, ""candidate__twitter"": 14, ""candidate__youtube"": 16}",COMPLETE
1475,2059.8286265897896,2026-09-21 11:42:05.442572,2026-09-21 11:42:05.824470,0 days 00:00:00.381898,6,11,17,1,14,0,16,8,9,13,5,12,13,15,"{""candidate__cinema"": 6, ""candidate__digitaldisplayandsearch"": 11, ""candidate__digitalvideo"": 17, ""candidate__facebook"": 1, ""candidate__instagram"": 14, ""candidate__localtv"": 0, ""candidate__ooh"": 16, ""candidate__opentv"": 8, ""candidate__paytv"": 9, ""candidate__print"": 13, ""candidate__radio"": 5, ""candidate__tiktok"": 12, ""candidate__twitter"": 13, ""candidate__youtube"": 15}",PRUNED
1476,1708.5616094292636,2026-09-21 11:42:05.844460,2026-09-21 11:42:06.498623,0 days 00:00:00.654163,4,13,15,2,13,0,16,5,6,14,4,11,17,15,"{""candidate__cinema"": 4, ""candidate__digitaldisplayandsearch"": 13, ""candidate__digitalvideo"": 15, ""candidate__facebook"": 2, ""candidate__instagram"": 13, ""candidate__localtv"": 0, ""candidate__ooh"": 16, ""candidate__opentv"": 5, ""candidate__paytv"": 6, ""candidate__print"": 14, ""candidate__radio"": 4, ""candidate__tiktok"": 11, ""candidate__twitter"": 17, ""candidate__youtube"": 15}",PRUNED
1477,2077.073251186898,2026-09-21 11:42:06.520544,2026-09-21 11:42:06.928410,0 days 00:00:00.407866,7,13,15,1,13,1,17,4,6,11,3,12,15,15,"{""candidate__cinema"": 7, ""candidate__digitaldisplayandsearch"": 13, ""candidate__digitalvideo"": 15, ""candidate__facebook"": 1, ""candidate__instagram"": 13, ""candidate__localtv"": 1, ""candidate__ooh"": 17, ""candidate__opentv"": 4, ""candidate__paytv"": 6, ""candidate__print"": 11, ""candidate__radio"": 3, ""candidate__tiktok"": 12, ""candidate__twitter"": 15, ""candidate__youtube"": 15}",PRUNED
1478,1705.220635600949,2026-09-21 11:42:06.961924,2026-09-21 11:42:07.681504,0 days 00:00:00.719580,5,13,15,1,13,0,16,5,5,17,5,12,16,16,"{""candidate__cinema"": 5, ""candidate__digitaldisplayandsearch"": 13, ""candidate__digitalvideo"": 15, ""candidate__facebook"": 1, ""candidate__instagram"": 13, ""candidate__localtv"": 0, ""candidate__ooh"": 16, ""candidate__opentv"": 5, ""candidate__paytv"": 5, ""candidate__print"": 17, ""candidate__radio"": 5, ""candidate__tiktok"": 12, ""candidate__twitter"": 16, ""candidate__youtube"": 16}",COMPLETE
1479,2060.666839796263,2026-09-21 11:42:07.703270,2026-09-21 11:42:08.110582,0 days 00:00:00.407312,8,14,14,1,13,0,16,3,7,10,4,13,14,15,"{""candidate__cinema"": 8, ""candidate__digitaldisplayandsearch"": 14, ""candidate__digitalvideo"": 14, ""candidate__facebook"": 1, ""candidate__instagram"": 13, ""candidate__localtv"": 0, ""candidate__ooh"": 16, ""candidate__opentv"": 3, ""candidate__paytv"": 7, ""candidate__print"": 10, ""candidate__radio"": 4, ""candidate__tiktok"": 13, ""candidate__twitter"": 14, ""candidate__youtube"": 15}",PRUNED
1480,1708.1362577624202,2026-09-21 11:42:08.129032,2026-09-21 11:42:08.807070,0 days 00:00:00.678038,8,13,15,1,13,0,16,3,7,11,4,14,16,14,"{""candidate__cinema"": 8, ""candidate__digitaldisplayandsearch"": 13, ""candidate__digitalvideo"": 15, ""candidate__facebook"": 1, ""candidate__instagram"": 13, ""candidate__localtv"": 0, ""candidate__ooh"": 16, ""candidate__opentv"": 3, ""candidate__paytv"": 7, ""candidate__print"": 11, ""candidate__radio"": 4, ""candidate__tiktok"": 14, ""candidate__twitter"": 16, ""candidate__youtube"": 14}",COMPLETE
1481,2059.0800806566444,2026-09-21 11:42:08.829248,2026-09-21 11:42:09.245008,0 days 00:00:00.415760,4,17,15,1,13,0,16,8,12,11,15,13,15,15,"{""candidate__cinema"": 4, ""candidate__digitaldisplayandsearch"": 17, ""candidate__digitalvideo"": 15, ""candidate__facebook"": 1, ""candidate__instagram"": 13, ""candidate__localtv"": 0, ""candidate__ooh"": 16, ""candidate__opentv"": 8, ""candidate__paytv"": 12, ""candidate__print"": 11, ""candidate__radio"": 15, ""candidate__tiktok"": 13, ""candidate__twitter"": 15, ""candidate__youtube"": 15}",PRUNED
1482,2084.749686294201,2026-09-21 11:42:09.265695,2026-09-21 11:42:09.702157,0 days 00:00:00.436462,8,14,15,2,12,0,15,4,5,12,4,12,15,15,"{""candidate__cinema"": 8, ""candidate__digitaldisplayandsearch"": 14, ""candidate__digitalvideo"": 15, ""candidate__facebook"": 2, ""candidate__instagram"": 12, ""candidate__localtv"": 0, ""candidate__ooh"": 15, ""candidate__opentv"": 4, ""candidate__paytv"": 5, ""candidate__print"": 12, ""candidate__radio"": 4, ""candidate__tiktok"": 12, ""candidate__twitter"": 15, ""candidate__youtube"": 15}",PRUNED
1483,2059.31367224019,2026-09-21 11:42:09.726101,2026-09-21 11:42:10.260516,0 days 00:00:00.534415,6,13,15,2,14,0,16,7,5,13,5,13,17,14,"{""candidate__cinema"": 6, ""candidate__digitaldisplayandsearch"": 13, ""candidate__digitalvideo"": 15, ""candidate__facebook"": 2, ""candidate__instagram"": 14, ""candidate__localtv"": 0, ""candidate__ooh"": 16, ""candidate__opentv"": 7, ""candidate__paytv"": 5, ""candidate__print"": 13, ""candidate__radio"": 5, ""candidate__tiktok"": 13, ""candidate__twitter"": 17, ""candidate__youtube"": 14}",PRUNED
1484,1707.6388197767756,2026-09-21 11:42:10.278365,2026-09-21 11:42:11.176951,0 days 00:00:00.898586,6,13,15,2,12,0,16,7,6,14,4,13,15,16,"{""candidate__cinema"": 6, ""candidate__digitaldisplayandsearch"": 13, ""candidate__digitalvideo"": 15, ""candidate__facebook"": 2, ""candidate__instagram"": 12, ""candidate__localtv"": 0, ""candidate__ooh"": 16, ""candidate__opentv"": 7, ""candidate__paytv"": 6, ""candidate__print"": 14, ""candidate__radio"": 4, ""candidate__tiktok"": 13, ""candidate__twitter"": 15, ""candidate__youtube"": 16}",COMPLETE
1485,2067.6903179297387,2026-09-21 11:42:11.198864,2026-09-21 11:42:11.593392,0 days 00:00:00.394528,7,14,14,0,13,1,16,7,8,13,3,12,17,16,"{""candidate__cinema"": 7, ""candidate__digitaldisplayandsearch"": 14, ""candidate__digitalvideo"": 14, ""candidate__facebook"": 0, ""candidate__instagram"": 13, ""candidate__localtv"": 1, ""candidate__ooh"": 16, ""candidate__opentv"": 7, ""candidate__paytv"": 8, ""candidate__print"": 13, ""candidate__radio"": 3, ""candidate__tiktok"": 12, ""candidate__twitter"": 17, ""candidate__youtube"": 16}",PRUNED
1486,1708.0158774237125,2026-09-21 11:42:11.611697,2026-09-21 11:42:12.267034,0 days 00:00:00.655337,8,14,15,1,14,0,16,5,6,10,4,12,15,14,"{""candidate__cinema"": 8, ""candidate__digitaldisplayandsearch"": 14, ""candidate__digitalvideo"": 15, ""candidate__facebook"": 1, ""candidate__instagram"": 14, ""candidate__localtv"": 0, ""candidate__ooh"": 16, ""candidate__opentv"": 5, ""candidate__paytv"": 6, ""candidate__print"": 10, ""candidate__radio"": 4, ""candidate__tiktok"": 12, ""candidate__twitter"": 15, ""candidate__youtube"": 14}",COMPLETE
1487,2067.4126249680626,2026-09-21 11:42:12.292608,2026-09-21 11:42:12.685376,0 days 00:00:00.392768,4,11,15,3,14,1,16,10,8,14,5,13,14,15,"{""candidate__cinema"": 4, ""candidate__digitaldisplayandsearch"": 11, ""candidate__digitalvideo"": 15, ""candidate__facebook"": 3, ""candidate__instagram"": 14, ""candidate__localtv"": 1, ""candidate__ooh"": 16, ""candidate__opentv"": 10, ""candidate__paytv"": 8, ""candidate__print"": 14, ""candidate__radio"": 5, ""candidate__tiktok"": 13, ""candidate__twitter"": 14, ""candidate__youtube"": 15}",PRUNED
1488,1969.9077064037915,2026-09-21 11:42:12.706541,2026-09-21 11:42:13.220236,0 days 00:00:00.513695,9,14,15,3,14,0,17,6,6,13,4,12,16,16,"{""candidate__cinema"": 9, ""candidate__digitaldisplayandsearch"": 14, ""candidate__digitalvideo"": 15, ""candidate__facebook"": 3, ""candidate__instagram"": 14, ""candidate__localtv"": 0, ""candidate__ooh"": 17, ""candidate__opentv"": 6, ""candidate__paytv"": 6, ""candidate__print"": 13, ""candidate__radio"": 4, ""candidate__tiktok"": 12, ""candidate__twitter"": 16, ""candidate__youtube"": 16}",PRUNED
