number,value,datetime_start,datetime_complete,duration,params_candidate__cinema,params_candidate__digitaldisplayandsearch,params_candidate__digitalvideo,params_candidate__facebook,params_candidate__instagram,params_candidate__localtv,params_candidate__ooh,params_candidate__opentv,params_candidate__paytv,params_candidate__print,params_candidate__radio,params_candidate__tiktok,params_candidate__twitter,params_candidate__youtube,system_attrs_tpe:relative_params:0,state
670,1706.1168292959294,2026-09-21 11:34:31.157336,2026-09-21 11:34:32.019525,0 days 00:00:00.862189,1,17,15,1,10,0,16,11,9,14,5,8,17,15,"{""candidate__cinema"": 1, ""candidate__digitaldisplayandsearch"": 17, ""candidate__digitalvideo"": 15, ""candidate__facebook"": 1, ""candidate__instagram"": 10, ""candidate__localtv"": 0, ""candidate__ooh"": 16, ""candidate__opentv"": 11, ""candidate__paytv"": 9, ""candidate__print"": 14, ""candidate__radio"": 5, ""candidate__tiktok"": 8, ""candidate__twitter"": 17, ""candidate__youtube"": 15}",COMPLETE
671,2094.893387878175,2026-09-21 11:34:32.048248,2026-09-21 11:34:32.497154,0 days 00:00:00.448906,2,16,15,1,8,1,15,11,8,14,5,12,15,14,"{""candidate__cinema"": 2, ""candidate__digitaldisplayandsearch"": 16, ""candidate__digitalvideo"": 15, ""candidate__facebook"": 1, ""candidate__instagram"": 8, ""candidate__localtv"": 1, ""candidate__ooh"": 15, ""candidate__opentv"": 11, ""candidate__paytv"": 8, ""candidate__print"": 14, ""candidate__radio"": 5, ""candidate__tiktok"": 12, ""candidate__twitter"": 15, ""candidate__youtube"": 14}",PRUNED
672,1705.3630700065487,2026-09-21 11:34:32.515164,2026-09-21 11:34:33.207054,0 days 00:00:00.691890,4,15,16,1,13,0,16,8,10,13,6,13,13,15,"{""candidate__cinema"": 4, ""candidate__digitaldisplayandsearch"": 15, ""candidate__digitalvideo"": 16, ""candidate__facebook"": 1, ""candidate__instagram"": 13, ""candidate__localtv"": 0, ""candidate__ooh"": 16, ""candidate__opentv"": 8, ""candidate__paytv"": 10, ""candidate__print"": 13, ""candidate__radio"": 6, ""candidate__tiktok"": 13, ""candidate__twitter"": 13, ""candidate__youtube"": 15}",COMPLETE
673,1973.229519214883,2026-09-21 11:34:33.229578,2026-09-21 11:34:33.811082,0 days 00:00:00.581504,4,16,14,0,10,0,16,10,10,12,5,11,12,16,"{""candidate__cinema"": 4, ""candidate__digitaldisplayandsearch"": 16, ""candidate__digitalvideo"": 14, ""candidate__facebook"": 0, ""candidate__instagram"": 10, ""candidate__localtv"": 0, ""candidate__ooh"": 16, ""candidate__opentv"": 10, ""candidate__paytv"": 10, ""candidate__print"": 12, ""candidate__radio"": 5, ""candidate__tiktok"": 11, ""candidate__twitter"": 12, ""candidate__youtube"": 16}",PRUNED
674,2084.098454498901,2026-09-21 11:34:33.833324,2026-09-21 11:34:34.279069,0 days 00:00:00.445745,4,15,15,1,11,0,15,11,4,9,5,12,12,14,"{""candidate__cinema"": 4, ""candidate__digitaldisplayandsearch"": 15, ""candidate__digitalvideo"": 15, ""candidate__facebook"": 1, ""candidate__instagram"": 11, ""candidate__localtv"": 0, ""candidate__ooh"": 15, ""candidate__opentv"": 11, ""candidate__paytv"": 4, ""candidate__print"": 9, ""candidate__radio"": 5, ""candidate__tiktok"": 12, ""candidate__twitter"": 12, ""candidate__youtube"": 14}",PRUNED
675,2076.1086066429375,2026-09-21 11:34:34.308995,2026-09-21 11:34:34.732619,0 days 00:00:00.423624,3,17,15,0,10,0,15,11,3,12,4,14,11,15,"{""candidate__cinema"": 3, ""candidate__digitaldisplayandsearch"": 17, ""candidate__digitalvideo"": 15, ""candidate__facebook"": 0, ""candidate__instagram"": 10, ""candidate__localtv"": 0, ""candidate__ooh"": 15, ""candidate__opentv"": 11, ""candidate__paytv"": 3, ""candidate__print"": 12, ""candidate__radio"": 4, ""candidate__tiktok"": 14, ""candidate__twitter"": 11, ""candidate__youtube"": 15}",PRUNED
676,2076.874172164422,2026-09-21 11:34:34.755523,2026-09-21 11:34:35.209494,0 days 00:00:00.453971,3,15,16,1,10,1,16,14,9,14,4,12,17,15,"{""candidate__cinema"": 3, ""candidate__digitaldisplayandsearch"": 15, ""candidate__digitalvideo"": 16, ""candidate__facebook"": 1, ""candidate__instagram"": 10, ""candidate__localtv"": 1, ""candidate__ooh"": 16, ""candidate__opentv"": 14, ""candidate__paytv"": 9, ""candidate__print"": 14, ""candidate__radio"": 4, ""candidate__tiktok"": 12, ""candidate__twitter"": 17, ""candidate__youtube"": 15}",PRUNED
677,2073.898054800202,2026-09-21 11:34:35.229563,2026-09-21 11:34:35.643291,0 days 00:00:00.413728,0,16,15,0,8,1,16,8,7,12,5,12,13,15,"{""candidate__cinema"": 0, ""candidate__digitaldisplayandsearch"": 16, ""candidate__digitalvideo"": 15, ""candidate__facebook"": 0, ""candidate__instagram"": 8, ""candidate__localtv"": 1, ""candidate__ooh"": 16, ""candidate__opentv"": 8, ""candidate__paytv"": 7, ""candidate__print"": 12, ""candidate__radio"": 5, ""candidate__tiktok"": 12, ""candidate__twitter"": 13, ""candidate__youtube"": 15}",PRUNED
678,1708.6022584755653,2026-09-21 11:34:35.666448,2026-09-21 11:34:36.368221,0 days 00:00:00.701773,4,15,15,1,10,0,16,12,4,11,5,13,10,16,"{""candidate__cinema"": 4, ""candidate__digitaldisplayandsearch"": 15, ""candidate__digitalvideo"": 15, ""candidate__facebook"": 1, ""candidate__instagram"": 10, ""candidate__localtv"": 0, ""candidate__ooh"": 16, ""candidate__opentv"": 12, ""candidate__paytv"": 4, ""candidate__print"": 11, ""candidate__radio"": 5, ""candidate__tiktok"": 13, ""candidate__twitter"": 10, ""candidate__youtube"": 16}",COMPLETE
679,1711.0042935336103,2026-09-21 11:34:36.393957,2026-09-21 11:34:37.318925,0 days 00:00:00.924968,4,15,15,0,11,0,16,10,4,11,4,13,12,16,"{""candidate__cinema"": 4, ""candidate__digitaldisplayandsearch"": 15, ""candidate__digitalvideo"": 15, ""candidate__facebook"": 0, ""candidate__instagram"": 11, ""candidate__localtv"": 0, ""candidate__ooh"": 16, ""candidate__opentv"": 10, ""candidate__paytv"": 4, ""candidate__print"": 11, ""candidate__radio"": 4, ""candidate__tiktok"": 13, ""candidate__twitter"": 12, ""candidate__youtube"": 16}",PRUNED
680,1706.4305920273334,2026-09-21 11:34:37.379275,2026-09-21 11:34:38.051562,0 days 00:00:00.672287,4,17,15,2,10,0,16,11,3,12,5,13,12,15,"{""candidate__cinema"": 4, ""candidate__digitaldisplayandsearch"": 17, ""candidate__digitalvideo"": 15, ""candidate__facebook"": 2, ""candidate__instagram"": 10, ""candidate__localtv"": 0, ""candidate__ooh"": 16, ""candidate__opentv"": 11, ""candidate__paytv"": 3, ""candidate__print"": 12, ""candidate__radio"": 5, ""candidate__tiktok"": 13, ""candidate__twitter"": 12, ""candidate__youtube"": 15}",COMPLETE
681,2061.62761811631,2026-09-21 11:34:38.077942,2026-09-21 11:34:38.467293,0 days 00:00:00.389351,5,15,15,0,9,0,16,11,3,12,5,12,12,16,"{""candidate__cinema"": 5, ""candidate__digitaldisplayandsearch"": 15, ""candidate__digitalvideo"": 15, ""candidate__facebook"": 0, ""candidate__instagram"": 9, ""candidate__localtv"": 0, ""candidate__ooh"": 16, ""candidate__opentv"": 11, ""candidate__paytv"": 3, ""candidate__print"": 12, ""candidate__radio"": 5, ""candidate__tiktok"": 12, ""candidate__twitter"": 12, ""candidate__youtube"": 16}",PRUNED
682,1707.240092380972,2026-09-21 11:34:38.488867,2026-09-21 11:34:39.180664,0 days 00:00:00.691797,2,16,15,0,10,0,16,11,4,13,6,14,12,15,"{""candidate__cinema"": 2, ""candidate__digitaldisplayandsearch"": 16, ""candidate__digitalvideo"": 15, ""candidate__facebook"": 0, ""candidate__instagram"": 10, ""candidate__localtv"": 0, ""candidate__ooh"": 16, ""candidate__opentv"": 11, ""candidate__paytv"": 4, ""candidate__print"": 13, ""candidate__radio"": 6, ""candidate__tiktok"": 14, ""candidate__twitter"": 12, ""candidate__youtube"": 15}",COMPLETE
683,2062.627536490315,2026-09-21 11:34:39.208934,2026-09-21 11:34:39.628914,0 days 00:00:00.419980,4,15,16,1,12,0,16,8,8,13,6,12,13,14,"{""candidate__cinema"": 4, ""candidate__digitaldisplayandsearch"": 15, ""candidate__digitalvideo"": 16, ""candidate__facebook"": 1, ""candidate__instagram"": 12, ""candidate__localtv"": 0, ""candidate__ooh"": 16, ""candidate__opentv"": 8, ""candidate__paytv"": 8, ""candidate__print"": 13, ""candidate__radio"": 6, ""candidate__tiktok"": 12, ""candidate__twitter"": 13, ""candidate__youtube"": 14}",PRUNED
684,2064.4281522794436,2026-09-21 11:34:39.649163,2026-09-21 11:34:40.079405,0 days 00:00:00.430242,4,16,14,0,12,0,16,8,9,11,5,12,13,15,"{""candidate__cinema"": 4, ""candidate__digitaldisplayandsearch"": 16, ""candidate__digitalvideo"": 14, ""candidate__facebook"": 0, ""candidate__instagram"": 12, ""candidate__localtv"": 0, ""candidate__ooh"": 16, ""candidate__opentv"": 8, ""candidate__paytv"": 9, ""candidate__print"": 11, ""candidate__radio"": 5, ""candidate__tiktok"": 12, ""candidate__twitter"": 13, ""candidate__youtube"": 15}",PRUNED
685,2078.4963875881003,2026-09-21 11:34:40.103083,2026-09-21 11:34:40.572961,0 days 00:00:00.469878,0,16,14,1,9,0,16,6,8,12,5,11,15,15,"{""candidate__cinema"": 0, ""candidate__digitaldisplayandsearch"": 16, ""candidate__digitalvideo"": 14, ""candidate__facebook"": 1, ""candidate__instagram"": 9, ""candidate__localtv"": 0, ""candidate__ooh"": 16, ""candidate__opentv"": 6, ""candidate__paytv"": 8, ""candidate__print"": 12, ""candidate__radio"": 5, ""candidate__tiktok"": 11, ""candidate__twitter"": 15, ""candidate__youtube"": 15}",PRUNED
686,2071.7662705501994,2026-09-21 11:34:40.600968,2026-09-21 11:34:41.031954,0 days 00:00:00.430986,0,14,16,1,8,1,16,8,5,12,6,12,14,16,"{""candidate__cinema"": 0, ""candidate__digitaldisplayandsearch"": 14, ""candidate__digitalvideo"": 16, ""candidate__facebook"": 1, ""candidate__instagram"": 8, ""candidate__localtv"": 1, ""candidate__ooh"": 16, ""candidate__opentv"": 8, ""candidate__paytv"": 5, ""candidate__print"": 12, ""candidate__radio"": 6, ""candidate__tiktok"": 12, ""candidate__twitter"": 14, ""candidate__youtube"": 16}",PRUNED
687,2064.1239270081946,2026-09-21 11:34:41.058922,2026-09-21 11:34:41.495146,0 days 00:00:00.436224,0,16,15,1,10,1,16,8,10,11,4,13,15,16,"{""candidate__cinema"": 0, ""candidate__digitaldisplayandsearch"": 16, ""candidate__digitalvideo"": 15, ""candidate__facebook"": 1, ""candidate__instagram"": 10, ""candidate__localtv"": 1, ""candidate__ooh"": 16, ""candidate__opentv"": 8, ""candidate__paytv"": 10, ""candidate__print"": 11, ""candidate__radio"": 4, ""candidate__tiktok"": 13, ""candidate__twitter"": 15, ""candidate__youtube"": 16}",PRUNED
688,2074.340117186135,2026-09-21 11:34:41.512946,2026-09-21 11:34:42.044533,0 days 00:00:00.531587,1,17,15,1,8,0,15,11,9,14,4,9,17,16,"{""candidate__cinema"": 1, ""candidate__digitaldisplayandsearch"": 17, ""candidate__digitalvideo"": 15, ""candidate__facebook"": 1, ""candidate__instagram"": 8, ""candidate__localtv"": 0, ""candidate__ooh"": 15, ""candidate__opentv"": 11, ""candidate__paytv"": 9, ""candidate__print"": 14, ""candidate__radio"": 4, ""candidate__tiktok"": 9, ""candidate__twitter"": 17, ""candidate__youtube"": 16}",PRUNED
689,2074.8521368440793,2026-09-21 11:34:42.064692,2026-09-21 11:34:42.512596,0 days 00:00:00.447904,5,16,15,1,9,0,16,12,4,9,4,13,12,15,"{""candidate__cinema"": 5, ""candidate__digitaldisplayandsearch"": 16, ""candidate__digitalvideo"": 15, ""candidate__facebook"": 1, ""candidate__instagram"": 9, ""candidate__localtv"": 0, ""candidate__ooh"": 16, ""candidate__opentv"": 12, ""candidate__paytv"": 4, ""candidate__print"": 9, ""candidate__radio"": 4, ""candidate__tiktok"": 13, ""candidate__twitter"": 12, ""candidate__youtube"": 15}",PRUNED
690,2077.521053486167,2026-09-21 11:34:42.534113,2026-09-21 11:34:42.994589,0 days 00:00:00.460476,1,16,15,1,7,0,15,8,6,13,3,13,12,16,"{""candidate__cinema"": 1, ""candidate__digitaldisplayandsearch"": 16, ""candidate__digitalvideo"": 15, ""candidate__facebook"": 1, ""candidate__instagram"": 7, ""candidate__localtv"": 0, ""candidate__ooh"": 15, ""candidate__opentv"": 8, ""candidate__paytv"": 6, ""candidate__print"": 13, ""candidate__radio"": 3, ""candidate__tiktok"": 13, ""candidate__twitter"": 12, ""candidate__youtube"": 16}",PRUNED
691,1973.9070005155393,2026-09-21 11:34:43.015836,2026-09-21 11:34:43.582434,0 days 00:00:00.566598,2,17,15,2,11,0,17,11,6,12,4,13,12,16,"{""candidate__cinema"": 2, ""candidate__digitaldisplayandsearch"": 17, ""candidate__digitalvideo"": 15, ""candidate__facebook"": 2, ""candidate__instagram"": 11, ""candidate__localtv"": 0, ""candidate__ooh"": 17, ""candidate__opentv"": 11, ""candidate__paytv"": 6, ""candidate__print"": 12, ""candidate__radio"": 4, ""candidate__tiktok"": 13, ""candidate__twitter"": 12, ""candidate__youtube"": 16}",PRUNED
692,1705.5130863370116,2026-09-21 11:34:43.606420,2026-09-21 11:34:44.293540,0 days 00:00:00.687120,1,16,15,1,10,0,16,8,8,14,5,13,14,15,"{""candidate__cinema"": 1, ""candidate__digitaldisplayandsearch"": 16, ""candidate__digitalvideo"": 15, ""candidate__facebook"": 1, ""candidate__instagram"": 10, ""candidate__localtv"": 0, ""candidate__ooh"": 16, ""candidate__opentv"": 8, ""candidate__paytv"": 8, ""candidate__print"": 14, ""candidate__radio"": 5, ""candidate__tiktok"": 13, ""candidate__twitter"": 14, ""candidate__youtube"": 15}",COMPLETE
693,2061.768246606984,2026-09-21 11:34:44.312404,2026-09-21 11:34:44.709110,0 days 00:00:00.396706,4,16,15,2,10,0,16,12,7,12,6,13,14,15,"{""candidate__cinema"": 4, ""candidate__digitaldisplayandsearch"": 16, ""candidate__digitalvideo"": 15, ""candidate__facebook"": 2, ""candidate__instagram"": 10, ""candidate__localtv"": 0, ""candidate__ooh"": 16, ""candidate__opentv"": 12, ""candidate__paytv"": 7, ""candidate__print"": 12, ""candidate__radio"": 6, ""candidate__tiktok"": 13, ""candidate__twitter"": 14, ""candidate__youtube"": 15}",PRUNED
694,2063.64331392859,2026-09-21 11:34:44.730937,2026-09-21 11:34:45.130089,0 days 00:00:00.399152,4,15,16,2,10,0,16,11,8,16,5,12,15,15,"{""candidate__cinema"": 4, ""candidate__digitaldisplayandsearch"": 15, ""candidate__digitalvideo"": 16, ""candidate__facebook"": 2, ""candidate__instagram"": 10, ""candidate__localtv"": 0, ""candidate__ooh"": 16, ""candidate__opentv"": 11, ""candidate__paytv"": 8, ""candidate__print"": 16, ""candidate__radio"": 5, ""candidate__tiktok"": 12, ""candidate__twitter"": 15, ""candidate__youtube"": 15}",PRUNED
695,2078.6133591866414,2026-09-21 11:34:45.152556,2026-09-21 11:34:45.593036,0 days 00:00:00.440480,3,16,16,1,10,0,15,12,10,12,6,12,13,16,"{""candidate__cinema"": 3, ""candidate__digitaldisplayandsearch"": 16, ""candidate__digitalvideo"": 16, ""candidate__facebook"": 1, ""candidate__instagram"": 10, ""candidate__localtv"": 0, ""candidate__ooh"": 15, ""candidate__opentv"": 12, ""candidate__paytv"": 10, ""candidate__print"": 12, ""candidate__radio"": 6, ""candidate__tiktok"": 12, ""candidate__twitter"": 13, ""candidate__youtube"": 16}",PRUNED
696,1706.6191426338053,2026-09-21 11:34:45.613101,2026-09-21 11:34:46.377324,0 days 00:00:00.764223,1,17,16,0,10,0,16,11,2,11,4,13,13,15,"{""candidate__cinema"": 1, ""candidate__digitaldisplayandsearch"": 17, ""candidate__digitalvideo"": 16, ""candidate__facebook"": 0, ""candidate__instagram"": 10, ""candidate__localtv"": 0, ""candidate__ooh"": 16, ""candidate__opentv"": 11, ""candidate__paytv"": 2, ""candidate__print"": 11, ""candidate__radio"": 4, ""candidate__tiktok"": 13, ""candidate__twitter"": 13, ""candidate__youtube"": 15}",COMPLETE
697,2065.837463104585,2026-09-21 11:34:46.406646,2026-09-21 11:34:46.812148,0 days 00:00:00.405502,4,17,14,0,9,0,16,11,4,12,5,13,13,16,"{""candidate__cinema"": 4, ""candidate__digitaldisplayandsearch"": 17, ""candidate__digitalvideo"": 14, ""candidate__facebook"": 0, ""candidate__instagram"": 9, ""candidate__localtv"": 0, ""candidate__ooh"": 16, ""candidate__opentv"": 11, ""candidate__paytv"": 4, ""candidate__print"": 12, ""candidate__radio"": 5, ""candidate__tiktok"": 13, ""candidate__twitter"": 13, ""candidate__youtube"": 16}",PRUNED
698,2077.9046597258284,2026-09-21 11:34:46.835316,2026-09-21 11:34:47.263648,0 days 00:00:00.428332,4,17,14,0,9,0,16,11,3,10,5,13,13,15,"{""candidate__cinema"": 4, ""candidate__digitaldisplayandsearch"": 17, ""candidate__digitalvideo"": 14, ""candidate__facebook"": 0, ""candidate__instagram"": 9, ""candidate__localtv"": 0, ""candidate__ooh"": 16, ""candidate__opentv"": 11, ""candidate__paytv"": 3, ""candidate__print"": 10, ""candidate__radio"": 5, ""candidate__tiktok"": 13, ""candidate__twitter"": 13, ""candidate__youtube"": 15}",PRUNED
699,2083.049313053211,2026-09-21 11:34:47.287604,2026-09-21 11:34:47.963715,0 days 00:00:00.676111,3,17,16,0,11,0,15,11,10,11,4,12,14,15,"{""candidate__cinema"": 3, ""candidate__digitaldisplayandsearch"": 17, ""candidate__digitalvideo"": 16, ""candidate__facebook"": 0, ""candidate__instagram"": 11, ""candidate__localtv"": 0, ""candidate__ooh"": 15, ""candidate__opentv"": 11, ""candidate__paytv"": 10, ""candidate__print"": 11, ""candidate__radio"": 4, ""candidate__tiktok"": 12, ""candidate__twitter"": 14, ""candidate__youtube"": 15}",PRUNED
700,1707.7523383751256,2026-09-21 11:34:47.983909,2026-09-21 11:34:48.726350,0 days 00:00:00.742441,4,14,16,0,10,0,16,11,14,12,5,12,12,16,"{""candidate__cinema"": 4, ""candidate__digitaldisplayandsearch"": 14, ""candidate__digitalvideo"": 16, ""candidate__facebook"": 0, ""candidate__instagram"": 10, ""candidate__localtv"": 0, ""candidate__ooh"": 16, ""candidate__opentv"": 11, ""candidate__paytv"": 14, ""candidate__print"": 12, ""candidate__radio"": 5, ""candidate__tiktok"": 12, ""candidate__twitter"": 12, ""candidate__youtube"": 16}",COMPLETE
701,1973.229519214883,2026-09-21 11:34:48.754840,2026-09-21 11:34:49.356896,0 days 00:00:00.602056,4,15,14,0,10,0,16,10,16,11,5,12,12,16,"{""candidate__cinema"": 4, ""candidate__digitaldisplayandsearch"": 15, ""candidate__digitalvideo"": 14, ""candidate__facebook"": 0, ""candidate__instagram"": 10, ""candidate__localtv"": 0, ""candidate__ooh"": 16, ""candidate__opentv"": 10, ""candidate__paytv"": 16, ""candidate__print"": 11, ""candidate__radio"": 5, ""candidate__tiktok"": 12, ""candidate__twitter"": 12, ""candidate__youtube"": 16}",PRUNED
702,1704.6875085824631,2026-09-21 11:34:49.380631,2026-09-21 11:34:50.098576,0 days 00:00:00.717945,3,14,15,1,13,0,16,8,9,12,4,12,14,15,"{""candidate__cinema"": 3, ""candidate__digitaldisplayandsearch"": 14, ""candidate__digitalvideo"": 15, ""candidate__facebook"": 1, ""candidate__instagram"": 13, ""candidate__localtv"": 0, ""candidate__ooh"": 16, ""candidate__opentv"": 8, ""candidate__paytv"": 9, ""candidate__print"": 12, ""candidate__radio"": 4, ""candidate__tiktok"": 12, ""candidate__twitter"": 14, ""candidate__youtube"": 15}",COMPLETE
703,2060.845281567646,2026-09-21 11:34:50.124103,2026-09-21 11:34:50.540994,0 days 00:00:00.416891,2,15,14,1,13,0,16,8,9,13,5,12,13,14,"{""candidate__cinema"": 2, ""candidate__digitaldisplayandsearch"": 15, ""candidate__digitalvideo"": 14, ""candidate__facebook"": 1, ""candidate__instagram"": 13, ""candidate__localtv"": 0, ""candidate__ooh"": 16, ""candidate__opentv"": 8, ""candidate__paytv"": 9, ""candidate__print"": 13, ""candidate__radio"": 5, ""candidate__tiktok"": 12, ""candidate__twitter"": 13, ""candidate__youtube"": 14}",PRUNED
704,2085.730639270385,2026-09-21 11:34:50.563430,2026-09-21 11:34:51.027043,0 days 00:00:00.463613,0,14,15,2,8,0,15,7,7,11,5,13,14,15,"{""candidate__cinema"": 0, ""candidate__digitaldisplayandsearch"": 14, ""candidate__digitalvideo"": 15, ""candidate__facebook"": 2, ""candidate__instagram"": 8, ""candidate__localtv"": 0, ""candidate__ooh"": 15, ""candidate__opentv"": 7, ""candidate__paytv"": 7, ""candidate__print"": 11, ""candidate__radio"": 5, ""candidate__tiktok"": 13, ""candidate__twitter"": 14, ""candidate__youtube"": 15}",PRUNED
705,2080.333872868235,2026-09-21 11:34:51.049083,2026-09-21 11:34:51.492001,0 days 00:00:00.442918,4,15,15,1,10,0,15,9,9,15,5,12,16,15,"{""candidate__cinema"": 4, ""candidate__digitaldisplayandsearch"": 15, ""candidate__digitalvideo"": 15, ""candidate__facebook"": 1, ""candidate__instagram"": 10, ""candidate__localtv"": 0, ""candidate__ooh"": 15, ""candidate__opentv"": 9, ""candidate__paytv"": 9, ""candidate__print"": 15, ""candidate__radio"": 5, ""candidate__tiktok"": 12, ""candidate__twitter"": 16, ""candidate__youtube"": 15}",PRUNED
706,1973.2033068125138,2026-09-21 11:34:51.518774,2026-09-21 11:34:52.133272,0 days 00:00:00.614498,3,15,15,0,7,0,16,8,7,12,5,11,14,14,"{""candidate__cinema"": 3, ""candidate__digitaldisplayandsearch"": 15, ""candidate__digitalvideo"": 15, ""candidate__facebook"": 0, ""candidate__instagram"": 7, ""candidate__localtv"": 0, ""candidate__ooh"": 16, ""candidate__opentv"": 8, ""candidate__paytv"": 7, ""candidate__print"": 12, ""candidate__radio"": 5, ""candidate__tiktok"": 11, ""candidate__twitter"": 14, ""candidate__youtube"": 14}",PRUNED
707,1705.4708210378674,2026-09-21 11:34:52.159518,2026-09-21 11:34:52.925128,0 days 00:00:00.765610,5,14,16,1,14,0,16,8,10,13,6,12,13,15,"{""candidate__cinema"": 5, ""candidate__digitaldisplayandsearch"": 14, ""candidate__digitalvideo"": 16, ""candidate__facebook"": 1, ""candidate__instagram"": 14, ""candidate__localtv"": 0, ""candidate__ooh"": 16, ""candidate__opentv"": 8, ""candidate__paytv"": 10, ""candidate__print"": 13, ""candidate__radio"": 6, ""candidate__tiktok"": 12, ""candidate__twitter"": 13, ""candidate__youtube"": 15}",COMPLETE
708,2087.555849041826,2026-09-21 11:34:52.952329,2026-09-21 11:34:53.628435,0 days 00:00:00.676106,1,16,14,1,8,0,15,8,4,13,5,13,12,15,"{""candidate__cinema"": 1, ""candidate__digitaldisplayandsearch"": 16, ""candidate__digitalvideo"": 14, ""candidate__facebook"": 1, ""candidate__instagram"": 8, ""candidate__localtv"": 0, ""candidate__ooh"": 15, ""candidate__opentv"": 8, ""candidate__paytv"": 4, ""candidate__print"": 13, ""candidate__radio"": 5, ""candidate__tiktok"": 13, ""candidate__twitter"": 12, ""candidate__youtube"": 15}",PRUNED
