number,value,datetime_start,datetime_complete,duration,params_candidate__cinema,params_candidate__digitaldisplayandsearch,params_candidate__digitalvideo,params_candidate__facebook,params_candidate__instagram,params_candidate__localtv,params_candidate__ooh,params_candidate__opentv,params_candidate__paytv,params_candidate__print,params_candidate__radio,params_candidate__tiktok,params_candidate__twitter,params_candidate__youtube,system_attrs_tpe:relative_params:0,state
982,2088.1511252840787,2026-09-21 11:37:34.170079,2026-09-21 11:37:34.603488,0 days 00:00:00.433409,1,16,14,1,10,0,15,4,4,12,6,11,14,15,"{""candidate__cinema"": 1, ""candidate__digitaldisplayandsearch"": 16, ""candidate__digitalvideo"": 14, ""candidate__facebook"": 1, ""candidate__instagram"": 10, ""candidate__localtv"": 0, ""candidate__ooh"": 15, ""candidate__opentv"": 4, ""candidate__paytv"": 4, ""candidate__print"": 12, ""candidate__radio"": 6, ""candidate__tiktok"": 11, ""candidate__twitter"": 14, ""candidate__youtube"": 15}",PRUNED
983,1705.6401569489115,2026-09-21 11:37:34.628407,2026-09-21 11:37:35.350925,0 days 00:00:00.722518,5,13,15,2,13,0,16,5,9,12,4,13,15,16,"{""candidate__cinema"": 5, ""candidate__digitaldisplayandsearch"": 13, ""candidate__digitalvideo"": 15, ""candidate__facebook"": 2, ""candidate__instagram"": 13, ""candidate__localtv"": 0, ""candidate__ooh"": 16, ""candidate__opentv"": 5, ""candidate__paytv"": 9, ""candidate__print"": 12, ""candidate__radio"": 4, ""candidate__tiktok"": 13, ""candidate__twitter"": 15, ""candidate__youtube"": 16}",COMPLETE
984,2064.1999914436014,2026-09-21 11:37:35.380753,2026-09-21 11:37:35.859772,0 days 00:00:00.479019,4,15,16,2,17,0,16,8,9,14,4,13,15,14,"{""candidate__cinema"": 4, ""candidate__digitaldisplayandsearch"": 15, ""candidate__digitalvideo"": 16, ""candidate__facebook"": 2, ""candidate__instagram"": 17, ""candidate__localtv"": 0, ""candidate__ooh"": 16, ""candidate__opentv"": 8, ""candidate__paytv"": 9, ""candidate__print"": 14, ""candidate__radio"": 4, ""candidate__tiktok"": 13, ""candidate__twitter"": 15, ""candidate__youtube"": 14}",PRUNED
985,2059.709849350316,2026-09-21 11:37:35.885626,2026-09-21 11:37:36.434171,0 days 00:00:00.548545,5,12,15,1,12,0,16,8,9,11,4,13,13,14,"{""candidate__cinema"": 5, ""candidate__digitaldisplayandsearch"": 12, ""candidate__digitalvideo"": 15, ""candidate__facebook"": 1, ""candidate__instagram"": 12, ""candidate__localtv"": 0, ""candidate__ooh"": 16, ""candidate__opentv"": 8, ""candidate__paytv"": 9, ""candidate__print"": 11, ""candidate__radio"": 4, ""candidate__tiktok"": 13, ""candidate__twitter"": 13, ""candidate__youtube"": 14}",PRUNED
986,1709.5885722222781,2026-09-21 11:37:36.454988,2026-09-21 11:37:37.168718,0 days 00:00:00.713730,4,11,14,1,14,0,16,10,8,14,4,13,13,16,"{""candidate__cinema"": 4, ""candidate__digitaldisplayandsearch"": 11, ""candidate__digitalvideo"": 14, ""candidate__facebook"": 1, ""candidate__instagram"": 14, ""candidate__localtv"": 0, ""candidate__ooh"": 16, ""candidate__opentv"": 10, ""candidate__paytv"": 8, ""candidate__print"": 14, ""candidate__radio"": 4, ""candidate__tiktok"": 13, ""candidate__twitter"": 13, ""candidate__youtube"": 16}",PRUNED
987,2062.7721100808867,2026-09-21 11:37:37.189803,2026-09-21 11:37:37.834017,0 days 00:00:00.644214,3,14,15,1,14,1,16,8,8,13,3,12,14,16,"{""candidate__cinema"": 3, ""candidate__digitaldisplayandsearch"": 14, ""candidate__digitalvideo"": 15, ""candidate__facebook"": 1, ""candidate__instagram"": 14, ""candidate__localtv"": 1, ""candidate__ooh"": 16, ""candidate__opentv"": 8, ""candidate__paytv"": 8, ""candidate__print"": 13, ""candidate__radio"": 3, ""candidate__tiktok"": 12, ""candidate__twitter"": 14, ""candidate__youtube"": 16}",PRUNED
988,2061.682420917883,2026-09-21 11:37:37.856835,2026-09-21 11:37:38.301872,0 days 00:00:00.445037,6,14,16,2,13,0,16,8,10,13,5,11,13,15,"{""candidate__cinema"": 6, ""candidate__digitaldisplayandsearch"": 14, ""candidate__digitalvideo"": 16, ""candidate__facebook"": 2, ""candidate__instagram"": 13, ""candidate__localtv"": 0, ""candidate__ooh"": 16, ""candidate__opentv"": 8, ""candidate__paytv"": 10, ""candidate__print"": 13, ""candidate__radio"": 5, ""candidate__tiktok"": 11, ""candidate__twitter"": 13, ""candidate__youtube"": 15}",PRUNED
989,2063.724253585434,2026-09-21 11:37:38.326166,2026-09-21 11:37:38.784953,0 days 00:00:00.458787,5,15,17,1,10,0,16,8,10,13,6,13,13,15,"{""candidate__cinema"": 5, ""candidate__digitaldisplayandsearch"": 15, ""candidate__digitalvideo"": 17, ""candidate__facebook"": 1, ""candidate__instagram"": 10, ""candidate__localtv"": 0, ""candidate__ooh"": 16, ""candidate__opentv"": 8, ""candidate__paytv"": 10, ""candidate__print"": 13, ""candidate__radio"": 6, ""candidate__tiktok"": 13, ""candidate__twitter"": 13, ""candidate__youtube"": 15}",PRUNED
990,1705.262807549024,2026-09-21 11:37:38.809245,2026-09-21 11:37:39.553864,0 days 00:00:00.744619,2,15,15,2,16,0,16,8,10,12,4,13,15,15,"{""candidate__cinema"": 2, ""candidate__digitaldisplayandsearch"": 15, ""candidate__digitalvideo"": 15, ""candidate__facebook"": 2, ""candidate__instagram"": 16, ""candidate__localtv"": 0, ""candidate__ooh"": 16, ""candidate__opentv"": 8, ""candidate__paytv"": 10, ""candidate__print"": 12, ""candidate__radio"": 4, ""candidate__tiktok"": 13, ""candidate__twitter"": 15, ""candidate__youtube"": 15}",COMPLETE
991,2076.7607604285145,2026-09-21 11:37:39.575698,2026-09-21 11:37:40.001788,0 days 00:00:00.426090,5,15,15,1,13,1,17,6,9,13,5,13,16,15,"{""candidate__cinema"": 5, ""candidate__digitaldisplayandsearch"": 15, ""candidate__digitalvideo"": 15, ""candidate__facebook"": 1, ""candidate__instagram"": 13, ""candidate__localtv"": 1, ""candidate__ooh"": 17, ""candidate__opentv"": 6, ""candidate__paytv"": 9, ""candidate__print"": 13, ""candidate__radio"": 5, ""candidate__tiktok"": 13, ""candidate__twitter"": 16, ""candidate__youtube"": 15}",PRUNED
992,1708.1995002628862,2026-09-21 11:37:40.022621,2026-09-21 11:37:40.743678,0 days 00:00:00.721057,4,12,15,1,13,0,17,9,7,13,4,12,13,15,"{""candidate__cinema"": 4, ""candidate__digitaldisplayandsearch"": 12, ""candidate__digitalvideo"": 15, ""candidate__facebook"": 1, ""candidate__instagram"": 13, ""candidate__localtv"": 0, ""candidate__ooh"": 17, ""candidate__opentv"": 9, ""candidate__paytv"": 7, ""candidate__print"": 13, ""candidate__radio"": 4, ""candidate__tiktok"": 12, ""candidate__twitter"": 13, ""candidate__youtube"": 15}",COMPLETE
993,2060.6670097409515,2026-09-21 11:37:40.768915,2026-09-21 11:37:41.193922,0 days 00:00:00.425007,2,16,16,0,10,0,17,11,7,14,5,9,15,15,"{""candidate__cinema"": 2, ""candidate__digitaldisplayandsearch"": 16, ""candidate__digitalvideo"": 16, ""candidate__facebook"": 0, ""candidate__instagram"": 10, ""candidate__localtv"": 0, ""candidate__ooh"": 17, ""candidate__opentv"": 11, ""candidate__paytv"": 7, ""candidate__print"": 14, ""candidate__radio"": 5, ""candidate__tiktok"": 9, ""candidate__twitter"": 15, ""candidate__youtube"": 15}",PRUNED
994,2077.9670213699133,2026-09-21 11:37:41.220997,2026-09-21 11:37:41.634473,0 days 00:00:00.413476,2,15,15,0,10,0,15,11,8,13,6,11,16,15,"{""candidate__cinema"": 2, ""candidate__digitaldisplayandsearch"": 15, ""candidate__digitalvideo"": 15, ""candidate__facebook"": 0, ""candidate__instagram"": 10, ""candidate__localtv"": 0, ""candidate__ooh"": 15, ""candidate__opentv"": 11, ""candidate__paytv"": 8, ""candidate__print"": 13, ""candidate__radio"": 6, ""candidate__tiktok"": 11, ""candidate__twitter"": 16, ""candidate__youtube"": 15}",PRUNED
995,2059.458695796322,2026-09-21 11:37:41.655625,2026-09-21 11:37:42.084326,0 days 00:00:00.428701,4,17,15,1,10,0,17,11,8,12,4,11,15,15,"{""candidate__cinema"": 4, ""candidate__digitaldisplayandsearch"": 17, ""candidate__digitalvideo"": 15, ""candidate__facebook"": 1, ""candidate__instagram"": 10, ""candidate__localtv"": 0, ""candidate__ooh"": 17, ""candidate__opentv"": 11, ""candidate__paytv"": 8, ""candidate__print"": 12, ""candidate__radio"": 4, ""candidate__tiktok"": 11, ""candidate__twitter"": 15, ""candidate__youtube"": 15}",PRUNED
996,2093.8689440460917,2026-09-21 11:37:42.107052,2026-09-21 11:37:42.806823,0 days 00:00:00.699771,2,15,15,0,11,1,15,11,9,13,5,12,14,15,"{""candidate__cinema"": 2, ""candidate__digitaldisplayandsearch"": 15, ""candidate__digitalvideo"": 15, ""candidate__facebook"": 0, ""candidate__instagram"": 11, ""candidate__localtv"": 1, ""candidate__ooh"": 15, ""candidate__opentv"": 11, ""candidate__paytv"": 9, ""candidate__print"": 13, ""candidate__radio"": 5, ""candidate__tiktok"": 12, ""candidate__twitter"": 14, ""candidate__youtube"": 15}",PRUNED
997,2077.3010544226954,2026-09-21 11:37:42.825299,2026-09-21 11:37:43.237533,0 days 00:00:00.412234,3,17,15,1,11,1,16,9,3,12,5,13,12,15,"{""candidate__cinema"": 3, ""candidate__digitaldisplayandsearch"": 17, ""candidate__digitalvideo"": 15, ""candidate__facebook"": 1, ""candidate__instagram"": 11, ""candidate__localtv"": 1, ""candidate__ooh"": 16, ""candidate__opentv"": 9, ""candidate__paytv"": 3, ""candidate__print"": 12, ""candidate__radio"": 5, ""candidate__tiktok"": 13, ""candidate__twitter"": 12, ""candidate__youtube"": 15}",PRUNED
998,2063.554247600492,2026-09-21 11:37:43.259117,2026-09-21 11:37:43.700193,0 days 00:00:00.441076,5,14,14,2,13,0,16,8,10,13,4,15,12,15,"{""candidate__cinema"": 5, ""candidate__digitaldisplayandsearch"": 14, ""candidate__digitalvideo"": 14, ""candidate__facebook"": 2, ""candidate__instagram"": 13, ""candidate__localtv"": 0, ""candidate__ooh"": 16, ""candidate__opentv"": 8, ""candidate__paytv"": 10, ""candidate__print"": 13, ""candidate__radio"": 4, ""candidate__tiktok"": 15, ""candidate__twitter"": 12, ""candidate__youtube"": 15}",PRUNED
999,2075.757869180482,2026-09-21 11:37:43.720839,2026-09-21 11:37:44.114946,0 days 00:00:00.394107,3,15,15,2,16,0,15,8,10,12,4,14,14,15,"{""candidate__cinema"": 3, ""candidate__digitaldisplayandsearch"": 15, ""candidate__digitalvideo"": 15, ""candidate__facebook"": 2, ""candidate__instagram"": 16, ""candidate__localtv"": 0, ""candidate__ooh"": 15, ""candidate__opentv"": 8, ""candidate__paytv"": 10, ""candidate__print"": 12, ""candidate__radio"": 4, ""candidate__tiktok"": 14, ""candidate__twitter"": 14, ""candidate__youtube"": 15}",PRUNED
1000,1706.5093609044488,2026-09-21 11:37:44.132289,2026-09-21 11:37:44.819443,0 days 00:00:00.687154,4,13,15,1,13,0,16,7,10,14,4,14,11,16,"{""candidate__cinema"": 4, ""candidate__digitaldisplayandsearch"": 13, ""candidate__digitalvideo"": 15, ""candidate__facebook"": 1, ""candidate__instagram"": 13, ""candidate__localtv"": 0, ""candidate__ooh"": 16, ""candidate__opentv"": 7, ""candidate__paytv"": 10, ""candidate__print"": 14, ""candidate__radio"": 4, ""candidate__tiktok"": 14, ""candidate__twitter"": 11, ""candidate__youtube"": 16}",COMPLETE
1001,1705.3630700065487,2026-09-21 11:37:44.843870,2026-09-21 11:37:45.664535,0 days 00:00:00.820665,4,16,16,1,13,0,16,8,12,13,6,12,13,15,"{""candidate__cinema"": 4, ""candidate__digitaldisplayandsearch"": 16, ""candidate__digitalvideo"": 16, ""candidate__facebook"": 1, ""candidate__instagram"": 13, ""candidate__localtv"": 0, ""candidate__ooh"": 16, ""candidate__opentv"": 8, ""candidate__paytv"": 12, ""candidate__print"": 13, ""candidate__radio"": 6, ""candidate__tiktok"": 12, ""candidate__twitter"": 13, ""candidate__youtube"": 15}",COMPLETE
1002,2061.419130662215,2026-09-21 11:37:45.692102,2026-09-21 11:37:46.153515,0 days 00:00:00.461413,4,13,16,1,17,0,17,10,11,15,6,12,14,15,"{""candidate__cinema"": 4, ""candidate__digitaldisplayandsearch"": 13, ""candidate__digitalvideo"": 16, ""candidate__facebook"": 1, ""candidate__instagram"": 17, ""candidate__localtv"": 0, ""candidate__ooh"": 17, ""candidate__opentv"": 10, ""candidate__paytv"": 11, ""candidate__print"": 15, ""candidate__radio"": 6, ""candidate__tiktok"": 12, ""candidate__twitter"": 14, ""candidate__youtube"": 15}",PRUNED
1003,1708.5471874809748,2026-09-21 11:37:46.178828,2026-09-21 11:37:46.900759,0 days 00:00:00.721931,1,16,15,2,16,0,17,8,12,12,4,13,16,15,"{""candidate__cinema"": 1, ""candidate__digitaldisplayandsearch"": 16, ""candidate__digitalvideo"": 15, ""candidate__facebook"": 2, ""candidate__instagram"": 16, ""candidate__localtv"": 0, ""candidate__ooh"": 17, ""candidate__opentv"": 8, ""candidate__paytv"": 12, ""candidate__print"": 12, ""candidate__radio"": 4, ""candidate__tiktok"": 13, ""candidate__twitter"": 16, ""candidate__youtube"": 15}",COMPLETE
1004,1708.431407772011,2026-09-21 11:37:46.927149,2026-09-21 11:37:47.624637,0 days 00:00:00.697488,6,14,15,1,13,0,17,9,9,11,4,13,12,15,"{""candidate__cinema"": 6, ""candidate__digitaldisplayandsearch"": 14, ""candidate__digitalvideo"": 15, ""candidate__facebook"": 1, ""candidate__instagram"": 13, ""candidate__localtv"": 0, ""candidate__ooh"": 17, ""candidate__opentv"": 9, ""candidate__paytv"": 9, ""candidate__print"": 11, ""candidate__radio"": 4, ""candidate__tiktok"": 13, ""candidate__twitter"": 12, ""candidate__youtube"": 15}",COMPLETE
1005,1707.5006085563864,2026-09-21 11:37:47.646420,2026-09-21 11:37:48.584790,0 days 00:00:00.938370,2,15,15,1,10,0,16,8,8,14,4,12,13,16,"{""candidate__cinema"": 2, ""candidate__digitaldisplayandsearch"": 15, ""candidate__digitalvideo"": 15, ""candidate__facebook"": 1, ""candidate__instagram"": 10, ""candidate__localtv"": 0, ""candidate__ooh"": 16, ""candidate__opentv"": 8, ""candidate__paytv"": 8, ""candidate__print"": 14, ""candidate__radio"": 4, ""candidate__tiktok"": 12, ""candidate__twitter"": 13, ""candidate__youtube"": 16}",COMPLETE
1006,2060.2545660806436,2026-09-21 11:37:48.610073,2026-09-21 11:37:49.073214,0 days 00:00:00.463141,3,14,16,0,13,0,17,8,10,13,6,14,13,15,"{""candidate__cinema"": 3, ""candidate__digitaldisplayandsearch"": 14, ""candidate__digitalvideo"": 16, ""candidate__facebook"": 0, ""candidate__instagram"": 13, ""candidate__localtv"": 0, ""candidate__ooh"": 17, ""candidate__opentv"": 8, ""candidate__paytv"": 10, ""candidate__print"": 13, ""candidate__radio"": 6, ""candidate__tiktok"": 14, ""candidate__twitter"": 13, ""candidate__youtube"": 15}",PRUNED
1007,1706.7099129717835,2026-09-21 11:37:49.094993,2026-09-21 11:37:49.903378,0 days 00:00:00.808385,4,13,15,0,12,0,16,10,8,13,4,13,12,15,"{""candidate__cinema"": 4, ""candidate__digitaldisplayandsearch"": 13, ""candidate__digitalvideo"": 15, ""candidate__facebook"": 0, ""candidate__instagram"": 12, ""candidate__localtv"": 0, ""candidate__ooh"": 16, ""candidate__opentv"": 10, ""candidate__paytv"": 8, ""candidate__print"": 13, ""candidate__radio"": 4, ""candidate__tiktok"": 13, ""candidate__twitter"": 12, ""candidate__youtube"": 15}",COMPLETE
1008,2073.6538652987124,2026-09-21 11:37:49.932204,2026-09-21 11:37:50.387048,0 days 00:00:00.454844,3,16,16,1,17,0,15,8,10,13,5,13,14,16,"{""candidate__cinema"": 3, ""candidate__digitaldisplayandsearch"": 16, ""candidate__digitalvideo"": 16, ""candidate__facebook"": 1, ""candidate__instagram"": 17, ""candidate__localtv"": 0, ""candidate__ooh"": 15, ""candidate__opentv"": 8, ""candidate__paytv"": 10, ""candidate__print"": 13, ""candidate__radio"": 5, ""candidate__tiktok"": 13, ""candidate__twitter"": 14, ""candidate__youtube"": 16}",PRUNED
1009,1705.2943248106665,2026-09-21 11:37:50.409217,2026-09-21 11:37:51.115757,0 days 00:00:00.706540,3,16,15,1,10,0,16,11,5,12,7,13,11,15,"{""candidate__cinema"": 3, ""candidate__digitaldisplayandsearch"": 16, ""candidate__digitalvideo"": 15, ""candidate__facebook"": 1, ""candidate__instagram"": 10, ""candidate__localtv"": 0, ""candidate__ooh"": 16, ""candidate__opentv"": 11, ""candidate__paytv"": 5, ""candidate__print"": 12, ""candidate__radio"": 7, ""candidate__tiktok"": 13, ""candidate__twitter"": 11, ""candidate__youtube"": 15}",COMPLETE
1010,2068.502890376712,2026-09-21 11:37:51.135386,2026-09-21 11:37:51.570294,0 days 00:00:00.434908,5,12,15,0,14,1,16,9,9,12,3,13,14,15,"{""candidate__cinema"": 5, ""candidate__digitaldisplayandsearch"": 12, ""candidate__digitalvideo"": 15, ""candidate__facebook"": 0, ""candidate__instagram"": 14, ""candidate__localtv"": 1, ""candidate__ooh"": 16, ""candidate__opentv"": 9, ""candidate__paytv"": 9, ""candidate__print"": 12, ""candidate__radio"": 3, ""candidate__tiktok"": 13, ""candidate__twitter"": 14, ""candidate__youtube"": 15}",PRUNED
1011,1709.601459220322,2026-09-21 11:37:51.590934,2026-09-21 11:37:52.296406,0 days 00:00:00.705472,4,12,15,1,12,0,16,8,10,13,5,11,13,16,"{""candidate__cinema"": 4, ""candidate__digitaldisplayandsearch"": 12, ""candidate__digitalvideo"": 15, ""candidate__facebook"": 1, ""candidate__instagram"": 12, ""candidate__localtv"": 0, ""candidate__ooh"": 16, ""candidate__opentv"": 8, ""candidate__paytv"": 10, ""candidate__print"": 13, ""candidate__radio"": 5, ""candidate__tiktok"": 11, ""candidate__twitter"": 13, ""candidate__youtube"": 16}",PRUNED
1012,1705.4311484888915,2026-09-21 11:37:52.316684,2026-09-21 11:37:53.113640,0 days 00:00:00.796956,4,14,15,2,14,0,16,8,10,14,3,13,11,15,"{""candidate__cinema"": 4, ""candidate__digitaldisplayandsearch"": 14, ""candidate__digitalvideo"": 15, ""candidate__facebook"": 2, ""candidate__instagram"": 14, ""candidate__localtv"": 0, ""candidate__ooh"": 16, ""candidate__opentv"": 8, ""candidate__paytv"": 10, ""candidate__print"": 14, ""candidate__radio"": 3, ""candidate__tiktok"": 13, ""candidate__twitter"": 11, ""candidate__youtube"": 15}",COMPLETE
1013,2062.6979692655145,2026-09-21 11:37:53.132547,2026-09-21 11:37:53.507714,0 days 00:00:00.375167,3,14,15,2,11,0,16,11,9,15,5,12,14,15,"{""candidate__cinema"": 3, ""candidate__digitaldisplayandsearch"": 14, ""candidate__digitalvideo"": 15, ""candidate__facebook"": 2, ""candidate__instagram"": 11, ""candidate__localtv"": 0, ""candidate__ooh"": 16, ""candidate__opentv"": 11, ""candidate__paytv"": 9, ""candidate__print"": 15, ""candidate__radio"": 5, ""candidate__tiktok"": 12, ""candidate__twitter"": 14, ""candidate__youtube"": 15}",PRUNED
1014,2067.9252424349347,2026-09-21 11:37:53.535753,2026-09-21 11:37:54.201481,0 days 00:00:00.665728,4,17,16,1,13,1,16,9,14,13,6,11,13,16,"{""candidate__cinema"": 4, ""candidate__digitaldisplayandsearch"": 17, ""candidate__digitalvideo"": 16, ""candidate__facebook"": 1, ""candidate__instagram"": 13, ""candidate__localtv"": 1, ""candidate__ooh"": 16, ""candidate__opentv"": 9, ""candidate__paytv"": 14, ""candidate__print"": 13, ""candidate__radio"": 6, ""candidate__tiktok"": 11, ""candidate__twitter"": 13, ""candidate__youtube"": 16}",PRUNED
1015,2069.617770189179,2026-09-21 11:37:54.227174,2026-09-21 11:37:54.662717,0 days 00:00:00.435543,4,13,16,1,7,0,17,10,9,14,7,13,15,15,"{""candidate__cinema"": 4, ""candidate__digitaldisplayandsearch"": 13, ""candidate__digitalvideo"": 16, ""candidate__facebook"": 1, ""candidate__instagram"": 7, ""candidate__localtv"": 0, ""candidate__ooh"": 17, ""candidate__opentv"": 10, ""candidate__paytv"": 9, ""candidate__print"": 14, ""candidate__radio"": 7, ""candidate__tiktok"": 13, ""candidate__twitter"": 15, ""candidate__youtube"": 15}",PRUNED
1016,2081.489240785484,2026-09-21 11:37:54.683078,2026-09-21 11:37:55.097723,0 days 00:00:00.414645,5,14,15,1,12,0,15,6,9,13,4,13,16,15,"{""candidate__cinema"": 5, ""candidate__digitaldisplayandsearch"": 14, ""candidate__digitalvideo"": 15, ""candidate__facebook"": 1, ""candidate__instagram"": 12, ""candidate__localtv"": 0, ""candidate__ooh"": 15, ""candidate__opentv"": 6, ""candidate__paytv"": 9, ""candidate__print"": 13, ""candidate__radio"": 4, ""candidate__tiktok"": 13, ""candidate__twitter"": 16, ""candidate__youtube"": 15}",PRUNED
1017,2059.481441778094,2026-09-21 11:37:55.115749,2026-09-21 11:37:55.568215,0 days 00:00:00.452466,3,13,16,1,14,0,16,10,9,14,4,13,13,15,"{""candidate__cinema"": 3, ""candidate__digitaldisplayandsearch"": 13, ""candidate__digitalvideo"": 16, ""candidate__facebook"": 1, ""candidate__instagram"": 14, ""candidate__localtv"": 0, ""candidate__ooh"": 16, ""candidate__opentv"": 10, ""candidate__paytv"": 9, ""candidate__print"": 14, ""candidate__radio"": 4, ""candidate__tiktok"": 13, ""candidate__twitter"": 13, ""candidate__youtube"": 15}",PRUNED
1018,2069.6097032990224,2026-09-21 11:37:55.589546,2026-09-21 11:37:56.032346,0 days 00:00:00.442800,3,16,17,2,12,0,16,8,10,13,6,12,13,15,"{""candidate__cinema"": 3, ""candidate__digitaldisplayandsearch"": 16, ""candidate__digitalvideo"": 17, ""candidate__facebook"": 2, ""candidate__instagram"": 12, ""candidate__localtv"": 0, ""candidate__ooh"": 16, ""candidate__opentv"": 8, ""candidate__paytv"": 10, ""candidate__print"": 13, ""candidate__radio"": 6, ""candidate__tiktok"": 12, ""candidate__twitter"": 13, ""candidate__youtube"": 15}",PRUNED
1019,1707.2473710521535,2026-09-21 11:37:56.055699,2026-09-21 11:37:56.780880,0 days 00:00:00.725181,5,16,16,1,16,0,16,6,9,14,5,13,15,16,"{""candidate__cinema"": 5, ""candidate__digitaldisplayandsearch"": 16, ""candidate__digitalvideo"": 16, ""candidate__facebook"": 1, ""candidate__instagram"": 16, ""candidate__localtv"": 0, ""candidate__ooh"": 16, ""candidate__opentv"": 6, ""candidate__paytv"": 9, ""candidate__print"": 14, ""candidate__radio"": 5, ""candidate__tiktok"": 13, ""candidate__twitter"": 15, ""candidate__youtube"": 16}",COMPLETE
1020,2093.8902455383213,2026-09-21 11:37:56.801026,2026-09-21 11:37:57.224595,0 days 00:00:00.423569,3,16,16,1,15,0,15,7,8,13,4,12,14,15,"{""candidate__cinema"": 3, ""candidate__digitaldisplayandsearch"": 16, ""candidate__digitalvideo"": 16, ""candidate__facebook"": 1, ""candidate__instagram"": 15, ""candidate__localtv"": 0, ""candidate__ooh"": 15, ""candidate__opentv"": 7, ""candidate__paytv"": 8, ""candidate__print"": 13, ""candidate__radio"": 4, ""candidate__tiktok"": 12, ""candidate__twitter"": 14, ""candidate__youtube"": 15}",PRUNED
