number,value,datetime_start,datetime_complete,duration,params_candidate__cinema,params_candidate__digitaldisplayandsearch,params_candidate__digitalvideo,params_candidate__facebook,params_candidate__instagram,params_candidate__localtv,params_candidate__ooh,params_candidate__opentv,params_candidate__paytv,params_candidate__print,params_candidate__radio,params_candidate__tiktok,params_candidate__twitter,params_candidate__youtube,system_attrs_tpe:relative_params:0,state
748,2062.79485891708,2026-09-21 11:35:17.678274,2026-09-21 11:35:18.100532,0 days 00:00:00.422258,3,15,15,2,8,0,16,11,9,14,7,13,16,15,"{""candidate__cinema"": 3, ""candidate__digitaldisplayandsearch"": 15, ""candidate__digitalvideo"": 15, ""candidate__facebook"": 2, ""candidate__instagram"": 8, ""candidate__localtv"": 0, ""candidate__ooh"": 16, ""candidate__opentv"": 11, ""candidate__paytv"": 9, ""candidate__print"": 14, ""candidate__radio"": 7, ""candidate__tiktok"": 13, ""candidate__twitter"": 16, ""candidate__youtube"": 15}",PRUNED
749,2062.9261781642667,2026-09-21 11:35:18.124996,2026-09-21 11:35:18.590917,0 days 00:00:00.465921,1,16,16,0,7,0,16,9,8,15,5,13,14,15,"{""candidate__cinema"": 1, ""candidate__digitaldisplayandsearch"": 16, ""candidate__digitalvideo"": 16, ""candidate__facebook"": 0, ""candidate__instagram"": 7, ""candidate__localtv"": 0, ""candidate__ooh"": 16, ""candidate__opentv"": 9, ""candidate__paytv"": 8, ""candidate__print"": 15, ""candidate__radio"": 5, ""candidate__tiktok"": 13, ""candidate__twitter"": 14, ""candidate__youtube"": 15}",PRUNED
750,2074.911563295702,2026-09-21 11:35:18.617799,2026-09-21 11:35:19.060597,0 days 00:00:00.442798,5,14,16,1,15,0,17,7,11,14,6,12,14,15,"{""candidate__cinema"": 5, ""candidate__digitaldisplayandsearch"": 14, ""candidate__digitalvideo"": 16, ""candidate__facebook"": 1, ""candidate__instagram"": 15, ""candidate__localtv"": 0, ""candidate__ooh"": 17, ""candidate__opentv"": 7, ""candidate__paytv"": 11, ""candidate__print"": 14, ""candidate__radio"": 6, ""candidate__tiktok"": 12, ""candidate__twitter"": 14, ""candidate__youtube"": 15}",PRUNED
751,2061.1754558019206,2026-09-21 11:35:19.078752,2026-09-21 11:35:19.491411,0 days 00:00:00.412659,0,16,16,0,8,0,16,8,6,13,6,14,11,15,"{""candidate__cinema"": 0, ""candidate__digitaldisplayandsearch"": 16, ""candidate__digitalvideo"": 16, ""candidate__facebook"": 0, ""candidate__instagram"": 8, ""candidate__localtv"": 0, ""candidate__ooh"": 16, ""candidate__opentv"": 8, ""candidate__paytv"": 6, ""candidate__print"": 13, ""candidate__radio"": 6, ""candidate__tiktok"": 14, ""candidate__twitter"": 11, ""candidate__youtube"": 15}",PRUNED
752,2078.957142901236,2026-09-21 11:35:19.518181,2026-09-21 11:35:19.952093,0 days 00:00:00.433912,2,16,15,2,9,0,16,7,6,11,6,12,14,15,"{""candidate__cinema"": 2, ""candidate__digitaldisplayandsearch"": 16, ""candidate__digitalvideo"": 15, ""candidate__facebook"": 2, ""candidate__instagram"": 9, ""candidate__localtv"": 0, ""candidate__ooh"": 16, ""candidate__opentv"": 7, ""candidate__paytv"": 6, ""candidate__print"": 11, ""candidate__radio"": 6, ""candidate__tiktok"": 12, ""candidate__twitter"": 14, ""candidate__youtube"": 15}",PRUNED
753,2081.5933112708435,2026-09-21 11:35:19.976447,2026-09-21 11:35:20.425915,0 days 00:00:00.449468,4,15,16,1,13,0,15,8,10,13,6,13,13,15,"{""candidate__cinema"": 4, ""candidate__digitaldisplayandsearch"": 15, ""candidate__digitalvideo"": 16, ""candidate__facebook"": 1, ""candidate__instagram"": 13, ""candidate__localtv"": 0, ""candidate__ooh"": 15, ""candidate__opentv"": 8, ""candidate__paytv"": 10, ""candidate__print"": 13, ""candidate__radio"": 6, ""candidate__tiktok"": 13, ""candidate__twitter"": 13, ""candidate__youtube"": 15}",PRUNED
754,2071.137932231495,2026-09-21 11:35:20.456302,2026-09-21 11:35:21.116287,0 days 00:00:00.659985,1,16,14,2,7,0,16,8,6,13,5,13,11,15,"{""candidate__cinema"": 1, ""candidate__digitaldisplayandsearch"": 16, ""candidate__digitalvideo"": 14, ""candidate__facebook"": 2, ""candidate__instagram"": 7, ""candidate__localtv"": 0, ""candidate__ooh"": 16, ""candidate__opentv"": 8, ""candidate__paytv"": 6, ""candidate__print"": 13, ""candidate__radio"": 5, ""candidate__tiktok"": 13, ""candidate__twitter"": 11, ""candidate__youtube"": 15}",PRUNED
755,2081.2464484790585,2026-09-21 11:35:21.138554,2026-09-21 11:35:21.555207,0 days 00:00:00.416653,2,16,15,2,8,1,16,9,6,13,6,13,12,15,"{""candidate__cinema"": 2, ""candidate__digitaldisplayandsearch"": 16, ""candidate__digitalvideo"": 15, ""candidate__facebook"": 2, ""candidate__instagram"": 8, ""candidate__localtv"": 1, ""candidate__ooh"": 16, ""candidate__opentv"": 9, ""candidate__paytv"": 6, ""candidate__print"": 13, ""candidate__radio"": 6, ""candidate__tiktok"": 13, ""candidate__twitter"": 12, ""candidate__youtube"": 15}",PRUNED
756,2062.715273376071,2026-09-21 11:35:21.578414,2026-09-21 11:35:22.006701,0 days 00:00:00.428287,5,17,15,1,11,0,17,11,6,9,6,13,11,15,"{""candidate__cinema"": 5, ""candidate__digitaldisplayandsearch"": 17, ""candidate__digitalvideo"": 15, ""candidate__facebook"": 1, ""candidate__instagram"": 11, ""candidate__localtv"": 0, ""candidate__ooh"": 17, ""candidate__opentv"": 11, ""candidate__paytv"": 6, ""candidate__print"": 9, ""candidate__radio"": 6, ""candidate__tiktok"": 13, ""candidate__twitter"": 11, ""candidate__youtube"": 15}",PRUNED
757,2061.615368860169,2026-09-21 11:35:22.032878,2026-09-21 11:35:22.445878,0 days 00:00:00.413000,1,16,15,1,8,0,16,8,7,11,4,13,12,14,"{""candidate__cinema"": 1, ""candidate__digitaldisplayandsearch"": 16, ""candidate__digitalvideo"": 15, ""candidate__facebook"": 1, ""candidate__instagram"": 8, ""candidate__localtv"": 0, ""candidate__ooh"": 16, ""candidate__opentv"": 8, ""candidate__paytv"": 7, ""candidate__print"": 11, ""candidate__radio"": 4, ""candidate__tiktok"": 13, ""candidate__twitter"": 12, ""candidate__youtube"": 14}",PRUNED
758,2079.128413075227,2026-09-21 11:35:22.470924,2026-09-21 11:35:22.939171,0 days 00:00:00.468247,3,14,15,1,12,1,16,8,9,12,3,12,15,15,"{""candidate__cinema"": 3, ""candidate__digitaldisplayandsearch"": 14, ""candidate__digitalvideo"": 15, ""candidate__facebook"": 1, ""candidate__instagram"": 12, ""candidate__localtv"": 1, ""candidate__ooh"": 16, ""candidate__opentv"": 8, ""candidate__paytv"": 9, ""candidate__print"": 12, ""candidate__radio"": 3, ""candidate__tiktok"": 12, ""candidate__twitter"": 15, ""candidate__youtube"": 15}",PRUNED
759,2078.6042846093155,2026-09-21 11:35:22.960866,2026-09-21 11:35:23.386845,0 days 00:00:00.425979,5,14,16,2,13,1,16,8,11,13,6,12,12,14,"{""candidate__cinema"": 5, ""candidate__digitaldisplayandsearch"": 14, ""candidate__digitalvideo"": 16, ""candidate__facebook"": 2, ""candidate__instagram"": 13, ""candidate__localtv"": 1, ""candidate__ooh"": 16, ""candidate__opentv"": 8, ""candidate__paytv"": 11, ""candidate__print"": 13, ""candidate__radio"": 6, ""candidate__tiktok"": 12, ""candidate__twitter"": 12, ""candidate__youtube"": 14}",PRUNED
760,2097.329422596985,2026-09-21 11:35:23.408074,2026-09-21 11:35:23.908698,0 days 00:00:00.500624,1,16,16,1,9,0,15,9,7,10,5,13,13,15,"{""candidate__cinema"": 1, ""candidate__digitaldisplayandsearch"": 16, ""candidate__digitalvideo"": 16, ""candidate__facebook"": 1, ""candidate__instagram"": 9, ""candidate__localtv"": 0, ""candidate__ooh"": 15, ""candidate__opentv"": 9, ""candidate__paytv"": 7, ""candidate__print"": 10, ""candidate__radio"": 5, ""candidate__tiktok"": 13, ""candidate__twitter"": 13, ""candidate__youtube"": 15}",PRUNED
761,2092.3995944559647,2026-09-21 11:35:23.934616,2026-09-21 11:35:24.366964,0 days 00:00:00.432348,5,14,17,1,15,1,16,8,10,14,6,13,13,15,"{""candidate__cinema"": 5, ""candidate__digitaldisplayandsearch"": 14, ""candidate__digitalvideo"": 17, ""candidate__facebook"": 1, ""candidate__instagram"": 15, ""candidate__localtv"": 1, ""candidate__ooh"": 16, ""candidate__opentv"": 8, ""candidate__paytv"": 10, ""candidate__print"": 14, ""candidate__radio"": 6, ""candidate__tiktok"": 13, ""candidate__twitter"": 13, ""candidate__youtube"": 15}",PRUNED
762,2110.240186418249,2026-09-21 11:35:24.388157,2026-09-21 11:35:24.831124,0 days 00:00:00.442967,3,15,15,1,9,1,15,7,8,11,5,12,14,15,"{""candidate__cinema"": 3, ""candidate__digitaldisplayandsearch"": 15, ""candidate__digitalvideo"": 15, ""candidate__facebook"": 1, ""candidate__instagram"": 9, ""candidate__localtv"": 1, ""candidate__ooh"": 15, ""candidate__opentv"": 7, ""candidate__paytv"": 8, ""candidate__print"": 11, ""candidate__radio"": 5, ""candidate__tiktok"": 12, ""candidate__twitter"": 14, ""candidate__youtube"": 15}",PRUNED
763,2080.6653019127093,2026-09-21 11:35:24.853057,2026-09-21 11:35:25.300038,0 days 00:00:00.446981,4,13,15,1,10,0,15,7,10,13,7,12,14,15,"{""candidate__cinema"": 4, ""candidate__digitaldisplayandsearch"": 13, ""candidate__digitalvideo"": 15, ""candidate__facebook"": 1, ""candidate__instagram"": 10, ""candidate__localtv"": 0, ""candidate__ooh"": 15, ""candidate__opentv"": 7, ""candidate__paytv"": 10, ""candidate__print"": 13, ""candidate__radio"": 7, ""candidate__tiktok"": 12, ""candidate__twitter"": 14, ""candidate__youtube"": 15}",PRUNED
764,1709.2786015296533,2026-09-21 11:35:25.326078,2026-09-21 11:35:26.040879,0 days 00:00:00.714801,2,17,14,1,10,0,16,11,9,15,4,9,15,16,"{""candidate__cinema"": 2, ""candidate__digitaldisplayandsearch"": 17, ""candidate__digitalvideo"": 14, ""candidate__facebook"": 1, ""candidate__instagram"": 10, ""candidate__localtv"": 0, ""candidate__ooh"": 16, ""candidate__opentv"": 11, ""candidate__paytv"": 9, ""candidate__print"": 15, ""candidate__radio"": 4, ""candidate__tiktok"": 9, ""candidate__twitter"": 15, ""candidate__youtube"": 16}",COMPLETE
765,1973.1979702113517,2026-09-21 11:35:26.069269,2026-09-21 11:35:26.953907,0 days 00:00:00.884638,0,15,16,1,8,0,17,7,6,11,6,11,15,16,"{""candidate__cinema"": 0, ""candidate__digitaldisplayandsearch"": 15, ""candidate__digitalvideo"": 16, ""candidate__facebook"": 1, ""candidate__instagram"": 8, ""candidate__localtv"": 0, ""candidate__ooh"": 17, ""candidate__opentv"": 7, ""candidate__paytv"": 6, ""candidate__print"": 11, ""candidate__radio"": 6, ""candidate__tiktok"": 11, ""candidate__twitter"": 15, ""candidate__youtube"": 16}",PRUNED
766,2062.9638176691187,2026-09-21 11:35:26.985490,2026-09-21 11:35:27.420715,0 days 00:00:00.435225,2,17,15,1,11,0,16,10,8,15,5,12,16,15,"{""candidate__cinema"": 2, ""candidate__digitaldisplayandsearch"": 17, ""candidate__digitalvideo"": 15, ""candidate__facebook"": 1, ""candidate__instagram"": 11, ""candidate__localtv"": 0, ""candidate__ooh"": 16, ""candidate__opentv"": 10, ""candidate__paytv"": 8, ""candidate__print"": 15, ""candidate__radio"": 5, ""candidate__tiktok"": 12, ""candidate__twitter"": 16, ""candidate__youtube"": 15}",PRUNED
767,2074.7179101502074,2026-09-21 11:35:27.440055,2026-09-21 11:35:27.878065,0 days 00:00:00.438010,5,13,17,1,15,0,16,8,9,13,6,11,13,15,"{""candidate__cinema"": 5, ""candidate__digitaldisplayandsearch"": 13, ""candidate__digitalvideo"": 17, ""candidate__facebook"": 1, ""candidate__instagram"": 15, ""candidate__localtv"": 0, ""candidate__ooh"": 16, ""candidate__opentv"": 8, ""candidate__paytv"": 9, ""candidate__print"": 13, ""candidate__radio"": 6, ""candidate__tiktok"": 11, ""candidate__twitter"": 13, ""candidate__youtube"": 15}",PRUNED
768,2061.8335053332303,2026-09-21 11:35:27.899854,2026-09-21 11:35:28.360858,0 days 00:00:00.461004,1,16,15,1,7,0,16,11,8,14,5,12,13,15,"{""candidate__cinema"": 1, ""candidate__digitaldisplayandsearch"": 16, ""candidate__digitalvideo"": 15, ""candidate__facebook"": 1, ""candidate__instagram"": 7, ""candidate__localtv"": 0, ""candidate__ooh"": 16, ""candidate__opentv"": 11, ""candidate__paytv"": 8, ""candidate__print"": 14, ""candidate__radio"": 5, ""candidate__tiktok"": 12, ""candidate__twitter"": 13, ""candidate__youtube"": 15}",PRUNED
769,2073.682089015896,2026-09-21 11:35:28.385783,2026-09-21 11:35:28.851869,0 days 00:00:00.466086,3,14,15,1,9,0,16,11,8,14,7,13,14,15,"{""candidate__cinema"": 3, ""candidate__digitaldisplayandsearch"": 14, ""candidate__digitalvideo"": 15, ""candidate__facebook"": 1, ""candidate__instagram"": 9, ""candidate__localtv"": 0, ""candidate__ooh"": 16, ""candidate__opentv"": 11, ""candidate__paytv"": 8, ""candidate__print"": 14, ""candidate__radio"": 7, ""candidate__tiktok"": 13, ""candidate__twitter"": 14, ""candidate__youtube"": 15}",PRUNED
770,1705.6103608135452,2026-09-21 11:35:28.878521,2026-09-21 11:35:29.635179,0 days 00:00:00.756658,1,14,15,1,13,0,16,11,9,14,6,12,16,16,"{""candidate__cinema"": 1, ""candidate__digitaldisplayandsearch"": 14, ""candidate__digitalvideo"": 15, ""candidate__facebook"": 1, ""candidate__instagram"": 13, ""candidate__localtv"": 0, ""candidate__ooh"": 16, ""candidate__opentv"": 11, ""candidate__paytv"": 9, ""candidate__print"": 14, ""candidate__radio"": 6, ""candidate__tiktok"": 12, ""candidate__twitter"": 16, ""candidate__youtube"": 16}",COMPLETE
771,2078.792696655623,2026-09-21 11:35:29.663324,2026-09-21 11:35:30.151376,0 days 00:00:00.488052,2,15,16,1,9,0,17,11,10,12,5,12,13,15,"{""candidate__cinema"": 2, ""candidate__digitaldisplayandsearch"": 15, ""candidate__digitalvideo"": 16, ""candidate__facebook"": 1, ""candidate__instagram"": 9, ""candidate__localtv"": 0, ""candidate__ooh"": 17, ""candidate__opentv"": 11, ""candidate__paytv"": 10, ""candidate__print"": 12, ""candidate__radio"": 5, ""candidate__tiktok"": 12, ""candidate__twitter"": 13, ""candidate__youtube"": 15}",PRUNED
772,2079.1317988164396,2026-09-21 11:35:30.173657,2026-09-21 11:35:30.612817,0 days 00:00:00.439160,4,15,17,1,13,0,15,8,6,13,6,13,13,16,"{""candidate__cinema"": 4, ""candidate__digitaldisplayandsearch"": 15, ""candidate__digitalvideo"": 17, ""candidate__facebook"": 1, ""candidate__instagram"": 13, ""candidate__localtv"": 0, ""candidate__ooh"": 15, ""candidate__opentv"": 8, ""candidate__paytv"": 6, ""candidate__print"": 13, ""candidate__radio"": 6, ""candidate__tiktok"": 13, ""candidate__twitter"": 13, ""candidate__youtube"": 16}",PRUNED
773,1709.158975917766,2026-09-21 11:35:30.636097,2026-09-21 11:35:31.359546,0 days 00:00:00.723449,4,15,15,0,11,0,16,11,9,14,7,13,16,16,"{""candidate__cinema"": 4, ""candidate__digitaldisplayandsearch"": 15, ""candidate__digitalvideo"": 15, ""candidate__facebook"": 0, ""candidate__instagram"": 11, ""candidate__localtv"": 0, ""candidate__ooh"": 16, ""candidate__opentv"": 11, ""candidate__paytv"": 9, ""candidate__print"": 14, ""candidate__radio"": 7, ""candidate__tiktok"": 13, ""candidate__twitter"": 16, ""candidate__youtube"": 16}",COMPLETE
774,2061.5138663423036,2026-09-21 11:35:31.383843,2026-09-21 11:35:32.053798,0 days 00:00:00.669955,4,13,15,1,7,0,16,11,9,14,7,13,16,13,"{""candidate__cinema"": 4, ""candidate__digitaldisplayandsearch"": 13, ""candidate__digitalvideo"": 15, ""candidate__facebook"": 1, ""candidate__instagram"": 7, ""candidate__localtv"": 0, ""candidate__ooh"": 16, ""candidate__opentv"": 11, ""candidate__paytv"": 9, ""candidate__print"": 14, ""candidate__radio"": 7, ""candidate__tiktok"": 13, ""candidate__twitter"": 16, ""candidate__youtube"": 13}",PRUNED
775,2077.5506816579973,2026-09-21 11:35:32.071425,2026-09-21 11:35:32.475377,0 days 00:00:00.403952,1,17,14,1,9,0,16,7,7,13,5,13,12,15,"{""candidate__cinema"": 1, ""candidate__digitaldisplayandsearch"": 17, ""candidate__digitalvideo"": 14, ""candidate__facebook"": 1, ""candidate__instagram"": 9, ""candidate__localtv"": 0, ""candidate__ooh"": 16, ""candidate__opentv"": 7, ""candidate__paytv"": 7, ""candidate__print"": 13, ""candidate__radio"": 5, ""candidate__tiktok"": 13, ""candidate__twitter"": 12, ""candidate__youtube"": 15}",PRUNED
776,1976.594943112309,2026-09-21 11:35:32.500018,2026-09-21 11:35:33.134787,0 days 00:00:00.634769,0,13,17,1,11,0,17,11,13,14,7,12,13,16,"{""candidate__cinema"": 0, ""candidate__digitaldisplayandsearch"": 13, ""candidate__digitalvideo"": 17, ""candidate__facebook"": 1, ""candidate__instagram"": 11, ""candidate__localtv"": 0, ""candidate__ooh"": 17, ""candidate__opentv"": 11, ""candidate__paytv"": 13, ""candidate__print"": 14, ""candidate__radio"": 7, ""candidate__tiktok"": 12, ""candidate__twitter"": 13, ""candidate__youtube"": 16}",PRUNED
777,2081.0454018835617,2026-09-21 11:35:33.159162,2026-09-21 11:35:33.578769,0 days 00:00:00.419607,4,16,16,2,10,1,16,10,9,14,4,12,14,15,"{""candidate__cinema"": 4, ""candidate__digitaldisplayandsearch"": 16, ""candidate__digitalvideo"": 16, ""candidate__facebook"": 2, ""candidate__instagram"": 10, ""candidate__localtv"": 1, ""candidate__ooh"": 16, ""candidate__opentv"": 10, ""candidate__paytv"": 9, ""candidate__print"": 14, ""candidate__radio"": 4, ""candidate__tiktok"": 12, ""candidate__twitter"": 14, ""candidate__youtube"": 15}",PRUNED
778,2060.3790679067274,2026-09-21 11:35:33.603465,2026-09-21 11:35:34.022491,0 days 00:00:00.419026,4,15,15,1,12,0,16,8,15,13,6,14,14,15,"{""candidate__cinema"": 4, ""candidate__digitaldisplayandsearch"": 15, ""candidate__digitalvideo"": 15, ""candidate__facebook"": 1, ""candidate__instagram"": 12, ""candidate__localtv"": 0, ""candidate__ooh"": 16, ""candidate__opentv"": 8, ""candidate__paytv"": 15, ""candidate__print"": 13, ""candidate__radio"": 6, ""candidate__tiktok"": 14, ""candidate__twitter"": 14, ""candidate__youtube"": 15}",PRUNED
779,2064.8747885895077,2026-09-21 11:35:34.045805,2026-09-21 11:35:34.472175,0 days 00:00:00.426370,4,15,15,1,9,0,16,9,10,14,3,12,16,16,"{""candidate__cinema"": 4, ""candidate__digitaldisplayandsearch"": 15, ""candidate__digitalvideo"": 15, ""candidate__facebook"": 1, ""candidate__instagram"": 9, ""candidate__localtv"": 0, ""candidate__ooh"": 16, ""candidate__opentv"": 9, ""candidate__paytv"": 10, ""candidate__print"": 14, ""candidate__radio"": 3, ""candidate__tiktok"": 12, ""candidate__twitter"": 16, ""candidate__youtube"": 16}",PRUNED
780,1706.0442371877516,2026-09-21 11:35:34.492025,2026-09-21 11:35:35.215833,0 days 00:00:00.723808,5,14,15,0,13,0,16,7,10,14,6,12,15,15,"{""candidate__cinema"": 5, ""candidate__digitaldisplayandsearch"": 14, ""candidate__digitalvideo"": 15, ""candidate__facebook"": 0, ""candidate__instagram"": 13, ""candidate__localtv"": 0, ""candidate__ooh"": 16, ""candidate__opentv"": 7, ""candidate__paytv"": 10, ""candidate__print"": 14, ""candidate__radio"": 6, ""candidate__tiktok"": 12, ""candidate__twitter"": 15, ""candidate__youtube"": 15}",COMPLETE
781,1709.8067444491016,2026-09-21 11:35:35.238773,2026-09-21 11:35:35.929753,0 days 00:00:00.690980,2,15,15,2,13,0,16,11,9,13,5,12,16,14,"{""candidate__cinema"": 2, ""candidate__digitaldisplayandsearch"": 15, ""candidate__digitalvideo"": 15, ""candidate__facebook"": 2, ""candidate__instagram"": 13, ""candidate__localtv"": 0, ""candidate__ooh"": 16, ""candidate__opentv"": 11, ""candidate__paytv"": 9, ""candidate__print"": 13, ""candidate__radio"": 5, ""candidate__tiktok"": 12, ""candidate__twitter"": 16, ""candidate__youtube"": 14}",COMPLETE
782,2070.8542093581277,2026-09-21 11:35:35.955627,2026-09-21 11:35:36.422583,0 days 00:00:00.466956,2,16,15,1,6,0,16,8,6,13,6,14,12,15,"{""candidate__cinema"": 2, ""candidate__digitaldisplayandsearch"": 16, ""candidate__digitalvideo"": 15, ""candidate__facebook"": 1, ""candidate__instagram"": 6, ""candidate__localtv"": 0, ""candidate__ooh"": 16, ""candidate__opentv"": 8, ""candidate__paytv"": 6, ""candidate__print"": 13, ""candidate__radio"": 6, ""candidate__tiktok"": 14, ""candidate__twitter"": 12, ""candidate__youtube"": 15}",PRUNED
783,2074.0195762740323,2026-09-21 11:35:36.444629,2026-09-21 11:35:36.885806,0 days 00:00:00.441177,1,16,15,1,9,0,16,6,9,14,4,13,15,15,"{""candidate__cinema"": 1, ""candidate__digitaldisplayandsearch"": 16, ""candidate__digitalvideo"": 15, ""candidate__facebook"": 1, ""candidate__instagram"": 9, ""candidate__localtv"": 0, ""candidate__ooh"": 16, ""candidate__opentv"": 6, ""candidate__paytv"": 9, ""candidate__print"": 14, ""candidate__radio"": 4, ""candidate__tiktok"": 13, ""candidate__twitter"": 15, ""candidate__youtube"": 15}",PRUNED
784,2080.892100506498,2026-09-21 11:35:36.914342,2026-09-21 11:35:37.369912,0 days 00:00:00.455570,0,15,14,2,9,0,16,8,5,10,4,11,14,15,"{""candidate__cinema"": 0, ""candidate__digitaldisplayandsearch"": 15, ""candidate__digitalvideo"": 14, ""candidate__facebook"": 2, ""candidate__instagram"": 9, ""candidate__localtv"": 0, ""candidate__ooh"": 16, ""candidate__opentv"": 8, ""candidate__paytv"": 5, ""candidate__print"": 10, ""candidate__radio"": 4, ""candidate__tiktok"": 11, ""candidate__twitter"": 14, ""candidate__youtube"": 15}",PRUNED
785,2073.087938654363,2026-09-21 11:35:37.392821,2026-09-21 11:35:38.085390,0 days 00:00:00.692569,4,13,15,1,9,0,16,11,9,14,7,13,16,14,"{""candidate__cinema"": 4, ""candidate__digitaldisplayandsearch"": 13, ""candidate__digitalvideo"": 15, ""candidate__facebook"": 1, ""candidate__instagram"": 9, ""candidate__localtv"": 0, ""candidate__ooh"": 16, ""candidate__opentv"": 11, ""candidate__paytv"": 9, ""candidate__print"": 14, ""candidate__radio"": 7, ""candidate__tiktok"": 13, ""candidate__twitter"": 16, ""candidate__youtube"": 14}",PRUNED
786,1707.0211861400967,2026-09-21 11:35:38.107949,2026-09-21 11:35:38.819904,0 days 00:00:00.711955,2,15,15,0,10,0,16,10,8,12,4,13,14,15,"{""candidate__cinema"": 2, ""candidate__digitaldisplayandsearch"": 15, ""candidate__digitalvideo"": 15, ""candidate__facebook"": 0, ""candidate__instagram"": 10, ""candidate__localtv"": 0, ""candidate__ooh"": 16, ""candidate__opentv"": 10, ""candidate__paytv"": 8, ""candidate__print"": 12, ""candidate__radio"": 4, ""candidate__tiktok"": 13, ""candidate__twitter"": 14, ""candidate__youtube"": 15}",COMPLETE
