number,value,datetime_start,datetime_complete,duration,params_candidate__cinema,params_candidate__digitaldisplayandsearch,params_candidate__digitalvideo,params_candidate__facebook,params_candidate__instagram,params_candidate__localtv,params_candidate__ooh,params_candidate__opentv,params_candidate__paytv,params_candidate__print,params_candidate__radio,params_candidate__tiktok,params_candidate__twitter,params_candidate__youtube,system_attrs_tpe:relative_params:0,state
319,1710.0030057635915,2026-09-21 11:31:25.885168,2026-09-21 11:31:26.348532,0 days 00:00:00.463364,2,15,15,1,10,0,17,12,9,15,4,12,14,15,"{""candidate__cinema"": 2, ""candidate__digitaldisplayandsearch"": 15, ""candidate__digitalvideo"": 15, ""candidate__facebook"": 1, ""candidate__instagram"": 10, ""candidate__localtv"": 0, ""candidate__ooh"": 17, ""candidate__opentv"": 12, ""candidate__paytv"": 9, ""candidate__print"": 15, ""candidate__radio"": 4, ""candidate__tiktok"": 12, ""candidate__twitter"": 14, ""candidate__youtube"": 15}",COMPLETE
320,2091.4769294389525,2026-09-21 11:31:26.362524,2026-09-21 11:31:26.608729,0 days 00:00:00.246205,1,17,16,4,7,0,15,9,7,12,6,11,13,15,"{""candidate__cinema"": 1, ""candidate__digitaldisplayandsearch"": 17, ""candidate__digitalvideo"": 16, ""candidate__facebook"": 4, ""candidate__instagram"": 7, ""candidate__localtv"": 0, ""candidate__ooh"": 15, ""candidate__opentv"": 9, ""candidate__paytv"": 7, ""candidate__print"": 12, ""candidate__radio"": 6, ""candidate__tiktok"": 11, ""candidate__twitter"": 13, ""candidate__youtube"": 15}",PRUNED
321,2092.243633091374,2026-09-21 11:31:26.621068,2026-09-21 11:31:26.872077,0 days 00:00:00.251009,1,16,15,0,9,0,15,11,9,12,4,12,11,15,"{""candidate__cinema"": 1, ""candidate__digitaldisplayandsearch"": 16, ""candidate__digitalvideo"": 15, ""candidate__facebook"": 0, ""candidate__instagram"": 9, ""candidate__localtv"": 0, ""candidate__ooh"": 15, ""candidate__opentv"": 11, ""candidate__paytv"": 9, ""candidate__print"": 12, ""candidate__radio"": 4, ""candidate__tiktok"": 12, ""candidate__twitter"": 11, ""candidate__youtube"": 15}",PRUNED
322,2081.1028431715663,2026-09-21 11:31:26.883767,2026-09-21 11:31:27.113429,0 days 00:00:00.229662,0,16,15,2,7,0,15,9,11,14,5,13,14,16,"{""candidate__cinema"": 0, ""candidate__digitaldisplayandsearch"": 16, ""candidate__digitalvideo"": 15, ""candidate__facebook"": 2, ""candidate__instagram"": 7, ""candidate__localtv"": 0, ""candidate__ooh"": 15, ""candidate__opentv"": 9, ""candidate__paytv"": 11, ""candidate__print"": 14, ""candidate__radio"": 5, ""candidate__tiktok"": 13, ""candidate__twitter"": 14, ""candidate__youtube"": 16}",PRUNED
323,1707.1505552850128,2026-09-21 11:31:27.126763,2026-09-21 11:31:27.667729,0 days 00:00:00.540966,1,16,15,3,7,0,16,8,7,13,4,12,12,16,"{""candidate__cinema"": 1, ""candidate__digitaldisplayandsearch"": 16, ""candidate__digitalvideo"": 15, ""candidate__facebook"": 3, ""candidate__instagram"": 7, ""candidate__localtv"": 0, ""candidate__ooh"": 16, ""candidate__opentv"": 8, ""candidate__paytv"": 7, ""candidate__print"": 13, ""candidate__radio"": 4, ""candidate__tiktok"": 12, ""candidate__twitter"": 12, ""candidate__youtube"": 16}",COMPLETE
324,1708.862403080815,2026-09-21 11:31:27.682107,2026-09-21 11:31:28.198696,0 days 00:00:00.516589,2,14,15,2,8,0,16,10,9,12,4,14,13,15,"{""candidate__cinema"": 2, ""candidate__digitaldisplayandsearch"": 14, ""candidate__digitalvideo"": 15, ""candidate__facebook"": 2, ""candidate__instagram"": 8, ""candidate__localtv"": 0, ""candidate__ooh"": 16, ""candidate__opentv"": 10, ""candidate__paytv"": 9, ""candidate__print"": 12, ""candidate__radio"": 4, ""candidate__tiktok"": 14, ""candidate__twitter"": 13, ""candidate__youtube"": 15}",COMPLETE
325,2083.7500770778365,2026-09-21 11:31:28.212850,2026-09-21 11:31:28.514751,0 days 00:00:00.301901,1,15,15,1,7,0,15,11,9,11,4,11,12,15,"{""candidate__cinema"": 1, ""candidate__digitaldisplayandsearch"": 15, ""candidate__digitalvideo"": 15, ""candidate__facebook"": 1, ""candidate__instagram"": 7, ""candidate__localtv"": 0, ""candidate__ooh"": 15, ""candidate__opentv"": 11, ""candidate__paytv"": 9, ""candidate__print"": 11, ""candidate__radio"": 4, ""candidate__tiktok"": 11, ""candidate__twitter"": 12, ""candidate__youtube"": 15}",PRUNED
326,1708.9863645914618,2026-09-21 11:31:28.528384,2026-09-21 11:31:28.986241,0 days 00:00:00.457857,3,14,14,1,10,0,16,11,9,14,2,12,15,16,"{""candidate__cinema"": 3, ""candidate__digitaldisplayandsearch"": 14, ""candidate__digitalvideo"": 14, ""candidate__facebook"": 1, ""candidate__instagram"": 10, ""candidate__localtv"": 0, ""candidate__ooh"": 16, ""candidate__opentv"": 11, ""candidate__paytv"": 9, ""candidate__print"": 14, ""candidate__radio"": 2, ""candidate__tiktok"": 12, ""candidate__twitter"": 15, ""candidate__youtube"": 16}",COMPLETE
327,2071.6936704855693,2026-09-21 11:31:29.000491,2026-09-21 11:31:29.876517,0 days 00:00:00.876026,0,17,16,1,6,0,16,9,9,14,5,13,15,14,"{""candidate__cinema"": 0, ""candidate__digitaldisplayandsearch"": 17, ""candidate__digitalvideo"": 16, ""candidate__facebook"": 1, ""candidate__instagram"": 6, ""candidate__localtv"": 0, ""candidate__ooh"": 16, ""candidate__opentv"": 9, ""candidate__paytv"": 9, ""candidate__print"": 14, ""candidate__radio"": 5, ""candidate__tiktok"": 13, ""candidate__twitter"": 15, ""candidate__youtube"": 14}",PRUNED
328,1708.0826169899974,2026-09-21 11:31:29.891990,2026-09-21 11:31:30.390465,0 days 00:00:00.498475,0,13,15,2,10,0,16,11,9,13,5,13,15,16,"{""candidate__cinema"": 0, ""candidate__digitaldisplayandsearch"": 13, ""candidate__digitalvideo"": 15, ""candidate__facebook"": 2, ""candidate__instagram"": 10, ""candidate__localtv"": 0, ""candidate__ooh"": 16, ""candidate__opentv"": 11, ""candidate__paytv"": 9, ""candidate__print"": 13, ""candidate__radio"": 5, ""candidate__tiktok"": 13, ""candidate__twitter"": 15, ""candidate__youtube"": 16}",COMPLETE
329,1708.952011926406,2026-09-21 11:31:30.404169,2026-09-21 11:31:30.933756,0 days 00:00:00.529587,2,13,16,0,7,0,16,9,7,12,5,12,12,16,"{""candidate__cinema"": 2, ""candidate__digitaldisplayandsearch"": 13, ""candidate__digitalvideo"": 16, ""candidate__facebook"": 0, ""candidate__instagram"": 7, ""candidate__localtv"": 0, ""candidate__ooh"": 16, ""candidate__opentv"": 9, ""candidate__paytv"": 7, ""candidate__print"": 12, ""candidate__radio"": 5, ""candidate__tiktok"": 12, ""candidate__twitter"": 12, ""candidate__youtube"": 16}",COMPLETE
330,1709.9838375633983,2026-09-21 11:31:30.949788,2026-09-21 11:31:31.442418,0 days 00:00:00.492630,0,15,15,2,8,0,16,8,10,13,4,17,15,15,"{""candidate__cinema"": 0, ""candidate__digitaldisplayandsearch"": 15, ""candidate__digitalvideo"": 15, ""candidate__facebook"": 2, ""candidate__instagram"": 8, ""candidate__localtv"": 0, ""candidate__ooh"": 16, ""candidate__opentv"": 8, ""candidate__paytv"": 10, ""candidate__print"": 13, ""candidate__radio"": 4, ""candidate__tiktok"": 17, ""candidate__twitter"": 15, ""candidate__youtube"": 15}",COMPLETE
331,1709.9965671461325,2026-09-21 11:31:31.455772,2026-09-21 11:31:31.916803,0 days 00:00:00.461031,1,15,15,3,8,0,17,9,11,13,4,15,15,15,"{""candidate__cinema"": 1, ""candidate__digitaldisplayandsearch"": 15, ""candidate__digitalvideo"": 15, ""candidate__facebook"": 3, ""candidate__instagram"": 8, ""candidate__localtv"": 0, ""candidate__ooh"": 17, ""candidate__opentv"": 9, ""candidate__paytv"": 11, ""candidate__print"": 13, ""candidate__radio"": 4, ""candidate__tiktok"": 15, ""candidate__twitter"": 15, ""candidate__youtube"": 15}",COMPLETE
332,2080.779500450224,2026-09-21 11:31:31.931581,2026-09-21 11:31:32.171077,0 days 00:00:00.239496,1,16,16,2,9,0,17,9,11,14,7,13,13,15,"{""candidate__cinema"": 1, ""candidate__digitaldisplayandsearch"": 16, ""candidate__digitalvideo"": 16, ""candidate__facebook"": 2, ""candidate__instagram"": 9, ""candidate__localtv"": 0, ""candidate__ooh"": 17, ""candidate__opentv"": 9, ""candidate__paytv"": 11, ""candidate__print"": 14, ""candidate__radio"": 7, ""candidate__tiktok"": 13, ""candidate__twitter"": 13, ""candidate__youtube"": 15}",PRUNED
333,2079.3218170972123,2026-09-21 11:31:32.183308,2026-09-21 11:31:32.471488,0 days 00:00:00.288180,3,16,15,1,10,0,15,11,9,15,4,12,14,15,"{""candidate__cinema"": 3, ""candidate__digitaldisplayandsearch"": 16, ""candidate__digitalvideo"": 15, ""candidate__facebook"": 1, ""candidate__instagram"": 10, ""candidate__localtv"": 0, ""candidate__ooh"": 15, ""candidate__opentv"": 11, ""candidate__paytv"": 9, ""candidate__print"": 15, ""candidate__radio"": 4, ""candidate__tiktok"": 12, ""candidate__twitter"": 14, ""candidate__youtube"": 15}",PRUNED
334,2068.451019555872,2026-09-21 11:31:32.483805,2026-09-21 11:31:32.728781,0 days 00:00:00.244976,0,16,16,1,7,0,16,10,10,15,6,13,14,15,"{""candidate__cinema"": 0, ""candidate__digitaldisplayandsearch"": 16, ""candidate__digitalvideo"": 16, ""candidate__facebook"": 1, ""candidate__instagram"": 7, ""candidate__localtv"": 0, ""candidate__ooh"": 16, ""candidate__opentv"": 10, ""candidate__paytv"": 10, ""candidate__print"": 15, ""candidate__radio"": 6, ""candidate__tiktok"": 13, ""candidate__twitter"": 14, ""candidate__youtube"": 15}",PRUNED
335,1977.4958419612656,2026-09-21 11:31:32.741821,2026-09-21 11:31:33.091987,0 days 00:00:00.350166,1,15,17,3,8,0,16,9,9,13,5,14,14,14,"{""candidate__cinema"": 1, ""candidate__digitaldisplayandsearch"": 15, ""candidate__digitalvideo"": 17, ""candidate__facebook"": 3, ""candidate__instagram"": 8, ""candidate__localtv"": 0, ""candidate__ooh"": 16, ""candidate__opentv"": 9, ""candidate__paytv"": 9, ""candidate__print"": 13, ""candidate__radio"": 5, ""candidate__tiktok"": 14, ""candidate__twitter"": 14, ""candidate__youtube"": 14}",PRUNED
336,2075.0933342178337,2026-09-21 11:31:33.104196,2026-09-21 11:31:33.372716,0 days 00:00:00.268520,1,15,16,2,6,0,16,5,8,12,4,13,13,15,"{""candidate__cinema"": 1, ""candidate__digitaldisplayandsearch"": 15, ""candidate__digitalvideo"": 16, ""candidate__facebook"": 2, ""candidate__instagram"": 6, ""candidate__localtv"": 0, ""candidate__ooh"": 16, ""candidate__opentv"": 5, ""candidate__paytv"": 8, ""candidate__print"": 12, ""candidate__radio"": 4, ""candidate__tiktok"": 13, ""candidate__twitter"": 13, ""candidate__youtube"": 15}",PRUNED
337,2069.1105627266397,2026-09-21 11:31:33.391028,2026-09-21 11:31:33.675301,0 days 00:00:00.284273,2,15,15,0,9,0,16,9,9,12,4,15,16,17,"{""candidate__cinema"": 2, ""candidate__digitaldisplayandsearch"": 15, ""candidate__digitalvideo"": 15, ""candidate__facebook"": 0, ""candidate__instagram"": 9, ""candidate__localtv"": 0, ""candidate__ooh"": 16, ""candidate__opentv"": 9, ""candidate__paytv"": 9, ""candidate__print"": 12, ""candidate__radio"": 4, ""candidate__tiktok"": 15, ""candidate__twitter"": 16, ""candidate__youtube"": 17}",PRUNED
338,2081.2406561490516,2026-09-21 11:31:33.687819,2026-09-21 11:31:33.967706,0 days 00:00:00.279887,4,15,16,2,10,0,15,11,8,14,6,13,15,16,"{""candidate__cinema"": 4, ""candidate__digitaldisplayandsearch"": 15, ""candidate__digitalvideo"": 16, ""candidate__facebook"": 2, ""candidate__instagram"": 10, ""candidate__localtv"": 0, ""candidate__ooh"": 15, ""candidate__opentv"": 11, ""candidate__paytv"": 8, ""candidate__print"": 14, ""candidate__radio"": 6, ""candidate__tiktok"": 13, ""candidate__twitter"": 15, ""candidate__youtube"": 16}",PRUNED
339,2068.0508572782533,2026-09-21 11:31:33.980854,2026-09-21 11:31:34.228671,0 days 00:00:00.247817,1,14,15,1,8,1,16,8,6,12,5,12,12,16,"{""candidate__cinema"": 1, ""candidate__digitaldisplayandsearch"": 14, ""candidate__digitalvideo"": 15, ""candidate__facebook"": 1, ""candidate__instagram"": 8, ""candidate__localtv"": 1, ""candidate__ooh"": 16, ""candidate__opentv"": 8, ""candidate__paytv"": 6, ""candidate__print"": 12, ""candidate__radio"": 5, ""candidate__tiktok"": 12, ""candidate__twitter"": 12, ""candidate__youtube"": 16}",PRUNED
340,1709.2786015296533,2026-09-21 11:31:34.241838,2026-09-21 11:31:34.696092,0 days 00:00:00.454254,2,14,14,1,10,0,16,11,9,14,4,12,15,16,"{""candidate__cinema"": 2, ""candidate__digitaldisplayandsearch"": 14, ""candidate__digitalvideo"": 14, ""candidate__facebook"": 1, ""candidate__instagram"": 10, ""candidate__localtv"": 0, ""candidate__ooh"": 16, ""candidate__opentv"": 11, ""candidate__paytv"": 9, ""candidate__print"": 14, ""candidate__radio"": 4, ""candidate__tiktok"": 12, ""candidate__twitter"": 15, ""candidate__youtube"": 16}",COMPLETE
341,2083.654818873333,2026-09-21 11:31:34.712194,2026-09-21 11:31:35.397952,0 days 00:00:00.685758,1,15,16,2,7,0,15,9,9,11,3,13,14,16,"{""candidate__cinema"": 1, ""candidate__digitaldisplayandsearch"": 15, ""candidate__digitalvideo"": 16, ""candidate__facebook"": 2, ""candidate__instagram"": 7, ""candidate__localtv"": 0, ""candidate__ooh"": 15, ""candidate__opentv"": 9, ""candidate__paytv"": 9, ""candidate__print"": 11, ""candidate__radio"": 3, ""candidate__tiktok"": 13, ""candidate__twitter"": 14, ""candidate__youtube"": 16}",PRUNED
342,1707.8273590915912,2026-09-21 11:31:35.418792,2026-09-21 11:31:36.018282,0 days 00:00:00.599490,1,15,15,0,8,0,16,8,8,12,3,13,11,16,"{""candidate__cinema"": 1, ""candidate__digitaldisplayandsearch"": 15, ""candidate__digitalvideo"": 15, ""candidate__facebook"": 0, ""candidate__instagram"": 8, ""candidate__localtv"": 0, ""candidate__ooh"": 16, ""candidate__opentv"": 8, ""candidate__paytv"": 8, ""candidate__print"": 12, ""candidate__radio"": 3, ""candidate__tiktok"": 13, ""candidate__twitter"": 11, ""candidate__youtube"": 16}",COMPLETE
343,1708.8819074321593,2026-09-21 11:31:36.039661,2026-09-21 11:31:36.610055,0 days 00:00:00.570394,2,16,16,3,7,0,16,9,10,13,4,13,12,16,"{""candidate__cinema"": 2, ""candidate__digitaldisplayandsearch"": 16, ""candidate__digitalvideo"": 16, ""candidate__facebook"": 3, ""candidate__instagram"": 7, ""candidate__localtv"": 0, ""candidate__ooh"": 16, ""candidate__opentv"": 9, ""candidate__paytv"": 10, ""candidate__print"": 13, ""candidate__radio"": 4, ""candidate__tiktok"": 13, ""candidate__twitter"": 12, ""candidate__youtube"": 16}",COMPLETE
344,2074.277327722544,2026-09-21 11:31:36.626842,2026-09-21 11:31:36.938589,0 days 00:00:00.311747,1,14,15,1,9,0,16,12,9,12,4,11,11,15,"{""candidate__cinema"": 1, ""candidate__digitaldisplayandsearch"": 14, ""candidate__digitalvideo"": 15, ""candidate__facebook"": 1, ""candidate__instagram"": 9, ""candidate__localtv"": 0, ""candidate__ooh"": 16, ""candidate__opentv"": 12, ""candidate__paytv"": 9, ""candidate__print"": 12, ""candidate__radio"": 4, ""candidate__tiktok"": 11, ""candidate__twitter"": 11, ""candidate__youtube"": 15}",PRUNED
345,1709.9093417393276,2026-09-21 11:31:36.954019,2026-09-21 11:31:37.537088,0 days 00:00:00.583069,2,14,14,1,10,0,16,9,9,14,3,13,14,16,"{""candidate__cinema"": 2, ""candidate__digitaldisplayandsearch"": 14, ""candidate__digitalvideo"": 14, ""candidate__facebook"": 1, ""candidate__instagram"": 10, ""candidate__localtv"": 0, ""candidate__ooh"": 16, ""candidate__opentv"": 9, ""candidate__paytv"": 9, ""candidate__print"": 14, ""candidate__radio"": 3, ""candidate__tiktok"": 13, ""candidate__twitter"": 14, ""candidate__youtube"": 16}",COMPLETE
346,2070.794984362403,2026-09-21 11:31:37.559878,2026-09-21 11:31:37.875753,0 days 00:00:00.315875,1,15,15,0,9,0,16,10,9,13,6,14,16,17,"{""candidate__cinema"": 1, ""candidate__digitaldisplayandsearch"": 15, ""candidate__digitalvideo"": 15, ""candidate__facebook"": 0, ""candidate__instagram"": 9, ""candidate__localtv"": 0, ""candidate__ooh"": 16, ""candidate__opentv"": 10, ""candidate__paytv"": 9, ""candidate__print"": 13, ""candidate__radio"": 6, ""candidate__tiktok"": 14, ""candidate__twitter"": 16, ""candidate__youtube"": 17}",PRUNED
347,1709.3055750629312,2026-09-21 11:31:37.890975,2026-09-21 11:31:38.450285,0 days 00:00:00.559310,1,16,14,4,7,0,16,9,7,11,5,12,13,16,"{""candidate__cinema"": 1, ""candidate__digitaldisplayandsearch"": 16, ""candidate__digitalvideo"": 14, ""candidate__facebook"": 4, ""candidate__instagram"": 7, ""candidate__localtv"": 0, ""candidate__ooh"": 16, ""candidate__opentv"": 9, ""candidate__paytv"": 7, ""candidate__print"": 11, ""candidate__radio"": 5, ""candidate__tiktok"": 12, ""candidate__twitter"": 13, ""candidate__youtube"": 16}",COMPLETE
348,2068.39111793084,2026-09-21 11:31:38.464201,2026-09-21 11:31:38.732898,0 days 00:00:00.268697,2,15,15,1,8,1,16,11,9,12,3,12,13,16,"{""candidate__cinema"": 2, ""candidate__digitaldisplayandsearch"": 15, ""candidate__digitalvideo"": 15, ""candidate__facebook"": 1, ""candidate__instagram"": 8, ""candidate__localtv"": 1, ""candidate__ooh"": 16, ""candidate__opentv"": 11, ""candidate__paytv"": 9, ""candidate__print"": 12, ""candidate__radio"": 3, ""candidate__tiktok"": 12, ""candidate__twitter"": 13, ""candidate__youtube"": 16}",PRUNED
349,1705.7666056899545,2026-09-21 11:31:38.746094,2026-09-21 11:31:39.332494,0 days 00:00:00.586400,0,15,15,1,8,0,16,8,7,11,5,12,14,15,"{""candidate__cinema"": 0, ""candidate__digitaldisplayandsearch"": 15, ""candidate__digitalvideo"": 15, ""candidate__facebook"": 1, ""candidate__instagram"": 8, ""candidate__localtv"": 0, ""candidate__ooh"": 16, ""candidate__opentv"": 8, ""candidate__paytv"": 7, ""candidate__print"": 11, ""candidate__radio"": 5, ""candidate__tiktok"": 12, ""candidate__twitter"": 14, ""candidate__youtube"": 15}",COMPLETE
350,1707.713037816891,2026-09-21 11:31:39.347274,2026-09-21 11:31:39.883575,0 days 00:00:00.536301,2,15,15,3,8,0,16,8,13,12,3,14,14,15,"{""candidate__cinema"": 2, ""candidate__digitaldisplayandsearch"": 15, ""candidate__digitalvideo"": 15, ""candidate__facebook"": 3, ""candidate__instagram"": 8, ""candidate__localtv"": 0, ""candidate__ooh"": 16, ""candidate__opentv"": 8, ""candidate__paytv"": 13, ""candidate__print"": 12, ""candidate__radio"": 3, ""candidate__tiktok"": 14, ""candidate__twitter"": 14, ""candidate__youtube"": 15}",COMPLETE
351,1976.7735176368783,2026-09-21 11:31:39.904760,2026-09-21 11:31:40.395357,0 days 00:00:00.490597,1,15,15,2,8,0,16,8,8,13,4,15,15,17,"{""candidate__cinema"": 1, ""candidate__digitaldisplayandsearch"": 15, ""candidate__digitalvideo"": 15, ""candidate__facebook"": 2, ""candidate__instagram"": 8, ""candidate__localtv"": 0, ""candidate__ooh"": 16, ""candidate__opentv"": 8, ""candidate__paytv"": 8, ""candidate__print"": 13, ""candidate__radio"": 4, ""candidate__tiktok"": 15, ""candidate__twitter"": 15, ""candidate__youtube"": 17}",PRUNED
352,2073.435645027326,2026-09-21 11:31:40.411576,2026-09-21 11:31:40.735507,0 days 00:00:00.323931,1,14,14,1,10,1,17,11,9,13,5,14,14,16,"{""candidate__cinema"": 1, ""candidate__digitaldisplayandsearch"": 14, ""candidate__digitalvideo"": 14, ""candidate__facebook"": 1, ""candidate__instagram"": 10, ""candidate__localtv"": 1, ""candidate__ooh"": 17, ""candidate__opentv"": 11, ""candidate__paytv"": 9, ""candidate__print"": 13, ""candidate__radio"": 5, ""candidate__tiktok"": 14, ""candidate__twitter"": 14, ""candidate__youtube"": 16}",PRUNED
353,1975.5627025419922,2026-09-21 11:31:40.762738,2026-09-21 11:31:41.206445,0 days 00:00:00.443707,2,15,15,0,11,0,17,10,9,14,5,14,14,16,"{""candidate__cinema"": 2, ""candidate__digitaldisplayandsearch"": 15, ""candidate__digitalvideo"": 15, ""candidate__facebook"": 0, ""candidate__instagram"": 11, ""candidate__localtv"": 0, ""candidate__ooh"": 17, ""candidate__opentv"": 10, ""candidate__paytv"": 9, ""candidate__print"": 14, ""candidate__radio"": 5, ""candidate__tiktok"": 14, ""candidate__twitter"": 14, ""candidate__youtube"": 16}",PRUNED
354,2081.2464484790585,2026-09-21 11:31:41.222562,2026-09-21 11:31:41.589825,0 days 00:00:00.367263,2,16,15,2,8,1,16,9,15,12,4,14,14,15,"{""candidate__cinema"": 2, ""candidate__digitaldisplayandsearch"": 16, ""candidate__digitalvideo"": 15, ""candidate__facebook"": 2, ""candidate__instagram"": 8, ""candidate__localtv"": 1, ""candidate__ooh"": 16, ""candidate__opentv"": 9, ""candidate__paytv"": 15, ""candidate__print"": 12, ""candidate__radio"": 4, ""candidate__tiktok"": 14, ""candidate__twitter"": 14, ""candidate__youtube"": 15}",PRUNED
355,2093.842331330231,2026-09-21 11:31:41.606323,2026-09-21 11:31:41.910909,0 days 00:00:00.304586,2,16,16,2,7,0,15,8,10,14,6,13,13,15,"{""candidate__cinema"": 2, ""candidate__digitaldisplayandsearch"": 16, ""candidate__digitalvideo"": 16, ""candidate__facebook"": 2, ""candidate__instagram"": 7, ""candidate__localtv"": 0, ""candidate__ooh"": 15, ""candidate__opentv"": 8, ""candidate__paytv"": 10, ""candidate__print"": 14, ""candidate__radio"": 6, ""candidate__tiktok"": 13, ""candidate__twitter"": 13, ""candidate__youtube"": 15}",PRUNED
356,1710.9149196175488,2026-09-21 11:31:41.964494,2026-09-21 11:31:42.561794,0 days 00:00:00.597300,2,16,16,1,10,0,16,9,9,14,5,12,15,14,"{""candidate__cinema"": 2, ""candidate__digitaldisplayandsearch"": 16, ""candidate__digitalvideo"": 16, ""candidate__facebook"": 1, ""candidate__instagram"": 10, ""candidate__localtv"": 0, ""candidate__ooh"": 16, ""candidate__opentv"": 9, ""candidate__paytv"": 9, ""candidate__print"": 14, ""candidate__radio"": 5, ""candidate__tiktok"": 12, ""candidate__twitter"": 15, ""candidate__youtube"": 14}",COMPLETE
357,1709.201126238663,2026-09-21 11:31:42.581020,2026-09-21 11:31:43.177878,0 days 00:00:00.596858,3,15,15,1,13,0,16,11,8,14,6,11,15,15,"{""candidate__cinema"": 3, ""candidate__digitaldisplayandsearch"": 15, ""candidate__digitalvideo"": 15, ""candidate__facebook"": 1, ""candidate__instagram"": 13, ""candidate__localtv"": 0, ""candidate__ooh"": 16, ""candidate__opentv"": 11, ""candidate__paytv"": 8, ""candidate__print"": 14, ""candidate__radio"": 6, ""candidate__tiktok"": 11, ""candidate__twitter"": 15, ""candidate__youtube"": 15}",COMPLETE
