number,value,datetime_start,datetime_complete,duration,params_candidate__cinema,params_candidate__digitaldisplayandsearch,params_candidate__digitalvideo,params_candidate__facebook,params_candidate__instagram,params_candidate__localtv,params_candidate__ooh,params_candidate__opentv,params_candidate__paytv,params_candidate__print,params_candidate__radio,params_candidate__tiktok,params_candidate__twitter,params_candidate__youtube,system_attrs_tpe:relative_params:0,state
1684,2070.2019718057254,2026-09-21 11:43:58.859582,2026-09-21 11:43:59.298932,0 days 00:00:00.439350,6,12,14,1,15,0,16,8,9,13,4,12,12,14,"{""candidate__cinema"": 6, ""candidate__digitaldisplayandsearch"": 12, ""candidate__digitalvideo"": 14, ""candidate__facebook"": 1, ""candidate__instagram"": 15, ""candidate__localtv"": 0, ""candidate__ooh"": 16, ""candidate__opentv"": 8, ""candidate__paytv"": 9, ""candidate__print"": 13, ""candidate__radio"": 4, ""candidate__tiktok"": 12, ""candidate__twitter"": 12, ""candidate__youtube"": 14}",PRUNED
1685,1705.7961124183923,2026-09-21 11:43:59.319495,2026-09-21 11:44:00.023562,0 days 00:00:00.704067,8,16,16,0,14,0,16,2,7,13,5,12,14,15,"{""candidate__cinema"": 8, ""candidate__digitaldisplayandsearch"": 16, ""candidate__digitalvideo"": 16, ""candidate__facebook"": 0, ""candidate__instagram"": 14, ""candidate__localtv"": 0, ""candidate__ooh"": 16, ""candidate__opentv"": 2, ""candidate__paytv"": 7, ""candidate__print"": 13, ""candidate__radio"": 5, ""candidate__tiktok"": 12, ""candidate__twitter"": 14, ""candidate__youtube"": 15}",COMPLETE
1686,2060.3790679067274,2026-09-21 11:44:00.052836,2026-09-21 11:44:00.530470,0 days 00:00:00.477634,10,16,15,1,12,0,16,1,6,11,6,14,14,15,"{""candidate__cinema"": 10, ""candidate__digitaldisplayandsearch"": 16, ""candidate__digitalvideo"": 15, ""candidate__facebook"": 1, ""candidate__instagram"": 12, ""candidate__localtv"": 0, ""candidate__ooh"": 16, ""candidate__opentv"": 1, ""candidate__paytv"": 6, ""candidate__print"": 11, ""candidate__radio"": 6, ""candidate__tiktok"": 14, ""candidate__twitter"": 14, ""candidate__youtube"": 15}",PRUNED
1687,2060.085452860169,2026-09-21 11:44:00.553029,2026-09-21 11:44:00.961131,0 days 00:00:00.408102,8,13,14,2,12,0,17,5,7,13,5,12,16,16,"{""candidate__cinema"": 8, ""candidate__digitaldisplayandsearch"": 13, ""candidate__digitalvideo"": 14, ""candidate__facebook"": 2, ""candidate__instagram"": 12, ""candidate__localtv"": 0, ""candidate__ooh"": 17, ""candidate__opentv"": 5, ""candidate__paytv"": 7, ""candidate__print"": 13, ""candidate__radio"": 5, ""candidate__tiktok"": 12, ""candidate__twitter"": 16, ""candidate__youtube"": 16}",PRUNED
1688,2065.8230932639767,2026-09-21 11:44:00.980824,2026-09-21 11:44:01.593909,0 days 00:00:00.613085,4,16,14,1,12,0,16,8,13,13,8,13,14,15,"{""candidate__cinema"": 4, ""candidate__digitaldisplayandsearch"": 16, ""candidate__digitalvideo"": 14, ""candidate__facebook"": 1, ""candidate__instagram"": 12, ""candidate__localtv"": 0, ""candidate__ooh"": 16, ""candidate__opentv"": 8, ""candidate__paytv"": 13, ""candidate__print"": 13, ""candidate__radio"": 8, ""candidate__tiktok"": 13, ""candidate__twitter"": 14, ""candidate__youtube"": 15}",PRUNED
1689,2057.4353848806954,2026-09-21 11:44:01.613565,2026-09-21 11:44:02.015403,0 days 00:00:00.401838,8,14,15,2,13,0,16,2,8,11,8,13,12,15,"{""candidate__cinema"": 8, ""candidate__digitaldisplayandsearch"": 14, ""candidate__digitalvideo"": 15, ""candidate__facebook"": 2, ""candidate__instagram"": 13, ""candidate__localtv"": 0, ""candidate__ooh"": 16, ""candidate__opentv"": 2, ""candidate__paytv"": 8, ""candidate__print"": 11, ""candidate__radio"": 8, ""candidate__tiktok"": 13, ""candidate__twitter"": 12, ""candidate__youtube"": 15}",PRUNED
1690,2070.7013210092446,2026-09-21 11:44:02.035947,2026-09-21 11:44:02.418878,0 days 00:00:00.382931,10,15,16,1,15,0,16,1,6,12,4,13,13,15,"{""candidate__cinema"": 10, ""candidate__digitaldisplayandsearch"": 15, ""candidate__digitalvideo"": 16, ""candidate__facebook"": 1, ""candidate__instagram"": 15, ""candidate__localtv"": 0, ""candidate__ooh"": 16, ""candidate__opentv"": 1, ""candidate__paytv"": 6, ""candidate__print"": 12, ""candidate__radio"": 4, ""candidate__tiktok"": 13, ""candidate__twitter"": 13, ""candidate__youtube"": 15}",PRUNED
1691,1706.532788842087,2026-09-21 11:44:02.438689,2026-09-21 11:44:03.096360,0 days 00:00:00.657671,8,12,15,0,13,0,16,4,5,10,3,14,15,16,"{""candidate__cinema"": 8, ""candidate__digitaldisplayandsearch"": 12, ""candidate__digitalvideo"": 15, ""candidate__facebook"": 0, ""candidate__instagram"": 13, ""candidate__localtv"": 0, ""candidate__ooh"": 16, ""candidate__opentv"": 4, ""candidate__paytv"": 5, ""candidate__print"": 10, ""candidate__radio"": 3, ""candidate__tiktok"": 14, ""candidate__twitter"": 15, ""candidate__youtube"": 16}",COMPLETE
1692,1704.501475883845,2026-09-21 11:44:03.122071,2026-09-21 11:44:03.844241,0 days 00:00:00.722170,7,13,16,1,14,0,16,2,6,12,7,12,17,15,"{""candidate__cinema"": 7, ""candidate__digitaldisplayandsearch"": 13, ""candidate__digitalvideo"": 16, ""candidate__facebook"": 1, ""candidate__instagram"": 14, ""candidate__localtv"": 0, ""candidate__ooh"": 16, ""candidate__opentv"": 2, ""candidate__paytv"": 6, ""candidate__print"": 12, ""candidate__radio"": 7, ""candidate__tiktok"": 12, ""candidate__twitter"": 17, ""candidate__youtube"": 15}",COMPLETE
1693,2058.4320099667025,2026-09-21 11:44:03.864998,2026-09-21 11:44:04.210358,0 days 00:00:00.345360,6,12,16,2,14,0,16,3,7,11,7,13,17,15,"{""candidate__cinema"": 6, ""candidate__digitaldisplayandsearch"": 12, ""candidate__digitalvideo"": 16, ""candidate__facebook"": 2, ""candidate__instagram"": 14, ""candidate__localtv"": 0, ""candidate__ooh"": 16, ""candidate__opentv"": 3, ""candidate__paytv"": 7, ""candidate__print"": 11, ""candidate__radio"": 7, ""candidate__tiktok"": 13, ""candidate__twitter"": 17, ""candidate__youtube"": 15}",PRUNED
1694,2063.9501153830797,2026-09-21 11:44:04.231677,2026-09-21 11:44:04.636137,0 days 00:00:00.404460,9,14,16,2,13,0,17,0,6,11,5,13,15,15,"{""candidate__cinema"": 9, ""candidate__digitaldisplayandsearch"": 14, ""candidate__digitalvideo"": 16, ""candidate__facebook"": 2, ""candidate__instagram"": 13, ""candidate__localtv"": 0, ""candidate__ooh"": 17, ""candidate__opentv"": 0, ""candidate__paytv"": 6, ""candidate__print"": 11, ""candidate__radio"": 5, ""candidate__tiktok"": 13, ""candidate__twitter"": 15, ""candidate__youtube"": 15}",PRUNED
1695,2070.2640646259247,2026-09-21 11:44:04.656806,2026-09-21 11:44:05.031972,0 days 00:00:00.375166,10,15,15,2,15,0,16,2,7,11,3,12,15,15,"{""candidate__cinema"": 10, ""candidate__digitaldisplayandsearch"": 15, ""candidate__digitalvideo"": 15, ""candidate__facebook"": 2, ""candidate__instagram"": 15, ""candidate__localtv"": 0, ""candidate__ooh"": 16, ""candidate__opentv"": 2, ""candidate__paytv"": 7, ""candidate__print"": 11, ""candidate__radio"": 3, ""candidate__tiktok"": 12, ""candidate__twitter"": 15, ""candidate__youtube"": 15}",PRUNED
1696,1704.738745532505,2026-09-21 11:44:05.047841,2026-09-21 11:44:05.693816,0 days 00:00:00.645975,8,13,16,1,14,0,16,2,5,13,7,13,16,15,"{""candidate__cinema"": 8, ""candidate__digitaldisplayandsearch"": 13, ""candidate__digitalvideo"": 16, ""candidate__facebook"": 1, ""candidate__instagram"": 14, ""candidate__localtv"": 0, ""candidate__ooh"": 16, ""candidate__opentv"": 2, ""candidate__paytv"": 5, ""candidate__print"": 13, ""candidate__radio"": 7, ""candidate__tiktok"": 13, ""candidate__twitter"": 16, ""candidate__youtube"": 15}",COMPLETE
1697,1971.135919555888,2026-09-21 11:44:05.722098,2026-09-21 11:44:06.251279,0 days 00:00:00.529181,9,15,15,0,12,0,16,1,7,12,6,13,16,14,"{""candidate__cinema"": 9, ""candidate__digitaldisplayandsearch"": 15, ""candidate__digitalvideo"": 15, ""candidate__facebook"": 0, ""candidate__instagram"": 12, ""candidate__localtv"": 0, ""candidate__ooh"": 16, ""candidate__opentv"": 1, ""candidate__paytv"": 7, ""candidate__print"": 12, ""candidate__radio"": 6, ""candidate__tiktok"": 13, ""candidate__twitter"": 16, ""candidate__youtube"": 14}",PRUNED
1698,2061.55288523986,2026-09-21 11:44:06.273421,2026-09-21 11:44:06.952979,0 days 00:00:00.679558,7,13,16,1,13,0,17,5,6,14,4,13,17,15,"{""candidate__cinema"": 7, ""candidate__digitaldisplayandsearch"": 13, ""candidate__digitalvideo"": 16, ""candidate__facebook"": 1, ""candidate__instagram"": 13, ""candidate__localtv"": 0, ""candidate__ooh"": 17, ""candidate__opentv"": 5, ""candidate__paytv"": 6, ""candidate__print"": 14, ""candidate__radio"": 4, ""candidate__tiktok"": 13, ""candidate__twitter"": 17, ""candidate__youtube"": 15}",PRUNED
1699,2066.269378139024,2026-09-21 11:44:06.987524,2026-09-21 11:44:07.386354,0 days 00:00:00.398830,8,17,15,0,13,0,15,1,6,13,5,13,15,16,"{""candidate__cinema"": 8, ""candidate__digitaldisplayandsearch"": 17, ""candidate__digitalvideo"": 15, ""candidate__facebook"": 0, ""candidate__instagram"": 13, ""candidate__localtv"": 0, ""candidate__ooh"": 15, ""candidate__opentv"": 1, ""candidate__paytv"": 6, ""candidate__print"": 13, ""candidate__radio"": 5, ""candidate__tiktok"": 13, ""candidate__twitter"": 15, ""candidate__youtube"": 16}",PRUNED
1700,1709.3084119838713,2026-09-21 11:44:07.409463,2026-09-21 11:44:08.080171,0 days 00:00:00.670708,10,13,15,2,14,0,16,2,6,12,3,11,15,16,"{""candidate__cinema"": 10, ""candidate__digitaldisplayandsearch"": 13, ""candidate__digitalvideo"": 15, ""candidate__facebook"": 2, ""candidate__instagram"": 14, ""candidate__localtv"": 0, ""candidate__ooh"": 16, ""candidate__opentv"": 2, ""candidate__paytv"": 6, ""candidate__print"": 12, ""candidate__radio"": 3, ""candidate__tiktok"": 11, ""candidate__twitter"": 15, ""candidate__youtube"": 16}",PRUNED
1701,2060.6525662486843,2026-09-21 11:44:08.100878,2026-09-21 11:44:08.496111,0 days 00:00:00.395233,7,15,16,2,13,0,16,3,6,13,6,11,14,15,"{""candidate__cinema"": 7, ""candidate__digitaldisplayandsearch"": 15, ""candidate__digitalvideo"": 16, ""candidate__facebook"": 2, ""candidate__instagram"": 13, ""candidate__localtv"": 0, ""candidate__ooh"": 16, ""candidate__opentv"": 3, ""candidate__paytv"": 6, ""candidate__print"": 13, ""candidate__radio"": 6, ""candidate__tiktok"": 11, ""candidate__twitter"": 14, ""candidate__youtube"": 15}",PRUNED
1702,2058.110445448032,2026-09-21 11:44:08.516745,2026-09-21 11:44:08.873119,0 days 00:00:00.356374,11,17,15,1,12,0,16,1,6,16,5,12,14,14,"{""candidate__cinema"": 11, ""candidate__digitaldisplayandsearch"": 17, ""candidate__digitalvideo"": 15, ""candidate__facebook"": 1, ""candidate__instagram"": 12, ""candidate__localtv"": 0, ""candidate__ooh"": 16, ""candidate__opentv"": 1, ""candidate__paytv"": 6, ""candidate__print"": 16, ""candidate__radio"": 5, ""candidate__tiktok"": 12, ""candidate__twitter"": 14, ""candidate__youtube"": 14}",PRUNED
1703,1708.222024822173,2026-09-21 11:44:08.892076,2026-09-21 11:44:09.535440,0 days 00:00:00.643364,8,13,15,1,13,0,16,2,6,11,4,11,15,16,"{""candidate__cinema"": 8, ""candidate__digitaldisplayandsearch"": 13, ""candidate__digitalvideo"": 15, ""candidate__facebook"": 1, ""candidate__instagram"": 13, ""candidate__localtv"": 0, ""candidate__ooh"": 16, ""candidate__opentv"": 2, ""candidate__paytv"": 6, ""candidate__print"": 11, ""candidate__radio"": 4, ""candidate__tiktok"": 11, ""candidate__twitter"": 15, ""candidate__youtube"": 16}",PRUNED
1704,2058.8215301374958,2026-09-21 11:44:09.557622,2026-09-21 11:44:09.890893,0 days 00:00:00.333271,9,17,15,1,12,0,16,0,6,16,5,13,15,14,"{""candidate__cinema"": 9, ""candidate__digitaldisplayandsearch"": 17, ""candidate__digitalvideo"": 15, ""candidate__facebook"": 1, ""candidate__instagram"": 12, ""candidate__localtv"": 0, ""candidate__ooh"": 16, ""candidate__opentv"": 0, ""candidate__paytv"": 6, ""candidate__print"": 16, ""candidate__radio"": 5, ""candidate__tiktok"": 13, ""candidate__twitter"": 15, ""candidate__youtube"": 14}",PRUNED
1705,2058.269371319377,2026-09-21 11:44:09.908478,2026-09-21 11:44:10.297229,0 days 00:00:00.388751,10,17,15,1,13,0,17,1,7,13,4,13,13,15,"{""candidate__cinema"": 10, ""candidate__digitaldisplayandsearch"": 17, ""candidate__digitalvideo"": 15, ""candidate__facebook"": 1, ""candidate__instagram"": 13, ""candidate__localtv"": 0, ""candidate__ooh"": 17, ""candidate__opentv"": 1, ""candidate__paytv"": 7, ""candidate__print"": 13, ""candidate__radio"": 4, ""candidate__tiktok"": 13, ""candidate__twitter"": 13, ""candidate__youtube"": 15}",PRUNED
1706,1971.2679995374415,2026-09-21 11:44:10.316655,2026-09-21 11:44:10.850298,0 days 00:00:00.533643,7,13,16,0,14,0,17,2,7,10,6,12,17,16,"{""candidate__cinema"": 7, ""candidate__digitaldisplayandsearch"": 13, ""candidate__digitalvideo"": 16, ""candidate__facebook"": 0, ""candidate__instagram"": 14, ""candidate__localtv"": 0, ""candidate__ooh"": 17, ""candidate__opentv"": 2, ""candidate__paytv"": 7, ""candidate__print"": 10, ""candidate__radio"": 6, ""candidate__tiktok"": 12, ""candidate__twitter"": 17, ""candidate__youtube"": 16}",PRUNED
1707,2074.476363422948,2026-09-21 11:44:10.872994,2026-09-21 11:44:11.267884,0 days 00:00:00.394890,11,14,15,1,14,1,17,1,6,11,3,12,15,15,"{""candidate__cinema"": 11, ""candidate__digitaldisplayandsearch"": 14, ""candidate__digitalvideo"": 15, ""candidate__facebook"": 1, ""candidate__instagram"": 14, ""candidate__localtv"": 1, ""candidate__ooh"": 17, ""candidate__opentv"": 1, ""candidate__paytv"": 6, ""candidate__print"": 11, ""candidate__radio"": 3, ""candidate__tiktok"": 12, ""candidate__twitter"": 15, ""candidate__youtube"": 15}",PRUNED
1708,2073.7929039591936,2026-09-21 11:44:11.288760,2026-09-21 11:44:11.675862,0 days 00:00:00.387102,8,12,17,1,15,0,16,3,7,11,7,11,17,15,"{""candidate__cinema"": 8, ""candidate__digitaldisplayandsearch"": 12, ""candidate__digitalvideo"": 17, ""candidate__facebook"": 1, ""candidate__instagram"": 15, ""candidate__localtv"": 0, ""candidate__ooh"": 16, ""candidate__opentv"": 3, ""candidate__paytv"": 7, ""candidate__print"": 11, ""candidate__radio"": 7, ""candidate__tiktok"": 11, ""candidate__twitter"": 17, ""candidate__youtube"": 15}",PRUNED
1709,2058.1073906330253,2026-09-21 11:44:11.696400,2026-09-21 11:44:12.337191,0 days 00:00:00.640791,6,16,16,0,14,0,17,2,6,11,3,12,16,15,"{""candidate__cinema"": 6, ""candidate__digitaldisplayandsearch"": 16, ""candidate__digitalvideo"": 16, ""candidate__facebook"": 0, ""candidate__instagram"": 14, ""candidate__localtv"": 0, ""candidate__ooh"": 17, ""candidate__opentv"": 2, ""candidate__paytv"": 6, ""candidate__print"": 11, ""candidate__radio"": 3, ""candidate__tiktok"": 12, ""candidate__twitter"": 16, ""candidate__youtube"": 15}",PRUNED
1710,2076.521777757049,2026-09-21 11:44:12.358035,2026-09-21 11:44:12.795521,0 days 00:00:00.437486,7,12,16,1,14,1,17,3,6,11,8,12,17,14,"{""candidate__cinema"": 7, ""candidate__digitaldisplayandsearch"": 12, ""candidate__digitalvideo"": 16, ""candidate__facebook"": 1, ""candidate__instagram"": 14, ""candidate__localtv"": 1, ""candidate__ooh"": 17, ""candidate__opentv"": 3, ""candidate__paytv"": 6, ""candidate__print"": 11, ""candidate__radio"": 8, ""candidate__tiktok"": 12, ""candidate__twitter"": 17, ""candidate__youtube"": 14}",PRUNED
1711,1704.7859282740235,2026-09-21 11:44:12.813817,2026-09-21 11:44:13.439294,0 days 00:00:00.625477,9,15,15,1,13,0,16,1,7,11,3,13,15,15,"{""candidate__cinema"": 9, ""candidate__digitaldisplayandsearch"": 15, ""candidate__digitalvideo"": 15, ""candidate__facebook"": 1, ""candidate__instagram"": 13, ""candidate__localtv"": 0, ""candidate__ooh"": 16, ""candidate__opentv"": 1, ""candidate__paytv"": 7, ""candidate__print"": 11, ""candidate__radio"": 3, ""candidate__tiktok"": 13, ""candidate__twitter"": 15, ""candidate__youtube"": 15}",COMPLETE
1712,2079.21163706273,2026-09-21 11:44:13.461275,2026-09-21 11:44:13.820761,0 days 00:00:00.359486,5,15,14,1,13,1,16,8,12,11,9,9,14,15,"{""candidate__cinema"": 5, ""candidate__digitaldisplayandsearch"": 15, ""candidate__digitalvideo"": 14, ""candidate__facebook"": 1, ""candidate__instagram"": 13, ""candidate__localtv"": 1, ""candidate__ooh"": 16, ""candidate__opentv"": 8, ""candidate__paytv"": 12, ""candidate__print"": 11, ""candidate__radio"": 9, ""candidate__tiktok"": 9, ""candidate__twitter"": 14, ""candidate__youtube"": 15}",PRUNED
1713,2073.2028098984574,2026-09-21 11:44:13.843854,2026-09-21 11:44:14.251506,0 days 00:00:00.407652,6,14,15,1,14,0,15,2,6,12,4,11,17,15,"{""candidate__cinema"": 6, ""candidate__digitaldisplayandsearch"": 14, ""candidate__digitalvideo"": 15, ""candidate__facebook"": 1, ""candidate__instagram"": 14, ""candidate__localtv"": 0, ""candidate__ooh"": 15, ""candidate__opentv"": 2, ""candidate__paytv"": 6, ""candidate__print"": 12, ""candidate__radio"": 4, ""candidate__tiktok"": 11, ""candidate__twitter"": 17, ""candidate__youtube"": 15}",PRUNED
1714,2070.7475523425737,2026-09-21 11:44:14.272002,2026-09-21 11:44:14.657466,0 days 00:00:00.385464,8,14,15,1,14,1,16,2,8,11,10,13,12,15,"{""candidate__cinema"": 8, ""candidate__digitaldisplayandsearch"": 14, ""candidate__digitalvideo"": 15, ""candidate__facebook"": 1, ""candidate__instagram"": 14, ""candidate__localtv"": 1, ""candidate__ooh"": 16, ""candidate__opentv"": 2, ""candidate__paytv"": 8, ""candidate__print"": 11, ""candidate__radio"": 10, ""candidate__tiktok"": 13, ""candidate__twitter"": 12, ""candidate__youtube"": 15}",PRUNED
1715,1709.044291346694,2026-09-21 11:44:14.677375,2026-09-21 11:44:15.345160,0 days 00:00:00.667785,9,15,15,0,14,0,17,1,6,12,4,12,17,16,"{""candidate__cinema"": 9, ""candidate__digitaldisplayandsearch"": 15, ""candidate__digitalvideo"": 15, ""candidate__facebook"": 0, ""candidate__instagram"": 14, ""candidate__localtv"": 0, ""candidate__ooh"": 17, ""candidate__opentv"": 1, ""candidate__paytv"": 6, ""candidate__print"": 12, ""candidate__radio"": 4, ""candidate__tiktok"": 12, ""candidate__twitter"": 17, ""candidate__youtube"": 16}",PRUNED
1716,2074.479654474395,2026-09-21 11:44:15.362607,2026-09-21 11:44:15.732293,0 days 00:00:00.369686,9,15,16,1,15,0,17,3,6,12,4,12,16,15,"{""candidate__cinema"": 9, ""candidate__digitaldisplayandsearch"": 15, ""candidate__digitalvideo"": 16, ""candidate__facebook"": 1, ""candidate__instagram"": 15, ""candidate__localtv"": 0, ""candidate__ooh"": 17, ""candidate__opentv"": 3, ""candidate__paytv"": 6, ""candidate__print"": 12, ""candidate__radio"": 4, ""candidate__tiktok"": 12, ""candidate__twitter"": 16, ""candidate__youtube"": 15}",PRUNED
1717,2088.6988221886277,2026-09-21 11:44:15.750524,2026-09-21 11:44:16.080935,0 days 00:00:00.330411,8,16,15,0,15,1,15,1,7,12,7,11,14,16,"{""candidate__cinema"": 8, ""candidate__digitaldisplayandsearch"": 16, ""candidate__digitalvideo"": 15, ""candidate__facebook"": 0, ""candidate__instagram"": 15, ""candidate__localtv"": 1, ""candidate__ooh"": 15, ""candidate__opentv"": 1, ""candidate__paytv"": 7, ""candidate__print"": 12, ""candidate__radio"": 7, ""candidate__tiktok"": 11, ""candidate__twitter"": 14, ""candidate__youtube"": 16}",PRUNED
1718,2063.847858331734,2026-09-21 11:44:16.099686,2026-09-21 11:44:16.477029,0 days 00:00:00.377343,8,17,16,2,13,0,17,2,6,14,5,14,14,15,"{""candidate__cinema"": 8, ""candidate__digitaldisplayandsearch"": 17, ""candidate__digitalvideo"": 16, ""candidate__facebook"": 2, ""candidate__instagram"": 13, ""candidate__localtv"": 0, ""candidate__ooh"": 17, ""candidate__opentv"": 2, ""candidate__paytv"": 6, ""candidate__print"": 14, ""candidate__radio"": 5, ""candidate__tiktok"": 14, ""candidate__twitter"": 14, ""candidate__youtube"": 15}",PRUNED
1719,2064.044314053077,2026-09-21 11:44:16.498033,2026-09-21 11:44:16.855375,0 days 00:00:00.357342,7,13,16,0,15,0,17,1,5,12,7,12,17,14,"{""candidate__cinema"": 7, ""candidate__digitaldisplayandsearch"": 13, ""candidate__digitalvideo"": 16, ""candidate__facebook"": 0, ""candidate__instagram"": 15, ""candidate__localtv"": 0, ""candidate__ooh"": 17, ""candidate__opentv"": 1, ""candidate__paytv"": 5, ""candidate__print"": 12, ""candidate__radio"": 7, ""candidate__tiktok"": 12, ""candidate__twitter"": 17, ""candidate__youtube"": 14}",PRUNED
1720,2057.9480224940794,2026-09-21 11:44:16.872669,2026-09-21 11:44:17.277279,0 days 00:00:00.404610,10,15,16,1,13,0,16,0,5,12,5,14,15,15,"{""candidate__cinema"": 10, ""candidate__digitaldisplayandsearch"": 15, ""candidate__digitalvideo"": 16, ""candidate__facebook"": 1, ""candidate__instagram"": 13, ""candidate__localtv"": 0, ""candidate__ooh"": 16, ""candidate__opentv"": 0, ""candidate__paytv"": 5, ""candidate__print"": 12, ""candidate__radio"": 5, ""candidate__tiktok"": 14, ""candidate__twitter"": 15, ""candidate__youtube"": 15}",PRUNED
1721,2072.938584185005,2026-09-21 11:44:17.295264,2026-09-21 11:44:17.931675,0 days 00:00:00.636411,6,13,15,1,13,1,16,3,6,11,6,12,17,15,"{""candidate__cinema"": 6, ""candidate__digitaldisplayandsearch"": 13, ""candidate__digitalvideo"": 15, ""candidate__facebook"": 1, ""candidate__instagram"": 13, ""candidate__localtv"": 1, ""candidate__ooh"": 16, ""candidate__opentv"": 3, ""candidate__paytv"": 6, ""candidate__print"": 11, ""candidate__radio"": 6, ""candidate__tiktok"": 12, ""candidate__twitter"": 17, ""candidate__youtube"": 15}",PRUNED
1722,1708.521359491225,2026-09-21 11:44:17.949500,2026-09-21 11:44:18.624478,0 days 00:00:00.674978,12,15,15,1,14,0,17,0,6,13,5,13,14,16,"{""candidate__cinema"": 12, ""candidate__digitaldisplayandsearch"": 15, ""candidate__digitalvideo"": 15, ""candidate__facebook"": 1, ""candidate__instagram"": 14, ""candidate__localtv"": 0, ""candidate__ooh"": 17, ""candidate__opentv"": 0, ""candidate__paytv"": 6, ""candidate__print"": 13, ""candidate__radio"": 5, ""candidate__tiktok"": 13, ""candidate__twitter"": 14, ""candidate__youtube"": 16}",PRUNED
