number,value,datetime_start,datetime_complete,duration,params_candidate__cinema,params_candidate__digitaldisplayandsearch,params_candidate__digitalvideo,params_candidate__facebook,params_candidate__instagram,params_candidate__localtv,params_candidate__ooh,params_candidate__opentv,params_candidate__paytv,params_candidate__print,params_candidate__radio,params_candidate__tiktok,params_candidate__twitter,params_candidate__youtube,system_attrs_tpe:relative_params:0,state
1645,1969.4200882310095,2026-09-21 11:43:39.019441,2026-09-21 11:43:39.593026,0 days 00:00:00.573585,7,15,16,1,14,0,16,3,6,12,3,13,16,14,"{""candidate__cinema"": 7, ""candidate__digitaldisplayandsearch"": 15, ""candidate__digitalvideo"": 16, ""candidate__facebook"": 1, ""candidate__instagram"": 14, ""candidate__localtv"": 0, ""candidate__ooh"": 16, ""candidate__opentv"": 3, ""candidate__paytv"": 6, ""candidate__print"": 12, ""candidate__radio"": 3, ""candidate__tiktok"": 13, ""candidate__twitter"": 16, ""candidate__youtube"": 14}",PRUNED
1646,1704.9947441165602,2026-09-21 11:43:39.613241,2026-09-21 11:43:40.309055,0 days 00:00:00.695814,7,16,16,1,14,0,16,0,5,11,3,12,15,15,"{""candidate__cinema"": 7, ""candidate__digitaldisplayandsearch"": 16, ""candidate__digitalvideo"": 16, ""candidate__facebook"": 1, ""candidate__instagram"": 14, ""candidate__localtv"": 0, ""candidate__ooh"": 16, ""candidate__opentv"": 0, ""candidate__paytv"": 5, ""candidate__print"": 11, ""candidate__radio"": 3, ""candidate__tiktok"": 12, ""candidate__twitter"": 15, ""candidate__youtube"": 15}",COMPLETE
1647,2068.315138370138,2026-09-21 11:43:40.339748,2026-09-21 11:43:40.967095,0 days 00:00:00.627347,8,14,15,1,15,0,16,2,7,12,3,12,16,15,"{""candidate__cinema"": 8, ""candidate__digitaldisplayandsearch"": 14, ""candidate__digitalvideo"": 15, ""candidate__facebook"": 1, ""candidate__instagram"": 15, ""candidate__localtv"": 0, ""candidate__ooh"": 16, ""candidate__opentv"": 2, ""candidate__paytv"": 7, ""candidate__print"": 12, ""candidate__radio"": 3, ""candidate__tiktok"": 12, ""candidate__twitter"": 16, ""candidate__youtube"": 15}",PRUNED
1648,1703.910874755881,2026-09-21 11:43:40.985002,2026-09-21 11:43:41.640417,0 days 00:00:00.655415,10,14,15,1,14,0,16,2,7,11,3,12,15,15,"{""candidate__cinema"": 10, ""candidate__digitaldisplayandsearch"": 14, ""candidate__digitalvideo"": 15, ""candidate__facebook"": 1, ""candidate__instagram"": 14, ""candidate__localtv"": 0, ""candidate__ooh"": 16, ""candidate__opentv"": 2, ""candidate__paytv"": 7, ""candidate__print"": 11, ""candidate__radio"": 3, ""candidate__tiktok"": 12, ""candidate__twitter"": 15, ""candidate__youtube"": 15}",COMPLETE
1649,1711.4777230941634,2026-09-21 11:43:41.660387,2026-09-21 11:43:42.336332,0 days 00:00:00.675945,9,13,15,1,13,0,16,5,6,13,4,11,16,14,"{""candidate__cinema"": 9, ""candidate__digitaldisplayandsearch"": 13, ""candidate__digitalvideo"": 15, ""candidate__facebook"": 1, ""candidate__instagram"": 13, ""candidate__localtv"": 0, ""candidate__ooh"": 16, ""candidate__opentv"": 5, ""candidate__paytv"": 6, ""candidate__print"": 13, ""candidate__radio"": 4, ""candidate__tiktok"": 11, ""candidate__twitter"": 16, ""candidate__youtube"": 14}",PRUNED
1650,1705.233775829461,2026-09-21 11:43:42.358273,2026-09-21 11:43:43.062242,0 days 00:00:00.703969,9,17,15,1,13,0,16,1,5,15,4,14,13,15,"{""candidate__cinema"": 9, ""candidate__digitaldisplayandsearch"": 17, ""candidate__digitalvideo"": 15, ""candidate__facebook"": 1, ""candidate__instagram"": 13, ""candidate__localtv"": 0, ""candidate__ooh"": 16, ""candidate__opentv"": 1, ""candidate__paytv"": 5, ""candidate__print"": 15, ""candidate__radio"": 4, ""candidate__tiktok"": 14, ""candidate__twitter"": 13, ""candidate__youtube"": 15}",COMPLETE
1651,2059.033959294008,2026-09-21 11:43:43.084622,2026-09-21 11:43:43.478979,0 days 00:00:00.394357,8,14,14,1,13,0,16,3,6,12,4,11,16,14,"{""candidate__cinema"": 8, ""candidate__digitaldisplayandsearch"": 14, ""candidate__digitalvideo"": 14, ""candidate__facebook"": 1, ""candidate__instagram"": 13, ""candidate__localtv"": 0, ""candidate__ooh"": 16, ""candidate__opentv"": 3, ""candidate__paytv"": 6, ""candidate__print"": 12, ""candidate__radio"": 4, ""candidate__tiktok"": 11, ""candidate__twitter"": 16, ""candidate__youtube"": 14}",PRUNED
1652,2058.47315458399,2026-09-21 11:43:43.499913,2026-09-21 11:43:43.912907,0 days 00:00:00.412994,8,15,15,4,13,0,17,7,5,16,5,12,17,15,"{""candidate__cinema"": 8, ""candidate__digitaldisplayandsearch"": 15, ""candidate__digitalvideo"": 15, ""candidate__facebook"": 4, ""candidate__instagram"": 13, ""candidate__localtv"": 0, ""candidate__ooh"": 17, ""candidate__opentv"": 7, ""candidate__paytv"": 5, ""candidate__print"": 16, ""candidate__radio"": 5, ""candidate__tiktok"": 12, ""candidate__twitter"": 17, ""candidate__youtube"": 15}",PRUNED
1653,2062.7721100808867,2026-09-21 11:43:43.936968,2026-09-21 11:43:44.336885,0 days 00:00:00.399917,9,17,15,1,14,1,16,1,6,15,6,13,14,16,"{""candidate__cinema"": 9, ""candidate__digitaldisplayandsearch"": 17, ""candidate__digitalvideo"": 15, ""candidate__facebook"": 1, ""candidate__instagram"": 14, ""candidate__localtv"": 1, ""candidate__ooh"": 16, ""candidate__opentv"": 1, ""candidate__paytv"": 6, ""candidate__print"": 15, ""candidate__radio"": 6, ""candidate__tiktok"": 13, ""candidate__twitter"": 14, ""candidate__youtube"": 16}",PRUNED
1654,2070.5735753535996,2026-09-21 11:43:44.360163,2026-09-21 11:43:44.760335,0 days 00:00:00.400172,7,12,16,0,13,0,15,3,7,11,6,12,16,16,"{""candidate__cinema"": 7, ""candidate__digitaldisplayandsearch"": 12, ""candidate__digitalvideo"": 16, ""candidate__facebook"": 0, ""candidate__instagram"": 13, ""candidate__localtv"": 0, ""candidate__ooh"": 15, ""candidate__opentv"": 3, ""candidate__paytv"": 7, ""candidate__print"": 11, ""candidate__radio"": 6, ""candidate__tiktok"": 12, ""candidate__twitter"": 16, ""candidate__youtube"": 16}",PRUNED
1655,2080.6327585579334,2026-09-21 11:43:44.782290,2026-09-21 11:43:45.199356,0 days 00:00:00.417066,7,13,16,1,13,0,15,6,5,13,4,12,15,15,"{""candidate__cinema"": 7, ""candidate__digitaldisplayandsearch"": 13, ""candidate__digitalvideo"": 16, ""candidate__facebook"": 1, ""candidate__instagram"": 13, ""candidate__localtv"": 0, ""candidate__ooh"": 15, ""candidate__opentv"": 6, ""candidate__paytv"": 5, ""candidate__print"": 13, ""candidate__radio"": 4, ""candidate__tiktok"": 12, ""candidate__twitter"": 15, ""candidate__youtube"": 15}",PRUNED
1656,2061.7088491460245,2026-09-21 11:43:45.220204,2026-09-21 11:43:45.618958,0 days 00:00:00.398754,7,12,16,2,13,0,16,4,6,11,4,11,15,14,"{""candidate__cinema"": 7, ""candidate__digitaldisplayandsearch"": 12, ""candidate__digitalvideo"": 16, ""candidate__facebook"": 2, ""candidate__instagram"": 13, ""candidate__localtv"": 0, ""candidate__ooh"": 16, ""candidate__opentv"": 4, ""candidate__paytv"": 6, ""candidate__print"": 11, ""candidate__radio"": 4, ""candidate__tiktok"": 11, ""candidate__twitter"": 15, ""candidate__youtube"": 14}",PRUNED
1657,2059.2628541793306,2026-09-21 11:43:45.637701,2026-09-21 11:43:46.271093,0 days 00:00:00.633392,7,14,17,1,14,0,16,4,6,11,8,12,17,15,"{""candidate__cinema"": 7, ""candidate__digitaldisplayandsearch"": 14, ""candidate__digitalvideo"": 17, ""candidate__facebook"": 1, ""candidate__instagram"": 14, ""candidate__localtv"": 0, ""candidate__ooh"": 16, ""candidate__opentv"": 4, ""candidate__paytv"": 6, ""candidate__print"": 11, ""candidate__radio"": 8, ""candidate__tiktok"": 12, ""candidate__twitter"": 17, ""candidate__youtube"": 15}",PRUNED
1658,2067.826657108006,2026-09-21 11:43:46.289316,2026-09-21 11:43:46.628958,0 days 00:00:00.339642,8,14,15,4,14,0,15,5,5,17,3,12,16,16,"{""candidate__cinema"": 8, ""candidate__digitaldisplayandsearch"": 14, ""candidate__digitalvideo"": 15, ""candidate__facebook"": 4, ""candidate__instagram"": 14, ""candidate__localtv"": 0, ""candidate__ooh"": 15, ""candidate__opentv"": 5, ""candidate__paytv"": 5, ""candidate__print"": 17, ""candidate__radio"": 3, ""candidate__tiktok"": 12, ""candidate__twitter"": 16, ""candidate__youtube"": 16}",PRUNED
1659,2060.691074226592,2026-09-21 11:43:46.647164,2026-09-21 11:43:47.003266,0 days 00:00:00.356102,10,16,14,2,14,0,16,0,6,12,3,12,17,15,"{""candidate__cinema"": 10, ""candidate__digitaldisplayandsearch"": 16, ""candidate__digitalvideo"": 14, ""candidate__facebook"": 2, ""candidate__instagram"": 14, ""candidate__localtv"": 0, ""candidate__ooh"": 16, ""candidate__opentv"": 0, ""candidate__paytv"": 6, ""candidate__print"": 12, ""candidate__radio"": 3, ""candidate__tiktok"": 12, ""candidate__twitter"": 17, ""candidate__youtube"": 15}",PRUNED
1660,1972.4011086366886,2026-09-21 11:43:47.024122,2026-09-21 11:43:47.514632,0 days 00:00:00.490510,7,12,14,0,13,0,16,5,6,14,4,13,17,14,"{""candidate__cinema"": 7, ""candidate__digitaldisplayandsearch"": 12, ""candidate__digitalvideo"": 14, ""candidate__facebook"": 0, ""candidate__instagram"": 13, ""candidate__localtv"": 0, ""candidate__ooh"": 16, ""candidate__opentv"": 5, ""candidate__paytv"": 6, ""candidate__print"": 14, ""candidate__radio"": 4, ""candidate__tiktok"": 13, ""candidate__twitter"": 17, ""candidate__youtube"": 14}",PRUNED
1661,2073.2843336342626,2026-09-21 11:43:47.533451,2026-09-21 11:43:47.898316,0 days 00:00:00.364865,9,16,15,2,15,0,17,1,6,14,4,13,13,15,"{""candidate__cinema"": 9, ""candidate__digitaldisplayandsearch"": 16, ""candidate__digitalvideo"": 15, ""candidate__facebook"": 2, ""candidate__instagram"": 15, ""candidate__localtv"": 0, ""candidate__ooh"": 17, ""candidate__opentv"": 1, ""candidate__paytv"": 6, ""candidate__print"": 14, ""candidate__radio"": 4, ""candidate__tiktok"": 13, ""candidate__twitter"": 13, ""candidate__youtube"": 15}",PRUNED
1662,1706.4115644445556,2026-09-21 11:43:47.918474,2026-09-21 11:43:48.557841,0 days 00:00:00.639367,9,14,15,1,14,0,16,6,6,12,5,12,15,16,"{""candidate__cinema"": 9, ""candidate__digitaldisplayandsearch"": 14, ""candidate__digitalvideo"": 15, ""candidate__facebook"": 1, ""candidate__instagram"": 14, ""candidate__localtv"": 0, ""candidate__ooh"": 16, ""candidate__opentv"": 6, ""candidate__paytv"": 6, ""candidate__print"": 12, ""candidate__radio"": 5, ""candidate__tiktok"": 12, ""candidate__twitter"": 15, ""candidate__youtube"": 16}",COMPLETE
1663,2088.566948184743,2026-09-21 11:43:48.583003,2026-09-21 11:43:49.000529,0 days 00:00:00.417526,10,14,15,1,14,1,15,2,7,11,4,12,15,14,"{""candidate__cinema"": 10, ""candidate__digitaldisplayandsearch"": 14, ""candidate__digitalvideo"": 15, ""candidate__facebook"": 1, ""candidate__instagram"": 14, ""candidate__localtv"": 1, ""candidate__ooh"": 15, ""candidate__opentv"": 2, ""candidate__paytv"": 7, ""candidate__print"": 11, ""candidate__radio"": 4, ""candidate__tiktok"": 12, ""candidate__twitter"": 15, ""candidate__youtube"": 14}",PRUNED
1664,1969.0159550799885,2026-09-21 11:43:49.022943,2026-09-21 11:43:49.573073,0 days 00:00:00.550130,4,17,14,1,13,0,16,8,15,12,10,13,13,16,"{""candidate__cinema"": 4, ""candidate__digitaldisplayandsearch"": 17, ""candidate__digitalvideo"": 14, ""candidate__facebook"": 1, ""candidate__instagram"": 13, ""candidate__localtv"": 0, ""candidate__ooh"": 16, ""candidate__opentv"": 8, ""candidate__paytv"": 15, ""candidate__print"": 12, ""candidate__radio"": 10, ""candidate__tiktok"": 13, ""candidate__twitter"": 13, ""candidate__youtube"": 16}",PRUNED
1665,2078.1256487705796,2026-09-21 11:43:49.593359,2026-09-21 11:43:49.982931,0 days 00:00:00.389572,8,13,15,2,13,0,15,3,7,9,4,13,15,14,"{""candidate__cinema"": 8, ""candidate__digitaldisplayandsearch"": 13, ""candidate__digitalvideo"": 15, ""candidate__facebook"": 2, ""candidate__instagram"": 13, ""candidate__localtv"": 0, ""candidate__ooh"": 15, ""candidate__opentv"": 3, ""candidate__paytv"": 7, ""candidate__print"": 9, ""candidate__radio"": 4, ""candidate__tiktok"": 13, ""candidate__twitter"": 15, ""candidate__youtube"": 14}",PRUNED
1666,2101.476218976172,2026-09-21 11:43:50.008815,2026-09-21 11:43:50.414758,0 days 00:00:00.405943,5,13,16,1,12,1,15,5,7,15,4,13,17,15,"{""candidate__cinema"": 5, ""candidate__digitaldisplayandsearch"": 13, ""candidate__digitalvideo"": 16, ""candidate__facebook"": 1, ""candidate__instagram"": 12, ""candidate__localtv"": 1, ""candidate__ooh"": 15, ""candidate__opentv"": 5, ""candidate__paytv"": 7, ""candidate__print"": 15, ""candidate__radio"": 4, ""candidate__tiktok"": 13, ""candidate__twitter"": 17, ""candidate__youtube"": 15}",PRUNED
1667,1970.1323021419578,2026-09-21 11:43:50.436053,2026-09-21 11:43:51.189005,0 days 00:00:00.752952,9,15,14,0,13,0,16,1,6,12,5,14,15,16,"{""candidate__cinema"": 9, ""candidate__digitaldisplayandsearch"": 15, ""candidate__digitalvideo"": 14, ""candidate__facebook"": 0, ""candidate__instagram"": 13, ""candidate__localtv"": 0, ""candidate__ooh"": 16, ""candidate__opentv"": 1, ""candidate__paytv"": 6, ""candidate__print"": 12, ""candidate__radio"": 5, ""candidate__tiktok"": 14, ""candidate__twitter"": 15, ""candidate__youtube"": 16}",PRUNED
1668,1969.2773805686204,2026-09-21 11:43:51.210369,2026-09-21 11:43:51.689535,0 days 00:00:00.479166,8,14,14,1,13,0,16,4,6,13,5,12,15,16,"{""candidate__cinema"": 8, ""candidate__digitaldisplayandsearch"": 14, ""candidate__digitalvideo"": 14, ""candidate__facebook"": 1, ""candidate__instagram"": 13, ""candidate__localtv"": 0, ""candidate__ooh"": 16, ""candidate__opentv"": 4, ""candidate__paytv"": 6, ""candidate__print"": 13, ""candidate__radio"": 5, ""candidate__tiktok"": 12, ""candidate__twitter"": 15, ""candidate__youtube"": 16}",PRUNED
1669,2079.128413075227,2026-09-21 11:43:51.707801,2026-09-21 11:43:52.071781,0 days 00:00:00.363980,9,16,15,1,12,1,16,1,6,13,5,13,14,15,"{""candidate__cinema"": 9, ""candidate__digitaldisplayandsearch"": 16, ""candidate__digitalvideo"": 15, ""candidate__facebook"": 1, ""candidate__instagram"": 12, ""candidate__localtv"": 1, ""candidate__ooh"": 16, ""candidate__opentv"": 1, ""candidate__paytv"": 6, ""candidate__print"": 13, ""candidate__radio"": 5, ""candidate__tiktok"": 13, ""candidate__twitter"": 14, ""candidate__youtube"": 15}",PRUNED
1670,2057.740304874654,2026-09-21 11:43:52.092089,2026-09-21 11:43:52.500533,0 days 00:00:00.408444,7,13,15,2,14,0,17,3,8,10,7,12,17,15,"{""candidate__cinema"": 7, ""candidate__digitaldisplayandsearch"": 13, ""candidate__digitalvideo"": 15, ""candidate__facebook"": 2, ""candidate__instagram"": 14, ""candidate__localtv"": 0, ""candidate__ooh"": 17, ""candidate__opentv"": 3, ""candidate__paytv"": 8, ""candidate__print"": 10, ""candidate__radio"": 7, ""candidate__tiktok"": 12, ""candidate__twitter"": 17, ""candidate__youtube"": 15}",PRUNED
1671,2074.7689602164287,2026-09-21 11:43:52.524265,2026-09-21 11:43:52.914511,0 days 00:00:00.390246,9,17,16,1,13,1,16,0,6,13,4,13,15,14,"{""candidate__cinema"": 9, ""candidate__digitaldisplayandsearch"": 17, ""candidate__digitalvideo"": 16, ""candidate__facebook"": 1, ""candidate__instagram"": 13, ""candidate__localtv"": 1, ""candidate__ooh"": 16, ""candidate__opentv"": 0, ""candidate__paytv"": 6, ""candidate__print"": 13, ""candidate__radio"": 4, ""candidate__tiktok"": 13, ""candidate__twitter"": 15, ""candidate__youtube"": 14}",PRUNED
1672,2082.4176834078203,2026-09-21 11:43:52.932076,2026-09-21 11:43:53.366627,0 days 00:00:00.434551,11,17,16,2,13,0,15,1,6,13,5,13,14,15,"{""candidate__cinema"": 11, ""candidate__digitaldisplayandsearch"": 17, ""candidate__digitalvideo"": 16, ""candidate__facebook"": 2, ""candidate__instagram"": 13, ""candidate__localtv"": 0, ""candidate__ooh"": 15, ""candidate__opentv"": 1, ""candidate__paytv"": 6, ""candidate__print"": 13, ""candidate__radio"": 5, ""candidate__tiktok"": 13, ""candidate__twitter"": 14, ""candidate__youtube"": 15}",PRUNED
1673,2058.1508957122633,2026-09-21 11:43:53.391030,2026-09-21 11:43:53.787452,0 days 00:00:00.396422,9,13,14,0,14,0,16,2,5,12,4,12,16,15,"{""candidate__cinema"": 9, ""candidate__digitaldisplayandsearch"": 13, ""candidate__digitalvideo"": 14, ""candidate__facebook"": 0, ""candidate__instagram"": 14, ""candidate__localtv"": 0, ""candidate__ooh"": 16, ""candidate__opentv"": 2, ""candidate__paytv"": 5, ""candidate__print"": 12, ""candidate__radio"": 4, ""candidate__tiktok"": 12, ""candidate__twitter"": 16, ""candidate__youtube"": 15}",PRUNED
1674,2073.36011552597,2026-09-21 11:43:53.805225,2026-09-21 11:43:54.213016,0 days 00:00:00.407791,9,15,15,1,14,0,15,2,6,11,7,12,13,15,"{""candidate__cinema"": 9, ""candidate__digitaldisplayandsearch"": 15, ""candidate__digitalvideo"": 15, ""candidate__facebook"": 1, ""candidate__instagram"": 14, ""candidate__localtv"": 0, ""candidate__ooh"": 15, ""candidate__opentv"": 2, ""candidate__paytv"": 6, ""candidate__print"": 11, ""candidate__radio"": 7, ""candidate__tiktok"": 12, ""candidate__twitter"": 13, ""candidate__youtube"": 15}",PRUNED
1675,2064.2625082103846,2026-09-21 11:43:54.232385,2026-09-21 11:43:54.642257,0 days 00:00:00.409872,10,16,15,1,12,0,17,0,5,13,4,13,15,15,"{""candidate__cinema"": 10, ""candidate__digitaldisplayandsearch"": 16, ""candidate__digitalvideo"": 15, ""candidate__facebook"": 1, ""candidate__instagram"": 12, ""candidate__localtv"": 0, ""candidate__ooh"": 17, ""candidate__opentv"": 0, ""candidate__paytv"": 5, ""candidate__print"": 13, ""candidate__radio"": 4, ""candidate__tiktok"": 13, ""candidate__twitter"": 15, ""candidate__youtube"": 15}",PRUNED
1676,2057.717774573204,2026-09-21 11:43:54.661967,2026-09-21 11:43:55.083357,0 days 00:00:00.421390,6,14,16,0,13,0,16,5,6,14,3,13,14,15,"{""candidate__cinema"": 6, ""candidate__digitaldisplayandsearch"": 14, ""candidate__digitalvideo"": 16, ""candidate__facebook"": 0, ""candidate__instagram"": 13, ""candidate__localtv"": 0, ""candidate__ooh"": 16, ""candidate__opentv"": 5, ""candidate__paytv"": 6, ""candidate__print"": 14, ""candidate__radio"": 3, ""candidate__tiktok"": 13, ""candidate__twitter"": 14, ""candidate__youtube"": 15}",PRUNED
1677,2069.5510222674397,2026-09-21 11:43:55.103879,2026-09-21 11:43:55.486364,0 days 00:00:00.382485,6,14,17,1,15,0,16,1,6,12,4,12,16,14,"{""candidate__cinema"": 6, ""candidate__digitaldisplayandsearch"": 14, ""candidate__digitalvideo"": 17, ""candidate__facebook"": 1, ""candidate__instagram"": 15, ""candidate__localtv"": 0, ""candidate__ooh"": 16, ""candidate__opentv"": 1, ""candidate__paytv"": 6, ""candidate__print"": 12, ""candidate__radio"": 4, ""candidate__tiktok"": 12, ""candidate__twitter"": 16, ""candidate__youtube"": 14}",PRUNED
1678,1706.8733733058643,2026-09-21 11:43:55.507879,2026-09-21 11:43:56.439577,0 days 00:00:00.931698,7,14,16,1,14,0,16,4,8,11,8,12,17,16,"{""candidate__cinema"": 7, ""candidate__digitaldisplayandsearch"": 14, ""candidate__digitalvideo"": 16, ""candidate__facebook"": 1, ""candidate__instagram"": 14, ""candidate__localtv"": 0, ""candidate__ooh"": 16, ""candidate__opentv"": 4, ""candidate__paytv"": 8, ""candidate__print"": 11, ""candidate__radio"": 8, ""candidate__tiktok"": 12, ""candidate__twitter"": 17, ""candidate__youtube"": 16}",COMPLETE
1679,2088.432800297372,2026-09-21 11:43:56.462631,2026-09-21 11:43:56.871737,0 days 00:00:00.409106,8,14,15,1,14,1,15,3,6,12,6,13,16,15,"{""candidate__cinema"": 8, ""candidate__digitaldisplayandsearch"": 14, ""candidate__digitalvideo"": 15, ""candidate__facebook"": 1, ""candidate__instagram"": 14, ""candidate__localtv"": 1, ""candidate__ooh"": 15, ""candidate__opentv"": 3, ""candidate__paytv"": 6, ""candidate__print"": 12, ""candidate__radio"": 6, ""candidate__tiktok"": 13, ""candidate__twitter"": 16, ""candidate__youtube"": 15}",PRUNED
1680,1973.7384155275008,2026-09-21 11:43:56.892370,2026-09-21 11:43:57.439818,0 days 00:00:00.547448,6,13,15,1,13,0,17,4,6,15,4,13,17,17,"{""candidate__cinema"": 6, ""candidate__digitaldisplayandsearch"": 13, ""candidate__digitalvideo"": 15, ""candidate__facebook"": 1, ""candidate__instagram"": 13, ""candidate__localtv"": 0, ""candidate__ooh"": 17, ""candidate__opentv"": 4, ""candidate__paytv"": 6, ""candidate__print"": 15, ""candidate__radio"": 4, ""candidate__tiktok"": 13, ""candidate__twitter"": 17, ""candidate__youtube"": 17}",PRUNED
1681,2069.100538217073,2026-09-21 11:43:57.461417,2026-09-21 11:43:57.908896,0 days 00:00:00.447479,9,14,14,2,12,0,16,0,6,12,4,13,15,15,"{""candidate__cinema"": 9, ""candidate__digitaldisplayandsearch"": 14, ""candidate__digitalvideo"": 14, ""candidate__facebook"": 2, ""candidate__instagram"": 12, ""candidate__localtv"": 0, ""candidate__ooh"": 16, ""candidate__opentv"": 0, ""candidate__paytv"": 6, ""candidate__print"": 12, ""candidate__radio"": 4, ""candidate__tiktok"": 13, ""candidate__twitter"": 15, ""candidate__youtube"": 15}",PRUNED
1682,1970.261509865696,2026-09-21 11:43:57.930709,2026-09-21 11:43:58.449088,0 days 00:00:00.518379,8,13,15,0,14,0,16,4,7,11,5,11,15,14,"{""candidate__cinema"": 8, ""candidate__digitaldisplayandsearch"": 13, ""candidate__digitalvideo"": 15, ""candidate__facebook"": 0, ""candidate__instagram"": 14, ""candidate__localtv"": 0, ""candidate__ooh"": 16, ""candidate__opentv"": 4, ""candidate__paytv"": 7, ""candidate__print"": 11, ""candidate__radio"": 5, ""candidate__tiktok"": 11, ""candidate__twitter"": 15, ""candidate__youtube"": 14}",PRUNED
1683,2072.711102304036,2026-09-21 11:43:58.465709,2026-09-21 11:43:58.838263,0 days 00:00:00.372554,8,13,15,1,13,1,16,5,6,8,3,12,15,15,"{""candidate__cinema"": 8, ""candidate__digitaldisplayandsearch"": 13, ""candidate__digitalvideo"": 15, ""candidate__facebook"": 1, ""candidate__instagram"": 13, ""candidate__localtv"": 1, ""candidate__ooh"": 16, ""candidate__opentv"": 5, ""candidate__paytv"": 6, ""candidate__print"": 8, ""candidate__radio"": 3, ""candidate__tiktok"": 12, ""candidate__twitter"": 15, ""candidate__youtube"": 15}",PRUNED
