number,value,datetime_start,datetime_complete,duration,params_candidate__cinema,params_candidate__digitaldisplayandsearch,params_candidate__digitalvideo,params_candidate__facebook,params_candidate__instagram,params_candidate__localtv,params_candidate__ooh,params_candidate__opentv,params_candidate__paytv,params_candidate__print,params_candidate__radio,params_candidate__tiktok,params_candidate__twitter,params_candidate__youtube,system_attrs_tpe:relative_params:0,state
787,2082.6707269396643,2026-09-21 11:35:38.840549,2026-09-21 11:35:39.305771,0 days 00:00:00.465222,4,13,15,2,12,1,16,8,9,14,6,11,14,15,"{""candidate__cinema"": 4, ""candidate__digitaldisplayandsearch"": 13, ""candidate__digitalvideo"": 15, ""candidate__facebook"": 2, ""candidate__instagram"": 12, ""candidate__localtv"": 1, ""candidate__ooh"": 16, ""candidate__opentv"": 8, ""candidate__paytv"": 9, ""candidate__print"": 14, ""candidate__radio"": 6, ""candidate__tiktok"": 11, ""candidate__twitter"": 14, ""candidate__youtube"": 15}",PRUNED
788,1975.035056703594,2026-09-21 11:35:39.331825,2026-09-21 11:35:39.923158,0 days 00:00:00.591333,2,14,15,0,13,0,17,11,9,14,7,12,16,17,"{""candidate__cinema"": 2, ""candidate__digitaldisplayandsearch"": 14, ""candidate__digitalvideo"": 15, ""candidate__facebook"": 0, ""candidate__instagram"": 13, ""candidate__localtv"": 0, ""candidate__ooh"": 17, ""candidate__opentv"": 11, ""candidate__paytv"": 9, ""candidate__print"": 14, ""candidate__radio"": 7, ""candidate__tiktok"": 12, ""candidate__twitter"": 16, ""candidate__youtube"": 17}",PRUNED
789,1708.5609743669575,2026-09-21 11:35:39.948576,2026-09-21 11:35:40.701703,0 days 00:00:00.753127,4,13,15,1,14,0,16,9,9,12,4,11,14,15,"{""candidate__cinema"": 4, ""candidate__digitaldisplayandsearch"": 13, ""candidate__digitalvideo"": 15, ""candidate__facebook"": 1, ""candidate__instagram"": 14, ""candidate__localtv"": 0, ""candidate__ooh"": 16, ""candidate__opentv"": 9, ""candidate__paytv"": 9, ""candidate__print"": 12, ""candidate__radio"": 4, ""candidate__tiktok"": 11, ""candidate__twitter"": 14, ""candidate__youtube"": 15}",COMPLETE
790,2077.200914249757,2026-09-21 11:35:40.724168,2026-09-21 11:35:41.139498,0 days 00:00:00.415330,1,16,15,1,7,0,15,8,6,13,5,13,14,16,"{""candidate__cinema"": 1, ""candidate__digitaldisplayandsearch"": 16, ""candidate__digitalvideo"": 15, ""candidate__facebook"": 1, ""candidate__instagram"": 7, ""candidate__localtv"": 0, ""candidate__ooh"": 15, ""candidate__opentv"": 8, ""candidate__paytv"": 6, ""candidate__print"": 13, ""candidate__radio"": 5, ""candidate__tiktok"": 13, ""candidate__twitter"": 14, ""candidate__youtube"": 16}",PRUNED
791,2064.8884964652757,2026-09-21 11:35:41.158673,2026-09-21 11:35:41.572623,0 days 00:00:00.413950,2,17,15,1,7,0,17,7,7,13,5,13,12,14,"{""candidate__cinema"": 2, ""candidate__digitaldisplayandsearch"": 17, ""candidate__digitalvideo"": 15, ""candidate__facebook"": 1, ""candidate__instagram"": 7, ""candidate__localtv"": 0, ""candidate__ooh"": 17, ""candidate__opentv"": 7, ""candidate__paytv"": 7, ""candidate__print"": 13, ""candidate__radio"": 5, ""candidate__tiktok"": 13, ""candidate__twitter"": 12, ""candidate__youtube"": 14}",PRUNED
792,2061.741730727916,2026-09-21 11:35:41.592220,2026-09-21 11:35:42.069475,0 days 00:00:00.477255,1,15,16,0,8,0,16,8,6,11,5,12,13,14,"{""candidate__cinema"": 1, ""candidate__digitaldisplayandsearch"": 15, ""candidate__digitalvideo"": 16, ""candidate__facebook"": 0, ""candidate__instagram"": 8, ""candidate__localtv"": 0, ""candidate__ooh"": 16, ""candidate__opentv"": 8, ""candidate__paytv"": 6, ""candidate__print"": 11, ""candidate__radio"": 5, ""candidate__tiktok"": 12, ""candidate__twitter"": 13, ""candidate__youtube"": 14}",PRUNED
793,1706.671622558157,2026-09-21 11:35:42.095193,2026-09-21 11:35:42.930180,0 days 00:00:00.834987,1,16,15,1,10,0,16,12,8,12,5,10,14,15,"{""candidate__cinema"": 1, ""candidate__digitaldisplayandsearch"": 16, ""candidate__digitalvideo"": 15, ""candidate__facebook"": 1, ""candidate__instagram"": 10, ""candidate__localtv"": 0, ""candidate__ooh"": 16, ""candidate__opentv"": 12, ""candidate__paytv"": 8, ""candidate__print"": 12, ""candidate__radio"": 5, ""candidate__tiktok"": 10, ""candidate__twitter"": 14, ""candidate__youtube"": 15}",COMPLETE
794,2085.2100945276857,2026-09-21 11:35:42.953906,2026-09-21 11:35:43.392650,0 days 00:00:00.438744,0,15,16,1,8,0,15,8,6,13,4,14,11,15,"{""candidate__cinema"": 0, ""candidate__digitaldisplayandsearch"": 15, ""candidate__digitalvideo"": 16, ""candidate__facebook"": 1, ""candidate__instagram"": 8, ""candidate__localtv"": 0, ""candidate__ooh"": 15, ""candidate__opentv"": 8, ""candidate__paytv"": 6, ""candidate__print"": 13, ""candidate__radio"": 4, ""candidate__tiktok"": 14, ""candidate__twitter"": 11, ""candidate__youtube"": 15}",PRUNED
795,2062.0914661923393,2026-09-21 11:35:43.415256,2026-09-21 11:35:43.817875,0 days 00:00:00.402619,6,14,17,1,13,0,16,8,9,12,6,12,14,15,"{""candidate__cinema"": 6, ""candidate__digitaldisplayandsearch"": 14, ""candidate__digitalvideo"": 17, ""candidate__facebook"": 1, ""candidate__instagram"": 13, ""candidate__localtv"": 0, ""candidate__ooh"": 16, ""candidate__opentv"": 8, ""candidate__paytv"": 9, ""candidate__print"": 12, ""candidate__radio"": 6, ""candidate__tiktok"": 12, ""candidate__twitter"": 14, ""candidate__youtube"": 15}",PRUNED
796,2065.8103819526045,2026-09-21 11:35:43.839505,2026-09-21 11:35:44.248899,0 days 00:00:00.409394,0,15,15,1,7,0,17,12,7,11,6,13,14,15,"{""candidate__cinema"": 0, ""candidate__digitaldisplayandsearch"": 15, ""candidate__digitalvideo"": 15, ""candidate__facebook"": 1, ""candidate__instagram"": 7, ""candidate__localtv"": 0, ""candidate__ooh"": 17, ""candidate__opentv"": 12, ""candidate__paytv"": 7, ""candidate__print"": 11, ""candidate__radio"": 6, ""candidate__tiktok"": 13, ""candidate__twitter"": 14, ""candidate__youtube"": 15}",PRUNED
797,2085.371685880036,2026-09-21 11:35:44.267715,2026-09-21 11:35:44.699370,0 days 00:00:00.431655,1,13,17,1,10,0,15,11,17,14,5,11,13,14,"{""candidate__cinema"": 1, ""candidate__digitaldisplayandsearch"": 13, ""candidate__digitalvideo"": 17, ""candidate__facebook"": 1, ""candidate__instagram"": 10, ""candidate__localtv"": 0, ""candidate__ooh"": 15, ""candidate__opentv"": 11, ""candidate__paytv"": 17, ""candidate__print"": 14, ""candidate__radio"": 5, ""candidate__tiktok"": 11, ""candidate__twitter"": 13, ""candidate__youtube"": 14}",PRUNED
798,2068.913965989115,2026-09-21 11:35:44.720234,2026-09-21 11:35:45.205383,0 days 00:00:00.485149,5,14,15,1,15,0,16,8,9,12,7,13,13,15,"{""candidate__cinema"": 5, ""candidate__digitaldisplayandsearch"": 14, ""candidate__digitalvideo"": 15, ""candidate__facebook"": 1, ""candidate__instagram"": 15, ""candidate__localtv"": 0, ""candidate__ooh"": 16, ""candidate__opentv"": 8, ""candidate__paytv"": 9, ""candidate__print"": 12, ""candidate__radio"": 7, ""candidate__tiktok"": 13, ""candidate__twitter"": 13, ""candidate__youtube"": 15}",PRUNED
799,2064.3745617565687,2026-09-21 11:35:45.225294,2026-09-21 11:35:45.654635,0 days 00:00:00.429341,5,12,14,1,13,0,17,9,9,13,6,12,13,15,"{""candidate__cinema"": 5, ""candidate__digitaldisplayandsearch"": 12, ""candidate__digitalvideo"": 14, ""candidate__facebook"": 1, ""candidate__instagram"": 13, ""candidate__localtv"": 0, ""candidate__ooh"": 17, ""candidate__opentv"": 9, ""candidate__paytv"": 9, ""candidate__print"": 13, ""candidate__radio"": 6, ""candidate__tiktok"": 12, ""candidate__twitter"": 13, ""candidate__youtube"": 15}",PRUNED
800,1708.3891665674398,2026-09-21 11:35:45.672011,2026-09-21 11:35:46.386188,0 days 00:00:00.714177,4,15,15,1,13,0,17,8,9,12,3,12,13,15,"{""candidate__cinema"": 4, ""candidate__digitaldisplayandsearch"": 15, ""candidate__digitalvideo"": 15, ""candidate__facebook"": 1, ""candidate__instagram"": 13, ""candidate__localtv"": 0, ""candidate__ooh"": 17, ""candidate__opentv"": 8, ""candidate__paytv"": 9, ""candidate__print"": 12, ""candidate__radio"": 3, ""candidate__tiktok"": 12, ""candidate__twitter"": 13, ""candidate__youtube"": 15}",COMPLETE
801,1973.1538205189293,2026-09-21 11:35:46.412332,2026-09-21 11:35:46.996275,0 days 00:00:00.583943,5,16,15,1,10,0,16,12,5,11,5,12,13,14,"{""candidate__cinema"": 5, ""candidate__digitaldisplayandsearch"": 16, ""candidate__digitalvideo"": 15, ""candidate__facebook"": 1, ""candidate__instagram"": 10, ""candidate__localtv"": 0, ""candidate__ooh"": 16, ""candidate__opentv"": 12, ""candidate__paytv"": 5, ""candidate__print"": 11, ""candidate__radio"": 5, ""candidate__tiktok"": 12, ""candidate__twitter"": 13, ""candidate__youtube"": 14}",PRUNED
802,2070.6303484454425,2026-09-21 11:35:47.019084,2026-09-21 11:35:47.688718,0 days 00:00:00.669634,2,15,15,1,6,0,16,11,10,15,5,12,16,15,"{""candidate__cinema"": 2, ""candidate__digitaldisplayandsearch"": 15, ""candidate__digitalvideo"": 15, ""candidate__facebook"": 1, ""candidate__instagram"": 6, ""candidate__localtv"": 0, ""candidate__ooh"": 16, ""candidate__opentv"": 11, ""candidate__paytv"": 10, ""candidate__print"": 15, ""candidate__radio"": 5, ""candidate__tiktok"": 12, ""candidate__twitter"": 16, ""candidate__youtube"": 15}",PRUNED
803,1971.832439861712,2026-09-21 11:35:47.708419,2026-09-21 11:35:48.301390,0 days 00:00:00.592971,4,16,15,0,8,0,17,8,6,10,5,12,14,16,"{""candidate__cinema"": 4, ""candidate__digitaldisplayandsearch"": 16, ""candidate__digitalvideo"": 15, ""candidate__facebook"": 0, ""candidate__instagram"": 8, ""candidate__localtv"": 0, ""candidate__ooh"": 17, ""candidate__opentv"": 8, ""candidate__paytv"": 6, ""candidate__print"": 10, ""candidate__radio"": 5, ""candidate__tiktok"": 12, ""candidate__twitter"": 14, ""candidate__youtube"": 16}",PRUNED
804,2060.871375453558,2026-09-21 11:35:48.322192,2026-09-21 11:35:48.767355,0 days 00:00:00.445163,5,13,15,1,11,0,16,9,10,13,7,11,14,15,"{""candidate__cinema"": 5, ""candidate__digitaldisplayandsearch"": 13, ""candidate__digitalvideo"": 15, ""candidate__facebook"": 1, ""candidate__instagram"": 11, ""candidate__localtv"": 0, ""candidate__ooh"": 16, ""candidate__opentv"": 9, ""candidate__paytv"": 10, ""candidate__print"": 13, ""candidate__radio"": 7, ""candidate__tiktok"": 11, ""candidate__twitter"": 14, ""candidate__youtube"": 15}",PRUNED
805,2063.6869000746988,2026-09-21 11:35:48.791365,2026-09-21 11:35:49.198053,0 days 00:00:00.406688,2,16,14,0,8,0,16,7,6,14,3,13,12,15,"{""candidate__cinema"": 2, ""candidate__digitaldisplayandsearch"": 16, ""candidate__digitalvideo"": 14, ""candidate__facebook"": 0, ""candidate__instagram"": 8, ""candidate__localtv"": 0, ""candidate__ooh"": 16, ""candidate__opentv"": 7, ""candidate__paytv"": 6, ""candidate__print"": 14, ""candidate__radio"": 3, ""candidate__tiktok"": 13, ""candidate__twitter"": 12, ""candidate__youtube"": 15}",PRUNED
806,2081.6543551193126,2026-09-21 11:35:49.223098,2026-09-21 11:35:49.682881,0 days 00:00:00.459783,5,13,16,1,13,0,15,9,11,13,6,12,13,15,"{""candidate__cinema"": 5, ""candidate__digitaldisplayandsearch"": 13, ""candidate__digitalvideo"": 16, ""candidate__facebook"": 1, ""candidate__instagram"": 13, ""candidate__localtv"": 0, ""candidate__ooh"": 15, ""candidate__opentv"": 9, ""candidate__paytv"": 11, ""candidate__print"": 13, ""candidate__radio"": 6, ""candidate__tiktok"": 12, ""candidate__twitter"": 13, ""candidate__youtube"": 15}",PRUNED
807,2086.4612538931005,2026-09-21 11:35:49.706542,2026-09-21 11:35:50.165580,0 days 00:00:00.459038,3,15,14,2,13,0,15,8,8,12,4,12,13,15,"{""candidate__cinema"": 3, ""candidate__digitaldisplayandsearch"": 15, ""candidate__digitalvideo"": 14, ""candidate__facebook"": 2, ""candidate__instagram"": 13, ""candidate__localtv"": 0, ""candidate__ooh"": 15, ""candidate__opentv"": 8, ""candidate__paytv"": 8, ""candidate__print"": 12, ""candidate__radio"": 4, ""candidate__tiktok"": 12, ""candidate__twitter"": 13, ""candidate__youtube"": 15}",PRUNED
808,2079.1671857248616,2026-09-21 11:35:50.192714,2026-09-21 11:35:50.639463,0 days 00:00:00.446749,2,17,14,1,10,1,16,11,7,14,5,13,14,15,"{""candidate__cinema"": 2, ""candidate__digitaldisplayandsearch"": 17, ""candidate__digitalvideo"": 14, ""candidate__facebook"": 1, ""candidate__instagram"": 10, ""candidate__localtv"": 1, ""candidate__ooh"": 16, ""candidate__opentv"": 11, ""candidate__paytv"": 7, ""candidate__print"": 14, ""candidate__radio"": 5, ""candidate__tiktok"": 13, ""candidate__twitter"": 14, ""candidate__youtube"": 15}",PRUNED
809,1710.0686337478467,2026-09-21 11:35:50.662936,2026-09-21 11:35:51.466117,0 days 00:00:00.803181,4,14,15,1,12,0,16,8,8,11,5,11,13,15,"{""candidate__cinema"": 4, ""candidate__digitaldisplayandsearch"": 14, ""candidate__digitalvideo"": 15, ""candidate__facebook"": 1, ""candidate__instagram"": 12, ""candidate__localtv"": 0, ""candidate__ooh"": 16, ""candidate__opentv"": 8, ""candidate__paytv"": 8, ""candidate__print"": 11, ""candidate__radio"": 5, ""candidate__tiktok"": 11, ""candidate__twitter"": 13, ""candidate__youtube"": 15}",PRUNED
810,2060.556648922943,2026-09-21 11:35:51.485011,2026-09-21 11:35:51.914458,0 days 00:00:00.429447,0,17,15,1,8,0,16,1,7,12,5,12,14,14,"{""candidate__cinema"": 0, ""candidate__digitaldisplayandsearch"": 17, ""candidate__digitalvideo"": 15, ""candidate__facebook"": 1, ""candidate__instagram"": 8, ""candidate__localtv"": 0, ""candidate__ooh"": 16, ""candidate__opentv"": 1, ""candidate__paytv"": 7, ""candidate__print"": 12, ""candidate__radio"": 5, ""candidate__tiktok"": 12, ""candidate__twitter"": 14, ""candidate__youtube"": 14}",PRUNED
811,1706.547653764317,2026-09-21 11:35:51.941085,2026-09-21 11:35:52.815143,0 days 00:00:00.874058,1,15,16,1,13,0,16,11,10,14,6,13,17,16,"{""candidate__cinema"": 1, ""candidate__digitaldisplayandsearch"": 15, ""candidate__digitalvideo"": 16, ""candidate__facebook"": 1, ""candidate__instagram"": 13, ""candidate__localtv"": 0, ""candidate__ooh"": 16, ""candidate__opentv"": 11, ""candidate__paytv"": 10, ""candidate__print"": 14, ""candidate__radio"": 6, ""candidate__tiktok"": 13, ""candidate__twitter"": 17, ""candidate__youtube"": 16}",COMPLETE
812,1710.7562602522037,2026-09-21 11:35:52.838761,2026-09-21 11:35:53.556301,0 days 00:00:00.717540,5,13,16,0,14,0,17,8,10,12,7,12,14,16,"{""candidate__cinema"": 5, ""candidate__digitaldisplayandsearch"": 13, ""candidate__digitalvideo"": 16, ""candidate__facebook"": 0, ""candidate__instagram"": 14, ""candidate__localtv"": 0, ""candidate__ooh"": 17, ""candidate__opentv"": 8, ""candidate__paytv"": 10, ""candidate__print"": 12, ""candidate__radio"": 7, ""candidate__tiktok"": 12, ""candidate__twitter"": 14, ""candidate__youtube"": 16}",PRUNED
813,2061.308961950389,2026-09-21 11:35:53.578853,2026-09-21 11:35:54.017392,0 days 00:00:00.438539,1,14,15,1,8,0,16,6,7,11,5,12,13,14,"{""candidate__cinema"": 1, ""candidate__digitaldisplayandsearch"": 14, ""candidate__digitalvideo"": 15, ""candidate__facebook"": 1, ""candidate__instagram"": 8, ""candidate__localtv"": 0, ""candidate__ooh"": 16, ""candidate__opentv"": 6, ""candidate__paytv"": 7, ""candidate__print"": 11, ""candidate__radio"": 5, ""candidate__tiktok"": 12, ""candidate__twitter"": 13, ""candidate__youtube"": 14}",PRUNED
814,1972.5665991043998,2026-09-21 11:35:54.044277,2026-09-21 11:35:54.650600,0 days 00:00:00.606323,4,12,15,1,11,0,17,8,9,14,5,11,15,16,"{""candidate__cinema"": 4, ""candidate__digitaldisplayandsearch"": 12, ""candidate__digitalvideo"": 15, ""candidate__facebook"": 1, ""candidate__instagram"": 11, ""candidate__localtv"": 0, ""candidate__ooh"": 17, ""candidate__opentv"": 8, ""candidate__paytv"": 9, ""candidate__print"": 14, ""candidate__radio"": 5, ""candidate__tiktok"": 11, ""candidate__twitter"": 15, ""candidate__youtube"": 16}",PRUNED
815,2070.205284103893,2026-09-21 11:35:54.674121,2026-09-21 11:35:55.118166,0 days 00:00:00.444045,5,15,17,2,12,0,16,8,12,13,5,13,13,15,"{""candidate__cinema"": 5, ""candidate__digitaldisplayandsearch"": 15, ""candidate__digitalvideo"": 17, ""candidate__facebook"": 2, ""candidate__instagram"": 12, ""candidate__localtv"": 0, ""candidate__ooh"": 16, ""candidate__opentv"": 8, ""candidate__paytv"": 12, ""candidate__print"": 13, ""candidate__radio"": 5, ""candidate__tiktok"": 13, ""candidate__twitter"": 13, ""candidate__youtube"": 15}",PRUNED
816,2104.538903629623,2026-09-21 11:35:55.138453,2026-09-21 11:35:55.564331,0 days 00:00:00.425878,5,14,16,1,15,1,15,8,11,13,6,11,13,14,"{""candidate__cinema"": 5, ""candidate__digitaldisplayandsearch"": 14, ""candidate__digitalvideo"": 16, ""candidate__facebook"": 1, ""candidate__instagram"": 15, ""candidate__localtv"": 1, ""candidate__ooh"": 15, ""candidate__opentv"": 8, ""candidate__paytv"": 11, ""candidate__print"": 13, ""candidate__radio"": 6, ""candidate__tiktok"": 11, ""candidate__twitter"": 13, ""candidate__youtube"": 14}",PRUNED
817,2077.8587987540823,2026-09-21 11:35:55.587231,2026-09-21 11:35:56.008845,0 days 00:00:00.421614,1,16,14,1,9,0,16,7,6,12,3,13,13,15,"{""candidate__cinema"": 1, ""candidate__digitaldisplayandsearch"": 16, ""candidate__digitalvideo"": 14, ""candidate__facebook"": 1, ""candidate__instagram"": 9, ""candidate__localtv"": 0, ""candidate__ooh"": 16, ""candidate__opentv"": 7, ""candidate__paytv"": 6, ""candidate__print"": 12, ""candidate__radio"": 3, ""candidate__tiktok"": 13, ""candidate__twitter"": 13, ""candidate__youtube"": 15}",PRUNED
818,2064.2253222877525,2026-09-21 11:35:56.030786,2026-09-21 11:35:56.481494,0 days 00:00:00.450708,6,15,14,1,11,0,16,11,5,10,5,12,12,15,"{""candidate__cinema"": 6, ""candidate__digitaldisplayandsearch"": 15, ""candidate__digitalvideo"": 14, ""candidate__facebook"": 1, ""candidate__instagram"": 11, ""candidate__localtv"": 0, ""candidate__ooh"": 16, ""candidate__opentv"": 11, ""candidate__paytv"": 5, ""candidate__print"": 10, ""candidate__radio"": 5, ""candidate__tiktok"": 12, ""candidate__twitter"": 12, ""candidate__youtube"": 15}",PRUNED
819,1706.7035867455033,2026-09-21 11:35:56.504367,2026-09-21 11:35:57.350542,0 days 00:00:00.846175,2,17,15,0,10,0,16,7,8,14,5,13,14,15,"{""candidate__cinema"": 2, ""candidate__digitaldisplayandsearch"": 17, ""candidate__digitalvideo"": 15, ""candidate__facebook"": 0, ""candidate__instagram"": 10, ""candidate__localtv"": 0, ""candidate__ooh"": 16, ""candidate__opentv"": 7, ""candidate__paytv"": 8, ""candidate__print"": 14, ""candidate__radio"": 5, ""candidate__tiktok"": 13, ""candidate__twitter"": 14, ""candidate__youtube"": 15}",COMPLETE
820,2062.5416821492618,2026-09-21 11:35:57.380298,2026-09-21 11:35:58.039003,0 days 00:00:00.658705,5,15,16,1,11,0,16,8,10,14,4,12,15,15,"{""candidate__cinema"": 5, ""candidate__digitaldisplayandsearch"": 15, ""candidate__digitalvideo"": 16, ""candidate__facebook"": 1, ""candidate__instagram"": 11, ""candidate__localtv"": 0, ""candidate__ooh"": 16, ""candidate__opentv"": 8, ""candidate__paytv"": 10, ""candidate__print"": 14, ""candidate__radio"": 4, ""candidate__tiktok"": 12, ""candidate__twitter"": 15, ""candidate__youtube"": 15}",PRUNED
821,2062.078914364386,2026-09-21 11:35:58.059167,2026-09-21 11:35:58.483609,0 days 00:00:00.424442,5,14,15,2,13,0,17,8,10,12,6,12,14,15,"{""candidate__cinema"": 5, ""candidate__digitaldisplayandsearch"": 14, ""candidate__digitalvideo"": 15, ""candidate__facebook"": 2, ""candidate__instagram"": 13, ""candidate__localtv"": 0, ""candidate__ooh"": 17, ""candidate__opentv"": 8, ""candidate__paytv"": 10, ""candidate__print"": 12, ""candidate__radio"": 6, ""candidate__tiktok"": 12, ""candidate__twitter"": 14, ""candidate__youtube"": 15}",PRUNED
822,2076.702801800653,2026-09-21 11:35:58.505592,2026-09-21 11:35:58.948178,0 days 00:00:00.442586,3,14,15,1,10,1,17,8,9,12,5,12,13,15,"{""candidate__cinema"": 3, ""candidate__digitaldisplayandsearch"": 14, ""candidate__digitalvideo"": 15, ""candidate__facebook"": 1, ""candidate__instagram"": 10, ""candidate__localtv"": 1, ""candidate__ooh"": 17, ""candidate__opentv"": 8, ""candidate__paytv"": 9, ""candidate__print"": 12, ""candidate__radio"": 5, ""candidate__tiktok"": 12, ""candidate__twitter"": 13, ""candidate__youtube"": 15}",PRUNED
823,1707.39008778219,2026-09-21 11:35:58.971873,2026-09-21 11:35:59.754583,0 days 00:00:00.782710,0,14,15,0,13,0,16,10,10,14,6,12,15,16,"{""candidate__cinema"": 0, ""candidate__digitaldisplayandsearch"": 14, ""candidate__digitalvideo"": 15, ""candidate__facebook"": 0, ""candidate__instagram"": 13, ""candidate__localtv"": 0, ""candidate__ooh"": 16, ""candidate__opentv"": 10, ""candidate__paytv"": 10, ""candidate__print"": 14, ""candidate__radio"": 6, ""candidate__tiktok"": 12, ""candidate__twitter"": 15, ""candidate__youtube"": 16}",COMPLETE
824,2065.6525292526167,2026-09-21 11:35:59.779528,2026-09-21 11:36:00.232196,0 days 00:00:00.452668,4,14,15,1,9,0,16,12,9,14,6,12,16,16,"{""candidate__cinema"": 4, ""candidate__digitaldisplayandsearch"": 14, ""candidate__digitalvideo"": 15, ""candidate__facebook"": 1, ""candidate__instagram"": 9, ""candidate__localtv"": 0, ""candidate__ooh"": 16, ""candidate__opentv"": 12, ""candidate__paytv"": 9, ""candidate__print"": 14, ""candidate__radio"": 6, ""candidate__tiktok"": 12, ""candidate__twitter"": 16, ""candidate__youtube"": 16}",PRUNED
825,2079.3218170972123,2026-09-21 11:36:00.253195,2026-09-21 11:36:00.714100,0 days 00:00:00.460905,3,16,15,1,10,0,15,11,9,14,5,14,16,15,"{""candidate__cinema"": 3, ""candidate__digitaldisplayandsearch"": 16, ""candidate__digitalvideo"": 15, ""candidate__facebook"": 1, ""candidate__instagram"": 10, ""candidate__localtv"": 0, ""candidate__ooh"": 15, ""candidate__opentv"": 11, ""candidate__paytv"": 9, ""candidate__print"": 14, ""candidate__radio"": 5, ""candidate__tiktok"": 14, ""candidate__twitter"": 16, ""candidate__youtube"": 15}",PRUNED
